#
# A fatal error has been detected by the Java Runtime Environment:
#
#  SIGILL (0x4) at pc=0x00007fff341b428c, pid=19666, tid=74503
#
# JRE version: OpenJDK Runtime Environment (14.0.1+14) (build 14.0.1+14)
# Java VM: OpenJDK 64-Bit Server VM (14.0.1+14, mixed mode, sharing, tiered, compressed oops, g1 gc, bsd-amd64)
# Problematic frame:
# C  [AppKit+0x3e628c]  -[NSOpenGLContext setView:]+0xe5
#
# No core dump will be written. Core dumps have been disabled. To enable core dumping, try "ulimit -c unlimited" before starting Java again
#
# If you would like to submit a bug report, please visit:
#   https://bugreport.java.com/bugreport/crash.jsp
# The crash happened outside the Java Virtual Machine in native code.
# See problematic frame for where to report the bug.
#

---------------  S U M M A R Y ------------

Command Line: com.puppycrawl.tools.checkstyle.gui.Main

Host: MacBookPro13,2 x86_64 2900 MHz, 4 cores, 8G, Darwin 19.5.0
Time: Sat Oct  3 12:31:55 2020 PDT elapsed time: 2148 seconds (0d 0h 35m 48s)

---------------  T H R E A D  ---------------

Current thread (0x00007ff2cf009000):  JavaThread "Java2D Queue Flusher" daemon [_thread_in_native, id=74503, stack(0x000070000845c000,0x000070000855c000)]

Stack: [0x000070000845c000,0x000070000855c000],  sp=0x000070000855b860,  free space=1022k
Native frames: (J=compiled Java code, A=aot compiled Java code, j=interpreted, Vv=VM code, C=native code)
C  [AppKit+0x3e628c]  -[NSOpenGLContext setView:]+0xe5
C  [libawt_lwawt.dylib+0x2120f]  CGLSD_MakeCurrentToScratch+0x45
C  [libawt_lwawt.dylib+0x21318]  OGLSD_MakeOGLContextCurrent+0x58
C  [libawt_lwawt.dylib+0x40481]  OGLContext_SetSurfaces+0x85
C  [libawt_lwawt.dylib+0x43f1d]  Java_sun_java2d_opengl_OGLRenderQueue_flushBuffer+0x62d
J 2362  sun.java2d.opengl.OGLRenderQueue.flushBuffer(JI)V java.desktop@14.0.1 (0 bytes) @ 0x0000000121a5355d [0x0000000121a534a0+0x00000000000000bd]
J 4284 c2 sun.java2d.opengl.OGLRenderQueue.flushBuffer()V java.desktop@14.0.1 (41 bytes) @ 0x0000000121a0c75c [0x0000000121a0c700+0x000000000000005c]
j  sun.java2d.opengl.OGLRenderQueue$QueueFlusher.run()V+81 java.desktop@14.0.1
j  java.lang.Thread.run()V+11 java.base@14.0.1
v  ~StubRoutines::call_stub
V  [libjvm.dylib+0x35a5e7]  _ZN9JavaCalls11call_helperEP9JavaValueRK12methodHandleP17JavaCallArgumentsP6Thread+0x255
V  [libjvm.dylib+0x3599f0]  _ZN9JavaCalls12call_virtualEP9JavaValueP5KlassP6SymbolS5_P17JavaCallArgumentsP6Thread+0xfe
V  [libjvm.dylib+0x359aaa]  _ZN9JavaCalls12call_virtualEP9JavaValue6HandleP5KlassP6SymbolS6_P6Thread+0x62
V  [libjvm.dylib+0x3e9f23]  _ZL12thread_entryP10JavaThreadP6Thread+0x78
V  [libjvm.dylib+0x770436]  _ZN10JavaThread17thread_main_innerEv+0x86
V  [libjvm.dylib+0x77027a]  _ZN10JavaThread3runEv+0x11c
V  [libjvm.dylib+0x76e0d7]  _ZN6Thread8call_runEv+0x71
V  [libjvm.dylib+0x605d1d]  _ZL19thread_native_entryP6Thread+0x126
C  [libsystem_pthread.dylib+0x6109]  _pthread_start+0x94
C  [libsystem_pthread.dylib+0x1b8b]  thread_start+0xf

Java frames: (J=compiled Java code, j=interpreted, Vv=VM code)
J 2362  sun.java2d.opengl.OGLRenderQueue.flushBuffer(JI)V java.desktop@14.0.1 (0 bytes) @ 0x0000000121a534e8 [0x0000000121a534a0+0x0000000000000048]
J 4284 c2 sun.java2d.opengl.OGLRenderQueue.flushBuffer()V java.desktop@14.0.1 (41 bytes) @ 0x0000000121a0c75c [0x0000000121a0c700+0x000000000000005c]
j  sun.java2d.opengl.OGLRenderQueue$QueueFlusher.run()V+81 java.desktop@14.0.1
j  java.lang.Thread.run()V+11 java.base@14.0.1
v  ~StubRoutines::call_stub

siginfo: si_signo: 4 (SIGILL), si_code: 1 (ILL_ILLOPC), si_addr: 0x00007fff341b428c

Register to memory mapping:

RAX=0x0 is NULL
RBX=0x00007ff2ccfc2380 points into unknown readable memory: e0 48 55 d2 f2 7f 00 00
RCX=0x0 is NULL
RDX=0x0 is NULL
RSP=0x000070000855b860 is pointing into the stack for thread: 0x00007ff2cf009000
RBP=0x000070000855b8b0 is pointing into the stack for thread: 0x00007ff2cf009000
RSI=0x000000001f08000c is an unknown value
RDI=0x0 is NULL
R8 =0x0 is NULL
R9 =0x0 is NULL
R10=0x0 is NULL
R11=0x0 is NULL
R12=0x00007ff2cdaeb038 points into unknown readable memory: 00 00 00 00 00 00 00 00
R13=0x00007ff2d4a35680 points into unknown readable memory: e0 b5 d3 0f 01 00 00 00
R14=0x00007ff2ccf93250 points into unknown readable memory: 8f 98 e9 8d ff ff 3d 00
R15=0x00007ff2d25548e0 points into unknown readable memory: 8d 66 e9 8d ff ff 3d 01


Registers:
RAX=0x0000000000000000, RBX=0x00007ff2ccfc2380, RCX=0x0000000000000000, RDX=0x0000000000000000
RSP=0x000070000855b860, RBP=0x000070000855b8b0, RSI=0x000000001f08000c, RDI=0x0000000000000000
R8 =0x0000000000000000, R9 =0x0000000000000000, R10=0x0000000000000000, R11=0x0000000000000000
R12=0x00007ff2cdaeb038, R13=0x00007ff2d4a35680, R14=0x00007ff2ccf93250, R15=0x00007ff2d25548e0
RIP=0x00007fff341b428c, EFLAGS=0x0000000000010206, ERR=0x0000000000000000
  TRAPNO=0x0000000000000006

Top of Stack: (sp=0x000070000855b860)
0x000070000855b860:   000070000855b870 00007fff6fa1066a
0x000070000855b870:   000070000855b8b0 00007fff341b3a7c
0x000070000855b880:   0000000000000000 0000000000000000
0x000070000855b890:   000070000855b8b0 00007ff2ccfc2380
0x000070000855b8a0:   00007ff2cf009310 00007ff2cf009310
0x000070000855b8b0:   000070000855b8e0 000000010fd1620f
0x000070000855b8c0:   00007ff2d1305b30 00007ff2ccf93640
0x000070000855b8d0:   00007ff2ccfc2380 00007ff2cf009310
0x000070000855b8e0:   000070000855b920 000000010fd16318
0x000070000855b8f0:   0000000000000005 00007ff2cf009310
0x000070000855b900:   00007ff2d4a35680 000070000855ba60
0x000070000855b910:   00007ff2cf056818 00007ff2d4a35680
0x000070000855b920:   000070000855b960 000000010fd35481
0x000070000855b930:   000000010fd38eee 00007ff2cf056808
0x000070000855b940:   00007ff2d4a35680 000070000855ba60
0x000070000855b950:   00007ff2cf056818 00007ff2d4a35680
0x000070000855b960:   000070000855b9c0 000000010fd38f1d
0x000070000855b970:   000000078045d118 0000000000000064
0x000070000855b980:   000000000855b9e0 00007ff2cf056888
0x000070000855b990:   00007ff2cf009310 000000012fcb08a0
0x000070000855b9a0:   0000000000000000 000070000855ba60
0x000070000855b9b0:   000070000855bae8 00007ff2cf009000
0x000070000855b9c0:   000070000855ba10 0000000121a5355d
0x000070000855b9d0:   000000078046dd10 00007ff2cf009000
0x000070000855b9e0:   000070000855ba30 00000001219da4db
0x000070000855b9f0:   000000078045d118 000000011a472e64
0x000070000855ba00:   000000078045d118 000000011abd0b44
0x000070000855ba10:   000000078046dd10 0000000121a0c75c
0x000070000855ba20:   0000000100000010 0000000000000000
0x000070000855ba30:   000070000855bac0 0000000119eb6ef3
0x000070000855ba40:   000070000855bac0 0000000119eb6ef3
0x000070000855ba50:   0000000000000064 0000000119eb6ef3 

Instructions: (pc=0x00007fff341b428c)
0x00007fff341b418c:   c3 90 90 90 90 90 90 90 90 55 48 89 e5 48 8b 35
0x00007fff341b419c:   60 48 ca 59 5d ff 25 e1 06 99 59 55 48 89 e5 41
0x00007fff341b41ac:   57 41 56 53 48 83 ec 38 49 89 d6 49 89 ff 8a 05
0x00007fff341b41bc:   e8 61 d1 59 84 c0 0f 84 90 00 00 00 04 fe 84 c0
0x00007fff341b41cc:   75 0d e8 f9 fc 77 00 85 c0 0f 84 a5 00 00 00 48
0x00007fff341b41dc:   8b 35 de 36 c9 59 4c 89 ff ff 15 9d 06 99 59 49
0x00007fff341b41ec:   8d 7f 08 e8 1c fb 77 00 4c 39 f0 74 3e 48 8b 0d
0x00007fff341b41fc:   78 ed 98 59 48 8d 7d b0 48 89 0f b9 00 00 00 c2
0x00007fff341b420c:   48 89 4f 08 48 8d 0d 63 31 32 00 48 89 4f 10 48
0x00007fff341b421c:   8d 0d be 87 99 59 48 89 4f 18 48 89 47 20 4c 89
0x00007fff341b422c:   7f 28 4c 89 77 30 e8 a3 38 cb ff 31 db 48 8b 35
0x00007fff341b423c:   88 36 c9 59 4c 89 ff ff 15 3f 06 99 59 84 db 75
0x00007fff341b424c:   2c 48 83 c4 38 5b 41 5e 41 5f 5d c3 48 8d 3d 39
0x00007fff341b425c:   f4 9e 59 48 8d 15 42 61 d1 59 48 8d 0d d8 39 32
0x00007fff341b426c:   00 31 f6 e8 a0 e9 c1 ff e9 51 ff ff ff e8 62 fa
0x00007fff341b427c:   77 00 0f 0b 48 8d 3d 13 69 7f 00 e8 b4 f4 77 00
0x00007fff341b428c:   0f 0b 49 89 c6 eb 13 48 89 c7 e8 15 fa 77 00 b3
0x00007fff341b429c:   01 eb 9a 49 89 c6 84 db 74 05 e8 29 fa 77 00 4c
0x00007fff341b42ac:   89 f7 e8 af f3 77 00 0f 0b e8 f8 fa 77 00 55 48
0x00007fff341b42bc:   89 e5 41 57 41 56 41 54 53 41 89 f6 48 89 fb 48
0x00007fff341b42cc:   83 c7 08 e8 3c fa 77 00 49 89 c7 48 89 df e8 45
0x00007fff341b42dc:   00 00 00 49 89 c4 4c 89 ff 31 f6 e8 88 00 00 00
0x00007fff341b42ec:   49 89 c7 45 0f be f6 4d 85 e4 74 0b 48 89 df 44
0x00007fff341b42fc:   89 f6 e8 42 97 04 00 4d 85 ff 74 13 48 89 df 44
0x00007fff341b430c:   89 f6 5b 41 5c 41 5e 41 5f 5d e9 e5 48 04 00 5b
0x00007fff341b431c:   41 5c 41 5e 41 5f 5d c3 55 48 89 e5 41 56 53 48
0x00007fff341b432c:   89 fb 4c 8d 35 d3 ad d0 59 4c 89 f7 e8 a1 fb 77
0x00007fff341b433c:   00 48 8b 3d 5c 60 d1 59 48 8b 35 fd 0e c9 59 48
0x00007fff341b434c:   89 da ff 15 34 05 99 59 48 89 c7 ff 15 3b 05 99
0x00007fff341b435c:   59 48 89 c3 4c 89 f7 e8 7c fb 77 00 48 89 df 5b
0x00007fff341b436c:   41 5e 5d e9 24 f9 77 00 55 48 89 e5 41 57 41 56
0x00007fff341b437c:   53 50 41 89 f7 49 89 fe 48 8d 3d 3d ad d0 59 e8 


Stack slot to memory mapping:
stack at sp + 0 slots: 0x000070000855b870 is pointing into the stack for thread: 0x00007ff2cf009000
stack at sp + 1 slots: 0x00007fff6fa1066a: class_respondsToSelector_inst+0x1a in /usr/lib/libobjc.A.dylib at 0x00007fff6fa05000
stack at sp + 2 slots: 0x000070000855b8b0 is pointing into the stack for thread: 0x00007ff2cf009000
stack at sp + 3 slots: 0x00007fff341b3a7c: -[NSOpenGLContext makeCurrentContext]+0x125 in /System/Library/Frameworks/AppKit.framework/Versions/C/AppKit at 0x00007fff33dce000
stack at sp + 4 slots: 0x0 is NULL
stack at sp + 5 slots: 0x0 is NULL
stack at sp + 6 slots: 0x000070000855b8b0 is pointing into the stack for thread: 0x00007ff2cf009000
stack at sp + 7 slots: 0x00007ff2ccfc2380 points into unknown readable memory: e0 48 55 d2 f2 7f 00 00


---------------  P R O C E S S  ---------------

Threads class SMR info:
_java_thread_list=0x00007ff2d2e924e0, length=16, elements={
0x00007ff2cd880800, 0x00007ff2cd811800, 0x00007ff2cd021000, 0x00007ff2cd022000,
0x00007ff2ce810800, 0x00007ff2cd034800, 0x00007ff2cd035800, 0x00007ff2cf039000,
0x00007ff2cd06e000, 0x00007ff2cd8e9800, 0x00007ff2cda46800, 0x00007ff2cf056000,
0x00007ff2cd168800, 0x00007ff2cf009000, 0x00007ff2cdaec800, 0x00007ff2cd110800
}

Java Threads: ( => current thread )
  0x00007ff2cd880800 JavaThread "Reference Handler" daemon [_thread_blocked, id=15363, stack(0x00007000075a9000,0x00007000076a9000)]
  0x00007ff2cd811800 JavaThread "Finalizer" daemon [_thread_blocked, id=18179, stack(0x00007000076ac000,0x00007000077ac000)]
  0x00007ff2cd021000 JavaThread "Signal Dispatcher" daemon [_thread_blocked, id=43267, stack(0x00007000078b5000,0x00007000079b5000)]
  0x00007ff2cd022000 JavaThread "Service Thread" daemon [_thread_blocked, id=22275, stack(0x00007000079b8000,0x0000700007ab8000)]
  0x00007ff2ce810800 JavaThread "C2 CompilerThread0" daemon [_thread_blocked, id=22531, stack(0x0000700007abb000,0x0000700007bbb000)]
  0x00007ff2cd034800 JavaThread "C1 CompilerThread0" daemon [_thread_blocked, id=41987, stack(0x0000700007bbe000,0x0000700007cbe000)]
  0x00007ff2cd035800 JavaThread "Sweeper thread" daemon [_thread_blocked, id=23811, stack(0x0000700007cc1000,0x0000700007dc1000)]
  0x00007ff2cf039000 JavaThread "Notification Thread" daemon [_thread_blocked, id=41475, stack(0x0000700007dc4000,0x0000700007ec4000)]
  0x00007ff2cd06e000 JavaThread "Common-Cleaner" daemon [_thread_blocked, id=40451, stack(0x0000700007fca000,0x00007000080ca000)]
  0x00007ff2cd8e9800 JavaThread "AppKit Thread" daemon [_thread_in_native, id=775, stack(0x00007ffedfc28000,0x00007ffee0428000)]
  0x00007ff2cda46800 JavaThread "AWT-Shutdown" [_thread_blocked, id=31747, stack(0x0000700008150000,0x0000700008250000)]
  0x00007ff2cf056000 JavaThread "AWT-EventQueue-0" [_thread_blocked, id=79627, stack(0x0000700008359000,0x0000700008459000)]
  0x00007ff2cd168800 JavaThread "DestroyJavaVM" [_thread_blocked, id=10243, stack(0x0000700006e94000,0x0000700006f94000)]
=>0x00007ff2cf009000 JavaThread "Java2D Queue Flusher" daemon [_thread_in_native, id=74503, stack(0x000070000845c000,0x000070000855c000)]
  0x00007ff2cdaec800 JavaThread "Java2D Disposer" daemon [_thread_blocked, id=72459, stack(0x000070000855f000,0x000070000865f000)]
  0x00007ff2cd110800 JavaThread "TimerQueue" daemon [_thread_blocked, id=87335, stack(0x0000700008662000,0x0000700008762000)]

Other Threads:
  0x00007ff2cd880000 VMThread "VM Thread" [stack: 0x00007000074a6000,0x00007000075a6000] [id=14339]
  0x00007ff2ce85a800 WatcherThread [stack: 0x0000700007ec7000,0x0000700007fc7000] [id=24323]
  0x00007ff2cd82c000 GCTaskThread "GC Thread#0" [stack: 0x0000700006f97000,0x0000700007097000] [id=19971]
  0x00007ff2cdbca000 GCTaskThread "GC Thread#1" [stack: 0x0000700008765000,0x0000700008865000] [id=64823]
  0x00007ff2cdcac000 GCTaskThread "GC Thread#2" [stack: 0x0000700008868000,0x0000700008968000] [id=90383]
  0x00007ff2cdcac800 GCTaskThread "GC Thread#3" [stack: 0x000070000896b000,0x0000700008a6b000] [id=126987]
  0x00007ff2cf009800 ConcurrentGCThread "G1 Main Marker" [stack: 0x000070000709a000,0x000070000719a000] [id=12803]
  0x00007ff2cd009000 ConcurrentGCThread "G1 Conc#0" [stack: 0x000070000719d000,0x000070000729d000] [id=19459]
  0x00007ff2cd86d000 ConcurrentGCThread "G1 Refine#0" [stack: 0x00007000072a0000,0x00007000073a0000] [id=18947]
  0x00007ff2ce963800 ConcurrentGCThread "G1 Refine#1" [stack: 0x0000700008a6e000,0x0000700008b6e000] [id=91151]
  0x00007ff2cdcad800 ConcurrentGCThread "G1 Refine#2" [stack: 0x0000700008b71000,0x0000700008c71000] [id=91655]
  0x00007ff2cf136800 ConcurrentGCThread "G1 Refine#3" [stack: 0x0000700008c74000,0x0000700008d74000] [id=126467]
  0x00007ff2cf023000 ConcurrentGCThread "G1 Young RemSet Sampling" [stack: 0x00007000073a3000,0x00007000074a3000] [id=13827]

Threads with active compile tasks:

VM state:not at safepoint (normal execution)

VM Mutex/Monitor currently owned by a thread: None

Heap address: 0x0000000780000000, size: 2048 MB, Compressed Oops mode: Zero based, Oop shift amount: 3
Narrow klass base: 0x0000000800000000, Narrow klass shift: 3
Compressed class space size: 1073741824 Address: 0x0000000800b19000

Heap:
 garbage-first heap   total 133120K, used 77160K [0x0000000780000000, 0x0000000800000000)
  region size 1024K, 44 young (45056K), 8 survivors (8192K)
 Metaspace       used 16105K, capacity 16544K, committed 16896K, reserved 1064960K
  class space    used 1825K, capacity 2011K, committed 2048K, reserved 1048576K
Heap Regions: E=young(eden), S=young(survivor), O=old, HS=humongous(starts), HC=humongous(continues), CS=collection set, F=free, OA=open archive, CA=closed archive, TAMS=top-at-mark-start (previous, next)
|   0|0x0000000780000000, 0x0000000780100000, 0x0000000780100000|100%|HS|  |TAMS 0x0000000780000000, 0x0000000780000000| Complete 
|   1|0x0000000780100000, 0x0000000780200000, 0x0000000780200000|100%| O|  |TAMS 0x0000000780100000, 0x0000000780100000| Untracked 
|   2|0x0000000780200000, 0x0000000780300000, 0x0000000780300000|100%| O|  |TAMS 0x0000000780200000, 0x0000000780200000| Untracked 
|   3|0x0000000780300000, 0x0000000780400000, 0x0000000780400000|100%| O|  |TAMS 0x0000000780300000, 0x0000000780300000| Untracked 
|   4|0x0000000780400000, 0x0000000780500000, 0x0000000780500000|100%| O|  |TAMS 0x0000000780400000, 0x0000000780400000| Untracked 
|   5|0x0000000780500000, 0x0000000780600000, 0x0000000780600000|100%| O|  |TAMS 0x0000000780500000, 0x0000000780500000| Untracked 
|   6|0x0000000780600000, 0x0000000780700000, 0x0000000780700000|100%| O|  |TAMS 0x0000000780600000, 0x0000000780600000| Untracked 
|   7|0x0000000780700000, 0x0000000780800000, 0x0000000780800000|100%| O|  |TAMS 0x0000000780700000, 0x0000000780700000| Untracked 
|   8|0x0000000780800000, 0x0000000780900000, 0x0000000780900000|100%| O|  |TAMS 0x0000000780800000, 0x0000000780800000| Untracked 
|   9|0x0000000780900000, 0x0000000780a00000, 0x0000000780a00000|100%| O|  |TAMS 0x0000000780900000, 0x0000000780900000| Untracked 
|  10|0x0000000780a00000, 0x0000000780b00000, 0x0000000780b00000|100%| O|  |TAMS 0x0000000780a00000, 0x0000000780a00000| Untracked 
|  11|0x0000000780b00000, 0x0000000780c00000, 0x0000000780c00000|100%| O|  |TAMS 0x0000000780b00000, 0x0000000780b00000| Untracked 
|  12|0x0000000780c00000, 0x0000000780c88800, 0x0000000780d00000| 53%| O|  |TAMS 0x0000000780c00000, 0x0000000780c00000| Untracked 
|  13|0x0000000780d00000, 0x0000000780e00000, 0x0000000780e00000|100%|HS|  |TAMS 0x0000000780d00000, 0x0000000780d00000| Complete 
|  14|0x0000000780e00000, 0x0000000780f00000, 0x0000000780f00000|100%|HC|  |TAMS 0x0000000780e00000, 0x0000000780e00000| Complete 
|  15|0x0000000780f00000, 0x0000000781000000, 0x0000000781000000|100%|HC|  |TAMS 0x0000000780f00000, 0x0000000780f00000| Complete 
|  16|0x0000000781000000, 0x0000000781100000, 0x0000000781100000|100%|HC|  |TAMS 0x0000000781000000, 0x0000000781000000| Complete 
|  17|0x0000000781100000, 0x0000000781200000, 0x0000000781200000|100%|HC|  |TAMS 0x0000000781100000, 0x0000000781100000| Complete 
|  18|0x0000000781200000, 0x0000000781300000, 0x0000000781300000|100%|HC|  |TAMS 0x0000000781200000, 0x0000000781200000| Complete 
|  19|0x0000000781300000, 0x0000000781400000, 0x0000000781400000|100%|HC|  |TAMS 0x0000000781300000, 0x0000000781300000| Complete 
|  20|0x0000000781400000, 0x0000000781500000, 0x0000000781500000|100%|HC|  |TAMS 0x0000000781400000, 0x0000000781400000| Complete 
|  21|0x0000000781500000, 0x0000000781600000, 0x0000000781600000|100%|HC|  |TAMS 0x0000000781500000, 0x0000000781500000| Complete 
|  22|0x0000000781600000, 0x0000000781700000, 0x0000000781700000|100%|HC|  |TAMS 0x0000000781600000, 0x0000000781600000| Complete 
|  23|0x0000000781700000, 0x0000000781800000, 0x0000000781800000|100%|HC|  |TAMS 0x0000000781700000, 0x0000000781700000| Complete 
|  24|0x0000000781800000, 0x0000000781900000, 0x0000000781900000|100%|HC|  |TAMS 0x0000000781800000, 0x0000000781800000| Complete 
|  25|0x0000000781900000, 0x0000000781a00000, 0x0000000781a00000|100%|HC|  |TAMS 0x0000000781900000, 0x0000000781900000| Complete 
|  26|0x0000000781a00000, 0x0000000781b00000, 0x0000000781b00000|100%|HC|  |TAMS 0x0000000781a00000, 0x0000000781a00000| Complete 
|  27|0x0000000781b00000, 0x0000000781c00000, 0x0000000781c00000|100%|HC|  |TAMS 0x0000000781b00000, 0x0000000781b00000| Complete 
|  28|0x0000000781c00000, 0x0000000781d00000, 0x0000000781d00000|100%|HC|  |TAMS 0x0000000781c00000, 0x0000000781c00000| Complete 
|  29|0x0000000781d00000, 0x0000000781e00000, 0x0000000781e00000|100%|HC|  |TAMS 0x0000000781d00000, 0x0000000781d00000| Complete 
|  30|0x0000000781e00000, 0x0000000781f00000, 0x0000000781f00000|100%|HC|  |TAMS 0x0000000781e00000, 0x0000000781e00000| Complete 
|  31|0x0000000781f00000, 0x0000000782000000, 0x0000000782000000|100%|HS|  |TAMS 0x0000000781f00000, 0x0000000781f00000| Complete 
|  32|0x0000000782000000, 0x0000000782100000, 0x0000000782100000|100%|HC|  |TAMS 0x0000000782000000, 0x0000000782000000| Complete 
|  33|0x0000000782100000, 0x0000000782200000, 0x0000000782200000|100%|HC|  |TAMS 0x0000000782100000, 0x0000000782100000| Complete 
|  34|0x0000000782200000, 0x0000000782200000, 0x0000000782300000|  0%| F|  |TAMS 0x0000000782200000, 0x0000000782200000| Untracked 
|  35|0x0000000782300000, 0x0000000782300000, 0x0000000782400000|  0%| F|  |TAMS 0x0000000782300000, 0x0000000782300000| Untracked 
|  36|0x0000000782400000, 0x0000000782400000, 0x0000000782500000|  0%| F|  |TAMS 0x0000000782400000, 0x0000000782400000| Untracked 
|  37|0x0000000782500000, 0x0000000782500000, 0x0000000782600000|  0%| F|  |TAMS 0x0000000782500000, 0x0000000782500000| Untracked 
|  38|0x0000000782600000, 0x0000000782600000, 0x0000000782700000|  0%| F|  |TAMS 0x0000000782600000, 0x0000000782600000| Untracked 
|  39|0x0000000782700000, 0x0000000782700000, 0x0000000782800000|  0%| F|  |TAMS 0x0000000782700000, 0x0000000782700000| Untracked 
|  40|0x0000000782800000, 0x0000000782800000, 0x0000000782900000|  0%| F|  |TAMS 0x0000000782800000, 0x0000000782800000| Untracked 
|  41|0x0000000782900000, 0x0000000782900000, 0x0000000782a00000|  0%| F|  |TAMS 0x0000000782900000, 0x0000000782900000| Untracked 
|  42|0x0000000782a00000, 0x0000000782a00000, 0x0000000782b00000|  0%| F|  |TAMS 0x0000000782a00000, 0x0000000782a00000| Untracked 
|  43|0x0000000782b00000, 0x0000000782b00000, 0x0000000782c00000|  0%| F|  |TAMS 0x0000000782b00000, 0x0000000782b00000| Untracked 
|  44|0x0000000782c00000, 0x0000000782c03ae0, 0x0000000782d00000|  1%| S|CS|TAMS 0x0000000782c00000, 0x0000000782c00000| Complete 
|  45|0x0000000782d00000, 0x0000000782d00000, 0x0000000782e00000|  0%| F|  |TAMS 0x0000000782d00000, 0x0000000782d00000| Untracked 
|  46|0x0000000782e00000, 0x0000000782e00000, 0x0000000782f00000|  0%| F|  |TAMS 0x0000000782e00000, 0x0000000782e00000| Untracked 
|  47|0x0000000782f00000, 0x0000000782f00000, 0x0000000783000000|  0%| F|  |TAMS 0x0000000782f00000, 0x0000000782f00000| Untracked 
|  48|0x0000000783000000, 0x0000000783000000, 0x0000000783100000|  0%| F|  |TAMS 0x0000000783000000, 0x0000000783000000| Untracked 
|  49|0x0000000783100000, 0x0000000783100000, 0x0000000783200000|  0%| F|  |TAMS 0x0000000783100000, 0x0000000783100000| Untracked 
|  50|0x0000000783200000, 0x0000000783200000, 0x0000000783300000|  0%| F|  |TAMS 0x0000000783200000, 0x0000000783200000| Untracked 
|  51|0x0000000783300000, 0x0000000783300000, 0x0000000783400000|  0%| F|  |TAMS 0x0000000783300000, 0x0000000783300000| Untracked 
|  52|0x0000000783400000, 0x0000000783500000, 0x0000000783500000|100%| S|CS|TAMS 0x0000000783400000, 0x0000000783400000| Complete 
|  53|0x0000000783500000, 0x0000000783600000, 0x0000000783600000|100%| S|CS|TAMS 0x0000000783500000, 0x0000000783500000| Complete 
|  54|0x0000000783600000, 0x0000000783700000, 0x0000000783700000|100%| S|CS|TAMS 0x0000000783600000, 0x0000000783600000| Complete 
|  55|0x0000000783700000, 0x0000000783800000, 0x0000000783800000|100%| S|CS|TAMS 0x0000000783700000, 0x0000000783700000| Complete 
|  56|0x0000000783800000, 0x0000000783900000, 0x0000000783900000|100%| S|CS|TAMS 0x0000000783800000, 0x0000000783800000| Complete 
|  57|0x0000000783900000, 0x0000000783a00000, 0x0000000783a00000|100%| S|CS|TAMS 0x0000000783900000, 0x0000000783900000| Complete 
|  58|0x0000000783a00000, 0x0000000783b00000, 0x0000000783b00000|100%| S|CS|TAMS 0x0000000783a00000, 0x0000000783a00000| Complete 
|  59|0x0000000783b00000, 0x0000000783b00000, 0x0000000783c00000|  0%| F|  |TAMS 0x0000000783b00000, 0x0000000783b00000| Untracked 
|  60|0x0000000783c00000, 0x0000000783c00000, 0x0000000783d00000|  0%| F|  |TAMS 0x0000000783c00000, 0x0000000783c00000| Untracked 
|  61|0x0000000783d00000, 0x0000000783d00000, 0x0000000783e00000|  0%| F|  |TAMS 0x0000000783d00000, 0x0000000783d00000| Untracked 
|  62|0x0000000783e00000, 0x0000000783e00000, 0x0000000783f00000|  0%| F|  |TAMS 0x0000000783e00000, 0x0000000783e00000| Untracked 
|  63|0x0000000783f00000, 0x0000000783f00000, 0x0000000784000000|  0%| F|  |TAMS 0x0000000783f00000, 0x0000000783f00000| Untracked 
|  64|0x0000000784000000, 0x0000000784000000, 0x0000000784100000|  0%| F|  |TAMS 0x0000000784000000, 0x0000000784000000| Untracked 
|  65|0x0000000784100000, 0x0000000784100000, 0x0000000784200000|  0%| F|  |TAMS 0x0000000784100000, 0x0000000784100000| Untracked 
|  66|0x0000000784200000, 0x0000000784200000, 0x0000000784300000|  0%| F|  |TAMS 0x0000000784200000, 0x0000000784200000| Untracked 
|  67|0x0000000784300000, 0x0000000784300000, 0x0000000784400000|  0%| F|  |TAMS 0x0000000784300000, 0x0000000784300000| Untracked 
|  68|0x0000000784400000, 0x0000000784400000, 0x0000000784500000|  0%| F|  |TAMS 0x0000000784400000, 0x0000000784400000| Untracked 
|  69|0x0000000784500000, 0x0000000784500000, 0x0000000784600000|  0%| F|  |TAMS 0x0000000784500000, 0x0000000784500000| Untracked 
|  70|0x0000000784600000, 0x0000000784600000, 0x0000000784700000|  0%| F|  |TAMS 0x0000000784600000, 0x0000000784600000| Untracked 
|  71|0x0000000784700000, 0x0000000784700000, 0x0000000784800000|  0%| F|  |TAMS 0x0000000784700000, 0x0000000784700000| Untracked 
|  72|0x0000000784800000, 0x0000000784800000, 0x0000000784900000|  0%| F|  |TAMS 0x0000000784800000, 0x0000000784800000| Untracked 
|  73|0x0000000784900000, 0x0000000784900000, 0x0000000784a00000|  0%| F|  |TAMS 0x0000000784900000, 0x0000000784900000| Untracked 
|  74|0x0000000784a00000, 0x0000000784a00000, 0x0000000784b00000|  0%| F|  |TAMS 0x0000000784a00000, 0x0000000784a00000| Untracked 
|  75|0x0000000784b00000, 0x0000000784b00000, 0x0000000784c00000|  0%| F|  |TAMS 0x0000000784b00000, 0x0000000784b00000| Untracked 
|  76|0x0000000784c00000, 0x0000000784c00000, 0x0000000784d00000|  0%| F|  |TAMS 0x0000000784c00000, 0x0000000784c00000| Untracked 
|  77|0x0000000784d00000, 0x0000000784d00000, 0x0000000784e00000|  0%| F|  |TAMS 0x0000000784d00000, 0x0000000784d00000| Untracked 
|  78|0x0000000784e00000, 0x0000000784e00000, 0x0000000784f00000|  0%| F|  |TAMS 0x0000000784e00000, 0x0000000784e00000| Untracked 
|  79|0x0000000784f00000, 0x0000000784f00000, 0x0000000785000000|  0%| F|  |TAMS 0x0000000784f00000, 0x0000000784f00000| Untracked 
|  80|0x0000000785000000, 0x0000000785000000, 0x0000000785100000|  0%| F|  |TAMS 0x0000000785000000, 0x0000000785000000| Untracked 
|  81|0x0000000785100000, 0x0000000785100000, 0x0000000785200000|  0%| F|  |TAMS 0x0000000785100000, 0x0000000785100000| Untracked 
|  82|0x0000000785200000, 0x0000000785200000, 0x0000000785300000|  0%| F|  |TAMS 0x0000000785200000, 0x0000000785200000| Untracked 
|  83|0x0000000785300000, 0x0000000785300000, 0x0000000785400000|  0%| F|  |TAMS 0x0000000785300000, 0x0000000785300000| Untracked 
|  84|0x0000000785400000, 0x0000000785400000, 0x0000000785500000|  0%| F|  |TAMS 0x0000000785400000, 0x0000000785400000| Untracked 
|  85|0x0000000785500000, 0x0000000785500000, 0x0000000785600000|  0%| F|  |TAMS 0x0000000785500000, 0x0000000785500000| Untracked 
|  86|0x0000000785600000, 0x0000000785600000, 0x0000000785700000|  0%| F|  |TAMS 0x0000000785600000, 0x0000000785600000| Untracked 
|  87|0x0000000785700000, 0x0000000785700000, 0x0000000785800000|  0%| F|  |TAMS 0x0000000785700000, 0x0000000785700000| Untracked 
|  88|0x0000000785800000, 0x0000000785800000, 0x0000000785900000|  0%| F|  |TAMS 0x0000000785800000, 0x0000000785800000| Untracked 
|  89|0x0000000785900000, 0x0000000785900000, 0x0000000785a00000|  0%| F|  |TAMS 0x0000000785900000, 0x0000000785900000| Untracked 
|  90|0x0000000785a00000, 0x0000000785a00000, 0x0000000785b00000|  0%| F|  |TAMS 0x0000000785a00000, 0x0000000785a00000| Untracked 
|  91|0x0000000785b00000, 0x0000000785b00000, 0x0000000785c00000|  0%| F|  |TAMS 0x0000000785b00000, 0x0000000785b00000| Untracked 
|  92|0x0000000785c00000, 0x0000000785c80800, 0x0000000785d00000| 50%| E|  |TAMS 0x0000000785c00000, 0x0000000785c00000| Complete 
|  93|0x0000000785d00000, 0x0000000785e00000, 0x0000000785e00000|100%| E|CS|TAMS 0x0000000785d00000, 0x0000000785d00000| Complete 
|  94|0x0000000785e00000, 0x0000000785f00000, 0x0000000785f00000|100%| E|CS|TAMS 0x0000000785e00000, 0x0000000785e00000| Complete 
|  95|0x0000000785f00000, 0x0000000786000000, 0x0000000786000000|100%| E|CS|TAMS 0x0000000785f00000, 0x0000000785f00000| Complete 
|  96|0x0000000786000000, 0x0000000786100000, 0x0000000786100000|100%| E|CS|TAMS 0x0000000786000000, 0x0000000786000000| Complete 
|  97|0x0000000786100000, 0x0000000786200000, 0x0000000786200000|100%| E|CS|TAMS 0x0000000786100000, 0x0000000786100000| Complete 
|  98|0x0000000786200000, 0x0000000786300000, 0x0000000786300000|100%| E|CS|TAMS 0x0000000786200000, 0x0000000786200000| Complete 
|  99|0x0000000786300000, 0x0000000786400000, 0x0000000786400000|100%| E|CS|TAMS 0x0000000786300000, 0x0000000786300000| Complete 
| 100|0x0000000786400000, 0x0000000786500000, 0x0000000786500000|100%| E|CS|TAMS 0x0000000786400000, 0x0000000786400000| Complete 
| 101|0x0000000786500000, 0x0000000786600000, 0x0000000786600000|100%| E|CS|TAMS 0x0000000786500000, 0x0000000786500000| Complete 
| 102|0x0000000786600000, 0x0000000786700000, 0x0000000786700000|100%| E|CS|TAMS 0x0000000786600000, 0x0000000786600000| Complete 
| 103|0x0000000786700000, 0x0000000786800000, 0x0000000786800000|100%| E|CS|TAMS 0x0000000786700000, 0x0000000786700000| Complete 
| 104|0x0000000786800000, 0x0000000786900000, 0x0000000786900000|100%| E|CS|TAMS 0x0000000786800000, 0x0000000786800000| Complete 
| 105|0x0000000786900000, 0x0000000786a00000, 0x0000000786a00000|100%| E|CS|TAMS 0x0000000786900000, 0x0000000786900000| Complete 
| 106|0x0000000786a00000, 0x0000000786b00000, 0x0000000786b00000|100%| E|CS|TAMS 0x0000000786a00000, 0x0000000786a00000| Complete 
| 107|0x0000000786b00000, 0x0000000786c00000, 0x0000000786c00000|100%| E|CS|TAMS 0x0000000786b00000, 0x0000000786b00000| Complete 
| 108|0x0000000786c00000, 0x0000000786d00000, 0x0000000786d00000|100%| E|CS|TAMS 0x0000000786c00000, 0x0000000786c00000| Complete 
| 109|0x0000000786d00000, 0x0000000786e00000, 0x0000000786e00000|100%| E|CS|TAMS 0x0000000786d00000, 0x0000000786d00000| Complete 
| 110|0x0000000786e00000, 0x0000000786f00000, 0x0000000786f00000|100%| E|CS|TAMS 0x0000000786e00000, 0x0000000786e00000| Complete 
| 111|0x0000000786f00000, 0x0000000787000000, 0x0000000787000000|100%| E|CS|TAMS 0x0000000786f00000, 0x0000000786f00000| Complete 
| 112|0x0000000787000000, 0x0000000787100000, 0x0000000787100000|100%| E|CS|TAMS 0x0000000787000000, 0x0000000787000000| Complete 
| 113|0x0000000787100000, 0x0000000787200000, 0x0000000787200000|100%| E|  |TAMS 0x0000000787100000, 0x0000000787100000| Complete 
| 114|0x0000000787200000, 0x0000000787300000, 0x0000000787300000|100%| E|CS|TAMS 0x0000000787200000, 0x0000000787200000| Complete 
| 115|0x0000000787300000, 0x0000000787400000, 0x0000000787400000|100%| E|CS|TAMS 0x0000000787300000, 0x0000000787300000| Complete 
| 116|0x0000000787400000, 0x0000000787500000, 0x0000000787500000|100%| E|CS|TAMS 0x0000000787400000, 0x0000000787400000| Complete 
| 117|0x0000000787500000, 0x0000000787600000, 0x0000000787600000|100%| E|CS|TAMS 0x0000000787500000, 0x0000000787500000| Complete 
| 118|0x0000000787600000, 0x0000000787700000, 0x0000000787700000|100%| E|CS|TAMS 0x0000000787600000, 0x0000000787600000| Complete 
| 119|0x0000000787700000, 0x0000000787800000, 0x0000000787800000|100%| E|CS|TAMS 0x0000000787700000, 0x0000000787700000| Complete 
| 120|0x0000000787800000, 0x0000000787900000, 0x0000000787900000|100%| E|CS|TAMS 0x0000000787800000, 0x0000000787800000| Complete 
| 121|0x0000000787900000, 0x0000000787a00000, 0x0000000787a00000|100%| E|CS|TAMS 0x0000000787900000, 0x0000000787900000| Complete 
| 122|0x0000000787a00000, 0x0000000787b00000, 0x0000000787b00000|100%| E|CS|TAMS 0x0000000787a00000, 0x0000000787a00000| Complete 
| 123|0x0000000787b00000, 0x0000000787c00000, 0x0000000787c00000|100%| E|CS|TAMS 0x0000000787b00000, 0x0000000787b00000| Complete 
| 124|0x0000000787c00000, 0x0000000787d00000, 0x0000000787d00000|100%| E|CS|TAMS 0x0000000787c00000, 0x0000000787c00000| Complete 
| 125|0x0000000787d00000, 0x0000000787e00000, 0x0000000787e00000|100%| E|CS|TAMS 0x0000000787d00000, 0x0000000787d00000| Complete 
| 126|0x0000000787e00000, 0x0000000787f00000, 0x0000000787f00000|100%| E|CS|TAMS 0x0000000787e00000, 0x0000000787e00000| Complete 
| 127|0x0000000787f00000, 0x0000000788000000, 0x0000000788000000|100%| E|CS|TAMS 0x0000000787f00000, 0x0000000787f00000| Complete 
|1022|0x00000007bfe00000, 0x00000007bfe52000, 0x00000007bff00000| 32%|OA|  |TAMS 0x00000007bfe00000, 0x00000007bfe00000| Untracked 
|1023|0x00000007bff00000, 0x00000007bff7c000, 0x00000007c0000000| 48%|CA|  |TAMS 0x00000007bff00000, 0x00000007bff00000| Untracked 

Card table byte_map: [0x00000001292ad000,0x00000001296ad000] _byte_map_base: 0x00000001256ad000

Marking Bits (Prev, Next): (CMBitMap*) 0x00007ff2cd00b018, (CMBitMap*) 0x00007ff2cd00b058
 Prev Bits: [0x0000000129aad000, 0x000000012baad000)
 Next Bits: [0x000000012baad000, 0x000000012daad000)

Polling page: 0x000000010f808000

Metaspace:

Usage:
  Non-class:     14.19 MB capacity,    13.95 MB ( 98%) used,   213.40 KB (  1%) free+waste,    39.44 KB ( <1%) overhead. 
      Class:      1.96 MB capacity,     1.78 MB ( 91%) used,   163.53 KB (  8%) free+waste,    21.94 KB (  1%) overhead. 
       Both:     16.16 MB capacity,    15.73 MB ( 97%) used,   376.93 KB (  2%) free+waste,    61.38 KB ( <1%) overhead. 

Virtual space:
  Non-class space:       16.00 MB reserved,      14.50 MB ( 91%) committed 
      Class space:        1.00 GB reserved,       2.00 MB ( <1%) committed 
             Both:        1.02 GB reserved,      16.50 MB (  2%) committed 

Chunk freelists:
   Non-Class:  75.00 KB
       Class:  1.00 KB
        Both:  76.00 KB

MaxMetaspaceSize: unlimited
CompressedClassSpaceSize: 1.00 GB

CodeHeap 'non-profiled nmethods': size=120032Kb used=2950Kb max_used=3136Kb free=117081Kb
 bounds [0x0000000121975000, 0x0000000121c95000, 0x0000000128ead000]
CodeHeap 'profiled nmethods': size=120028Kb used=6960Kb max_used=8814Kb free=113067Kb
 bounds [0x000000011a43e000, 0x000000011acde000, 0x0000000121975000]
CodeHeap 'non-nmethods': size=5700Kb used=1377Kb max_used=1438Kb free=4322Kb
 bounds [0x0000000119ead000, 0x000000011a11d000, 0x000000011a43e000]
 total_blobs=6757 nmethods=3729 adapters=604
 compilation: enabled
              stopped_count=0, restarted_count=0
 full_count=0

Compilation events (20 events):
Event: 2148.736 Thread 0x00007ff2cd034800 nmethod 4466 0x000000011a813190 code [0x000000011a8134e0, 0x000000011a815200]
Event: 2148.736 Thread 0x00007ff2ce810800 nmethod 4471 0x0000000121a2e090 code [0x0000000121a2e200, 0x0000000121a2e258]
Event: 2148.736 Thread 0x00007ff2cd034800 4468       3       sun.java2d.SunGraphics2D::getClipBounds (21 bytes)
Event: 2148.736 Thread 0x00007ff2cd034800 nmethod 4468 0x000000011a945f10 code [0x000000011a9460e0, 0x000000011a9464e0]
Event: 2148.736 Thread 0x00007ff2cd034800 4469       3       sun.java2d.SunGraphics2D::getClipBounds (102 bytes)
Event: 2148.737 Thread 0x00007ff2cd034800 nmethod 4469 0x000000011a55f410 code [0x000000011a55f700, 0x000000011a560ec0]
Event: 2148.737 Thread 0x00007ff2cd034800 4470       3       javax.swing.SwingUtilities::layoutCompoundLabelImpl (758 bytes)
Event: 2148.791 Thread 0x00007ff2ce810800 4474       4       com.apple.laf.AquaLabelUI::paintEnabledText (36 bytes)
Event: 2148.817 Thread 0x00007ff2cd034800 nmethod 4470 0x000000011a7a7210 code [0x000000011a7a75a0, 0x000000011a7a9290]
Event: 2148.817 Thread 0x00007ff2cd034800 4473  s    3       sun.java2d.loops.RenderCache::get (100 bytes)
Event: 2148.817 Thread 0x00007ff2cd034800 nmethod 4473 0x000000011a4dba90 code [0x000000011a4dbc80, 0x000000011a4dc560]
Event: 2148.817 Thread 0x00007ff2cd034800 4472   !   3       javax.swing.JComponent::paint (409 bytes)
Event: 2148.821 Thread 0x00007ff2cd034800 nmethod 4472 0x000000011a677690 code [0x000000011a677ac0, 0x000000011a67a710]
Event: 2148.821 Thread 0x00007ff2cd034800 4475       2       javax.swing.plaf.basic.BasicLabelUI::paint (187 bytes)
Event: 2148.822 Thread 0x00007ff2cd034800 nmethod 4475 0x000000011a563910 code [0x000000011a563b60, 0x000000011a564120]
Event: 2148.822 Thread 0x00007ff2cd034800 4467       3       java.awt.Rectangle::translate (197 bytes)
Event: 2148.823 Thread 0x00007ff2cd034800 nmethod 4467 0x000000011a4c7b90 code [0x000000011a4c7d40, 0x000000011a4c81b0]
Event: 2148.825 Thread 0x00007ff2cd034800 4476       3       java.awt.Container::updateChildGraphicsData (55 bytes)
Event: 2148.826 Thread 0x00007ff2cd034800 nmethod 4476 0x000000011a736710 code [0x000000011a736960, 0x000000011a7373d0]
Event: 2148.826 Thread 0x00007ff2cd034800 4477       3       java.awt.Component::updateSelfGraphicsData (38 bytes)

GC Heap History (14 events):
Event: 6.781 GC heap before
{Heap before GC invocations=0 (full 0):
 garbage-first heap   total 133120K, used 15160K [0x0000000780000000, 0x0000000800000000)
  region size 1024K, 13 young (13312K), 0 survivors (0K)
 Metaspace       used 12623K, capacity 13026K, committed 13184K, reserved 1060864K
  class space    used 1644K, capacity 1824K, committed 1920K, reserved 1048576K
}
Event: 6.788 GC heap after
{Heap after GC invocations=1 (full 0):
 garbage-first heap   total 133120K, used 7274K [0x0000000780000000, 0x0000000800000000)
  region size 1024K, 2 young (2048K), 2 survivors (2048K)
 Metaspace       used 12623K, capacity 13026K, committed 13184K, reserved 1060864K
  class space    used 1644K, capacity 1824K, committed 1920K, reserved 1048576K
}
Event: 59.808 GC heap before
{Heap before GC invocations=1 (full 0):
 garbage-first heap   total 133120K, used 18538K [0x0000000780000000, 0x0000000800000000)
  region size 1024K, 14 young (14336K), 2 survivors (2048K)
 Metaspace       used 13982K, capacity 14327K, committed 14464K, reserved 1062912K
  class space    used 1729K, capacity 1895K, committed 1920K, reserved 1048576K
}
Event: 59.813 GC heap after
{Heap after GC invocations=2 (full 0):
 garbage-first heap   total 133120K, used 9133K [0x0000000780000000, 0x0000000800000000)
  region size 1024K, 2 young (2048K), 2 survivors (2048K)
 Metaspace       used 13982K, capacity 14327K, committed 14464K, reserved 1062912K
  class space    used 1729K, capacity 1895K, committed 1920K, reserved 1048576K
}
Event: 109.968 GC heap before
{Heap before GC invocations=2 (full 0):
 garbage-first heap   total 133120K, used 33709K [0x0000000780000000, 0x0000000800000000)
  region size 1024K, 27 young (27648K), 2 survivors (2048K)
 Metaspace       used 15287K, capacity 15672K, committed 15872K, reserved 1062912K
  class space    used 1803K, capacity 1977K, committed 2048K, reserved 1048576K
}
Event: 109.972 GC heap after
{Heap after GC invocations=3 (full 0):
 garbage-first heap   total 133120K, used 15095K [0x0000000780000000, 0x0000000800000000)
  region size 1024K, 4 young (4096K), 4 survivors (4096K)
 Metaspace       used 15287K, capacity 15672K, committed 15872K, reserved 1062912K
  class space    used 1803K, capacity 1977K, committed 2048K, reserved 1048576K
}
Event: 283.337 GC heap before
{Heap before GC invocations=3 (full 0):
 garbage-first heap   total 133120K, used 87799K [0x0000000780000000, 0x0000000800000000)
  region size 1024K, 76 young (77824K), 4 survivors (4096K)
 Metaspace       used 15817K, capacity 16191K, committed 16384K, reserved 1062912K
  class space    used 1818K, capacity 1979K, committed 2048K, reserved 1048576K
}
Event: 283.346 GC heap after
{Heap after GC invocations=4 (full 0):
 garbage-first heap   total 133120K, used 20136K [0x0000000780000000, 0x0000000800000000)
  region size 1024K, 9 young (9216K), 9 survivors (9216K)
 Metaspace       used 15817K, capacity 16191K, committed 16384K, reserved 1062912K
  class space    used 1818K, capacity 1979K, committed 2048K, reserved 1048576K
}
Event: 606.920 GC heap before
{Heap before GC invocations=4 (full 0):
 garbage-first heap   total 133120K, used 87720K [0x0000000780000000, 0x0000000800000000)
  region size 1024K, 76 young (77824K), 9 survivors (9216K)
 Metaspace       used 15941K, capacity 16351K, committed 16640K, reserved 1064960K
  class space    used 1822K, capacity 2011K, committed 2048K, reserved 1048576K
}
Event: 606.959 GC heap after
{Heap after GC invocations=5 (full 0):
 garbage-first heap   total 133120K, used 20297K [0x0000000780000000, 0x0000000800000000)
  region size 1024K, 7 young (7168K), 7 survivors (7168K)
 Metaspace       used 15941K, capacity 16351K, committed 16640K, reserved 1064960K
  class space    used 1822K, capacity 2011K, committed 2048K, reserved 1048576K
}
Event: 1295.739 GC heap before
{Heap before GC invocations=5 (full 0):
 garbage-first heap   total 133120K, used 89929K [0x0000000780000000, 0x0000000800000000)
  region size 1024K, 76 young (77824K), 7 survivors (7168K)
 Metaspace       used 16003K, capacity 16416K, committed 16640K, reserved 1064960K
  class space    used 1822K, capacity 2011K, committed 2048K, reserved 1048576K
}
Event: 1295.767 GC heap after
{Heap after GC invocations=6 (full 0):
 garbage-first heap   total 133120K, used 20637K [0x0000000780000000, 0x0000000800000000)
  region size 1024K, 7 young (7168K), 7 survivors (7168K)
 Metaspace       used 16003K, capacity 16416K, committed 16640K, reserved 1064960K
  class space    used 1822K, capacity 2011K, committed 2048K, reserved 1048576K
}
Event: 1681.391 GC heap before
{Heap before GC invocations=6 (full 0):
 garbage-first heap   total 133120K, used 90269K [0x0000000780000000, 0x0000000800000000)
  region size 1024K, 76 young (77824K), 7 survivors (7168K)
 Metaspace       used 16052K, capacity 16480K, committed 16640K, reserved 1064960K
  class space    used 1823K, capacity 2011K, committed 2048K, reserved 1048576K
}
Event: 1681.408 GC heap after
{Heap after GC invocations=7 (full 0):
 garbage-first heap   total 133120K, used 20840K [0x0000000780000000, 0x0000000800000000)
  region size 1024K, 8 young (8192K), 8 survivors (8192K)
 Metaspace       used 16052K, capacity 16480K, committed 16640K, reserved 1064960K
  class space    used 1823K, capacity 2011K, committed 2048K, reserved 1048576K
}

Deoptimization events (20 events):
Event: 2148.684 Thread 0x00007ff2cf056000 Uncommon trap: trap_request=0xffffff45 fr.pc=0x0000000121bc9a14 relative=0x0000000000000554
Event: 2148.684 Thread 0x00007ff2cf056000 Uncommon trap: reason=unstable_if action=reinterpret pc=0x0000000121bc9a14 method=javax.swing.text.PlainView.updateMetrics()V @ 46 c2
Event: 2148.684 Thread 0x00007ff2cf056000 DEOPT PACKING pc=0x0000000121bc9a14 sp=0x0000700008456c20
Event: 2148.684 Thread 0x00007ff2cf056000 DEOPT UNPACKING pc=0x0000000119ef5e25 sp=0x0000700008456bf0 mode 2
Event: 2148.688 Thread 0x00007ff2cf056000 Uncommon trap: trap_request=0xffffff45 fr.pc=0x0000000121c12994 relative=0x0000000000000294
Event: 2148.688 Thread 0x00007ff2cf056000 Uncommon trap: reason=unstable_if action=reinterpret pc=0x0000000121c12994 method=javax.swing.text.GapContent.getChars(IILjavax/swing/text/Segment;)V @ 84 c2
Event: 2148.688 Thread 0x00007ff2cf056000 DEOPT PACKING pc=0x0000000121c12994 sp=0x0000700008456a00
Event: 2148.688 Thread 0x00007ff2cf056000 DEOPT UNPACKING pc=0x0000000119ef5e25 sp=0x0000700008456990 mode 2
Event: 2148.699 Thread 0x00007ff2cf056000 Uncommon trap: trap_request=0xffffff45 fr.pc=0x00000001219878c8 relative=0x00000000000000e8
Event: 2148.699 Thread 0x00007ff2cf056000 Uncommon trap: reason=unstable_if action=reinterpret pc=0x00000001219878c8 method=sun.java2d.SunGraphics2D.translate(II)V @ 16 c2
Event: 2148.699 Thread 0x00007ff2cf056000 DEOPT PACKING pc=0x00000001219878c8 sp=0x0000700008456ad0
Event: 2148.699 Thread 0x00007ff2cf056000 DEOPT UNPACKING pc=0x0000000119ef5e25 sp=0x0000700008456a28 mode 2
Event: 2148.825 Thread 0x00007ff2cf056000 Uncommon trap: trap_request=0xffffff45 fr.pc=0x0000000121bde4ec relative=0x000000000000022c
Event: 2148.825 Thread 0x00007ff2cf056000 Uncommon trap: reason=unstable_if action=reinterpret pc=0x0000000121bde4ec method=sun.java2d.SunGraphics2D.setDevClip(IIII)V @ 8 c2
Event: 2148.825 Thread 0x00007ff2cf056000 DEOPT PACKING pc=0x0000000121bde4ec sp=0x0000700008457ae0
Event: 2148.825 Thread 0x00007ff2cf056000 DEOPT UNPACKING pc=0x0000000119ef5e25 sp=0x0000700008457ab8 mode 2
Event: 2148.825 Thread 0x00007ff2cf056000 Uncommon trap: trap_request=0xffffff45 fr.pc=0x0000000121b8e6c4 relative=0x00000000000012a4
Event: 2148.825 Thread 0x00007ff2cf056000 Uncommon trap: reason=unstable_if action=reinterpret pc=0x0000000121b8e6c4 method=sun.java2d.SurfaceData.getSourceSurfaceData(Ljava/awt/Image;ILsun/java2d/loops/CompositeType;Ljava/awt/Color;)Lsun/java2d/SurfaceData; @ 64 c2
Event: 2148.825 Thread 0x00007ff2cf056000 DEOPT PACKING pc=0x0000000121b8e6c4 sp=0x0000700008457930
Event: 2148.826 Thread 0x00007ff2cf056000 DEOPT UNPACKING pc=0x0000000119ef5e25 sp=0x00007000084578f8 mode 2

Classes unloaded (0 events):
No events

Classes redefined (0 events):
No events

Internal exceptions (20 events):
Event: 3.387 Thread 0x00007ff2cd8e9800 Exception <a 'java/lang/NoSuchMethodError'{0x0000000787a8eb80}: 'void java.lang.invoke.DirectMethodHandle$Holder.invokeSpecial(java.lang.Object, java.lang.Object, long)'> (0x0000000787a8eb80) 
thrown [./src/hotspot/share/interpreter/linkResolver.cpp, line 766]
Event: 3.455 Thread 0x00007ff2cf056000 Exception <a 'java/lang/NoSuchMethodError'{0x0000000787a78b10}: 'void java.lang.invoke.DirectMethodHandle$Holder.invokeStatic(java.lang.Object, long, long)'> (0x0000000787a78b10) 
thrown [./src/hotspot/share/interpreter/linkResolver.cpp, line 766]
Event: 3.458 Thread 0x00007ff2cf056000 Exception <a 'java/lang/NoSuchMethodError'{0x0000000787a84028}: 'java.lang.Object java.lang.invoke.Invokers$Holder.linkToTargetMethod(java.lang.Object, int, java.lang.Object)'> (0x0000000787a84028) 
thrown [./src/hotspot/share/interpreter/linkResolver.cpp, line 766]
Event: 3.468 Thread 0x00007ff2cf056000 Exception <a 'java/lang/NoSuchMethodError'{0x0000000787ac9f30}: 'void java.lang.invoke.DirectMethodHandle$Holder.invokeStatic(java.lang.Object, long)'> (0x0000000787ac9f30) 
thrown [./src/hotspot/share/interpreter/linkResolver.cpp, line 766]
Event: 3.571 Thread 0x00007ff2cf056000 Exception <a 'java/lang/NoSuchMethodError'{0x0000000787994f28}: 'java.lang.Object java.lang.invoke.DirectMethodHandle$Holder.invokeStatic(java.lang.Object, java.lang.Object, int, int)'> (0x0000000787994f28) 
thrown [./src/hotspot/share/interpreter/linkResolver.cpp, line 766]
Event: 3.571 Thread 0x00007ff2cf056000 Exception <a 'java/lang/NoSuchMethodError'{0x000000078799b1c8}: 'java.lang.Object java.lang.invoke.Invokers$Holder.linkToTargetMethod(java.lang.Object, int, int, java.lang.Object)'> (0x000000078799b1c8) 
thrown [./src/hotspot/share/interpreter/linkResolver.cpp, line 766]
Event: 3.572 Thread 0x00007ff2cf056000 Exception <a 'java/lang/NoSuchMethodError'{0x00000007879a4748}: 'java.lang.Object java.lang.invoke.DirectMethodHandle$Holder.invokeStatic(java.lang.Object, java.lang.Object, int, int, int, int)'> (0x00000007879a4748) 
thrown [./src/hotspot/share/interpreter/linkResolver.cpp, line 766]
Event: 3.608 Thread 0x00007ff2cf056000 Exception <a 'java/lang/NoSuchMethodError'{0x00000007878409d0}: 'java.lang.Object java.lang.invoke.DirectMethodHandle$Holder.invokeInterface(java.lang.Object, java.lang.Object, int)'> (0x00000007878409d0) 
thrown [./src/hotspot/share/interpreter/linkResolver.cpp, line 766]
Event: 6.266 Thread 0x00007ff2cf056000 Exception <a 'java/lang/NullPointerException'{0x000000078775c9c0}> (0x000000078775c9c0) 
thrown [./src/hotspot/share/prims/jni.cpp, line 620]
Event: 86.856 Thread 0x00007ff2cf056000 Implicit null exception at 0x0000000121a7b813 to 0x0000000121a7cebc
Event: 86.949 Thread 0x00007ff2cf056000 Exception <a 'java/lang/NoSuchMethodError'{0x0000000787189660}: 'void java.lang.invoke.DirectMethodHandle$Holder.invokeVirtual(java.lang.Object, java.lang.Object)'> (0x0000000787189660) 
thrown [./src/hotspot/share/interpreter/linkResolver.cpp, line 766]
Event: 86.958 Thread 0x00007ff2cf056000 Implicit null exception at 0x0000000121a67170 to 0x0000000121a6a2d0
Event: 91.969 Thread 0x00007ff2cf056000 Implicit null exception at 0x0000000121a7eb74 to 0x0000000121a7eef4
Event: 1650.268 Thread 0x00007ff2cd8e9800 Implicit null exception at 0x0000000121c7b89c to 0x0000000121c7e654
Event: 2148.159 Thread 0x00007ff2cd8e9800 Implicit null exception at 0x0000000121abbe91 to 0x0000000121abe1b0
Event: 2148.654 Thread 0x00007ff2cf056000 Implicit null exception at 0x0000000121aec56d to 0x0000000121aeddec
Event: 2148.660 Thread 0x00007ff2cf056000 Implicit null exception at 0x0000000121aef27e to 0x0000000121aef588
Event: 2148.668 Thread 0x00007ff2cf056000 Implicit null exception at 0x0000000121bbdc8b to 0x0000000121bbe00c
Event: 2148.670 Thread 0x00007ff2cf056000 Implicit null exception at 0x0000000121ac1d96 to 0x0000000121ac1fc0
Event: 2148.671 Thread 0x00007ff2cf056000 Implicit null exception at 0x0000000121bcb869 to 0x0000000121bcdde7

Events (20 events):
Event: 1681.412 Executing VM operation: BulkRevokeBias done
Event: 2148.150 Executing VM operation: HandshakeOneThread
Event: 2148.153 Executing VM operation: HandshakeOneThread done
Event: 2148.154 loading class sun/lwawt/LWWindowPeer$1
Event: 2148.155 loading class sun/lwawt/LWWindowPeer$1 done
Event: 2148.194 loading class java/awt/image/BufferedImage$1
Event: 2148.195 loading class java/awt/image/BufferedImage$1 done
Event: 2148.197 Executing VM operation: HandshakeOneThread
Event: 2148.197 Executing VM operation: HandshakeOneThread done
Event: 2148.198 loading class java/util/IdentityHashMap$ValueIterator
Event: 2148.199 loading class java/util/IdentityHashMap$ValueIterator done
Event: 2148.217 Executing VM operation: HandshakeAllThreads
Event: 2148.218 Executing VM operation: HandshakeAllThreads done
Event: 2148.219 Executing VM operation: HandshakeOneThread
Event: 2148.219 Executing VM operation: HandshakeOneThread done
Event: 2148.220 loading class javax/swing/RepaintManager$DisplayChangedRunnable
Event: 2148.220 loading class javax/swing/RepaintManager$DisplayChangedRunnable done
Event: 2148.221 Executing VM operation: HandshakeOneThread
Event: 2148.223 Executing VM operation: HandshakeOneThread done
Event: 2148.685 Loaded shared library /usr/local/Cellar/openjdk/14.0.1/libexec/openjdk.jdk/Contents/Home/lib/libawt_lwawt.dylib


Dynamic libraries:
0x00007fff700e1000 	/usr/lib/libz.1.dylib
0x000000010f7de000 	/usr/local/Cellar/openjdk/14.0.1/libexec/openjdk.jdk/Contents/Home/lib/libjli.dylib
0x00007fff35c77000 	/System/Library/Frameworks/Cocoa.framework/Versions/A/Cocoa
0x00007fff4345f000 	/System/Library/Frameworks/Security.framework/Versions/A/Security
0x00007fff34bde000 	/System/Library/Frameworks/ApplicationServices.framework/Versions/A/ApplicationServices
0x00007fff6dba5000 	/usr/lib/libSystem.B.dylib
0x00007fff709a1000 	/usr/lib/system/libcache.dylib
0x00007fff709a7000 	/usr/lib/system/libcommonCrypto.dylib
0x00007fff709b3000 	/usr/lib/system/libcompiler_rt.dylib
0x00007fff709bb000 	/usr/lib/system/libcopyfile.dylib
0x00007fff709c5000 	/usr/lib/system/libcorecrypto.dylib
0x00007fff70b64000 	/usr/lib/system/libdispatch.dylib
0x00007fff70ba5000 	/usr/lib/system/libdyld.dylib
0x00007fff70bdc000 	/usr/lib/system/libkeymgr.dylib
0x00007fff70bea000 	/usr/lib/system/liblaunch.dylib
0x00007fff70beb000 	/usr/lib/system/libmacho.dylib
0x00007fff70bf1000 	/usr/lib/system/libquarantine.dylib
0x00007fff70bf4000 	/usr/lib/system/libremovefile.dylib
0x00007fff70bf6000 	/usr/lib/system/libsystem_asl.dylib
0x00007fff70c0e000 	/usr/lib/system/libsystem_blocks.dylib
0x00007fff70c0f000 	/usr/lib/system/libsystem_c.dylib
0x00007fff70c97000 	/usr/lib/system/libsystem_configuration.dylib
0x00007fff70c9b000 	/usr/lib/system/libsystem_coreservices.dylib
0x00007fff70c9f000 	/usr/lib/system/libsystem_darwin.dylib
0x00007fff70ca8000 	/usr/lib/system/libsystem_dnssd.dylib
0x00007fff70cb0000 	/usr/lib/system/libsystem_featureflags.dylib
0x00007fff70cb2000 	/usr/lib/system/libsystem_info.dylib
0x00007fff70d2d000 	/usr/lib/system/libsystem_m.dylib
0x00007fff70d75000 	/usr/lib/system/libsystem_malloc.dylib
0x00007fff70d9d000 	/usr/lib/system/libsystem_networkextension.dylib
0x00007fff70dab000 	/usr/lib/system/libsystem_notify.dylib
0x00007fff70dc9000 	/usr/lib/system/libsystem_sandbox.dylib
0x00007fff70dce000 	/usr/lib/system/libsystem_secinit.dylib
0x00007fff70d00000 	/usr/lib/system/libsystem_kernel.dylib
0x00007fff70db5000 	/usr/lib/system/libsystem_platform.dylib
0x00007fff70dbe000 	/usr/lib/system/libsystem_pthread.dylib
0x00007fff70dd1000 	/usr/lib/system/libsystem_symptoms.dylib
0x00007fff70dd9000 	/usr/lib/system/libsystem_trace.dylib
0x00007fff70df1000 	/usr/lib/system/libunwind.dylib
0x00007fff70df7000 	/usr/lib/system/libxpc.dylib
0x00007fff6fa05000 	/usr/lib/libobjc.A.dylib
0x00007fff6dede000 	/usr/lib/libc++abi.dylib
0x00007fff6de8b000 	/usr/lib/libc++.1.dylib
0x00007fff36b17000 	/System/Library/Frameworks/CoreFoundation.framework/Versions/A/CoreFoundation
0x00007fff391d1000 	/System/Library/Frameworks/Foundation.framework/Versions/C/Foundation
0x00007fff33dce000 	/System/Library/Frameworks/AppKit.framework/Versions/C/AppKit
0x00007fff365fb000 	/System/Library/Frameworks/CoreData.framework/Versions/A/CoreData
0x00007fff67bc0000 	/System/Library/PrivateFrameworks/UIFoundation.framework/Versions/A/UIFoundation
0x00007fff62c64000 	/System/Library/PrivateFrameworks/RemoteViewServices.framework/Versions/A/RemoteViewServices
0x00007fff6a715000 	/System/Library/PrivateFrameworks/XCTTargetBootstrap.framework/Versions/A/XCTTargetBootstrap
0x00007fff369e6000 	/System/Library/Frameworks/CoreDisplay.framework/Versions/A/CoreDisplay
0x00007fff3c08c000 	/System/Library/Frameworks/Metal.framework/Versions/A/Metal
0x00007fff50c48000 	/System/Library/PrivateFrameworks/DesktopServicesPriv.framework/Versions/A/DesktopServicesPriv
0x00007fff6ece0000 	/usr/lib/liblangid.dylib
0x00007fff4fee0000 	/System/Library/PrivateFrameworks/CoreSVG.framework/Versions/A/CoreSVG
0x00007fff65dbd000 	/System/Library/PrivateFrameworks/SkyLight.framework/Versions/A/SkyLight
0x00007fff36f98000 	/System/Library/Frameworks/CoreGraphics.framework/Versions/A/CoreGraphics
0x00007fff327a2000 	/System/Library/Frameworks/Accelerate.framework/Versions/A/Accelerate
0x00007fff6ffd2000 	/usr/lib/libxml2.2.dylib
0x00007fff5bbd5000 	/System/Library/PrivateFrameworks/IconServices.framework/Versions/A/IconServices
0x00007fff399b0000 	/System/Library/Frameworks/IOSurface.framework/Versions/A/IOSurface
0x00007fff6d6cf000 	/usr/lib/libDiagnosticMessagesClient.dylib
0x00007fff50aa2000 	/System/Library/PrivateFrameworks/DFRFoundation.framework/Versions/A/DFRFoundation
0x00007fff6ea6f000 	/usr/lib/libicucore.A.dylib
0x00007fff34f10000 	/System/Library/Frameworks/AudioToolbox.framework/Versions/A/AudioToolbox
0x00007fff34ff3000 	/System/Library/Frameworks/AudioUnit.framework/Versions/A/AudioUnit
0x00007fff6dda7000 	/usr/lib/libauto.dylib
0x00007fff50b44000 	/System/Library/PrivateFrameworks/DataDetectorsCore.framework/Versions/A/DataDetectorsCore
0x00007fff35798000 	/System/Library/Frameworks/Carbon.framework/Versions/A/Frameworks/HIToolbox.framework/Versions/A/HIToolbox
0x00007fff4265c000 	/System/Library/Frameworks/QuartzCore.framework/Versions/A/QuartzCore
0x00007fff35ad7000 	/System/Library/Frameworks/Carbon.framework/Versions/A/Frameworks/SpeechRecognition.framework/Versions/A/SpeechRecognition
0x00007fff505b9000 	/System/Library/PrivateFrameworks/CoreUI.framework/Versions/A/CoreUI
0x00007fff36066000 	/System/Library/Frameworks/CoreAudio.framework/Versions/A/CoreAudio
0x00007fff38e92000 	/System/Library/Frameworks/DiskArbitration.framework/Versions/A/DiskArbitration
0x00007fff5dc4b000 	/System/Library/PrivateFrameworks/MultitouchSupport.framework/Versions/A/MultitouchSupport
0x00007fff6e936000 	/usr/lib/libenergytrace.dylib
0x00007fff3990a000 	/System/Library/Frameworks/IOKit.framework/Versions/A/IOKit
0x00007fff37efe000 	/System/Library/Frameworks/CoreServices.framework/Versions/A/CoreServices
0x00007fff5fdfa000 	/System/Library/PrivateFrameworks/PerformanceAnalysis.framework/Versions/A/PerformanceAnalysis
0x00007fff4168f000 	/System/Library/Frameworks/OpenGL.framework/Versions/A/OpenGL
0x00007fff35c85000 	/System/Library/Frameworks/ColorSync.framework/Versions/A/ColorSync
0x00007fff3761a000 	/System/Library/Frameworks/CoreImage.framework/Versions/A/CoreImage
0x00007fff38971000 	/System/Library/Frameworks/CoreText.framework/Versions/A/CoreText
0x00007fff39a40000 	/System/Library/Frameworks/ImageIO.framework/Versions/A/ImageIO
0x00007fff6df07000 	/usr/lib/libcompression.dylib
0x00007fff6da13000 	/usr/lib/libMobileGestalt.dylib
0x00007fff67935000 	/System/Library/PrivateFrameworks/TextureIO.framework/Versions/A/TextureIO
0x00007fff6dd0a000 	/usr/lib/libate.dylib
0x00007fff5bdde000 	/System/Library/PrivateFrameworks/InternationalSupport.framework/Versions/A/InternationalSupport
0x00007fff6ece2000 	/usr/lib/liblzma.5.dylib
0x00007fff6e95d000 	/usr/lib/libfakelink.dylib
0x00007fff6dc97000 	/usr/lib/libarchive.2.dylib
0x00007fff44510000 	/System/Library/Frameworks/SystemConfiguration.framework/Versions/A/SystemConfiguration
0x00007fff6d602000 	/usr/lib/libCRFSuite.dylib
0x00007fff35389000 	/System/Library/Frameworks/CFNetwork.framework/Versions/A/CFNetwork
0x00007fff6de6d000 	/usr/lib/libbsm.0.dylib
0x00007fff70bdd000 	/usr/lib/system/libkxld.dylib
0x00007fff4a42e000 	/System/Library/PrivateFrameworks/AppleFSCompression.framework/Versions/A/AppleFSCompression
0x00007fff6e1f8000 	/usr/lib/libcoretls.dylib
0x00007fff6e20f000 	/usr/lib/libcoretls_cfhelpers.dylib
0x00007fff6fa4b000 	/usr/lib/libpam.2.dylib
0x00007fff6fb80000 	/usr/lib/libsqlite3.dylib
0x00007fff6ffbf000 	/usr/lib/libxar.1.dylib
0x00007fff6de7e000 	/usr/lib/libbz2.1.0.dylib
0x00007fff6e97e000 	/usr/lib/libiconv.2.dylib
0x00007fff6def4000 	/usr/lib/libcharset.1.dylib
0x00007fff6f4e8000 	/usr/lib/libnetwork.dylib
0x00007fff6fa52000 	/usr/lib/libpcap.A.dylib
0x00007fff6dc4c000 	/usr/lib/libapple_nghttp2.dylib
0x00007fff382b5000 	/System/Library/Frameworks/CoreServices.framework/Versions/A/Frameworks/FSEvents.framework/Versions/A/FSEvents
0x00007fff37f85000 	/System/Library/Frameworks/CoreServices.framework/Versions/A/Frameworks/CarbonCore.framework/Versions/A/CarbonCore
0x00007fff384f9000 	/System/Library/Frameworks/CoreServices.framework/Versions/A/Frameworks/Metadata.framework/Versions/A/Metadata
0x00007fff38592000 	/System/Library/Frameworks/CoreServices.framework/Versions/A/Frameworks/OSServices.framework/Versions/A/OSServices
0x00007fff385c0000 	/System/Library/Frameworks/CoreServices.framework/Versions/A/Frameworks/SearchKit.framework/Versions/A/SearchKit
0x00007fff37eff000 	/System/Library/Frameworks/CoreServices.framework/Versions/A/Frameworks/AE.framework/Versions/A/AE
0x00007fff382be000 	/System/Library/Frameworks/CoreServices.framework/Versions/A/Frameworks/LaunchServices.framework/Versions/A/LaunchServices
0x00007fff38267000 	/System/Library/Frameworks/CoreServices.framework/Versions/A/Frameworks/DictionaryServices.framework/Versions/A/DictionaryServices
0x00007fff38628000 	/System/Library/Frameworks/CoreServices.framework/Versions/A/Frameworks/SharedFileList.framework/Versions/A/SharedFileList
0x00007fff3d4af000 	/System/Library/Frameworks/NetFS.framework/Versions/A/NetFS
0x00007fff5e17b000 	/System/Library/PrivateFrameworks/NetAuth.framework/Versions/A/NetAuth
0x00007fff6aae2000 	/System/Library/PrivateFrameworks/login.framework/Versions/A/Frameworks/loginsupport.framework/Versions/A/loginsupport
0x00007fff67400000 	/System/Library/PrivateFrameworks/TCC.framework/Versions/A/TCC
0x00007fff4f053000 	/System/Library/PrivateFrameworks/CoreNLP.framework/Versions/A/CoreNLP
0x00007fff5d650000 	/System/Library/PrivateFrameworks/MetadataUtilities.framework/Versions/A/MetadataUtilities
0x00007fff6edba000 	/usr/lib/libmecabra.dylib
0x00007fff6ed12000 	/usr/lib/libmecab.dylib
0x00007fff6e96e000 	/usr/lib/libgermantok.dylib
0x00007fff6dc33000 	/usr/lib/libThaiTokenizer.dylib
0x00007fff6d639000 	/usr/lib/libChineseTokenizer.dylib
0x00007fff327ba000 	/System/Library/Frameworks/Accelerate.framework/Versions/A/Frameworks/vImage.framework/Versions/A/vImage
0x00007fff33c24000 	/System/Library/Frameworks/Accelerate.framework/Versions/A/Frameworks/vecLib.framework/Versions/A/vecLib
0x00007fff33b61000 	/System/Library/Frameworks/Accelerate.framework/Versions/A/Frameworks/vecLib.framework/Versions/A/libvMisc.dylib
0x00007fff33989000 	/System/Library/Frameworks/Accelerate.framework/Versions/A/Frameworks/vecLib.framework/Versions/A/libvDSP.dylib
0x00007fff32e11000 	/System/Library/Frameworks/Accelerate.framework/Versions/A/Frameworks/vecLib.framework/Versions/A/libBLAS.dylib
0x00007fff3354d000 	/System/Library/Frameworks/Accelerate.framework/Versions/A/Frameworks/vecLib.framework/Versions/A/libLAPACK.dylib
0x00007fff338e9000 	/System/Library/Frameworks/Accelerate.framework/Versions/A/Frameworks/vecLib.framework/Versions/A/libLinearAlgebra.dylib
0x00007fff33976000 	/System/Library/Frameworks/Accelerate.framework/Versions/A/Frameworks/vecLib.framework/Versions/A/libSparseBLAS.dylib
0x00007fff338ff000 	/System/Library/Frameworks/Accelerate.framework/Versions/A/Frameworks/vecLib.framework/Versions/A/libQuadrature.dylib
0x00007fff33079000 	/System/Library/Frameworks/Accelerate.framework/Versions/A/Frameworks/vecLib.framework/Versions/A/libBNNS.dylib
0x00007fff33905000 	/System/Library/Frameworks/Accelerate.framework/Versions/A/Frameworks/vecLib.framework/Versions/A/libSparse.dylib
0x00007fff5c1c6000 	/System/Library/PrivateFrameworks/LanguageModeling.framework/Versions/A/LanguageModeling
0x00007fff4ea03000 	/System/Library/PrivateFrameworks/CoreEmoji.framework/Versions/A/CoreEmoji
0x00007fff5c2e4000 	/System/Library/PrivateFrameworks/LinguisticData.framework/Versions/A/LinguisticData
0x00007fff5c295000 	/System/Library/PrivateFrameworks/Lexicon.framework/Versions/A/Lexicon
0x00007fff6def5000 	/usr/lib/libcmph.dylib
0x00007fff4009d000 	/System/Library/Frameworks/OpenDirectory.framework/Versions/A/Frameworks/CFOpenDirectory.framework/Versions/A/CFOpenDirectory
0x00007fff400ba000 	/System/Library/Frameworks/OpenDirectory.framework/Versions/A/OpenDirectory
0x00007fff484df000 	/System/Library/PrivateFrameworks/APFS.framework/Versions/A/APFS
0x00007fff437a9000 	/System/Library/Frameworks/SecurityFoundation.framework/Versions/A/SecurityFoundation
0x00007fff6ffbb000 	/usr/lib/libutil.dylib
0x00007fff4ff38000 	/System/Library/PrivateFrameworks/CoreServicesStore.framework/Versions/A/CoreServicesStore
0x00007fff43860000 	/System/Library/Frameworks/ServiceManagement.framework/Versions/A/ServiceManagement
0x00007fff4bbfd000 	/System/Library/PrivateFrameworks/BackgroundTaskManagement.framework/Versions/A/BackgroundTaskManagement
0x00007fff700b8000 	/usr/lib/libxslt.1.dylib
0x00007fff4aaa1000 	/System/Library/PrivateFrameworks/AppleSystemInfo.framework/Versions/A/AppleSystemInfo
0x00007fff39c5b000 	/System/Library/Frameworks/ImageIO.framework/Versions/A/Resources/libJPEG.dylib
0x00007fff39f17000 	/System/Library/Frameworks/ImageIO.framework/Versions/A/Resources/libTIFF.dylib
0x00007fff39efa000 	/System/Library/Frameworks/ImageIO.framework/Versions/A/Resources/libPng.dylib
0x00007fff39b9d000 	/System/Library/Frameworks/ImageIO.framework/Versions/A/Resources/libGIF.dylib
0x00007fff39ba1000 	/System/Library/Frameworks/ImageIO.framework/Versions/A/Resources/libJP2.dylib
0x00007fff39f15000 	/System/Library/Frameworks/ImageIO.framework/Versions/A/Resources/libRadiance.dylib
0x00007fff6e937000 	/usr/lib/libexpat.1.dylib
0x00007fff4a589000 	/System/Library/PrivateFrameworks/AppleJPEG.framework/Versions/A/AppleJPEG
0x00007fff53237000 	/System/Library/PrivateFrameworks/FontServices.framework/libFontParser.dylib
0x00007fff69ae7000 	/System/Library/PrivateFrameworks/WatchdogClient.framework/Versions/A/WatchdogClient
0x00007fff5b821000 	/System/Library/PrivateFrameworks/IOAccelerator.framework/Versions/A/IOAccelerator
0x00007fff3c427000 	/System/Library/Frameworks/MetalPerformanceShaders.framework/Versions/A/MetalPerformanceShaders
0x00007fff57fb8000 	/System/Library/PrivateFrameworks/GPUWrangler.framework/Versions/A/GPUWrangler
0x00007fff5b836000 	/System/Library/PrivateFrameworks/IOPresentment.framework/Versions/A/IOPresentment
0x00007fff50ab5000 	/System/Library/PrivateFrameworks/DSExternalDisplay.framework/Versions/A/DSExternalDisplay
0x00007fff40a2e000 	/System/Library/Frameworks/OpenGL.framework/Versions/A/Libraries/libCoreFSCache.dylib
0x00007fff3c173000 	/System/Library/Frameworks/MetalPerformanceShaders.framework/Frameworks/MPSCore.framework/Versions/A/MPSCore
0x00007fff3c1b1000 	/System/Library/Frameworks/MetalPerformanceShaders.framework/Frameworks/MPSImage.framework/Versions/A/MPSImage
0x00007fff3c278000 	/System/Library/Frameworks/MetalPerformanceShaders.framework/Frameworks/MPSNeuralNetwork.framework/Versions/A/MPSNeuralNetwork
0x00007fff3c23c000 	/System/Library/Frameworks/MetalPerformanceShaders.framework/Frameworks/MPSMatrix.framework/Versions/A/MPSMatrix
0x00007fff3c3d7000 	/System/Library/Frameworks/MetalPerformanceShaders.framework/Frameworks/MPSRayIntersector.framework/Versions/A/MPSRayIntersector
0x00007fff3c262000 	/System/Library/Frameworks/MetalPerformanceShaders.framework/Frameworks/MPSNDArray.framework/Versions/A/MPSNDArray
0x00007fff5d69d000 	/System/Library/PrivateFrameworks/MetalTools.framework/Versions/A/MetalTools
0x00007fff496b4000 	/System/Library/PrivateFrameworks/AggregateDictionary.framework/Versions/A/AggregateDictionary
0x00007fff4e44d000 	/System/Library/PrivateFrameworks/CoreAnalytics.framework/Versions/A/CoreAnalytics
0x00007fff4a9c0000 	/System/Library/PrivateFrameworks/AppleSauce.framework/Versions/A/AppleSauce
0x00007fff6d8f5000 	/usr/lib/libIOReport.dylib
0x00007fff38b29000 	/System/Library/Frameworks/CoreVideo.framework/Versions/A/CoreVideo
0x00007fff59432000 	/System/Library/PrivateFrameworks/GraphVisualizer.framework/Versions/A/GraphVisualizer
0x00007fff5277e000 	/System/Library/PrivateFrameworks/FaceCore.framework/Versions/A/FaceCore
0x00007fff40044000 	/System/Library/Frameworks/OpenCL.framework/Versions/A/OpenCL
0x00007fff6d717000 	/usr/lib/libFosl_dynamic.dylib
0x00007fff5eb9b000 	/System/Library/PrivateFrameworks/OTSVG.framework/Versions/A/OTSVG
0x00007fff34ce3000 	/System/Library/Frameworks/ApplicationServices.framework/Versions/A/Frameworks/ATS.framework/Versions/A/Resources/libFontRegistry.dylib
0x00007fff53409000 	/System/Library/PrivateFrameworks/FontServices.framework/libhvf.dylib
0x00007fff40a39000 	/System/Library/Frameworks/OpenGL.framework/Versions/A/Libraries/libGFXShared.dylib
0x00007fff40c17000 	/System/Library/Frameworks/OpenGL.framework/Versions/A/Libraries/libGLU.dylib
0x00007fff40a42000 	/System/Library/Frameworks/OpenGL.framework/Versions/A/Libraries/libGL.dylib
0x00007fff40a4d000 	/System/Library/Frameworks/OpenGL.framework/Versions/A/Libraries/libGLImage.dylib
0x00007fff40a2b000 	/System/Library/Frameworks/OpenGL.framework/Versions/A/Libraries/libCVMSPluginSupport.dylib
0x00007fff40a34000 	/System/Library/Frameworks/OpenGL.framework/Versions/A/Libraries/libCoreVMClient.dylib
0x00007fff6f389000 	/usr/lib/libncurses.5.4.dylib
0x00007fff34bdf000 	/System/Library/Frameworks/ApplicationServices.framework/Versions/A/Frameworks/ATS.framework/Versions/A/ATS
0x00007fff34dac000 	/System/Library/Frameworks/ApplicationServices.framework/Versions/A/Frameworks/ColorSyncLegacy.framework/Versions/A/ColorSyncLegacy
0x00007fff34e4a000 	/System/Library/Frameworks/ApplicationServices.framework/Versions/A/Frameworks/HIServices.framework/Versions/A/HIServices
0x00007fff34ea2000 	/System/Library/Frameworks/ApplicationServices.framework/Versions/A/Frameworks/LangAnalysis.framework/Versions/A/LangAnalysis
0x00007fff34eb1000 	/System/Library/Frameworks/ApplicationServices.framework/Versions/A/Frameworks/PrintCore.framework/Versions/A/PrintCore
0x00007fff34ef7000 	/System/Library/Frameworks/ApplicationServices.framework/Versions/A/Frameworks/QD.framework/Versions/A/QD
0x00007fff34f02000 	/System/Library/Frameworks/ApplicationServices.framework/Versions/A/Frameworks/SpeechSynthesis.framework/Versions/A/SpeechSynthesis
0x00007fff34d7c000 	/System/Library/Frameworks/ApplicationServices.framework/Versions/A/Frameworks/ATSUI.framework/Versions/A/ATSUI
0x00007fff6e7cd000 	/usr/lib/libcups.2.dylib
0x00007fff3b4c2000 	/System/Library/Frameworks/Kerberos.framework/Versions/A/Kerberos
0x00007fff39603000 	/System/Library/Frameworks/GSS.framework/Versions/A/GSS
0x00007fff6fb0c000 	/usr/lib/libresolv.9.dylib
0x00007fff595df000 	/System/Library/PrivateFrameworks/Heimdal.framework/Versions/A/Heimdal
0x00007fff3b4d5000 	/System/Library/Frameworks/Kerberos.framework/Versions/A/Libraries/libHeimdalProxy.dylib
0x00007fff6e974000 	/usr/lib/libheimdal-asn1.dylib
0x00007fff4d8e8000 	/System/Library/PrivateFrameworks/CommonAuth.framework/Versions/A/CommonAuth
0x00007fff4ab3e000 	/System/Library/PrivateFrameworks/AssertionServices.framework/Versions/A/AssertionServices
0x00007fff4b6e0000 	/System/Library/PrivateFrameworks/AudioToolboxCore.framework/Versions/A/AudioToolboxCore
0x00007fff6a792000 	/System/Library/PrivateFrameworks/caulk.framework/Versions/A/caulk
0x00007fff4bca9000 	/System/Library/PrivateFrameworks/BaseBoard.framework/Versions/A/BaseBoard
0x00007fff62df2000 	/System/Library/PrivateFrameworks/RunningBoardServices.framework/Versions/A/RunningBoardServices
0x00007fff5fe06000 	/System/Library/PrivateFrameworks/PersistentConnection.framework/Versions/A/PersistentConnection
0x00007fff627ec000 	/System/Library/PrivateFrameworks/ProtocolBuffer.framework/Versions/A/ProtocolBuffer
0x00007fff4d90c000 	/System/Library/PrivateFrameworks/CommonUtilities.framework/Versions/A/CommonUtilities
0x00007fff4be37000 	/System/Library/PrivateFrameworks/Bom.framework/Versions/A/Bom
0x00007fff6d5c8000 	/usr/lib/libAudioToolboxUtility.dylib
0x00007fff4bc07000 	/System/Library/PrivateFrameworks/Backup.framework/Versions/A/Backup
0x00007fff509d6000 	/System/Library/PrivateFrameworks/CrashReporterSupport.framework/Versions/A/CrashReporterSupport
0x00007fff64883000 	/System/Library/PrivateFrameworks/Sharing.framework/Versions/A/Sharing
0x00007fff4a14c000 	/System/Library/PrivateFrameworks/Apple80211.framework/Versions/A/Apple80211
0x00007fff4b924000 	/System/Library/PrivateFrameworks/AuthKit.framework/Versions/A/AuthKit
0x00007fff506e6000 	/System/Library/PrivateFrameworks/CoreUtils.framework/Versions/A/CoreUtils
0x00007fff38b6e000 	/System/Library/Frameworks/CoreWLAN.framework/Versions/A/CoreWLAN
0x00007fff39790000 	/System/Library/Frameworks/IOBluetooth.framework/Versions/A/IOBluetooth
0x00007fff5d9ca000 	/System/Library/PrivateFrameworks/MobileKeyBag.framework/Versions/A/MobileKeyBag
0x00007fff4f4eb000 	/System/Library/PrivateFrameworks/CorePhoneNumbers.framework/Versions/A/CorePhoneNumbers
0x00007fff4a53c000 	/System/Library/PrivateFrameworks/AppleIDAuthSupport.framework/Versions/A/AppleIDAuthSupport
0x00007fff3d4bc000 	/System/Library/Frameworks/Network.framework/Versions/A/Network
0x00007fff5c072000 	/System/Library/PrivateFrameworks/KeychainCircle.framework/Versions/A/KeychainCircle
0x00007fff365c2000 	/System/Library/Frameworks/CoreBluetooth.framework/Versions/A/CoreBluetooth
0x00007fff66900000 	/System/Library/PrivateFrameworks/SpeechRecognitionCore.framework/Versions/A/SpeechRecognitionCore
0x0000000110600000 	/usr/local/Cellar/openjdk/14.0.1/libexec/openjdk.jdk/Contents/Home/lib/server/libjvm.dylib
0x000000010f800000 	/usr/local/Cellar/openjdk/14.0.1/libexec/openjdk.jdk/Contents/Home/lib/libjimage.dylib
0x000000010f852000 	/usr/local/Cellar/openjdk/14.0.1/libexec/openjdk.jdk/Contents/Home/lib/libjava.dylib
0x000000010f877000 	/usr/local/Cellar/openjdk/14.0.1/libexec/openjdk.jdk/Contents/Home/lib/libzip.dylib
0x000000010fab6000 	/usr/local/Cellar/openjdk/14.0.1/libexec/openjdk.jdk/Contents/Home/lib/libnio.dylib
0x000000010fac6000 	/usr/local/Cellar/openjdk/14.0.1/libexec/openjdk.jdk/Contents/Home/lib/libnet.dylib
0x000000010fadb000 	/usr/local/Cellar/openjdk/14.0.1/libexec/openjdk.jdk/Contents/Home/lib/libawt.dylib
0x000000010fc92000 	/usr/local/Cellar/openjdk/14.0.1/libexec/openjdk.jdk/Contents/Home/lib/libmlib_image.dylib
0x00007fff3b4ac000 	/System/Library/Frameworks/JavaVM.framework/Versions/A/Frameworks/JavaNativeFoundation.framework/Versions/A/JavaNativeFoundation
0x00007fff3b4b5000 	/System/Library/Frameworks/JavaVM.framework/Versions/A/Frameworks/JavaRuntimeSupport.framework/Versions/A/JavaRuntimeSupport
0x00007fff3b4bd000 	/System/Library/Frameworks/JavaVM.framework/Versions/A/JavaVM
0x00007fff5be89000 	/System/Library/PrivateFrameworks/JavaLaunching.framework/Versions/A/JavaLaunching
0x00007fff35793000 	/System/Library/Frameworks/Carbon.framework/Versions/A/Carbon
0x00007fff5048b000 	/System/Library/PrivateFrameworks/CoreSymbolication.framework/Versions/A/CoreSymbolication
0x00007fff35794000 	/System/Library/Frameworks/Carbon.framework/Versions/A/Frameworks/CommonPanels.framework/Versions/A/CommonPanels
0x00007fff35a8d000 	/System/Library/Frameworks/Carbon.framework/Versions/A/Frameworks/Help.framework/Versions/A/Help
0x00007fff35a91000 	/System/Library/Frameworks/Carbon.framework/Versions/A/Frameworks/ImageCapture.framework/Versions/A/ImageCapture
0x00007fff35a98000 	/System/Library/Frameworks/Carbon.framework/Versions/A/Frameworks/OpenScripting.framework/Versions/A/OpenScripting
0x00007fff35a97000 	/System/Library/Frameworks/Carbon.framework/Versions/A/Frameworks/Ink.framework/Versions/A/Ink
0x00007fff35ad3000 	/System/Library/Frameworks/Carbon.framework/Versions/A/Frameworks/Print.framework/Versions/A/Print
0x00007fff35ad4000 	/System/Library/Frameworks/Carbon.framework/Versions/A/Frameworks/SecurityHI.framework/Versions/A/SecurityHI
0x00007fff50c0a000 	/System/Library/PrivateFrameworks/DebugSymbols.framework/Versions/A/DebugSymbols
0x000000010fcf5000 	/usr/local/Cellar/openjdk/14.0.1/libexec/openjdk.jdk/Contents/Home/lib/libawt_lwawt.dylib
0x000000010fd9e000 	/usr/local/Cellar/openjdk/14.0.1/libexec/openjdk.jdk/Contents/Home/lib/libosxapp.dylib
0x00007fff3906c000 	/System/Library/Frameworks/ExceptionHandling.framework/Versions/A/ExceptionHandling
0x0000000131de1000 	/usr/local/Cellar/openjdk/14.0.1/libexec/openjdk.jdk/Contents/Home/lib/libfontmanager.dylib
0x0000000131edf000 	/usr/local/Cellar/openjdk/14.0.1/libexec/openjdk.jdk/Contents/Home/lib/libfreetype.dylib
0x00007fff4ff04000 	/System/Library/PrivateFrameworks/CoreServicesInternal.framework/Versions/A/CoreServicesInternal
0x00007fff3908b000 	/System/Library/Frameworks/FileProvider.framework/Versions/A/FileProvider
0x00007fff33c25000 	/System/Library/Frameworks/Accounts.framework/Versions/A/Accounts
0x00007fff582dd000 	/System/Library/PrivateFrameworks/GenerationalStorage.framework/Versions/A/GenerationalStorage
0x00007fff67140000 	/System/Library/PrivateFrameworks/SymptomDiagnosticReporter.framework/Versions/A/SymptomDiagnosticReporter
0x00007fff49c51000 	/System/Library/PrivateFrameworks/AppContainer.framework/Versions/A/AppContainer
0x00007fff6fb26000 	/usr/lib/libsandbox.1.dylib
0x00007fff68a8b000 	/System/Library/PrivateFrameworks/UserManagement.framework/Versions/A/UserManagement
0x00007fff4c9f2000 	/System/Library/PrivateFrameworks/ChunkingLibrary.framework/Versions/A/ChunkingLibrary
0x00007fff49cc3000 	/System/Library/PrivateFrameworks/AppSandbox.framework/Versions/A/AppSandbox
0x00007fff6470d000 	/System/Library/PrivateFrameworks/SecCodeWrapper.framework/Versions/A/SecCodeWrapper
0x00007fff6d9dd000 	/usr/lib/libMatch.1.dylib
0x00007fff29c09000 	/System/Library/CoreServices/RawCamera.bundle/Contents/MacOS/RawCamera
0x00007fff5d7cc000 	/System/Library/PrivateFrameworks/MobileAsset.framework/Versions/A/MobileAsset
0x00007fff66fe8000 	/System/Library/PrivateFrameworks/StreamingZip.framework/Versions/A/StreamingZip
0x00007fff3b93d000 	/System/Library/Frameworks/MediaToolbox.framework/Versions/A/MediaToolbox
0x00007fff4e3fd000 	/System/Library/PrivateFrameworks/CoreAVCHD.framework/Versions/A/CoreAVCHD
0x00007fff3b867000 	/System/Library/Frameworks/MediaAccessibility.framework/Versions/A/MediaAccessibility
0x00007fff5cb81000 	/System/Library/PrivateFrameworks/Mangrove.framework/Versions/A/Mangrove
0x00007fff37d36000 	/System/Library/Frameworks/CoreMedia.framework/Versions/A/CoreMedia
0x00007fff5cded000 	/System/Library/PrivateFrameworks/MediaExperience.framework/Versions/A/MediaExperience
0x00007fff447fd000 	/System/Library/Frameworks/VideoToolbox.framework/Versions/A/VideoToolbox
0x00007fff4e027000 	/System/Library/PrivateFrameworks/CoreAUC.framework/Versions/A/CoreAUC
0x00007fff6fb7e000 	/usr/lib/libspindump.dylib
0x00007fff4b08f000 	/System/Library/PrivateFrameworks/AudioResourceArbitration.framework/Versions/A/AudioResourceArbitration
0x00007fff4aaa5000 	/System/Library/PrivateFrameworks/AppleVA.framework/Versions/A/AppleVA
0x00007fff327a3000 	/System/Library/Frameworks/Accelerate.framework/Versions/A/Frameworks/vImage.framework/Versions/A/Libraries/libCGInterfaces.dylib
0x0000000133c79000 	/usr/lib/libobjc-trampolines.dylib
0x00007fff53370000 	/System/Library/PrivateFrameworks/FontServices.framework/libTrueTypeScaler.dylib
0x00007fff30924000 	/System/Library/Extensions/AppleIntelSKLGraphicsMTLDriver.bundle/Contents/MacOS/AppleIntelSKLGraphicsMTLDriver
0x00007fff568fa000 	/System/Library/PrivateFrameworks/GPUCompiler.framework/Versions/3902/Libraries/libmetal_timestamp.dylib
0x00007fff69857000 	/System/Library/PrivateFrameworks/ViewBridge.framework/Versions/A/ViewBridge
0x00007fff6aae5000 	/System/Library/PrivateFrameworks/login.framework/Versions/A/login
0x00007fff4169f000 	/System/Library/Frameworks/OpenGL.framework/Versions/A/Resources/GLEngine.bundle/GLEngine
0x00007fff40a82000 	/System/Library/Frameworks/OpenGL.framework/Versions/A/Libraries/libGLProgrammability.dylib
0x00007fff2f91b000 	/System/Library/Extensions/AppleIntelSKLGraphicsGLDriver.bundle/Contents/MacOS/AppleIntelSKLGraphicsGLDriver
0x00007fff57fac000 	/System/Library/PrivateFrameworks/GPUSupport.framework/Versions/A/Libraries/libGPUSupportMercury.dylib
0x00007fff41819000 	/System/Library/Frameworks/OpenGL.framework/Versions/A/Resources/GLRendererFloat.bundle/GLRendererFloat
0x00007fff4003b000 	/System/Library/Frameworks/OpenCL.framework/Versions/A/Libraries/libcldcpuengine.dylib
0x000000013557d000 	/usr/local/Cellar/openjdk/14.0.1/libexec/openjdk.jdk/Contents/Home/lib/libosxui.dylib
0x000000013558b000 	/usr/local/Cellar/openjdk/14.0.1/libexec/openjdk.jdk/Contents/Home/lib/libverify.dylib
0x00007fff4cb9b000 	/System/Library/PrivateFrameworks/CloudDocs.framework/Versions/A/CloudDocs
0x00007fff669d0000 	/System/Library/PrivateFrameworks/SpotlightIndex.framework/Versions/A/SpotlightIndex
0x00007fff61902000 	/System/Library/PrivateFrameworks/PowerLog.framework/Versions/A/PowerLog


VM Arguments:
java_command: com.puppycrawl.tools.checkstyle.gui.Main
java_class_path (initial): ./checkstyle-8.5-all.jar
Launcher Type: SUN_STANDARD

[Global flags]
     intx CICompilerCount                          = 3                                         {product} {ergonomic}
     uint ConcGCThreads                            = 1                                         {product} {ergonomic}
     uint G1ConcRefinementThreads                  = 4                                         {product} {ergonomic}
   size_t G1HeapRegionSize                         = 1048576                                   {product} {ergonomic}
    uintx GCDrainStackTargetSize                   = 64                                        {product} {ergonomic}
   size_t InitialHeapSize                          = 134217728                                 {product} {ergonomic}
   size_t MarkStackSize                            = 4194304                                   {product} {ergonomic}
   size_t MaxHeapSize                              = 2147483648                                {product} {ergonomic}
   size_t MaxNewSize                               = 1287651328                                {product} {ergonomic}
   size_t MinHeapDeltaBytes                        = 1048576                                   {product} {ergonomic}
   size_t MinHeapSize                              = 8388608                                   {product} {ergonomic}
    uintx NonNMethodCodeHeapSize                   = 5832780                                {pd product} {ergonomic}
    uintx NonProfiledCodeHeapSize                  = 122912730                              {pd product} {ergonomic}
    uintx ProfiledCodeHeapSize                     = 122912730                              {pd product} {ergonomic}
    uintx ReservedCodeCacheSize                    = 251658240                              {pd product} {ergonomic}
     bool SegmentedCodeCache                       = true                                      {product} {ergonomic}
   size_t SoftMaxHeapSize                          = 2147483648                             {manageable} {ergonomic}
     bool UseCompressedClassPointers               = true                                 {lp64_product} {ergonomic}
     bool UseCompressedOops                        = true                                 {lp64_product} {ergonomic}
     bool UseG1GC                                  = true                                      {product} {ergonomic}

Logging:
Log output configuration:
 #0: stdout all=warning uptime,level,tags
 #1: stderr all=off uptime,level,tags

Environment Variables:
CLASSPATH=:/Users/byrdsmyth/java/junit-X.Y.jar:/Users/byrdsmyth/java/hamcrest-core-XX.YY.jar
PATH=/usr/local/opt/openjdk/bin:/usr/local/anaconda3/bin:/usr/local/bin:/usr/bin:/bin:/usr/sbin:/sbin:/Library/TeX/texbin:/usr/local/share/dotnet:/opt/X11/bin:/Library/Apple/usr/bin:/Library/Frameworks/Mono.framework/Versions/Current/Commands:/Applications/Wireshark.app/Contents/MacOS:/Users/byrdsmyth/java
SHELL=/bin/zsh
DISPLAY=/private/tmp/com.apple.launchd.O6pRtOP2Qq/org.macosforge.xquartz:0

Signal Handlers:
SIGSEGV: [libjvm.dylib+0x7c63a6], sa_mask[0]=11111111011111110111111111111111, sa_flags=SA_ONSTACK|SA_RESTART|SA_SIGINFO
SIGBUS: [libjvm.dylib+0x7c63a6], sa_mask[0]=11111111011111110111111111111111, sa_flags=SA_RESTART|SA_SIGINFO
SIGFPE: [libjvm.dylib+0x7c63a6], sa_mask[0]=11111111011111110111111111111111, sa_flags=SA_RESTART|SA_SIGINFO
SIGPIPE: [libjvm.dylib+0x6078f5], sa_mask[0]=11111111011111110111111111111111, sa_flags=SA_RESTART|SA_SIGINFO
SIGXFSZ: [libjvm.dylib+0x6078f5], sa_mask[0]=11111111011111110111111111111111, sa_flags=SA_RESTART|SA_SIGINFO
SIGILL: [libjvm.dylib+0x7c63a6], sa_mask[0]=11111111011111110111111111111111, sa_flags=SA_RESTART|SA_SIGINFO
SIGUSR2: [libjvm.dylib+0x607eb4], sa_mask[0]=00000000000000000000000000000000, sa_flags=SA_RESTART|SA_SIGINFO
SIGHUP: [libjvm.dylib+0x606f23], sa_mask[0]=11111111011111110111111111111111, sa_flags=SA_RESTART|SA_SIGINFO
SIGINT: [libjvm.dylib+0x606f23], sa_mask[0]=11111111011111110111111111111111, sa_flags=SA_RESTART|SA_SIGINFO
SIGTERM: [libjvm.dylib+0x606f23], sa_mask[0]=11111111011111110111111111111111, sa_flags=SA_RESTART|SA_SIGINFO
SIGQUIT: [libjvm.dylib+0x606f23], sa_mask[0]=11111111011111110111111111111111, sa_flags=SA_RESTART|SA_SIGINFO


---------------  S Y S T E M  ---------------

OS:uname:Darwin 19.5.0 Darwin Kernel Version 19.5.0: Tue May 26 20:41:44 PDT 2020; root:xnu-6153.121.2~2/RELEASE_X86_64 x86_64
OS uptime: 1 days 2:04 hours
rlimit: STACK 8192k, CORE 0k, NPROC 1392, NOFILE 10240, AS infinity, DATA infinity, FSIZE infinity
load average:11.59 7.28 4.38

CPU:total 4 (initial active 4) (2 cores per cpu, 2 threads per core) family 6 model 78 stepping 3, cmov, cx8, fxsr, mmx, sse, sse2, sse3, ssse3, sse4.1, sse4.2, popcnt, avx, avx2, aes, clmul, erms, 3dnowpref, lzcnt, ht, tsc, tscinvbit, bmi1, bmi2, adx, fma

Memory: 4k page, physical 8388608k(139388k free), swap 2097152k(1180160k free)

vm_info: OpenJDK 64-Bit Server VM (14.0.1+14) for bsd-amd64 JRE (14.0.1+14), built on Jun 30 2020 17:14:54 by "brew" with clang 4.2.1 Compatible Apple LLVM 11.0.3 (clang-1103.0.32.62)

END.
