#
# A fatal error has been detected by the Java Runtime Environment:
#
#  SIGILL (0x4) at pc=0x00007fff2f87babc, pid=5471, tid=54535
#
# JRE version: OpenJDK Runtime Environment (14.0.1+14) (build 14.0.1+14)
# Java VM: OpenJDK 64-Bit Server VM (14.0.1+14, mixed mode, sharing, tiered, compressed oops, g1 gc, bsd-amd64)
# Problematic frame:
# C  [AppKit+0x3e5abc]  -[NSOpenGLContext setView:]+0xe5
#
# No core dump will be written. Core dumps have been disabled. To enable core dumping, try "ulimit -c unlimited" before starting Java again
#
# If you would like to submit a bug report, please visit:
#   https://bugreport.java.com/bugreport/crash.jsp
# The crash happened outside the Java Virtual Machine in native code.
# See problematic frame for where to report the bug.
#

---------------  S U M M A R Y ------------

Command Line: com.puppycrawl.tools.checkstyle.gui.Main

Host: MacBookPro13,2 x86_64 2900 MHz, 4 cores, 8G, Darwin 19.6.0
Time: Mon Oct 26 14:52:10 2020 PDT elapsed time: 9729 seconds (0d 2h 42m 9s)

---------------  T H R E A D  ---------------

Current thread (0x00007face9a11000):  JavaThread "Java2D Queue Flusher" daemon [_thread_in_native, id=54535, stack(0x0000700002764000,0x0000700002864000)]

Stack: [0x0000700002764000,0x0000700002864000],  sp=0x00007000028637b0,  free space=1021k
Native frames: (J=compiled Java code, A=aot compiled Java code, j=interpreted, Vv=VM code, C=native code)
C  [AppKit+0x3e5abc]  -[NSOpenGLContext setView:]+0xe5
C  [libawt_lwawt.dylib+0x2120f]  CGLSD_MakeCurrentToScratch+0x45
C  [libawt_lwawt.dylib+0x21318]  OGLSD_MakeOGLContextCurrent+0x58
C  [libawt_lwawt.dylib+0x40481]  OGLContext_SetSurfaces+0x85
C  [libawt_lwawt.dylib+0x43f1d]  Java_sun_java2d_opengl_OGLRenderQueue_flushBuffer+0x62d
J 1562  sun.java2d.opengl.OGLRenderQueue.flushBuffer(JI)V java.desktop@14.0.1 (0 bytes) @ 0x000000011b77ff5d [0x000000011b77fea0+0x00000000000000bd]
J 1477 c1 sun.java2d.opengl.OGLRenderQueue.flushBuffer()V java.desktop@14.0.1 (41 bytes) @ 0x000000011449e49c [0x000000011449e360+0x000000000000013c]
J 3079% c1 sun.java2d.opengl.OGLRenderQueue$QueueFlusher.run()V java.desktop@14.0.1 (234 bytes) @ 0x00000001147df304 [0x00000001147deb20+0x00000000000007e4]
j  java.lang.Thread.run()V+11 java.base@14.0.1
v  ~StubRoutines::call_stub
V  [libjvm.dylib+0x35a5e7]  JavaCalls::call_helper(JavaValue*, methodHandle const&, JavaCallArguments*, Thread*)+0x255
V  [libjvm.dylib+0x3599f0]  JavaCalls::call_virtual(JavaValue*, Klass*, Symbol*, Symbol*, JavaCallArguments*, Thread*)+0xfe
V  [libjvm.dylib+0x359aaa]  JavaCalls::call_virtual(JavaValue*, Handle, Klass*, Symbol*, Symbol*, Thread*)+0x62
V  [libjvm.dylib+0x3e9f23]  thread_entry(JavaThread*, Thread*)+0x78
V  [libjvm.dylib+0x770436]  JavaThread::thread_main_inner()+0x86
V  [libjvm.dylib+0x77027a]  JavaThread::run()+0x11c
V  [libjvm.dylib+0x76e0d7]  Thread::call_run()+0x71
V  [libjvm.dylib+0x605d1d]  thread_native_entry(Thread*)+0x126
C  [libsystem_pthread.dylib+0x6109]  _pthread_start+0x94
C  [libsystem_pthread.dylib+0x1b8b]  thread_start+0xf

Java frames: (J=compiled Java code, j=interpreted, Vv=VM code)
J 1562  sun.java2d.opengl.OGLRenderQueue.flushBuffer(JI)V java.desktop@14.0.1 (0 bytes) @ 0x000000011b77fee8 [0x000000011b77fea0+0x0000000000000048]
J 1477 c1 sun.java2d.opengl.OGLRenderQueue.flushBuffer()V java.desktop@14.0.1 (41 bytes) @ 0x000000011449e49c [0x000000011449e360+0x000000000000013c]
J 3079% c1 sun.java2d.opengl.OGLRenderQueue$QueueFlusher.run()V java.desktop@14.0.1 (234 bytes) @ 0x00000001147df304 [0x00000001147deb20+0x00000000000007e4]
j  java.lang.Thread.run()V+11 java.base@14.0.1
v  ~StubRoutines::call_stub

siginfo: si_signo: 4 (SIGILL), si_code: 1 (ILL_ILLOPC), si_addr: 0x00007fff2f87babc

Register to memory mapping:

RAX=0x0 is NULL
RBX=0x00007facec945090 points into unknown readable memory: 70 43 31 ee ac 7f 00 00
RCX=0x0 is NULL
RDX=0x0 is NULL
RSP=0x00007000028637b0 is pointing into the stack for thread: 0x00007face9a11000
RBP=0x0000700002863800 is pointing into the stack for thread: 0x00007face9a11000
RSI=0x000000001f08000c is an unknown value
RDI=0x0 is NULL
R8 =0x0 is NULL
R9 =0x0 is NULL
R10=0x0 is NULL
R11=0x0 is NULL
R12=0x00007face924f038 points into unknown readable memory: 00 00 00 00 00 00 00 00
R13=0x00007faceea22f50 points into unknown readable memory: e0 05 64 13 01 00 00 00
R14=0x00007facee313fd0 points into unknown readable memory: 87 ca 58 89 ff ff 3d 00
R15=0x00007facee314370 points into unknown readable memory: 85 98 58 89 ff ff 3d 01


Registers:
RAX=0x0000000000000000, RBX=0x00007facec945090, RCX=0x0000000000000000, RDX=0x0000000000000000
RSP=0x00007000028637b0, RBP=0x0000700002863800, RSI=0x000000001f08000c, RDI=0x0000000000000000
R8 =0x0000000000000000, R9 =0x0000000000000000, R10=0x0000000000000000, R11=0x0000000000000000
R12=0x00007face924f038, R13=0x00007faceea22f50, R14=0x00007facee313fd0, R15=0x00007facee314370
RIP=0x00007fff2f87babc, EFLAGS=0x0000000000010202, ERR=0x0000000000000000
  TRAPNO=0x0000000000000006

Top of Stack: (sp=0x00007000028637b0)
0x00007000028637b0:   00007000028637c0 00007fff6b12466a
0x00007000028637c0:   0000700002863800 00007fff2f87b2ac
0x00007000028637d0:   00007face8dd66a0 00007face8dd5ec0
0x00007000028637e0:   0000700002863800 00007facec945090
0x00007000028637f0:   00007face9a11310 00007face9a11310
0x0000700002863800:   0000700002863830 000000011361b20f
0x0000700002863810:   00007face8cc3a00 00007facedb17c20
0x0000700002863820:   00007facec945090 00007face9a11310
0x0000700002863830:   0000700002863870 000000011361b318
0x0000700002863840:   0000000000000005 00007face9a11310
0x0000700002863850:   00007faceea22f50 00000001147deedc
0x0000700002863860:   00007face9a09218 00007faceea22f50
0x0000700002863870:   00007000028638b0 000000011363a481
0x0000700002863880:   000000011363deee 00007face9a09208
0x0000700002863890:   00007faceea22f50 00000001147deedc
0x00007000028638a0:   00007face9a09218 00007faceea22f50
0x00007000028638b0:   0000700002863910 000000011363df1d
0x00007000028638c0:   0000000000000001 00007face9a11000
0x00007000028638d0:   00000000e8f07f00 00007face9a09288
0x00007000028638e0:   00007face9a11310 0000000160610370
0x00007000028638f0:   0000000000000000 00000001147deedc
0x0000700002863900:   00007000028639d8 00007face9a11000
0x0000700002863910:   0000700002863960 000000011b77ff5d
0x0000700002863920:   000000078053d3a0 00000001071dd1a1
0x0000700002863930:   0000700002863950 0000000100000005
0x0000700002863940:   00007face9a11000 0000000113c56e01
0x0000700002863950:   00007face8dd6300 0000000113c56e00
0x0000700002863960:   0000700002863b38 000000011449e49c
0x0000700002863970:   00007000028639d8 00007face9a11000
0x0000700002863980:   00007000028639d0 000000011b75ff5b
0x0000700002863990:   00000007805313c8 00000007bfe18170
0x00007000028639a0:   00000008001bb290 0000000000000000 

Instructions: (pc=0x00007fff2f87babc)
0x00007fff2f87b9bc:   c3 90 90 90 90 90 90 90 90 55 48 89 e5 48 8b 35
0x00007fff2f87b9cc:   f0 01 cd 59 5d ff 25 71 bf 9b 59 55 48 89 e5 41
0x00007fff2f87b9dc:   57 41 56 53 48 83 ec 38 49 89 d6 49 89 ff 8a 05
0x00007fff2f87b9ec:   a8 1b d4 59 84 c0 0f 84 90 00 00 00 04 fe 84 c0
0x00007fff2f87b9fc:   75 0d e8 59 03 78 00 85 c0 0f 84 a5 00 00 00 48
0x00007fff2f87ba0c:   8b 35 6e f0 cb 59 4c 89 ff ff 15 2d bf 9b 59 49
0x00007fff2f87ba1c:   8d 7f 08 e8 7c 01 78 00 4c 39 f0 74 3e 48 8b 0d
0x00007fff2f87ba2c:   08 a6 9b 59 48 8d 7d b0 48 89 0f b9 00 00 00 c2
0x00007fff2f87ba3c:   48 89 4f 08 48 8d 0d 63 31 32 00 48 89 4f 10 48
0x00007fff2f87ba4c:   8d 0d 4e 40 9c 59 48 89 4f 18 48 89 47 20 4c 89
0x00007fff2f87ba5c:   7f 28 4c 89 77 30 e8 83 38 cb ff 31 db 48 8b 35
0x00007fff2f87ba6c:   18 f0 cb 59 4c 89 ff ff 15 cf be 9b 59 84 db 75
0x00007fff2f87ba7c:   2c 48 83 c4 38 5b 41 5e 41 5f 5d c3 48 8d 3d f9
0x00007fff2f87ba8c:   ac a1 59 48 8d 15 02 1b d4 59 48 8d 0d d8 39 32
0x00007fff2f87ba9c:   00 31 f6 e8 80 e9 c1 ff e9 51 ff ff ff e8 c2 00
0x00007fff2f87baac:   78 00 0f 0b 48 8d 3d 13 70 7f 00 e8 14 fb 77 00
0x00007fff2f87babc:   0f 0b 49 89 c6 eb 13 48 89 c7 e8 75 00 78 00 b3
0x00007fff2f87bacc:   01 eb 9a 49 89 c6 84 db 74 05 e8 89 00 78 00 4c
0x00007fff2f87badc:   89 f7 e8 0f fa 77 00 0f 0b e8 58 01 78 00 55 48
0x00007fff2f87baec:   89 e5 41 57 41 56 41 54 53 41 89 f6 48 89 fb 48
0x00007fff2f87bafc:   83 c7 08 e8 9c 00 78 00 49 89 c7 48 89 df e8 45
0x00007fff2f87bb0c:   00 00 00 49 89 c4 4c 89 ff 31 f6 e8 88 00 00 00
0x00007fff2f87bb1c:   49 89 c7 45 0f be f6 4d 85 e4 74 0b 48 89 df 44
0x00007fff2f87bb2c:   89 f6 e8 42 97 04 00 4d 85 ff 74 13 48 89 df 44
0x00007fff2f87bb3c:   89 f6 5b 41 5c 41 5e 41 5f 5d e9 e5 48 04 00 5b
0x00007fff2f87bb4c:   41 5c 41 5e 41 5f 5d c3 55 48 89 e5 41 56 53 48
0x00007fff2f87bb5c:   89 fb 4c 8d 35 93 67 d3 59 4c 89 f7 e8 01 02 78
0x00007fff2f87bb6c:   00 48 8b 3d 1c 1a d4 59 48 8b 35 8d c8 cb 59 48
0x00007fff2f87bb7c:   89 da ff 15 c4 bd 9b 59 48 89 c7 ff 15 cb bd 9b
0x00007fff2f87bb8c:   59 48 89 c3 4c 89 f7 e8 dc 01 78 00 48 89 df 5b
0x00007fff2f87bb9c:   41 5e 5d e9 84 ff 77 00 55 48 89 e5 41 57 41 56
0x00007fff2f87bbac:   53 50 41 89 f7 49 89 fe 48 8d 3d fd 66 d3 59 e8 


Stack slot to memory mapping:
stack at sp + 0 slots: 0x00007000028637c0 is pointing into the stack for thread: 0x00007face9a11000
stack at sp + 1 slots: 0x00007fff6b12466a: class_respondsToSelector_inst+0x1a in /usr/lib/libobjc.A.dylib at 0x00007fff6b119000
stack at sp + 2 slots: 0x0000700002863800 is pointing into the stack for thread: 0x00007face9a11000
stack at sp + 3 slots: 0x00007fff2f87b2ac: -[NSOpenGLContext makeCurrentContext]+0x125 in /System/Library/Frameworks/AppKit.framework/Versions/C/AppKit at 0x00007fff2f496000
stack at sp + 4 slots: 0x00007face8dd66a0 points into unknown readable memory: 00 00 00 00 00 00 00 00
stack at sp + 5 slots: 0x00007face8dd5ec0 points into unknown readable memory: 00 00 00 00 00 00 00 00
stack at sp + 6 slots: 0x0000700002863800 is pointing into the stack for thread: 0x00007face9a11000
stack at sp + 7 slots: 0x00007facec945090 points into unknown readable memory: 70 43 31 ee ac 7f 00 00


---------------  P R O C E S S  ---------------

Threads class SMR info:
_java_thread_list=0x00007facede41800, length=16, elements={
0x00007face98b0800, 0x00007facea80c000, 0x00007face9024800, 0x00007face98b2800,
0x00007face98b1800, 0x00007face98c1800, 0x00007face98c2800, 0x00007facea85d800,
0x00007face900c800, 0x00007face9110800, 0x00007face9951800, 0x00007facea8d5800,
0x00007faceb009000, 0x00007face9a11000, 0x00007faceb107000, 0x00007face9d29000
}

Java Threads: ( => current thread )
  0x00007face98b0800 JavaThread "Reference Handler" daemon [_thread_blocked, id=18179, stack(0x000070000182e000,0x000070000192e000)]
  0x00007facea80c000 JavaThread "Finalizer" daemon [_thread_blocked, id=15107, stack(0x0000700001931000,0x0000700001a31000)]
  0x00007face9024800 JavaThread "Signal Dispatcher" daemon [_thread_blocked, id=43011, stack(0x0000700001b3a000,0x0000700001c3a000)]
  0x00007face98b2800 JavaThread "Service Thread" daemon [_thread_blocked, id=42243, stack(0x0000700001c3d000,0x0000700001d3d000)]
  0x00007face98b1800 JavaThread "C2 CompilerThread0" daemon [_thread_blocked, id=41731, stack(0x0000700001d40000,0x0000700001e40000)]
  0x00007face98c1800 JavaThread "C1 CompilerThread0" daemon [_thread_blocked, id=22531, stack(0x0000700001e43000,0x0000700001f43000)]
  0x00007face98c2800 JavaThread "Sweeper thread" daemon [_thread_blocked, id=22787, stack(0x0000700001f46000,0x0000700002046000)]
  0x00007facea85d800 JavaThread "Notification Thread" daemon [_thread_blocked, id=40451, stack(0x0000700002049000,0x0000700002149000)]
  0x00007face900c800 JavaThread "Common-Cleaner" daemon [_thread_blocked, id=23811, stack(0x000070000224f000,0x000070000234f000)]
  0x00007face9110800 JavaThread "AppKit Thread" daemon [_thread_in_native, id=775, stack(0x00007ffee8eb2000,0x00007ffee96b2000)]
  0x00007face9951800 JavaThread "AWT-Shutdown" [_thread_blocked, id=31491, stack(0x0000700002352000,0x0000700002452000)]
  0x00007facea8d5800 JavaThread "AWT-EventQueue-0" [_thread_blocked, id=50691, stack(0x0000700002661000,0x0000700002761000)]
  0x00007faceb009000 JavaThread "DestroyJavaVM" [_thread_blocked, id=10243, stack(0x0000700001119000,0x0000700001219000)]
=>0x00007face9a11000 JavaThread "Java2D Queue Flusher" daemon [_thread_in_native, id=54535, stack(0x0000700002764000,0x0000700002864000)]
  0x00007faceb107000 JavaThread "Java2D Disposer" daemon [_thread_blocked, id=57091, stack(0x0000700002867000,0x0000700002967000)]
  0x00007face9d29000 JavaThread "TimerQueue" daemon [_thread_blocked, id=65303, stack(0x0000700002e79000,0x0000700002f79000)]

Other Threads:
  0x00007face9020800 VMThread "VM Thread" [stack: 0x000070000172b000,0x000070000182b000] [id=13827]
  0x00007facea860800 WatcherThread [stack: 0x000070000214c000,0x000070000224c000] [id=39939]
  0x00007face9836000 GCTaskThread "GC Thread#0" [stack: 0x000070000121c000,0x000070000131c000] [id=19715]
  0x00007face9246800 GCTaskThread "GC Thread#1" [stack: 0x000070000296a000,0x0000700002a6a000] [id=61247]
  0x00007face9619000 GCTaskThread "GC Thread#2" [stack: 0x0000700002a6d000,0x0000700002b6d000] [id=63459]
  0x00007face923b800 GCTaskThread "GC Thread#3" [stack: 0x0000700002b70000,0x0000700002c70000] [id=63491]
  0x00007face901d800 ConcurrentGCThread "G1 Main Marker" [stack: 0x000070000131f000,0x000070000141f000] [id=12547]
  0x00007face901e000 ConcurrentGCThread "G1 Conc#0" [stack: 0x0000700001422000,0x0000700001522000] [id=19459]
  0x00007face9887000 ConcurrentGCThread "G1 Refine#0" [stack: 0x0000700001525000,0x0000700001625000] [id=19203]
  0x00007faceab16000 ConcurrentGCThread "G1 Refine#1" [stack: 0x0000700002c73000,0x0000700002d73000] [id=64003]
  0x00007face9cb1800 ConcurrentGCThread "G1 Refine#2" [stack: 0x0000700002d76000,0x0000700002e76000] [id=65795]
  0x00007facea809000 ConcurrentGCThread "G1 Young RemSet Sampling" [stack: 0x0000700001628000,0x0000700001728000] [id=18691]

Threads with active compile tasks:

VM state:not at safepoint (normal execution)

VM Mutex/Monitor currently owned by a thread: None

Heap address: 0x0000000780000000, size: 2048 MB, Compressed Oops mode: Zero based, Oop shift amount: 3
Narrow klass base: 0x0000000800000000, Narrow klass shift: 3
Compressed class space size: 1073741824 Address: 0x0000000800b19000

Heap:
 garbage-first heap   total 133120K, used 24116K [0x0000000780000000, 0x0000000800000000)
  region size 1024K, 7 young (7168K), 2 survivors (2048K)
 Metaspace       used 14733K, capacity 15075K, committed 15232K, reserved 1062912K
  class space    used 1744K, capacity 1906K, committed 1920K, reserved 1048576K
Heap Regions: E=young(eden), S=young(survivor), O=old, HS=humongous(starts), HC=humongous(continues), CS=collection set, F=free, OA=open archive, CA=closed archive, TAMS=top-at-mark-start (previous, next)
|   0|0x0000000780000000, 0x0000000780100000, 0x0000000780100000|100%|HS|  |TAMS 0x0000000780000000, 0x0000000780000000| Complete 
|   1|0x0000000780100000, 0x0000000780200000, 0x0000000780200000|100%| O|  |TAMS 0x0000000780100000, 0x0000000780100000| Untracked 
|   2|0x0000000780200000, 0x0000000780300000, 0x0000000780300000|100%| O|  |TAMS 0x0000000780200000, 0x0000000780200000| Untracked 
|   3|0x0000000780300000, 0x0000000780400000, 0x0000000780400000|100%| O|  |TAMS 0x0000000780300000, 0x0000000780300000| Untracked 
|   4|0x0000000780400000, 0x0000000780500000, 0x0000000780500000|100%| O|  |TAMS 0x0000000780400000, 0x0000000780400000| Untracked 
|   5|0x0000000780500000, 0x0000000780600000, 0x0000000780600000|100%| O|  |TAMS 0x0000000780500000, 0x0000000780500000| Untracked 
|   6|0x0000000780600000, 0x0000000780700000, 0x0000000780700000|100%| O|  |TAMS 0x0000000780600000, 0x0000000780600000| Untracked 
|   7|0x0000000780700000, 0x0000000780800000, 0x0000000780800000|100%| O|  |TAMS 0x0000000780700000, 0x0000000780700000| Untracked 
|   8|0x0000000780800000, 0x0000000780900000, 0x0000000780900000|100%| O|  |TAMS 0x0000000780800000, 0x0000000780800000| Untracked 
|   9|0x0000000780900000, 0x00000007809a1a00, 0x0000000780a00000| 63%| O|  |TAMS 0x0000000780900000, 0x0000000780900000| Untracked 
|  10|0x0000000780a00000, 0x0000000780b00000, 0x0000000780b00000|100%|HS|  |TAMS 0x0000000780a00000, 0x0000000780a00000| Complete 
|  11|0x0000000780b00000, 0x0000000780c00000, 0x0000000780c00000|100%|HC|  |TAMS 0x0000000780b00000, 0x0000000780b00000| Complete 
|  12|0x0000000780c00000, 0x0000000780d00000, 0x0000000780d00000|100%|HC|  |TAMS 0x0000000780c00000, 0x0000000780c00000| Complete 
|  13|0x0000000780d00000, 0x0000000780e00000, 0x0000000780e00000|100%|HC|  |TAMS 0x0000000780d00000, 0x0000000780d00000| Complete 
|  14|0x0000000780e00000, 0x0000000780f00000, 0x0000000780f00000|100%|HS|  |TAMS 0x0000000780e00000, 0x0000000780e00000| Complete 
|  15|0x0000000780f00000, 0x0000000781000000, 0x0000000781000000|100%|HC|  |TAMS 0x0000000780f00000, 0x0000000780f00000| Complete 
|  16|0x0000000781000000, 0x0000000781100000, 0x0000000781100000|100%|HC|  |TAMS 0x0000000781000000, 0x0000000781000000| Complete 
|  17|0x0000000781100000, 0x0000000781200000, 0x0000000781200000|100%|HC|  |TAMS 0x0000000781100000, 0x0000000781100000| Complete 
|  18|0x0000000781200000, 0x0000000781200000, 0x0000000781300000|  0%| F|  |TAMS 0x0000000781200000, 0x0000000781200000| Untracked 
|  19|0x0000000781300000, 0x0000000781300000, 0x0000000781400000|  0%| F|  |TAMS 0x0000000781300000, 0x0000000781300000| Untracked 
|  20|0x0000000781400000, 0x0000000781400000, 0x0000000781500000|  0%| F|  |TAMS 0x0000000781400000, 0x0000000781400000| Untracked 
|  21|0x0000000781500000, 0x0000000781500000, 0x0000000781600000|  0%| F|  |TAMS 0x0000000781500000, 0x0000000781500000| Untracked 
|  22|0x0000000781600000, 0x0000000781600000, 0x0000000781700000|  0%| F|  |TAMS 0x0000000781600000, 0x0000000781600000| Untracked 
|  23|0x0000000781700000, 0x0000000781700000, 0x0000000781800000|  0%| F|  |TAMS 0x0000000781700000, 0x0000000781700000| Untracked 
|  24|0x0000000781800000, 0x0000000781800000, 0x0000000781900000|  0%| F|  |TAMS 0x0000000781800000, 0x0000000781800000| Untracked 
|  25|0x0000000781900000, 0x0000000781900000, 0x0000000781a00000|  0%| F|  |TAMS 0x0000000781900000, 0x0000000781900000| Untracked 
|  26|0x0000000781a00000, 0x0000000781a00000, 0x0000000781b00000|  0%| F|  |TAMS 0x0000000781a00000, 0x0000000781a00000| Untracked 
|  27|0x0000000781b00000, 0x0000000781b00000, 0x0000000781c00000|  0%| F|  |TAMS 0x0000000781b00000, 0x0000000781b00000| Untracked 
|  28|0x0000000781c00000, 0x0000000781c00000, 0x0000000781d00000|  0%| F|  |TAMS 0x0000000781c00000, 0x0000000781c00000| Untracked 
|  29|0x0000000781d00000, 0x0000000781d00000, 0x0000000781e00000|  0%| F|  |TAMS 0x0000000781d00000, 0x0000000781d00000| Untracked 
|  30|0x0000000781e00000, 0x0000000781e00000, 0x0000000781f00000|  0%| F|  |TAMS 0x0000000781e00000, 0x0000000781e00000| Untracked 
|  31|0x0000000781f00000, 0x0000000781f00000, 0x0000000782000000|  0%| F|  |TAMS 0x0000000781f00000, 0x0000000781f00000| Untracked 
|  32|0x0000000782000000, 0x0000000782000000, 0x0000000782100000|  0%| F|  |TAMS 0x0000000782000000, 0x0000000782000000| Untracked 
|  33|0x0000000782100000, 0x0000000782100000, 0x0000000782200000|  0%| F|  |TAMS 0x0000000782100000, 0x0000000782100000| Untracked 
|  34|0x0000000782200000, 0x0000000782200000, 0x0000000782300000|  0%| F|  |TAMS 0x0000000782200000, 0x0000000782200000| Untracked 
|  35|0x0000000782300000, 0x0000000782300000, 0x0000000782400000|  0%| F|  |TAMS 0x0000000782300000, 0x0000000782300000| Untracked 
|  36|0x0000000782400000, 0x0000000782400000, 0x0000000782500000|  0%| F|  |TAMS 0x0000000782400000, 0x0000000782400000| Untracked 
|  37|0x0000000782500000, 0x0000000782500000, 0x0000000782600000|  0%| F|  |TAMS 0x0000000782500000, 0x0000000782500000| Untracked 
|  38|0x0000000782600000, 0x0000000782600000, 0x0000000782700000|  0%| F|  |TAMS 0x0000000782600000, 0x0000000782600000| Untracked 
|  39|0x0000000782700000, 0x0000000782700000, 0x0000000782800000|  0%| F|  |TAMS 0x0000000782700000, 0x0000000782700000| Untracked 
|  40|0x0000000782800000, 0x0000000782800000, 0x0000000782900000|  0%| F|  |TAMS 0x0000000782800000, 0x0000000782800000| Untracked 
|  41|0x0000000782900000, 0x0000000782900000, 0x0000000782a00000|  0%| F|  |TAMS 0x0000000782900000, 0x0000000782900000| Untracked 
|  42|0x0000000782a00000, 0x0000000782a00000, 0x0000000782b00000|  0%| F|  |TAMS 0x0000000782a00000, 0x0000000782a00000| Untracked 
|  43|0x0000000782b00000, 0x0000000782b00000, 0x0000000782c00000|  0%| F|  |TAMS 0x0000000782b00000, 0x0000000782b00000| Untracked 
|  44|0x0000000782c00000, 0x0000000782c00000, 0x0000000782d00000|  0%| F|  |TAMS 0x0000000782c00000, 0x0000000782c00000| Untracked 
|  45|0x0000000782d00000, 0x0000000782d00000, 0x0000000782e00000|  0%| F|  |TAMS 0x0000000782d00000, 0x0000000782d00000| Untracked 
|  46|0x0000000782e00000, 0x0000000782e00000, 0x0000000782f00000|  0%| F|  |TAMS 0x0000000782e00000, 0x0000000782e00000| Untracked 
|  47|0x0000000782f00000, 0x0000000782f00000, 0x0000000783000000|  0%| F|  |TAMS 0x0000000782f00000, 0x0000000782f00000| Untracked 
|  48|0x0000000783000000, 0x0000000783000000, 0x0000000783100000|  0%| F|  |TAMS 0x0000000783000000, 0x0000000783000000| Untracked 
|  49|0x0000000783100000, 0x0000000783100000, 0x0000000783200000|  0%| F|  |TAMS 0x0000000783100000, 0x0000000783100000| Untracked 
|  50|0x0000000783200000, 0x0000000783200000, 0x0000000783300000|  0%| F|  |TAMS 0x0000000783200000, 0x0000000783200000| Untracked 
|  51|0x0000000783300000, 0x0000000783300000, 0x0000000783400000|  0%| F|  |TAMS 0x0000000783300000, 0x0000000783300000| Untracked 
|  52|0x0000000783400000, 0x0000000783400000, 0x0000000783500000|  0%| F|  |TAMS 0x0000000783400000, 0x0000000783400000| Untracked 
|  53|0x0000000783500000, 0x0000000783500000, 0x0000000783600000|  0%| F|  |TAMS 0x0000000783500000, 0x0000000783500000| Untracked 
|  54|0x0000000783600000, 0x0000000783600000, 0x0000000783700000|  0%| F|  |TAMS 0x0000000783600000, 0x0000000783600000| Untracked 
|  55|0x0000000783700000, 0x0000000783700000, 0x0000000783800000|  0%| F|  |TAMS 0x0000000783700000, 0x0000000783700000| Untracked 
|  56|0x0000000783800000, 0x0000000783800000, 0x0000000783900000|  0%| F|  |TAMS 0x0000000783800000, 0x0000000783800000| Untracked 
|  57|0x0000000783900000, 0x0000000783900000, 0x0000000783a00000|  0%| F|  |TAMS 0x0000000783900000, 0x0000000783900000| Untracked 
|  58|0x0000000783a00000, 0x0000000783a00000, 0x0000000783b00000|  0%| F|  |TAMS 0x0000000783a00000, 0x0000000783a00000| Untracked 
|  59|0x0000000783b00000, 0x0000000783b00000, 0x0000000783c00000|  0%| F|  |TAMS 0x0000000783b00000, 0x0000000783b00000| Untracked 
|  60|0x0000000783c00000, 0x0000000783c00000, 0x0000000783d00000|  0%| F|  |TAMS 0x0000000783c00000, 0x0000000783c00000| Untracked 
|  61|0x0000000783d00000, 0x0000000783d00000, 0x0000000783e00000|  0%| F|  |TAMS 0x0000000783d00000, 0x0000000783d00000| Untracked 
|  62|0x0000000783e00000, 0x0000000783e00000, 0x0000000783f00000|  0%| F|  |TAMS 0x0000000783e00000, 0x0000000783e00000| Untracked 
|  63|0x0000000783f00000, 0x0000000783f00000, 0x0000000784000000|  0%| F|  |TAMS 0x0000000783f00000, 0x0000000783f00000| Untracked 
|  64|0x0000000784000000, 0x0000000784000000, 0x0000000784100000|  0%| F|  |TAMS 0x0000000784000000, 0x0000000784000000| Untracked 
|  65|0x0000000784100000, 0x0000000784100000, 0x0000000784200000|  0%| F|  |TAMS 0x0000000784100000, 0x0000000784100000| Untracked 
|  66|0x0000000784200000, 0x0000000784200000, 0x0000000784300000|  0%| F|  |TAMS 0x0000000784200000, 0x0000000784200000| Untracked 
|  67|0x0000000784300000, 0x0000000784300000, 0x0000000784400000|  0%| F|  |TAMS 0x0000000784300000, 0x0000000784300000| Untracked 
|  68|0x0000000784400000, 0x0000000784400000, 0x0000000784500000|  0%| F|  |TAMS 0x0000000784400000, 0x0000000784400000| Untracked 
|  69|0x0000000784500000, 0x0000000784500000, 0x0000000784600000|  0%| F|  |TAMS 0x0000000784500000, 0x0000000784500000| Untracked 
|  70|0x0000000784600000, 0x0000000784600000, 0x0000000784700000|  0%| F|  |TAMS 0x0000000784600000, 0x0000000784600000| Untracked 
|  71|0x0000000784700000, 0x0000000784700000, 0x0000000784800000|  0%| F|  |TAMS 0x0000000784700000, 0x0000000784700000| Untracked 
|  72|0x0000000784800000, 0x0000000784800000, 0x0000000784900000|  0%| F|  |TAMS 0x0000000784800000, 0x0000000784800000| Untracked 
|  73|0x0000000784900000, 0x0000000784900000, 0x0000000784a00000|  0%| F|  |TAMS 0x0000000784900000, 0x0000000784900000| Untracked 
|  74|0x0000000784a00000, 0x0000000784a00000, 0x0000000784b00000|  0%| F|  |TAMS 0x0000000784a00000, 0x0000000784a00000| Untracked 
|  75|0x0000000784b00000, 0x0000000784b00000, 0x0000000784c00000|  0%| F|  |TAMS 0x0000000784b00000, 0x0000000784b00000| Untracked 
|  76|0x0000000784c00000, 0x0000000784c00000, 0x0000000784d00000|  0%| F|  |TAMS 0x0000000784c00000, 0x0000000784c00000| Untracked 
|  77|0x0000000784d00000, 0x0000000784d00000, 0x0000000784e00000|  0%| F|  |TAMS 0x0000000784d00000, 0x0000000784d00000| Untracked 
|  78|0x0000000784e00000, 0x0000000784e00000, 0x0000000784f00000|  0%| F|  |TAMS 0x0000000784e00000, 0x0000000784e00000| Untracked 
|  79|0x0000000784f00000, 0x0000000784f00000, 0x0000000785000000|  0%| F|  |TAMS 0x0000000784f00000, 0x0000000784f00000| Untracked 
|  80|0x0000000785000000, 0x0000000785000000, 0x0000000785100000|  0%| F|  |TAMS 0x0000000785000000, 0x0000000785000000| Untracked 
|  81|0x0000000785100000, 0x0000000785100000, 0x0000000785200000|  0%| F|  |TAMS 0x0000000785100000, 0x0000000785100000| Untracked 
|  82|0x0000000785200000, 0x0000000785200000, 0x0000000785300000|  0%| F|  |TAMS 0x0000000785200000, 0x0000000785200000| Untracked 
|  83|0x0000000785300000, 0x0000000785300000, 0x0000000785400000|  0%| F|  |TAMS 0x0000000785300000, 0x0000000785300000| Untracked 
|  84|0x0000000785400000, 0x0000000785400000, 0x0000000785500000|  0%| F|  |TAMS 0x0000000785400000, 0x0000000785400000| Untracked 
|  85|0x0000000785500000, 0x0000000785500000, 0x0000000785600000|  0%| F|  |TAMS 0x0000000785500000, 0x0000000785500000| Untracked 
|  86|0x0000000785600000, 0x0000000785600000, 0x0000000785700000|  0%| F|  |TAMS 0x0000000785600000, 0x0000000785600000| Untracked 
|  87|0x0000000785700000, 0x0000000785700000, 0x0000000785800000|  0%| F|  |TAMS 0x0000000785700000, 0x0000000785700000| Untracked 
|  88|0x0000000785800000, 0x0000000785800000, 0x0000000785900000|  0%| F|  |TAMS 0x0000000785800000, 0x0000000785800000| Untracked 
|  89|0x0000000785900000, 0x0000000785900000, 0x0000000785a00000|  0%| F|  |TAMS 0x0000000785900000, 0x0000000785900000| Untracked 
|  90|0x0000000785a00000, 0x0000000785a00000, 0x0000000785b00000|  0%| F|  |TAMS 0x0000000785a00000, 0x0000000785a00000| Untracked 
|  91|0x0000000785b00000, 0x0000000785b00000, 0x0000000785c00000|  0%| F|  |TAMS 0x0000000785b00000, 0x0000000785b00000| Untracked 
|  92|0x0000000785c00000, 0x0000000785c00000, 0x0000000785d00000|  0%| F|  |TAMS 0x0000000785c00000, 0x0000000785c00000| Untracked 
|  93|0x0000000785d00000, 0x0000000785d00000, 0x0000000785e00000|  0%| F|  |TAMS 0x0000000785d00000, 0x0000000785d00000| Untracked 
|  94|0x0000000785e00000, 0x0000000785e00000, 0x0000000785f00000|  0%| F|  |TAMS 0x0000000785e00000, 0x0000000785e00000| Untracked 
|  95|0x0000000785f00000, 0x0000000785f00000, 0x0000000786000000|  0%| F|  |TAMS 0x0000000785f00000, 0x0000000785f00000| Untracked 
|  96|0x0000000786000000, 0x0000000786000000, 0x0000000786100000|  0%| F|  |TAMS 0x0000000786000000, 0x0000000786000000| Untracked 
|  97|0x0000000786100000, 0x0000000786100000, 0x0000000786200000|  0%| F|  |TAMS 0x0000000786100000, 0x0000000786100000| Untracked 
|  98|0x0000000786200000, 0x0000000786200000, 0x0000000786300000|  0%| F|  |TAMS 0x0000000786200000, 0x0000000786200000| Untracked 
|  99|0x0000000786300000, 0x0000000786300000, 0x0000000786400000|  0%| F|  |TAMS 0x0000000786300000, 0x0000000786300000| Untracked 
| 100|0x0000000786400000, 0x0000000786400000, 0x0000000786500000|  0%| F|  |TAMS 0x0000000786400000, 0x0000000786400000| Untracked 
| 101|0x0000000786500000, 0x0000000786500000, 0x0000000786600000|  0%| F|  |TAMS 0x0000000786500000, 0x0000000786500000| Untracked 
| 102|0x0000000786600000, 0x0000000786600000, 0x0000000786700000|  0%| F|  |TAMS 0x0000000786600000, 0x0000000786600000| Untracked 
| 103|0x0000000786700000, 0x0000000786700000, 0x0000000786800000|  0%| F|  |TAMS 0x0000000786700000, 0x0000000786700000| Untracked 
| 104|0x0000000786800000, 0x000000078681d820, 0x0000000786900000| 11%| S|CS|TAMS 0x0000000786800000, 0x0000000786800000| Complete 
| 105|0x0000000786900000, 0x0000000786a00000, 0x0000000786a00000|100%| S|CS|TAMS 0x0000000786900000, 0x0000000786900000| Complete 
| 106|0x0000000786a00000, 0x0000000786a00000, 0x0000000786b00000|  0%| F|  |TAMS 0x0000000786a00000, 0x0000000786a00000| Untracked 
| 107|0x0000000786b00000, 0x0000000786b00000, 0x0000000786c00000|  0%| F|  |TAMS 0x0000000786b00000, 0x0000000786b00000| Untracked 
| 108|0x0000000786c00000, 0x0000000786c00000, 0x0000000786d00000|  0%| F|  |TAMS 0x0000000786c00000, 0x0000000786c00000| Untracked 
| 109|0x0000000786d00000, 0x0000000786d00000, 0x0000000786e00000|  0%| F|  |TAMS 0x0000000786d00000, 0x0000000786d00000| Untracked 
| 110|0x0000000786e00000, 0x0000000786e00000, 0x0000000786f00000|  0%| F|  |TAMS 0x0000000786e00000, 0x0000000786e00000| Untracked 
| 111|0x0000000786f00000, 0x0000000786f00000, 0x0000000787000000|  0%| F|  |TAMS 0x0000000786f00000, 0x0000000786f00000| Untracked 
| 112|0x0000000787000000, 0x0000000787000000, 0x0000000787100000|  0%| F|  |TAMS 0x0000000787000000, 0x0000000787000000| Untracked 
| 113|0x0000000787100000, 0x0000000787100000, 0x0000000787200000|  0%| F|  |TAMS 0x0000000787100000, 0x0000000787100000| Untracked 
| 114|0x0000000787200000, 0x0000000787200000, 0x0000000787300000|  0%| F|  |TAMS 0x0000000787200000, 0x0000000787200000| Untracked 
| 115|0x0000000787300000, 0x0000000787300000, 0x0000000787400000|  0%| F|  |TAMS 0x0000000787300000, 0x0000000787300000| Untracked 
| 116|0x0000000787400000, 0x0000000787400000, 0x0000000787500000|  0%| F|  |TAMS 0x0000000787400000, 0x0000000787400000| Untracked 
| 117|0x0000000787500000, 0x0000000787500000, 0x0000000787600000|  0%| F|  |TAMS 0x0000000787500000, 0x0000000787500000| Untracked 
| 118|0x0000000787600000, 0x0000000787600000, 0x0000000787700000|  0%| F|  |TAMS 0x0000000787600000, 0x0000000787600000| Untracked 
| 119|0x0000000787700000, 0x0000000787700000, 0x0000000787800000|  0%| F|  |TAMS 0x0000000787700000, 0x0000000787700000| Untracked 
| 120|0x0000000787800000, 0x0000000787800000, 0x0000000787900000|  0%| F|  |TAMS 0x0000000787800000, 0x0000000787800000| Untracked 
| 121|0x0000000787900000, 0x0000000787900000, 0x0000000787a00000|  0%| F|  |TAMS 0x0000000787900000, 0x0000000787900000| Untracked 
| 122|0x0000000787a00000, 0x0000000787a00000, 0x0000000787b00000|  0%| F|  |TAMS 0x0000000787a00000, 0x0000000787a00000| Untracked 
| 123|0x0000000787b00000, 0x0000000787b80800, 0x0000000787c00000| 50%| E|  |TAMS 0x0000000787b00000, 0x0000000787b00000| Complete 
| 124|0x0000000787c00000, 0x0000000787d00000, 0x0000000787d00000|100%| E|CS|TAMS 0x0000000787c00000, 0x0000000787c00000| Complete 
| 125|0x0000000787d00000, 0x0000000787e00000, 0x0000000787e00000|100%| E|CS|TAMS 0x0000000787d00000, 0x0000000787d00000| Complete 
| 126|0x0000000787e00000, 0x0000000787f00000, 0x0000000787f00000|100%| E|CS|TAMS 0x0000000787e00000, 0x0000000787e00000| Complete 
| 127|0x0000000787f00000, 0x0000000788000000, 0x0000000788000000|100%| E|CS|TAMS 0x0000000787f00000, 0x0000000787f00000| Complete 
|1022|0x00000007bfe00000, 0x00000007bfe52000, 0x00000007bff00000| 32%|OA|  |TAMS 0x00000007bfe00000, 0x00000007bfe00000| Untracked 
|1023|0x00000007bff00000, 0x00000007bff7c000, 0x00000007c0000000| 48%|CA|  |TAMS 0x00000007bff00000, 0x00000007bff00000| Untracked 

Card table byte_map: [0x0000000110c8f000,0x000000011108f000] _byte_map_base: 0x000000010d08f000

Marking Bits (Prev, Next): (CMBitMap*) 0x00007facea808a18, (CMBitMap*) 0x00007facea808a58
 Prev Bits: [0x000000011148f000, 0x000000011348f000)
 Next Bits: [0x0000000122c4d000, 0x0000000124c4d000)

Polling page: 0x000000010657f000

Metaspace:

Usage:
  Non-class:     12.86 MB capacity,    12.68 MB ( 99%) used,   142.70 KB (  1%) free+waste,    36.88 KB ( <1%) overhead. 
      Class:      1.86 MB capacity,     1.70 MB ( 92%) used,   140.80 KB (  7%) free+waste,    21.19 KB (  1%) overhead. 
       Both:     14.72 MB capacity,    14.39 MB ( 98%) used,   283.50 KB (  2%) free+waste,    58.06 KB ( <1%) overhead. 

Virtual space:
  Non-class space:       14.00 MB reserved,      13.00 MB ( 93%) committed 
      Class space:        1.00 GB reserved,       1.88 MB ( <1%) committed 
             Both:        1.01 GB reserved,      14.88 MB (  1%) committed 

Chunk freelists:
   Non-Class:  39.00 KB
       Class:  10.00 KB
        Both:  49.00 KB

MaxMetaspaceSize: unlimited
CompressedClassSpaceSize: 1.00 GB

CodeHeap 'non-profiled nmethods': size=120032Kb used=1654Kb max_used=1654Kb free=118377Kb
 bounds [0x000000011b715000, 0x000000011b985000, 0x0000000122c4d000]
CodeHeap 'profiled nmethods': size=120028Kb used=6207Kb max_used=6207Kb free=113820Kb
 bounds [0x00000001141de000, 0x00000001147ee000, 0x000000011b715000]
CodeHeap 'non-nmethods': size=5700Kb used=1363Kb max_used=1402Kb free=4336Kb
 bounds [0x0000000113c4d000, 0x0000000113ebd000, 0x00000001141de000]
 total_blobs=4593 nmethods=3102 adapters=581
 compilation: enabled
              stopped_count=0, restarted_count=0
 full_count=0

Compilation events (20 events):
Event: 9729.571 Thread 0x00007face98c1800 3094       3       sun.awt.image.IntegerInterleavedRaster::<init> (32 bytes)
Event: 9729.572 Thread 0x00007face98c1800 nmethod 3094 0x00000001147e9e90 code [0x00000001147ea060, 0x00000001147ea420]
Event: 9729.572 Thread 0x00007face98c1800 3095       3       sun.awt.image.IntegerInterleavedRaster::getDataOffset (7 bytes)
Event: 9729.572 Thread 0x00007face98c1800 nmethod 3095 0x00000001147ea610 code [0x00000001147ea7a0, 0x00000001147ea8f0]
Event: 9729.572 Thread 0x00007face98c1800 3097       3       java.awt.image.Raster::createPackedRaster (103 bytes)
Event: 9729.573 Thread 0x00007face98c1800 nmethod 3097 0x00000001147eaa10 code [0x00000001147eac40, 0x00000001147eb5b0]
Event: 9729.574 Thread 0x00007face98c1800 3098       3       javax.swing.plaf.ComponentUI::update (36 bytes)
Event: 9729.576 Thread 0x00007face98c1800 nmethod 3098 0x00000001147eb890 code [0x00000001147ebaa0, 0x00000001147ec3c0]
Event: 9729.576 Thread 0x00007face98b1800 nmethod 3092 0x000000011b8b0d90 code [0x000000011b8b0f20, 0x000000011b8b1398]
Event: 9729.576 Thread 0x00007face98b1800 3099       4       java.awt.image.BufferedImage::getHeight (8 bytes)
Event: 9729.576 Thread 0x00007face98b1800 nmethod 3099 0x000000011b8b1490 code [0x000000011b8b1600, 0x000000011b8b1698]
Event: 9729.580 Thread 0x00007face98b1800 3100       4       javax.swing.SwingUtilities::findDisplayedMnemonicIndex (69 bytes)
Event: 9729.582 Thread 0x00007face98b1800 nmethod 3100 0x000000011b8b1790 code [0x000000011b8b1920, 0x000000011b8b19b8]
Event: 9729.582 Thread 0x00007face98b1800 3101  s    4       java.util.Hashtable::put (104 bytes)
Event: 9729.588 Thread 0x00007face98c1800 3102       3       sun.java2d.SurfaceData::canRenderParallelograms (137 bytes)
Event: 9729.588 Thread 0x00007face98c1800 nmethod 3102 0x00000001147ec610 code [0x00000001147ec800, 0x00000001147ed010]
Event: 9729.589 Thread 0x00007face98c1800 3103       3       sun.java2d.SurfaceData::getTextPipe (120 bytes)
Event: 9729.589 Thread 0x00007face98c1800 nmethod 3103 0x00000001147ed190 code [0x00000001147ed360, 0x00000001147ed8a0]
Event: 9729.589 Thread 0x00007face98c1800 3104       3       sun.awt.image.BufImgSurfaceData::getRenderLoops (26 bytes)
Event: 9729.589 Thread 0x00007face98c1800 nmethod 3104 0x00000001147eda10 code [0x00000001147edbc0, 0x00000001147edda0]

GC Heap History (6 events):
Event: 4.815 GC heap before
{Heap before GC invocations=0 (full 0):
 garbage-first heap   total 133120K, used 15160K [0x0000000780000000, 0x0000000800000000)
  region size 1024K, 13 young (13312K), 0 survivors (0K)
 Metaspace       used 11912K, capacity 12275K, committed 12416K, reserved 1060864K
  class space    used 1495K, capacity 1657K, committed 1664K, reserved 1048576K
}
Event: 4.822 GC heap after
{Heap after GC invocations=1 (full 0):
 garbage-first heap   total 133120K, used 8185K [0x0000000780000000, 0x0000000800000000)
  region size 1024K, 2 young (2048K), 2 survivors (2048K)
 Metaspace       used 11912K, capacity 12275K, committed 12416K, reserved 1060864K
  class space    used 1495K, capacity 1657K, committed 1664K, reserved 1048576K
}
Event: 18.270 GC heap before
{Heap before GC invocations=1 (full 0):
 garbage-first heap   total 133120K, used 18425K [0x0000000780000000, 0x0000000800000000)
  region size 1024K, 12 young (12288K), 2 survivors (2048K)
 Metaspace       used 14335K, capacity 14686K, committed 14976K, reserved 1062912K
  class space    used 1732K, capacity 1906K, committed 1920K, reserved 1048576K
}
Event: 18.279 GC heap after
{Heap after GC invocations=2 (full 0):
 garbage-first heap   total 133120K, used 10635K [0x0000000780000000, 0x0000000800000000)
  region size 1024K, 2 young (2048K), 2 survivors (2048K)
 Metaspace       used 14335K, capacity 14686K, committed 14976K, reserved 1062912K
  class space    used 1732K, capacity 1906K, committed 1920K, reserved 1048576K
}
Event: 4017.474 GC heap before
{Heap before GC invocations=2 (full 0):
 garbage-first heap   total 133120K, used 31115K [0x0000000780000000, 0x0000000800000000)
  region size 1024K, 22 young (22528K), 2 survivors (2048K)
 Metaspace       used 14682K, capacity 15011K, committed 15232K, reserved 1062912K
  class space    used 1741K, capacity 1906K, committed 1920K, reserved 1048576K
}
Event: 4017.488 GC heap after
{Heap after GC invocations=3 (full 0):
 garbage-first heap   total 133120K, used 11828K [0x0000000780000000, 0x0000000800000000)
  region size 1024K, 2 young (2048K), 2 survivors (2048K)
 Metaspace       used 14682K, capacity 15011K, committed 15232K, reserved 1062912K
  class space    used 1741K, capacity 1906K, committed 1920K, reserved 1048576K
}

Deoptimization events (20 events):
Event: 6811.685 Thread 0x00007face9a11000 DEOPT PACKING pc=0x00000001147e0a8a sp=0x00007000028639e0
Event: 6811.685 Thread 0x00007face9a11000 DEOPT UNPACKING pc=0x0000000113c9633a sp=0x0000700002862f40 mode 0
Event: 7671.457 Thread 0x00007face9a11000 DEOPT PACKING pc=0x00000001147e0a8a sp=0x00007000028639e0
Event: 7671.458 Thread 0x00007face9a11000 DEOPT UNPACKING pc=0x0000000113c9633a sp=0x0000700002862f40 mode 0
Event: 8536.806 Thread 0x00007face9a11000 DEOPT PACKING pc=0x00000001147e0a8a sp=0x00007000028639e0
Event: 8536.806 Thread 0x00007face9a11000 DEOPT UNPACKING pc=0x0000000113c9633a sp=0x0000700002862f40 mode 0
Event: 9401.872 Thread 0x00007face9a11000 DEOPT PACKING pc=0x00000001147e0a8a sp=0x00007000028639e0
Event: 9401.872 Thread 0x00007face9a11000 DEOPT UNPACKING pc=0x0000000113c9633a sp=0x0000700002862f40 mode 0
Event: 9719.331 Thread 0x00007face9a11000 Uncommon trap: trap_request=0xffffff45 fr.pc=0x000000011b8af148 relative=0x00000000000001a8
Event: 9719.331 Thread 0x00007face9a11000 Uncommon trap: reason=unstable_if action=reinterpret pc=0x000000011b8af148 method=java.util.concurrent.locks.ReentrantLock$Sync.tryLock()Z @ 10 c2
Event: 9719.331 Thread 0x00007face9a11000 DEOPT PACKING pc=0x000000011b8af148 sp=0x00007000028639b0
Event: 9719.331 Thread 0x00007face9a11000 DEOPT UNPACKING pc=0x0000000113c95e25 sp=0x0000700002863958 mode 2
Event: 9722.675 Thread 0x00007facea8d5800 Uncommon trap: trap_request=0xffffff45 fr.pc=0x000000011b7d88ac relative=0x000000000000046c
Event: 9722.675 Thread 0x00007facea8d5800 Uncommon trap: reason=unstable_if action=reinterpret pc=0x000000011b7d88ac method=sun.swing.SwingUtilities2.isScaleChanged(Ljava/lang/String;Ljava/lang/Object;Ljava/lang/Object;)Z @ 65 c2
Event: 9722.675 Thread 0x00007facea8d5800 DEOPT PACKING pc=0x000000011b7d88ac sp=0x000070000275ffa0
Event: 9722.675 Thread 0x00007facea8d5800 DEOPT UNPACKING pc=0x0000000113c95e25 sp=0x000070000275ff38 mode 2
Event: 9725.967 Thread 0x00007facea8d5800 Uncommon trap: trap_request=0xffffff45 fr.pc=0x000000011b8a4c10 relative=0x0000000000000fd0
Event: 9725.967 Thread 0x00007facea8d5800 Uncommon trap: reason=unstable_if action=reinterpret pc=0x000000011b8a4c10 method=sun.java2d.SunGraphics2D.validatePipe()V @ 7 c2
Event: 9725.967 Thread 0x00007facea8d5800 DEOPT PACKING pc=0x000000011b8a4c10 sp=0x000070000275f5c0
Event: 9725.967 Thread 0x00007facea8d5800 DEOPT UNPACKING pc=0x0000000113c95e25 sp=0x000070000275f3f0 mode 2

Classes unloaded (0 events):
No events

Classes redefined (0 events):
No events

Internal exceptions (20 events):
Event: 0.451 Thread 0x00007facea8d5800 Exception <a 'java/lang/NoSuchMethodError'{0x0000000787daa2a8}: 'java.lang.Object java.lang.invoke.DirectMethodHandle$Holder.invokeSpecial(java.lang.Object, java.lang.Object, int, java.lang.Object, java.lang.Object, java.lang.Object)'> (0x0000000787daa2a8) 
thrown [./src/hotspot/share/interpreter/linkResolver.cpp, line 766]
Event: 0.457 Thread 0x00007facea8d5800 Exception <a 'java/lang/ClassNotFoundException'{0x0000000787dea568}: com/apple/laf/resources/spi/aquaProvider> (0x0000000787dea568) 
thrown [./src/hotspot/share/classfile/systemDictionary.cpp, line 226]
Event: 0.478 Thread 0x00007facea8d5800 Exception <a 'java/lang/ClassNotFoundException'{0x0000000787c4df78}: com/sun/swing/internal/plaf/basic/resources/spi/basicProvider> (0x0000000787c4df78) 
thrown [./src/hotspot/share/classfile/systemDictionary.cpp, line 226]
Event: 1.343 Thread 0x00007facea8d5800 Exception <a 'java/lang/NoSuchMethodError'{0x0000000787a147a8}: 'void java.lang.invoke.DirectMethodHandle$Holder.invokeSpecial(java.lang.Object, java.lang.Object, java.lang.Object, java.lang.Object)'> (0x0000000787a147a8) 
thrown [./src/hotspot/share/interpreter/linkResolver.cpp, line 766]
Event: 1.354 Thread 0x00007facea8d5800 Exception <a 'java/lang/NoSuchMethodError'{0x0000000787a30640}: 'java.lang.Object java.lang.invoke.Invokers$Holder.linkToTargetMethod(java.lang.Object, java.lang.Object, int, java.lang.Object, java.lang.Object)'> (0x0000000787a30640) 
thrown [./src/hotspot/share/interpreter/linkResolver.cpp, line 766]
Event: 1.373 Thread 0x00007facea8d5800 Exception <a 'java/lang/NoSuchMethodError'{0x0000000787a33f00}: 'void java.lang.invoke.DirectMethodHandle$Holder.invokeStatic(java.lang.Object, int, long)'> (0x0000000787a33f00) 
thrown [./src/hotspot/share/interpreter/linkResolver.cpp, line 766]
Event: 1.375 Thread 0x00007facea8d5800 Exception <a 'java/lang/NoSuchMethodError'{0x0000000787a3b4b0}: 'void java.lang.invoke.DirectMethodHandle$Holder.invokeSpecial(java.lang.Object, java.lang.Object)'> (0x0000000787a3b4b0) 
thrown [./src/hotspot/share/interpreter/linkResolver.cpp, line 766]
Event: 1.377 Thread 0x00007facea8d5800 Exception <a 'java/lang/NoSuchMethodError'{0x0000000787a4bba0}: 'java.lang.Object java.lang.invoke.Invokers$Holder.linkToTargetMethod(int, int, int, int, java.lang.Object)'> (0x0000000787a4bba0) 
thrown [./src/hotspot/share/interpreter/linkResolver.cpp, line 766]
Event: 1.377 Thread 0x00007facea8d5800 Exception <a 'java/lang/NoSuchMethodError'{0x0000000787a4ea58}: 'void java.lang.invoke.DirectMethodHandle$Holder.invokeStatic(java.lang.Object, java.lang.Object, long)'> (0x0000000787a4ea58) 
thrown [./src/hotspot/share/interpreter/linkResolver.cpp, line 766]
Event: 1.437 Thread 0x00007facea8d5800 Exception <a 'java/lang/NoSuchMethodError'{0x0000000787a73e70}: 'void java.lang.invoke.DirectMethodHandle$Holder.invokeSpecial(java.lang.Object, java.lang.Object, long)'> (0x0000000787a73e70) 
thrown [./src/hotspot/share/interpreter/linkResolver.cpp, line 766]
Event: 1.438 Thread 0x00007facea8d5800 Exception <a 'java/lang/NoSuchMethodError'{0x0000000787a79638}: 'void java.lang.invoke.DirectMethodHandle$Holder.invokeStatic(java.lang.Object, long, long)'> (0x0000000787a79638) 
thrown [./src/hotspot/share/interpreter/linkResolver.cpp, line 766]
Event: 1.440 Thread 0x00007facea8d5800 Exception <a 'java/lang/NoSuchMethodError'{0x0000000787a84b50}: 'java.lang.Object java.lang.invoke.Invokers$Holder.linkToTargetMethod(java.lang.Object, int, java.lang.Object)'> (0x0000000787a84b50) 
thrown [./src/hotspot/share/interpreter/linkResolver.cpp, line 766]
Event: 1.452 Thread 0x00007facea8d5800 Exception <a 'java/lang/NoSuchMethodError'{0x0000000787acaa40}: 'void java.lang.invoke.DirectMethodHandle$Holder.invokeStatic(java.lang.Object, long)'> (0x0000000787acaa40) 
thrown [./src/hotspot/share/interpreter/linkResolver.cpp, line 766]
Event: 1.521 Thread 0x00007facea8d5800 Exception <a 'java/lang/NoSuchMethodError'{0x0000000787938a08}: 'java.lang.Object java.lang.invoke.DirectMethodHandle$Holder.invokeStatic(java.lang.Object, java.lang.Object, int, int)'> (0x0000000787938a08) 
thrown [./src/hotspot/share/interpreter/linkResolver.cpp, line 766]
Event: 1.522 Thread 0x00007facea8d5800 Exception <a 'java/lang/NoSuchMethodError'{0x000000078793eca8}: 'java.lang.Object java.lang.invoke.Invokers$Holder.linkToTargetMethod(java.lang.Object, int, int, java.lang.Object)'> (0x000000078793eca8) 
thrown [./src/hotspot/share/interpreter/linkResolver.cpp, line 766]
Event: 1.523 Thread 0x00007facea8d5800 Exception <a 'java/lang/NoSuchMethodError'{0x0000000787947a48}: 'java.lang.Object java.lang.invoke.DirectMethodHandle$Holder.invokeStatic(java.lang.Object, java.lang.Object, int, int, int, int)'> (0x0000000787947a48) 
thrown [./src/hotspot/share/interpreter/linkResolver.cpp, line 766]
Event: 1.547 Thread 0x00007facea8d5800 Exception <a 'java/lang/NoSuchMethodError'{0x00000007879e37e0}: 'java.lang.Object java.lang.invoke.DirectMethodHandle$Holder.invokeInterface(java.lang.Object, java.lang.Object, int)'> (0x00000007879e37e0) 
thrown [./src/hotspot/share/interpreter/linkResolver.cpp, line 766]
Event: 4.836 Thread 0x00007facea8d5800 Exception <a 'java/lang/NullPointerException'{0x0000000787f1baf8}> (0x0000000787f1baf8) 
thrown [./src/hotspot/share/prims/jni.cpp, line 620]
Event: 16.421 Thread 0x00007facea8d5800 Exception <a 'java/lang/NoSuchMethodError'{0x0000000787613078}: 'void java.lang.invoke.DirectMethodHandle$Holder.invokeVirtual(java.lang.Object, java.lang.Object)'> (0x0000000787613078) 
thrown [./src/hotspot/share/interpreter/linkResolver.cpp, line 766]
Event: 4017.909 Thread 0x00007facea8d5800 Implicit null exception at 0x000000011b7fec34 to 0x000000011b8010c4

Events (20 events):
Event: 3971.653 loading class sun/java2d/loops/ProcessPath$Edge
Event: 3971.653 loading class sun/java2d/loops/ProcessPath$Edge done
Event: 4017.473 Executing VM operation: G1CollectForAllocation
Event: 4017.488 Executing VM operation: G1CollectForAllocation done
Event: 9721.273 Executing VM operation: HandshakeOneThread
Event: 9721.273 Executing VM operation: HandshakeOneThread done
Event: 9721.277 loading class sun/lwawt/LWWindowPeer$1
Event: 9721.279 loading class sun/lwawt/LWWindowPeer$1 done
Event: 9725.919 loading class java/awt/image/BufferedImage$1
Event: 9725.920 loading class java/awt/image/BufferedImage$1 done
Event: 9725.923 Executing VM operation: HandshakeOneThread
Event: 9725.923 Executing VM operation: HandshakeOneThread done
Event: 9725.925 loading class java/util/IdentityHashMap$ValueIterator
Event: 9725.926 loading class java/util/IdentityHashMap$ValueIterator done
Event: 9725.931 Executing VM operation: HandshakeOneThread
Event: 9725.931 Executing VM operation: HandshakeOneThread done
Event: 9725.931 loading class javax/swing/RepaintManager$DisplayChangedRunnable
Event: 9725.932 loading class javax/swing/RepaintManager$DisplayChangedRunnable done
Event: 9725.933 Executing VM operation: HandshakeOneThread
Event: 9725.933 Executing VM operation: HandshakeOneThread done


Dynamic libraries:
0x00007fff6b7f5000 	/usr/lib/libz.1.dylib
0x000000010655a000 	/usr/local/Cellar/openjdk/14.0.1/libexec/openjdk.jdk/Contents/Home/lib/libjli.dylib
0x00007fff31341000 	/System/Library/Frameworks/Cocoa.framework/Versions/A/Cocoa
0x00007fff3eb38000 	/System/Library/Frameworks/Security.framework/Versions/A/Security
0x00007fff302a6000 	/System/Library/Frameworks/ApplicationServices.framework/Versions/A/ApplicationServices
0x00007fff692b9000 	/usr/lib/libSystem.B.dylib
0x00007fff6c0b6000 	/usr/lib/system/libcache.dylib
0x00007fff6c0bc000 	/usr/lib/system/libcommonCrypto.dylib
0x00007fff6c0c8000 	/usr/lib/system/libcompiler_rt.dylib
0x00007fff6c0d0000 	/usr/lib/system/libcopyfile.dylib
0x00007fff6c0da000 	/usr/lib/system/libcorecrypto.dylib
0x00007fff6c279000 	/usr/lib/system/libdispatch.dylib
0x00007fff6c2ba000 	/usr/lib/system/libdyld.dylib
0x00007fff6c2f1000 	/usr/lib/system/libkeymgr.dylib
0x00007fff6c2ff000 	/usr/lib/system/liblaunch.dylib
0x00007fff6c300000 	/usr/lib/system/libmacho.dylib
0x00007fff6c306000 	/usr/lib/system/libquarantine.dylib
0x00007fff6c309000 	/usr/lib/system/libremovefile.dylib
0x00007fff6c30b000 	/usr/lib/system/libsystem_asl.dylib
0x00007fff6c323000 	/usr/lib/system/libsystem_blocks.dylib
0x00007fff6c324000 	/usr/lib/system/libsystem_c.dylib
0x00007fff6c3ac000 	/usr/lib/system/libsystem_configuration.dylib
0x00007fff6c3b0000 	/usr/lib/system/libsystem_coreservices.dylib
0x00007fff6c3b4000 	/usr/lib/system/libsystem_darwin.dylib
0x00007fff6c3bd000 	/usr/lib/system/libsystem_dnssd.dylib
0x00007fff6c3c5000 	/usr/lib/system/libsystem_featureflags.dylib
0x00007fff6c3c7000 	/usr/lib/system/libsystem_info.dylib
0x00007fff6c442000 	/usr/lib/system/libsystem_m.dylib
0x00007fff6c48a000 	/usr/lib/system/libsystem_malloc.dylib
0x00007fff6c4b2000 	/usr/lib/system/libsystem_networkextension.dylib
0x00007fff6c4c0000 	/usr/lib/system/libsystem_notify.dylib
0x00007fff6c4de000 	/usr/lib/system/libsystem_sandbox.dylib
0x00007fff6c4e3000 	/usr/lib/system/libsystem_secinit.dylib
0x00007fff6c415000 	/usr/lib/system/libsystem_kernel.dylib
0x00007fff6c4ca000 	/usr/lib/system/libsystem_platform.dylib
0x00007fff6c4d3000 	/usr/lib/system/libsystem_pthread.dylib
0x00007fff6c4e6000 	/usr/lib/system/libsystem_symptoms.dylib
0x00007fff6c4ee000 	/usr/lib/system/libsystem_trace.dylib
0x00007fff6c506000 	/usr/lib/system/libunwind.dylib
0x00007fff6c50c000 	/usr/lib/system/libxpc.dylib
0x00007fff6b119000 	/usr/lib/libobjc.A.dylib
0x00007fff695f2000 	/usr/lib/libc++abi.dylib
0x00007fff6959f000 	/usr/lib/libc++.1.dylib
0x00007fff321e3000 	/System/Library/Frameworks/CoreFoundation.framework/Versions/A/CoreFoundation
0x00007fff348a0000 	/System/Library/Frameworks/Foundation.framework/Versions/C/Foundation
0x00007fff2f496000 	/System/Library/Frameworks/AppKit.framework/Versions/C/AppKit
0x00007fff31cc5000 	/System/Library/Frameworks/CoreData.framework/Versions/A/CoreData
0x00007fff632ce000 	/System/Library/PrivateFrameworks/UIFoundation.framework/Versions/A/UIFoundation
0x00007fff5e362000 	/System/Library/PrivateFrameworks/RemoteViewServices.framework/Versions/A/RemoteViewServices
0x00007fff65e29000 	/System/Library/PrivateFrameworks/XCTTargetBootstrap.framework/Versions/A/XCTTargetBootstrap
0x00007fff320b0000 	/System/Library/Frameworks/CoreDisplay.framework/Versions/A/CoreDisplay
0x00007fff3775b000 	/System/Library/Frameworks/Metal.framework/Versions/A/Metal
0x00007fff4c34f000 	/System/Library/PrivateFrameworks/DesktopServicesPriv.framework/Versions/A/DesktopServicesPriv
0x00007fff6a3f4000 	/usr/lib/liblangid.dylib
0x00007fff4b5e4000 	/System/Library/PrivateFrameworks/CoreSVG.framework/Versions/A/CoreSVG
0x00007fff614be000 	/System/Library/PrivateFrameworks/SkyLight.framework/Versions/A/SkyLight
0x00007fff32664000 	/System/Library/Frameworks/CoreGraphics.framework/Versions/A/CoreGraphics
0x00007fff2de6a000 	/System/Library/Frameworks/Accelerate.framework/Versions/A/Accelerate
0x00007fff6b6e6000 	/usr/lib/libxml2.2.dylib
0x00007fff572ed000 	/System/Library/PrivateFrameworks/IconServices.framework/Versions/A/IconServices
0x00007fff3507f000 	/System/Library/Frameworks/IOSurface.framework/Versions/A/IOSurface
0x00007fff68de3000 	/usr/lib/libDiagnosticMessagesClient.dylib
0x00007fff4c1a9000 	/System/Library/PrivateFrameworks/DFRFoundation.framework/Versions/A/DFRFoundation
0x00007fff6a183000 	/usr/lib/libicucore.A.dylib
0x00007fff305d8000 	/System/Library/Frameworks/AudioToolbox.framework/Versions/A/AudioToolbox
0x00007fff306bb000 	/System/Library/Frameworks/AudioUnit.framework/Versions/A/AudioUnit
0x00007fff694bb000 	/usr/lib/libauto.dylib
0x00007fff4c24b000 	/System/Library/PrivateFrameworks/DataDetectorsCore.framework/Versions/A/DataDetectorsCore
0x00007fff30e62000 	/System/Library/Frameworks/Carbon.framework/Versions/A/Frameworks/HIToolbox.framework/Versions/A/HIToolbox
0x00007fff3dd34000 	/System/Library/Frameworks/QuartzCore.framework/Versions/A/QuartzCore
0x00007fff311a1000 	/System/Library/Frameworks/Carbon.framework/Versions/A/Frameworks/SpeechRecognition.framework/Versions/A/SpeechRecognition
0x00007fff4bcbd000 	/System/Library/PrivateFrameworks/CoreUI.framework/Versions/A/CoreUI
0x00007fff31730000 	/System/Library/Frameworks/CoreAudio.framework/Versions/A/CoreAudio
0x00007fff3455f000 	/System/Library/Frameworks/DiskArbitration.framework/Versions/A/DiskArbitration
0x00007fff5933d000 	/System/Library/PrivateFrameworks/MultitouchSupport.framework/Versions/A/MultitouchSupport
0x00007fff6a04a000 	/usr/lib/libenergytrace.dylib
0x00007fff34fd9000 	/System/Library/Frameworks/IOKit.framework/Versions/A/IOKit
0x00007fff335cb000 	/System/Library/Frameworks/CoreServices.framework/Versions/A/CoreServices
0x00007fff5b4f5000 	/System/Library/PrivateFrameworks/PerformanceAnalysis.framework/Versions/A/PerformanceAnalysis
0x00007fff3cd67000 	/System/Library/Frameworks/OpenGL.framework/Versions/A/OpenGL
0x00007fff3134f000 	/System/Library/Frameworks/ColorSync.framework/Versions/A/ColorSync
0x00007fff32ce7000 	/System/Library/Frameworks/CoreImage.framework/Versions/A/CoreImage
0x00007fff3403e000 	/System/Library/Frameworks/CoreText.framework/Versions/A/CoreText
0x00007fff3510f000 	/System/Library/Frameworks/ImageIO.framework/Versions/A/ImageIO
0x00007fff6961b000 	/usr/lib/libcompression.dylib
0x00007fff69127000 	/usr/lib/libMobileGestalt.dylib
0x00007fff63038000 	/System/Library/PrivateFrameworks/TextureIO.framework/Versions/A/TextureIO
0x00007fff6941e000 	/usr/lib/libate.dylib
0x00007fff574f6000 	/System/Library/PrivateFrameworks/InternationalSupport.framework/Versions/A/InternationalSupport
0x00007fff6a3f6000 	/usr/lib/liblzma.5.dylib
0x00007fff6a071000 	/usr/lib/libfakelink.dylib
0x00007fff693ab000 	/usr/lib/libarchive.2.dylib
0x00007fff3fbe9000 	/System/Library/Frameworks/SystemConfiguration.framework/Versions/A/SystemConfiguration
0x00007fff68d16000 	/usr/lib/libCRFSuite.dylib
0x00007fff30a52000 	/System/Library/Frameworks/CFNetwork.framework/Versions/A/CFNetwork
0x00007fff69581000 	/usr/lib/libbsm.0.dylib
0x00007fff6c2f2000 	/usr/lib/system/libkxld.dylib
0x00007fff45b26000 	/System/Library/PrivateFrameworks/AppleFSCompression.framework/Versions/A/AppleFSCompression
0x00007fff6990c000 	/usr/lib/libcoretls.dylib
0x00007fff69923000 	/usr/lib/libcoretls_cfhelpers.dylib
0x00007fff6b15f000 	/usr/lib/libpam.2.dylib
0x00007fff6b294000 	/usr/lib/libsqlite3.dylib
0x00007fff6b6d3000 	/usr/lib/libxar.1.dylib
0x00007fff69592000 	/usr/lib/libbz2.1.0.dylib
0x00007fff6a092000 	/usr/lib/libiconv.2.dylib
0x00007fff69608000 	/usr/lib/libcharset.1.dylib
0x00007fff6abfc000 	/usr/lib/libnetwork.dylib
0x00007fff6b166000 	/usr/lib/libpcap.A.dylib
0x00007fff69360000 	/usr/lib/libapple_nghttp2.dylib
0x00007fff33982000 	/System/Library/Frameworks/CoreServices.framework/Versions/A/Frameworks/FSEvents.framework/Versions/A/FSEvents
0x00007fff33652000 	/System/Library/Frameworks/CoreServices.framework/Versions/A/Frameworks/CarbonCore.framework/Versions/A/CarbonCore
0x00007fff33bc6000 	/System/Library/Frameworks/CoreServices.framework/Versions/A/Frameworks/Metadata.framework/Versions/A/Metadata
0x00007fff33c5f000 	/System/Library/Frameworks/CoreServices.framework/Versions/A/Frameworks/OSServices.framework/Versions/A/OSServices
0x00007fff33c8d000 	/System/Library/Frameworks/CoreServices.framework/Versions/A/Frameworks/SearchKit.framework/Versions/A/SearchKit
0x00007fff335cc000 	/System/Library/Frameworks/CoreServices.framework/Versions/A/Frameworks/AE.framework/Versions/A/AE
0x00007fff3398b000 	/System/Library/Frameworks/CoreServices.framework/Versions/A/Frameworks/LaunchServices.framework/Versions/A/LaunchServices
0x00007fff33934000 	/System/Library/Frameworks/CoreServices.framework/Versions/A/Frameworks/DictionaryServices.framework/Versions/A/DictionaryServices
0x00007fff33cf5000 	/System/Library/Frameworks/CoreServices.framework/Versions/A/Frameworks/SharedFileList.framework/Versions/A/SharedFileList
0x00007fff38b86000 	/System/Library/Frameworks/NetFS.framework/Versions/A/NetFS
0x00007fff5986d000 	/System/Library/PrivateFrameworks/NetAuth.framework/Versions/A/NetAuth
0x00007fff661f6000 	/System/Library/PrivateFrameworks/login.framework/Versions/A/Frameworks/loginsupport.framework/Versions/A/loginsupport
0x00007fff62b03000 	/System/Library/PrivateFrameworks/TCC.framework/Versions/A/TCC
0x00007fff4a757000 	/System/Library/PrivateFrameworks/CoreNLP.framework/Versions/A/CoreNLP
0x00007fff58d6a000 	/System/Library/PrivateFrameworks/MetadataUtilities.framework/Versions/A/MetadataUtilities
0x00007fff6a4ce000 	/usr/lib/libmecabra.dylib
0x00007fff6a426000 	/usr/lib/libmecab.dylib
0x00007fff6a082000 	/usr/lib/libgermantok.dylib
0x00007fff69347000 	/usr/lib/libThaiTokenizer.dylib
0x00007fff68d4d000 	/usr/lib/libChineseTokenizer.dylib
0x00007fff2de82000 	/System/Library/Frameworks/Accelerate.framework/Versions/A/Frameworks/vImage.framework/Versions/A/vImage
0x00007fff2f2ec000 	/System/Library/Frameworks/Accelerate.framework/Versions/A/Frameworks/vecLib.framework/Versions/A/vecLib
0x00007fff2f229000 	/System/Library/Frameworks/Accelerate.framework/Versions/A/Frameworks/vecLib.framework/Versions/A/libvMisc.dylib
0x00007fff2f051000 	/System/Library/Frameworks/Accelerate.framework/Versions/A/Frameworks/vecLib.framework/Versions/A/libvDSP.dylib
0x00007fff2e4d9000 	/System/Library/Frameworks/Accelerate.framework/Versions/A/Frameworks/vecLib.framework/Versions/A/libBLAS.dylib
0x00007fff2ec15000 	/System/Library/Frameworks/Accelerate.framework/Versions/A/Frameworks/vecLib.framework/Versions/A/libLAPACK.dylib
0x00007fff2efb1000 	/System/Library/Frameworks/Accelerate.framework/Versions/A/Frameworks/vecLib.framework/Versions/A/libLinearAlgebra.dylib
0x00007fff2f03e000 	/System/Library/Frameworks/Accelerate.framework/Versions/A/Frameworks/vecLib.framework/Versions/A/libSparseBLAS.dylib
0x00007fff2efc7000 	/System/Library/Frameworks/Accelerate.framework/Versions/A/Frameworks/vecLib.framework/Versions/A/libQuadrature.dylib
0x00007fff2e741000 	/System/Library/Frameworks/Accelerate.framework/Versions/A/Frameworks/vecLib.framework/Versions/A/libBNNS.dylib
0x00007fff2efcd000 	/System/Library/Frameworks/Accelerate.framework/Versions/A/Frameworks/vecLib.framework/Versions/A/libSparse.dylib
0x00007fff578de000 	/System/Library/PrivateFrameworks/LanguageModeling.framework/Versions/A/LanguageModeling
0x00007fff4a107000 	/System/Library/PrivateFrameworks/CoreEmoji.framework/Versions/A/CoreEmoji
0x00007fff579fc000 	/System/Library/PrivateFrameworks/LinguisticData.framework/Versions/A/LinguisticData
0x00007fff579ad000 	/System/Library/PrivateFrameworks/Lexicon.framework/Versions/A/Lexicon
0x00007fff69609000 	/usr/lib/libcmph.dylib
0x00007fff3b775000 	/System/Library/Frameworks/OpenDirectory.framework/Versions/A/Frameworks/CFOpenDirectory.framework/Versions/A/CFOpenDirectory
0x00007fff3b792000 	/System/Library/Frameworks/OpenDirectory.framework/Versions/A/OpenDirectory
0x00007fff43bd3000 	/System/Library/PrivateFrameworks/APFS.framework/Versions/A/APFS
0x00007fff3ee82000 	/System/Library/Frameworks/SecurityFoundation.framework/Versions/A/SecurityFoundation
0x00007fff6b6cf000 	/usr/lib/libutil.dylib
0x00007fff4b63c000 	/System/Library/PrivateFrameworks/CoreServicesStore.framework/Versions/A/CoreServicesStore
0x00007fff3ef39000 	/System/Library/Frameworks/ServiceManagement.framework/Versions/A/ServiceManagement
0x00007fff472f6000 	/System/Library/PrivateFrameworks/BackgroundTaskManagement.framework/Versions/A/BackgroundTaskManagement
0x00007fff6b7cc000 	/usr/lib/libxslt.1.dylib
0x00007fff46199000 	/System/Library/PrivateFrameworks/AppleSystemInfo.framework/Versions/A/AppleSystemInfo
0x00007fff3532a000 	/System/Library/Frameworks/ImageIO.framework/Versions/A/Resources/libJPEG.dylib
0x00007fff355e9000 	/System/Library/Frameworks/ImageIO.framework/Versions/A/Resources/libTIFF.dylib
0x00007fff355cc000 	/System/Library/Frameworks/ImageIO.framework/Versions/A/Resources/libPng.dylib
0x00007fff3526c000 	/System/Library/Frameworks/ImageIO.framework/Versions/A/Resources/libGIF.dylib
0x00007fff35270000 	/System/Library/Frameworks/ImageIO.framework/Versions/A/Resources/libJP2.dylib
0x00007fff355e7000 	/System/Library/Frameworks/ImageIO.framework/Versions/A/Resources/libRadiance.dylib
0x00007fff6a04b000 	/usr/lib/libexpat.1.dylib
0x00007fff45c81000 	/System/Library/PrivateFrameworks/AppleJPEG.framework/Versions/A/AppleJPEG
0x00007fff4e952000 	/System/Library/PrivateFrameworks/FontServices.framework/libFontParser.dylib
0x00007fff651f8000 	/System/Library/PrivateFrameworks/WatchdogClient.framework/Versions/A/WatchdogClient
0x00007fff56f39000 	/System/Library/PrivateFrameworks/IOAccelerator.framework/Versions/A/IOAccelerator
0x00007fff37af6000 	/System/Library/Frameworks/MetalPerformanceShaders.framework/Versions/A/MetalPerformanceShaders
0x00007fff536cf000 	/System/Library/PrivateFrameworks/GPUWrangler.framework/Versions/A/GPUWrangler
0x00007fff56f4e000 	/System/Library/PrivateFrameworks/IOPresentment.framework/Versions/A/IOPresentment
0x00007fff4c1bc000 	/System/Library/PrivateFrameworks/DSExternalDisplay.framework/Versions/A/DSExternalDisplay
0x00007fff3c106000 	/System/Library/Frameworks/OpenGL.framework/Versions/A/Libraries/libCoreFSCache.dylib
0x00007fff37842000 	/System/Library/Frameworks/MetalPerformanceShaders.framework/Frameworks/MPSCore.framework/Versions/A/MPSCore
0x00007fff37880000 	/System/Library/Frameworks/MetalPerformanceShaders.framework/Frameworks/MPSImage.framework/Versions/A/MPSImage
0x00007fff37947000 	/System/Library/Frameworks/MetalPerformanceShaders.framework/Frameworks/MPSNeuralNetwork.framework/Versions/A/MPSNeuralNetwork
0x00007fff3790b000 	/System/Library/Frameworks/MetalPerformanceShaders.framework/Frameworks/MPSMatrix.framework/Versions/A/MPSMatrix
0x00007fff37aa6000 	/System/Library/Frameworks/MetalPerformanceShaders.framework/Frameworks/MPSRayIntersector.framework/Versions/A/MPSRayIntersector
0x00007fff37931000 	/System/Library/Frameworks/MetalPerformanceShaders.framework/Frameworks/MPSNDArray.framework/Versions/A/MPSNDArray
0x00007fff58db7000 	/System/Library/PrivateFrameworks/MetalTools.framework/Versions/A/MetalTools
0x00007fff44dad000 	/System/Library/PrivateFrameworks/AggregateDictionary.framework/Versions/A/AggregateDictionary
0x00007fff49b4f000 	/System/Library/PrivateFrameworks/CoreAnalytics.framework/Versions/A/CoreAnalytics
0x00007fff460b8000 	/System/Library/PrivateFrameworks/AppleSauce.framework/Versions/A/AppleSauce
0x00007fff69009000 	/usr/lib/libIOReport.dylib
0x00007fff341f6000 	/System/Library/Frameworks/CoreVideo.framework/Versions/A/CoreVideo
0x00007fff54b48000 	/System/Library/PrivateFrameworks/GraphVisualizer.framework/Versions/A/GraphVisualizer
0x00007fff4de98000 	/System/Library/PrivateFrameworks/FaceCore.framework/Versions/A/FaceCore
0x00007fff3b71c000 	/System/Library/Frameworks/OpenCL.framework/Versions/A/OpenCL
0x00007fff68e2b000 	/usr/lib/libFosl_dynamic.dylib
0x00007fff5a28d000 	/System/Library/PrivateFrameworks/OTSVG.framework/Versions/A/OTSVG
0x00007fff303ab000 	/System/Library/Frameworks/ApplicationServices.framework/Versions/A/Frameworks/ATS.framework/Versions/A/Resources/libFontRegistry.dylib
0x00007fff4eb23000 	/System/Library/PrivateFrameworks/FontServices.framework/libhvf.dylib
0x00007fff3c111000 	/System/Library/Frameworks/OpenGL.framework/Versions/A/Libraries/libGFXShared.dylib
0x00007fff3c2ef000 	/System/Library/Frameworks/OpenGL.framework/Versions/A/Libraries/libGLU.dylib
0x00007fff3c11a000 	/System/Library/Frameworks/OpenGL.framework/Versions/A/Libraries/libGL.dylib
0x00007fff3c125000 	/System/Library/Frameworks/OpenGL.framework/Versions/A/Libraries/libGLImage.dylib
0x00007fff3c103000 	/System/Library/Frameworks/OpenGL.framework/Versions/A/Libraries/libCVMSPluginSupport.dylib
0x00007fff3c10c000 	/System/Library/Frameworks/OpenGL.framework/Versions/A/Libraries/libCoreVMClient.dylib
0x00007fff6aa9d000 	/usr/lib/libncurses.5.4.dylib
0x00007fff302a7000 	/System/Library/Frameworks/ApplicationServices.framework/Versions/A/Frameworks/ATS.framework/Versions/A/ATS
0x00007fff30474000 	/System/Library/Frameworks/ApplicationServices.framework/Versions/A/Frameworks/ColorSyncLegacy.framework/Versions/A/ColorSyncLegacy
0x00007fff30512000 	/System/Library/Frameworks/ApplicationServices.framework/Versions/A/Frameworks/HIServices.framework/Versions/A/HIServices
0x00007fff3056a000 	/System/Library/Frameworks/ApplicationServices.framework/Versions/A/Frameworks/LangAnalysis.framework/Versions/A/LangAnalysis
0x00007fff30579000 	/System/Library/Frameworks/ApplicationServices.framework/Versions/A/Frameworks/PrintCore.framework/Versions/A/PrintCore
0x00007fff305bf000 	/System/Library/Frameworks/ApplicationServices.framework/Versions/A/Frameworks/QD.framework/Versions/A/QD
0x00007fff305ca000 	/System/Library/Frameworks/ApplicationServices.framework/Versions/A/Frameworks/SpeechSynthesis.framework/Versions/A/SpeechSynthesis
0x00007fff30444000 	/System/Library/Frameworks/ApplicationServices.framework/Versions/A/Frameworks/ATSUI.framework/Versions/A/ATSUI
0x00007fff69ee1000 	/usr/lib/libcups.2.dylib
0x00007fff36b91000 	/System/Library/Frameworks/Kerberos.framework/Versions/A/Kerberos
0x00007fff34cd2000 	/System/Library/Frameworks/GSS.framework/Versions/A/GSS
0x00007fff6b220000 	/usr/lib/libresolv.9.dylib
0x00007fff54cf5000 	/System/Library/PrivateFrameworks/Heimdal.framework/Versions/A/Heimdal
0x00007fff36ba4000 	/System/Library/Frameworks/Kerberos.framework/Versions/A/Libraries/libHeimdalProxy.dylib
0x00007fff6a088000 	/usr/lib/libheimdal-asn1.dylib
0x00007fff48fe7000 	/System/Library/PrivateFrameworks/CommonAuth.framework/Versions/A/CommonAuth
0x00007fff46236000 	/System/Library/PrivateFrameworks/AssertionServices.framework/Versions/A/AssertionServices
0x00007fff46dd9000 	/System/Library/PrivateFrameworks/AudioToolboxCore.framework/Versions/A/AudioToolboxCore
0x00007fff65ea6000 	/System/Library/PrivateFrameworks/caulk.framework/Versions/A/caulk
0x00007fff473a2000 	/System/Library/PrivateFrameworks/BaseBoard.framework/Versions/A/BaseBoard
0x00007fff5e4f0000 	/System/Library/PrivateFrameworks/RunningBoardServices.framework/Versions/A/RunningBoardServices
0x00007fff5b501000 	/System/Library/PrivateFrameworks/PersistentConnection.framework/Versions/A/PersistentConnection
0x00007fff5dee9000 	/System/Library/PrivateFrameworks/ProtocolBuffer.framework/Versions/A/ProtocolBuffer
0x00007fff4900b000 	/System/Library/PrivateFrameworks/CommonUtilities.framework/Versions/A/CommonUtilities
0x00007fff47530000 	/System/Library/PrivateFrameworks/Bom.framework/Versions/A/Bom
0x00007fff68cdc000 	/usr/lib/libAudioToolboxUtility.dylib
0x00007fff47300000 	/System/Library/PrivateFrameworks/Backup.framework/Versions/A/Backup
0x00007fff4c0dd000 	/System/Library/PrivateFrameworks/CrashReporterSupport.framework/Versions/A/CrashReporterSupport
0x00007fff5ff82000 	/System/Library/PrivateFrameworks/Sharing.framework/Versions/A/Sharing
0x00007fff45844000 	/System/Library/PrivateFrameworks/Apple80211.framework/Versions/A/Apple80211
0x00007fff4701d000 	/System/Library/PrivateFrameworks/AuthKit.framework/Versions/A/AuthKit
0x00007fff4bdea000 	/System/Library/PrivateFrameworks/CoreUtils.framework/Versions/A/CoreUtils
0x00007fff3423b000 	/System/Library/Frameworks/CoreWLAN.framework/Versions/A/CoreWLAN
0x00007fff34e5f000 	/System/Library/Frameworks/IOBluetooth.framework/Versions/A/IOBluetooth
0x00007fff590bc000 	/System/Library/PrivateFrameworks/MobileKeyBag.framework/Versions/A/MobileKeyBag
0x00007fff4abef000 	/System/Library/PrivateFrameworks/CorePhoneNumbers.framework/Versions/A/CorePhoneNumbers
0x00007fff45c34000 	/System/Library/PrivateFrameworks/AppleIDAuthSupport.framework/Versions/A/AppleIDAuthSupport
0x00007fff38b93000 	/System/Library/Frameworks/Network.framework/Versions/A/Network
0x00007fff5778a000 	/System/Library/PrivateFrameworks/KeychainCircle.framework/Versions/A/KeychainCircle
0x00007fff31c8c000 	/System/Library/Frameworks/CoreBluetooth.framework/Versions/A/CoreBluetooth
0x00007fff62001000 	/System/Library/PrivateFrameworks/SpeechRecognitionCore.framework/Versions/A/SpeechRecognitionCore
0x0000000106e00000 	/usr/local/Cellar/openjdk/14.0.1/libexec/openjdk.jdk/Contents/Home/lib/server/libjvm.dylib
0x0000000106577000 	/usr/local/Cellar/openjdk/14.0.1/libexec/openjdk.jdk/Contents/Home/lib/libjimage.dylib
0x00000001065c9000 	/usr/local/Cellar/openjdk/14.0.1/libexec/openjdk.jdk/Contents/Home/lib/libjava.dylib
0x00000001065ee000 	/usr/local/Cellar/openjdk/14.0.1/libexec/openjdk.jdk/Contents/Home/lib/libzip.dylib
0x00000001134db000 	/usr/local/Cellar/openjdk/14.0.1/libexec/openjdk.jdk/Contents/Home/lib/libnio.dylib
0x00000001134eb000 	/usr/local/Cellar/openjdk/14.0.1/libexec/openjdk.jdk/Contents/Home/lib/libnet.dylib
0x0000000113500000 	/usr/local/Cellar/openjdk/14.0.1/libexec/openjdk.jdk/Contents/Home/lib/libawt.dylib
0x0000000113597000 	/usr/local/Cellar/openjdk/14.0.1/libexec/openjdk.jdk/Contents/Home/lib/libmlib_image.dylib
0x00007fff36b7b000 	/System/Library/Frameworks/JavaVM.framework/Versions/A/Frameworks/JavaNativeFoundation.framework/Versions/A/JavaNativeFoundation
0x00007fff36b84000 	/System/Library/Frameworks/JavaVM.framework/Versions/A/Frameworks/JavaRuntimeSupport.framework/Versions/A/JavaRuntimeSupport
0x00007fff36b8c000 	/System/Library/Frameworks/JavaVM.framework/Versions/A/JavaVM
0x00007fff575a1000 	/System/Library/PrivateFrameworks/JavaLaunching.framework/Versions/A/JavaLaunching
0x00007fff30e5d000 	/System/Library/Frameworks/Carbon.framework/Versions/A/Carbon
0x00007fff4bb8f000 	/System/Library/PrivateFrameworks/CoreSymbolication.framework/Versions/A/CoreSymbolication
0x00007fff30e5e000 	/System/Library/Frameworks/Carbon.framework/Versions/A/Frameworks/CommonPanels.framework/Versions/A/CommonPanels
0x00007fff31157000 	/System/Library/Frameworks/Carbon.framework/Versions/A/Frameworks/Help.framework/Versions/A/Help
0x00007fff3115b000 	/System/Library/Frameworks/Carbon.framework/Versions/A/Frameworks/ImageCapture.framework/Versions/A/ImageCapture
0x00007fff31162000 	/System/Library/Frameworks/Carbon.framework/Versions/A/Frameworks/OpenScripting.framework/Versions/A/OpenScripting
0x00007fff31161000 	/System/Library/Frameworks/Carbon.framework/Versions/A/Frameworks/Ink.framework/Versions/A/Ink
0x00007fff3119d000 	/System/Library/Frameworks/Carbon.framework/Versions/A/Frameworks/Print.framework/Versions/A/Print
0x00007fff3119e000 	/System/Library/Frameworks/Carbon.framework/Versions/A/Frameworks/SecurityHI.framework/Versions/A/SecurityHI
0x00007fff4c311000 	/System/Library/PrivateFrameworks/DebugSymbols.framework/Versions/A/DebugSymbols
0x00000001135fa000 	/usr/local/Cellar/openjdk/14.0.1/libexec/openjdk.jdk/Contents/Home/lib/libawt_lwawt.dylib
0x00000001136a3000 	/usr/local/Cellar/openjdk/14.0.1/libexec/openjdk.jdk/Contents/Home/lib/libosxapp.dylib
0x00007fff3473b000 	/System/Library/Frameworks/ExceptionHandling.framework/Versions/A/ExceptionHandling
0x00000001136ca000 	/usr/local/Cellar/openjdk/14.0.1/libexec/openjdk.jdk/Contents/Home/lib/libfontmanager.dylib
0x00000001137c8000 	/usr/local/Cellar/openjdk/14.0.1/libexec/openjdk.jdk/Contents/Home/lib/libfreetype.dylib
0x00007fff4b608000 	/System/Library/PrivateFrameworks/CoreServicesInternal.framework/Versions/A/CoreServicesInternal
0x00007fff3475a000 	/System/Library/Frameworks/FileProvider.framework/Versions/A/FileProvider
0x00007fff2f2ed000 	/System/Library/Frameworks/Accounts.framework/Versions/A/Accounts
0x00007fff539f4000 	/System/Library/PrivateFrameworks/GenerationalStorage.framework/Versions/A/GenerationalStorage
0x00007fff62843000 	/System/Library/PrivateFrameworks/SymptomDiagnosticReporter.framework/Versions/A/SymptomDiagnosticReporter
0x00007fff45348000 	/System/Library/PrivateFrameworks/AppContainer.framework/Versions/A/AppContainer
0x00007fff6b23a000 	/usr/lib/libsandbox.1.dylib
0x00007fff6419c000 	/System/Library/PrivateFrameworks/UserManagement.framework/Versions/A/UserManagement
0x00007fff480ec000 	/System/Library/PrivateFrameworks/ChunkingLibrary.framework/Versions/A/ChunkingLibrary
0x00007fff453ba000 	/System/Library/PrivateFrameworks/AppSandbox.framework/Versions/A/AppSandbox
0x00007fff5fe0c000 	/System/Library/PrivateFrameworks/SecCodeWrapper.framework/Versions/A/SecCodeWrapper
0x00007fff690f1000 	/usr/lib/libMatch.1.dylib
0x00007fff252d5000 	/System/Library/CoreServices/RawCamera.bundle/Contents/MacOS/RawCamera
0x00007fff58ee6000 	/System/Library/PrivateFrameworks/MobileAsset.framework/Versions/A/MobileAsset
0x00007fff626eb000 	/System/Library/PrivateFrameworks/StreamingZip.framework/Versions/A/StreamingZip
0x00007fff3700c000 	/System/Library/Frameworks/MediaToolbox.framework/Versions/A/MediaToolbox
0x00007fff49aff000 	/System/Library/PrivateFrameworks/CoreAVCHD.framework/Versions/A/CoreAVCHD
0x00007fff36f36000 	/System/Library/Frameworks/MediaAccessibility.framework/Versions/A/MediaAccessibility
0x00007fff5829a000 	/System/Library/PrivateFrameworks/Mangrove.framework/Versions/A/Mangrove
0x00007fff33403000 	/System/Library/Frameworks/CoreMedia.framework/Versions/A/CoreMedia
0x00007fff58506000 	/System/Library/PrivateFrameworks/MediaExperience.framework/Versions/A/MediaExperience
0x00007fff3fee3000 	/System/Library/Frameworks/VideoToolbox.framework/Versions/A/VideoToolbox
0x00007fff49729000 	/System/Library/PrivateFrameworks/CoreAUC.framework/Versions/A/CoreAUC
0x00007fff6b292000 	/usr/lib/libspindump.dylib
0x00007fff46788000 	/System/Library/PrivateFrameworks/AudioResourceArbitration.framework/Versions/A/AudioResourceArbitration
0x00007fff4619d000 	/System/Library/PrivateFrameworks/AppleVA.framework/Versions/A/AppleVA
0x00007fff2de6b000 	/System/Library/Frameworks/Accelerate.framework/Versions/A/Frameworks/vImage.framework/Versions/A/Libraries/libCGInterfaces.dylib
0x0000000113a69000 	/usr/lib/libobjc-trampolines.dylib
0x00007fff4ea8a000 	/System/Library/PrivateFrameworks/FontServices.framework/libTrueTypeScaler.dylib
0x00007fff2bfec000 	/System/Library/Extensions/AppleIntelSKLGraphicsMTLDriver.bundle/Contents/MacOS/AppleIntelSKLGraphicsMTLDriver
0x00007fff52014000 	/System/Library/PrivateFrameworks/GPUCompiler.framework/Versions/3902/Libraries/libmetal_timestamp.dylib
0x00007fff64f68000 	/System/Library/PrivateFrameworks/ViewBridge.framework/Versions/A/ViewBridge
0x00007fff3cd77000 	/System/Library/Frameworks/OpenGL.framework/Versions/A/Resources/GLEngine.bundle/GLEngine
0x00007fff3c15a000 	/System/Library/Frameworks/OpenGL.framework/Versions/A/Libraries/libGLProgrammability.dylib
0x00007fff2afe3000 	/System/Library/Extensions/AppleIntelSKLGraphicsGLDriver.bundle/Contents/MacOS/AppleIntelSKLGraphicsGLDriver
0x00007fff536c3000 	/System/Library/PrivateFrameworks/GPUSupport.framework/Versions/A/Libraries/libGPUSupportMercury.dylib
0x00007fff3cef1000 	/System/Library/Frameworks/OpenGL.framework/Versions/A/Resources/GLRendererFloat.bundle/GLRendererFloat
0x00007fff3b713000 	/System/Library/Frameworks/OpenCL.framework/Versions/A/Libraries/libcldcpuengine.dylib
0x00007fff661f9000 	/System/Library/PrivateFrameworks/login.framework/Versions/A/login
0x000000012bb0b000 	/usr/local/Cellar/openjdk/14.0.1/libexec/openjdk.jdk/Contents/Home/lib/libosxui.dylib
0x000000012bb19000 	/usr/local/Cellar/openjdk/14.0.1/libexec/openjdk.jdk/Contents/Home/lib/libverify.dylib
0x00007fff48296000 	/System/Library/PrivateFrameworks/CloudDocs.framework/Versions/A/CloudDocs
0x00007fff620d1000 	/System/Library/PrivateFrameworks/SpotlightIndex.framework/Versions/A/SpotlightIndex
0x00007fff5cfff000 	/System/Library/PrivateFrameworks/PowerLog.framework/Versions/A/PowerLog


VM Arguments:
java_command: com.puppycrawl.tools.checkstyle.gui.Main
java_class_path (initial): ./checkstyle-8.5-all.jar
Launcher Type: SUN_STANDARD

[Global flags]
     intx CICompilerCount                          = 3                                         {product} {ergonomic}
     uint ConcGCThreads                            = 1                                         {product} {ergonomic}
     uint G1ConcRefinementThreads                  = 4                                         {product} {ergonomic}
   size_t G1HeapRegionSize                         = 1048576                                   {product} {ergonomic}
    uintx GCDrainStackTargetSize                   = 64                                        {product} {ergonomic}
   size_t InitialHeapSize                          = 134217728                                 {product} {ergonomic}
   size_t MarkStackSize                            = 4194304                                   {product} {ergonomic}
   size_t MaxHeapSize                              = 2147483648                                {product} {ergonomic}
   size_t MaxNewSize                               = 1287651328                                {product} {ergonomic}
   size_t MinHeapDeltaBytes                        = 1048576                                   {product} {ergonomic}
   size_t MinHeapSize                              = 8388608                                   {product} {ergonomic}
    uintx NonNMethodCodeHeapSize                   = 5832780                                {pd product} {ergonomic}
    uintx NonProfiledCodeHeapSize                  = 122912730                              {pd product} {ergonomic}
    uintx ProfiledCodeHeapSize                     = 122912730                              {pd product} {ergonomic}
    uintx ReservedCodeCacheSize                    = 251658240                              {pd product} {ergonomic}
     bool SegmentedCodeCache                       = true                                      {product} {ergonomic}
   size_t SoftMaxHeapSize                          = 2147483648                             {manageable} {ergonomic}
     bool UseCompressedClassPointers               = true                                 {lp64_product} {ergonomic}
     bool UseCompressedOops                        = true                                 {lp64_product} {ergonomic}
     bool UseG1GC                                  = true                                      {product} {ergonomic}

Logging:
Log output configuration:
 #0: stdout all=warning uptime,level,tags
 #1: stderr all=off uptime,level,tags

Environment Variables:
CLASSPATH=:/Users/byrdsmyth/java/junit-X.Y.jar:/Users/byrdsmyth/java/hamcrest-core-XX.YY.jar
PATH=/Users/byrdsmyth/google-cloud-sdk/bin:/usr/local/opt/openjdk/bin:/usr/local/anaconda3/bin:/usr/local/bin:/usr/bin:/bin:/usr/sbin:/sbin:/Library/TeX/texbin:/usr/local/share/dotnet:/opt/X11/bin:/Library/Apple/usr/bin:/Library/Frameworks/Mono.framework/Versions/Current/Commands:/Applications/Wireshark.app/Contents/MacOS:/Users/byrdsmyth/java
SHELL=/bin/zsh
DISPLAY=/private/tmp/com.apple.launchd.HD4l9bfeud/org.macosforge.xquartz:0

Signal Handlers:
SIGSEGV: [libjvm.dylib+0x7c63a6], sa_mask[0]=11111111011111110111111111111111, sa_flags=SA_ONSTACK|SA_RESTART|SA_SIGINFO
SIGBUS: [libjvm.dylib+0x7c63a6], sa_mask[0]=11111111011111110111111111111111, sa_flags=SA_RESTART|SA_SIGINFO
SIGFPE: [libjvm.dylib+0x7c63a6], sa_mask[0]=11111111011111110111111111111111, sa_flags=SA_RESTART|SA_SIGINFO
SIGPIPE: [libjvm.dylib+0x6078f5], sa_mask[0]=11111111011111110111111111111111, sa_flags=SA_RESTART|SA_SIGINFO
SIGXFSZ: [libjvm.dylib+0x6078f5], sa_mask[0]=11111111011111110111111111111111, sa_flags=SA_RESTART|SA_SIGINFO
SIGILL: [libjvm.dylib+0x7c63a6], sa_mask[0]=11111111011111110111111111111111, sa_flags=SA_RESTART|SA_SIGINFO
SIGUSR2: [libjvm.dylib+0x607eb4], sa_mask[0]=00000000000000000000000000000000, sa_flags=SA_RESTART|SA_SIGINFO
SIGHUP: [libjvm.dylib+0x606f23], sa_mask[0]=11111111011111110111111111111111, sa_flags=SA_RESTART|SA_SIGINFO
SIGINT: [libjvm.dylib+0x606f23], sa_mask[0]=11111111011111110111111111111111, sa_flags=SA_RESTART|SA_SIGINFO
SIGTERM: [libjvm.dylib+0x606f23], sa_mask[0]=11111111011111110111111111111111, sa_flags=SA_RESTART|SA_SIGINFO
SIGQUIT: [libjvm.dylib+0x606f23], sa_mask[0]=11111111011111110111111111111111, sa_flags=SA_RESTART|SA_SIGINFO


---------------  S Y S T E M  ---------------

OS:uname:Darwin 19.6.0 Darwin Kernel Version 19.6.0: Mon Aug 31 22:12:52 PDT 2020; root:xnu-6153.141.2~1/RELEASE_X86_64 x86_64
OS uptime: 10 days 1:48 hours
rlimit: STACK 8192k, CORE 0k, NPROC 1392, NOFILE 10240, AS infinity, DATA infinity, FSIZE infinity
load average:54.53 13.76 6.11

CPU:total 4 (initial active 4) (2 cores per cpu, 2 threads per core) family 6 model 78 stepping 3, cmov, cx8, fxsr, mmx, sse, sse2, sse3, ssse3, sse4.1, sse4.2, popcnt, avx, avx2, aes, clmul, erms, 3dnowpref, lzcnt, ht, tsc, tscinvbit, bmi1, bmi2, adx, fma

Memory: 4k page, physical 8388608k(325528k free), swap 4194304k(768768k free)

vm_info: OpenJDK 64-Bit Server VM (14.0.1+14) for bsd-amd64 JRE (14.0.1+14), built on Jun 30 2020 17:14:54 by "brew" with clang 4.2.1 Compatible Apple LLVM 11.0.3 (clang-1103.0.32.62)

END.
