#
# A fatal error has been detected by the Java Runtime Environment:
#
#  SIGILL (0x4) at pc=0x00007fff341b428c, pid=20556, tid=55559
#
# JRE version: OpenJDK Runtime Environment (14.0.1+14) (build 14.0.1+14)
# Java VM: OpenJDK 64-Bit Server VM (14.0.1+14, mixed mode, sharing, tiered, compressed oops, g1 gc, bsd-amd64)
# Problematic frame:
# C  [AppKit+0x3e628c]  -[NSOpenGLContext setView:]+0xe5
#
# No core dump will be written. Core dumps have been disabled. To enable core dumping, try "ulimit -c unlimited" before starting Java again
#
# If you would like to submit a bug report, please visit:
#   https://bugreport.java.com/bugreport/crash.jsp
# The crash happened outside the Java Virtual Machine in native code.
# See problematic frame for where to report the bug.
#

---------------  S U M M A R Y ------------

Command Line: com.puppycrawl.tools.checkstyle.gui.Main

Host: MacBookPro13,2 x86_64 2900 MHz, 4 cores, 8G, Darwin 19.5.0
Time: Sun Oct  4 14:27:46 2020 PDT elapsed time: 92390 seconds (1d 1h 39m 50s)

---------------  T H R E A D  ---------------

Current thread (0x00007fd4e8016000):  JavaThread "Java2D Queue Flusher" daemon [_thread_in_native, id=55559, stack(0x00007000102d3000,0x00007000103d3000)]

Stack: [0x00007000102d3000,0x00007000103d3000],  sp=0x00007000103d2820,  free space=1022k
Native frames: (J=compiled Java code, A=aot compiled Java code, j=interpreted, Vv=VM code, C=native code)
C  [AppKit+0x3e628c]  -[NSOpenGLContext setView:]+0xe5
C  [libawt_lwawt.dylib+0x2120f]  CGLSD_MakeCurrentToScratch+0x45
C  [libawt_lwawt.dylib+0x21318]  OGLSD_MakeOGLContextCurrent+0x58
C  [libawt_lwawt.dylib+0x40481]  OGLContext_SetSurfaces+0x85
C  [libawt_lwawt.dylib+0x43f1d]  Java_sun_java2d_opengl_OGLRenderQueue_flushBuffer+0x62d
J 1945  sun.java2d.opengl.OGLRenderQueue.flushBuffer(JI)V java.desktop@14.0.1 (0 bytes) @ 0x000000011d4c725d [0x000000011d4c71a0+0x00000000000000bd]
J 1600 c1 sun.java2d.opengl.OGLRenderQueue.flushBuffer()V java.desktop@14.0.1 (41 bytes) @ 0x00000001161f721c [0x00000001161f70e0+0x000000000000013c]
j  sun.java2d.opengl.OGLRenderQueue$QueueFlusher.run()V+81 java.desktop@14.0.1
j  java.lang.Thread.run()V+11 java.base@14.0.1
v  ~StubRoutines::call_stub
V  [libjvm.dylib+0x35a5e7]  _ZN9JavaCalls11call_helperEP9JavaValueRK12methodHandleP17JavaCallArgumentsP6Thread+0x255
V  [libjvm.dylib+0x3599f0]  _ZN9JavaCalls12call_virtualEP9JavaValueP5KlassP6SymbolS5_P17JavaCallArgumentsP6Thread+0xfe
V  [libjvm.dylib+0x359aaa]  _ZN9JavaCalls12call_virtualEP9JavaValue6HandleP5KlassP6SymbolS6_P6Thread+0x62
V  [libjvm.dylib+0x3e9f23]  _ZL12thread_entryP10JavaThreadP6Thread+0x78
V  [libjvm.dylib+0x770436]  _ZN10JavaThread17thread_main_innerEv+0x86
V  [libjvm.dylib+0x77027a]  _ZN10JavaThread3runEv+0x11c
V  [libjvm.dylib+0x76e0d7]  _ZN6Thread8call_runEv+0x71
V  [libjvm.dylib+0x605d1d]  _ZL19thread_native_entryP6Thread+0x126
C  [libsystem_pthread.dylib+0x6109]  _pthread_start+0x94
C  [libsystem_pthread.dylib+0x1b8b]  thread_start+0xf

Java frames: (J=compiled Java code, j=interpreted, Vv=VM code)
J 1945  sun.java2d.opengl.OGLRenderQueue.flushBuffer(JI)V java.desktop@14.0.1 (0 bytes) @ 0x000000011d4c71e8 [0x000000011d4c71a0+0x0000000000000048]
J 1600 c1 sun.java2d.opengl.OGLRenderQueue.flushBuffer()V java.desktop@14.0.1 (41 bytes) @ 0x00000001161f721c [0x00000001161f70e0+0x000000000000013c]
j  sun.java2d.opengl.OGLRenderQueue$QueueFlusher.run()V+81 java.desktop@14.0.1
j  java.lang.Thread.run()V+11 java.base@14.0.1
v  ~StubRoutines::call_stub

siginfo: si_signo: 4 (SIGILL), si_code: 1 (ILL_ILLOPC), si_addr: 0x00007fff341b428c

Register to memory mapping:

RAX=0x0 is NULL
RBX=0x00007fd4e77c5e60 points into unknown readable memory: d0 14 53 ea d4 7f 00 00
RCX=0x0 is NULL
RDX=0x0 is NULL
RSP=0x00007000103d2820 is pointing into the stack for thread: 0x00007fd4e8016000
RBP=0x00007000103d2870 is pointing into the stack for thread: 0x00007fd4e8016000
RSI=0x000000001f08000c is an unknown value
RDI=0x0 is NULL
R8 =0x0 is NULL
R9 =0x0 is NULL
R10=0x0 is NULL
R11=0x0 is NULL
R12=0x00007fd4e8a36038 points into unknown readable memory: 00 00 00 00 00 00 00 00
R13=0x00007fd4ec28aa60 points into unknown readable memory: e0 75 e6 0b 01 00 00 00
R14=0x00007fd4ea530960 points into unknown readable memory: 8f 98 e9 8d ff ff 3d 00
R15=0x00007fd4ea5314d0 points into unknown readable memory: 8d 66 e9 8d ff ff 3d 01


Registers:
RAX=0x0000000000000000, RBX=0x00007fd4e77c5e60, RCX=0x0000000000000000, RDX=0x0000000000000000
RSP=0x00007000103d2820, RBP=0x00007000103d2870, RSI=0x000000001f08000c, RDI=0x0000000000000000
R8 =0x0000000000000000, R9 =0x0000000000000000, R10=0x0000000000000000, R11=0x0000000000000000
R12=0x00007fd4e8a36038, R13=0x00007fd4ec28aa60, R14=0x00007fd4ea530960, R15=0x00007fd4ea5314d0
RIP=0x00007fff341b428c, EFLAGS=0x0000000000010202, ERR=0x0000000000000000
  TRAPNO=0x0000000000000006

Top of Stack: (sp=0x00007000103d2820)
0x00007000103d2820:   00007000103d2830 00007fff6fa1066a
0x00007000103d2830:   00007000103d2870 00007fff341b3a7c
0x00007000103d2840:   00007000103d28d8 0000000000000001
0x00007000103d2850:   00007000103d2870 00007fd4e77c5e60
0x00007000103d2860:   00007fd4e8016310 00007fd4e8016310
0x00007000103d2870:   00007000103d28a0 000000010be4220f
0x00007000103d2880:   00007fd4e7415db0 00007fd4e77c5da0
0x00007000103d2890:   00007fd4e77c5e60 00007fd4e8016310
0x00007000103d28a0:   00007000103d28e0 000000010be42318
0x00007000103d28b0:   0000000000000005 00007fd4e8016310
0x00007000103d28c0:   00007fd4ec28aa60 00007000103d2a58
0x00007000103d28d0:   00007fd4e823d418 00007fd4ec28aa60
0x00007000103d28e0:   00007000103d2920 000000010be61481
0x00007000103d28f0:   000000010be64eee 00007fd4e823d408
0x00007000103d2900:   00007fd4ec28aa60 00007000103d2a58
0x00007000103d2910:   00007fd4e823d418 00007fd4ec28aa60
0x00007000103d2920:   00007000103d2980 000000010be64f1d
0x00007000103d2930:   00007fd4e9007f00 00007000103d2a48
0x00007000103d2940:   00000000e8016000 00007fd4e823d480
0x00007000103d2950:   00007fd4e8016310 000000015eae1db0
0x00007000103d2960:   0000000000000000 00007000103d2a58
0x00007000103d2970:   00007000103d2ae0 00007fd4e8016000
0x00007000103d2980:   00007000103d29d0 000000011d4c725d
0x00007000103d2990:   0000000780532d38 00007fd400000005
0x00007000103d29a0:   00007fd4e8016000 0000000105ff4a01
0x00007000103d29b0:   00007fd4ea513a90 00007000103d2a00
0x00007000103d29c0:   00000008003e9108 0000000000000000
0x00007000103d29d0:   00007000103d2ab8 00000001161f721c
0x00007000103d29e0:   00007000103d2a30 000000011d484fdb
0x00007000103d29f0:   00000007803aa898 000000011d486259
0x00007000103d2a00:   00000007803aa898 000000010b93c384
0x00007000103d2a10:   00007000103d2a58 000000010b93cc40 

Instructions: (pc=0x00007fff341b428c)
0x00007fff341b418c:   c3 90 90 90 90 90 90 90 90 55 48 89 e5 48 8b 35
0x00007fff341b419c:   60 48 ca 59 5d ff 25 e1 06 99 59 55 48 89 e5 41
0x00007fff341b41ac:   57 41 56 53 48 83 ec 38 49 89 d6 49 89 ff 8a 05
0x00007fff341b41bc:   e8 61 d1 59 84 c0 0f 84 90 00 00 00 04 fe 84 c0
0x00007fff341b41cc:   75 0d e8 f9 fc 77 00 85 c0 0f 84 a5 00 00 00 48
0x00007fff341b41dc:   8b 35 de 36 c9 59 4c 89 ff ff 15 9d 06 99 59 49
0x00007fff341b41ec:   8d 7f 08 e8 1c fb 77 00 4c 39 f0 74 3e 48 8b 0d
0x00007fff341b41fc:   78 ed 98 59 48 8d 7d b0 48 89 0f b9 00 00 00 c2
0x00007fff341b420c:   48 89 4f 08 48 8d 0d 63 31 32 00 48 89 4f 10 48
0x00007fff341b421c:   8d 0d be 87 99 59 48 89 4f 18 48 89 47 20 4c 89
0x00007fff341b422c:   7f 28 4c 89 77 30 e8 a3 38 cb ff 31 db 48 8b 35
0x00007fff341b423c:   88 36 c9 59 4c 89 ff ff 15 3f 06 99 59 84 db 75
0x00007fff341b424c:   2c 48 83 c4 38 5b 41 5e 41 5f 5d c3 48 8d 3d 39
0x00007fff341b425c:   f4 9e 59 48 8d 15 42 61 d1 59 48 8d 0d d8 39 32
0x00007fff341b426c:   00 31 f6 e8 a0 e9 c1 ff e9 51 ff ff ff e8 62 fa
0x00007fff341b427c:   77 00 0f 0b 48 8d 3d 13 69 7f 00 e8 b4 f4 77 00
0x00007fff341b428c:   0f 0b 49 89 c6 eb 13 48 89 c7 e8 15 fa 77 00 b3
0x00007fff341b429c:   01 eb 9a 49 89 c6 84 db 74 05 e8 29 fa 77 00 4c
0x00007fff341b42ac:   89 f7 e8 af f3 77 00 0f 0b e8 f8 fa 77 00 55 48
0x00007fff341b42bc:   89 e5 41 57 41 56 41 54 53 41 89 f6 48 89 fb 48
0x00007fff341b42cc:   83 c7 08 e8 3c fa 77 00 49 89 c7 48 89 df e8 45
0x00007fff341b42dc:   00 00 00 49 89 c4 4c 89 ff 31 f6 e8 88 00 00 00
0x00007fff341b42ec:   49 89 c7 45 0f be f6 4d 85 e4 74 0b 48 89 df 44
0x00007fff341b42fc:   89 f6 e8 42 97 04 00 4d 85 ff 74 13 48 89 df 44
0x00007fff341b430c:   89 f6 5b 41 5c 41 5e 41 5f 5d e9 e5 48 04 00 5b
0x00007fff341b431c:   41 5c 41 5e 41 5f 5d c3 55 48 89 e5 41 56 53 48
0x00007fff341b432c:   89 fb 4c 8d 35 d3 ad d0 59 4c 89 f7 e8 a1 fb 77
0x00007fff341b433c:   00 48 8b 3d 5c 60 d1 59 48 8b 35 fd 0e c9 59 48
0x00007fff341b434c:   89 da ff 15 34 05 99 59 48 89 c7 ff 15 3b 05 99
0x00007fff341b435c:   59 48 89 c3 4c 89 f7 e8 7c fb 77 00 48 89 df 5b
0x00007fff341b436c:   41 5e 5d e9 24 f9 77 00 55 48 89 e5 41 57 41 56
0x00007fff341b437c:   53 50 41 89 f7 49 89 fe 48 8d 3d 3d ad d0 59 e8 


Stack slot to memory mapping:
stack at sp + 0 slots: 0x00007000103d2830 is pointing into the stack for thread: 0x00007fd4e8016000
stack at sp + 1 slots: 0x00007fff6fa1066a: class_respondsToSelector_inst+0x1a in /usr/lib/libobjc.A.dylib at 0x00007fff6fa05000
stack at sp + 2 slots: 0x00007000103d2870 is pointing into the stack for thread: 0x00007fd4e8016000
stack at sp + 3 slots: 0x00007fff341b3a7c: -[NSOpenGLContext makeCurrentContext]+0x125 in /System/Library/Frameworks/AppKit.framework/Versions/C/AppKit at 0x00007fff33dce000
stack at sp + 4 slots: 0x00007000103d28d8 is pointing into the stack for thread: 0x00007fd4e8016000
stack at sp + 5 slots: 0x0000000000000001 is an unknown value
stack at sp + 6 slots: 0x00007000103d2870 is pointing into the stack for thread: 0x00007fd4e8016000
stack at sp + 7 slots: 0x00007fd4e77c5e60 points into unknown readable memory: d0 14 53 ea d4 7f 00 00


---------------  P R O C E S S  ---------------

Threads class SMR info:
_java_thread_list=0x00007fd4ec942f90, length=16, elements={
0x00007fd4e80b0000, 0x00007fd4e80b3000, 0x00007fd4e80b5800, 0x00007fd4e7823000,
0x00007fd4e80b1800, 0x00007fd4e881c000, 0x00007fd4e880f000, 0x00007fd4e80a1800,
0x00007fd4e887f000, 0x00007fd4e8144000, 0x00007fd4e9828800, 0x00007fd4e7904800,
0x00007fd4e9870000, 0x00007fd4e8016000, 0x00007fd4e8a37000, 0x00007fd4e8cbd800
}

Java Threads: ( => current thread )
  0x00007fd4e80b0000 JavaThread "Reference Handler" daemon [_thread_blocked, id=17667, stack(0x000070000f420000,0x000070000f520000)]
  0x00007fd4e80b3000 JavaThread "Finalizer" daemon [_thread_blocked, id=14595, stack(0x000070000f523000,0x000070000f623000)]
  0x00007fd4e80b5800 JavaThread "Signal Dispatcher" daemon [_thread_blocked, id=22019, stack(0x000070000f72c000,0x000070000f82c000)]
  0x00007fd4e7823000 JavaThread "Service Thread" daemon [_thread_blocked, id=22275, stack(0x000070000f82f000,0x000070000f92f000)]
  0x00007fd4e80b1800 JavaThread "C2 CompilerThread0" daemon [_thread_blocked, id=22787, stack(0x000070000f932000,0x000070000fa32000)]
  0x00007fd4e881c000 JavaThread "C1 CompilerThread0" daemon [_thread_blocked, id=23299, stack(0x000070000fa35000,0x000070000fb35000)]
  0x00007fd4e880f000 JavaThread "Sweeper thread" daemon [_thread_blocked, id=23811, stack(0x000070000fb38000,0x000070000fc38000)]
  0x00007fd4e80a1800 JavaThread "Notification Thread" daemon [_thread_blocked, id=24579, stack(0x000070000fc3b000,0x000070000fd3b000)]
  0x00007fd4e887f000 JavaThread "Common-Cleaner" daemon [_thread_blocked, id=25603, stack(0x000070000fe41000,0x000070000ff41000)]
  0x00007fd4e8144000 JavaThread "AppKit Thread" daemon [_thread_blocked, id=775, stack(0x00007ffeea424000,0x00007ffeeac24000)]
  0x00007fd4e9828800 JavaThread "AWT-Shutdown" [_thread_blocked, id=36107, stack(0x000070000ff44000,0x0000700010044000)]
  0x00007fd4e7904800 JavaThread "AWT-EventQueue-0" [_thread_in_vm, id=78339, stack(0x00007000101d0000,0x00007000102d0000)]
  0x00007fd4e9870000 JavaThread "DestroyJavaVM" [_thread_blocked, id=6403, stack(0x000070000ed0b000,0x000070000ee0b000)]
=>0x00007fd4e8016000 JavaThread "Java2D Queue Flusher" daemon [_thread_in_native, id=55559, stack(0x00007000102d3000,0x00007000103d3000)]
  0x00007fd4e8a37000 JavaThread "Java2D Disposer" daemon [_thread_blocked, id=58627, stack(0x00007000103d6000,0x00007000104d6000)]
  0x00007fd4e8cbd800 JavaThread "TimerQueue" daemon [_thread_blocked, id=66087, stack(0x000070001055c000,0x000070001065c000)]

Other Threads:
  0x00007fd4e80af000 VMThread "VM Thread" [stack: 0x000070000f31d000,0x000070000f41d000] [id=18435]
  0x00007fd4e80f3000 WatcherThread [stack: 0x000070000fd3e000,0x000070000fe3e000] [id=25091]
  0x00007fd4e8036000 GCTaskThread "GC Thread#0" [stack: 0x000070000ee0e000,0x000070000ef0e000] [id=20227]
  0x00007fd4e859d800 GCTaskThread "GC Thread#1" [stack: 0x000070001065f000,0x000070001075f000] [id=128567]
  0x00007fd4e859e800 GCTaskThread "GC Thread#2" [stack: 0x0000700010762000,0x0000700010862000] [id=130415]
  0x00007fd4e79b7000 GCTaskThread "GC Thread#3" [stack: 0x0000700010865000,0x0000700010965000] [id=88367]
  0x00007fd4e7808800 ConcurrentGCThread "G1 Main Marker" [stack: 0x000070000ef11000,0x000070000f011000] [id=19715]
  0x00007fd4e8036800 ConcurrentGCThread "G1 Conc#0" [stack: 0x000070000f014000,0x000070000f114000] [id=13315]
  0x00007fd4e8087800 ConcurrentGCThread "G1 Refine#0" [stack: 0x000070000f117000,0x000070000f217000] [id=13571]
  0x00007fd4e7ab6000 ConcurrentGCThread "G1 Refine#1" [stack: 0x0000700010968000,0x0000700010a68000] [id=127747]
  0x00007fd4e8785800 ConcurrentGCThread "G1 Refine#2" [stack: 0x0000700010a6b000,0x0000700010b6b000] [id=127235]
  0x00007fd4e781b800 ConcurrentGCThread "G1 Young RemSet Sampling" [stack: 0x000070000f21a000,0x000070000f31a000] [id=18691]

Threads with active compile tasks:

VM state:not at safepoint (normal execution)

VM Mutex/Monitor currently owned by a thread: None

Heap address: 0x0000000780000000, size: 2048 MB, Compressed Oops mode: Zero based, Oop shift amount: 3
Narrow klass base: 0x0000000800000000, Narrow klass shift: 3
Compressed class space size: 1073741824 Address: 0x0000000800b19000

Heap:
 garbage-first heap   total 133120K, used 45489K [0x0000000780000000, 0x0000000800000000)
  region size 1024K, 25 young (25600K), 6 survivors (6144K)
 Metaspace       used 16303K, capacity 16672K, committed 16896K, reserved 1064960K
  class space    used 1835K, capacity 2011K, committed 2048K, reserved 1048576K
Heap Regions: E=young(eden), S=young(survivor), O=old, HS=humongous(starts), HC=humongous(continues), CS=collection set, F=free, OA=open archive, CA=closed archive, TAMS=top-at-mark-start (previous, next)
|   0|0x0000000780000000, 0x0000000780100000, 0x0000000780100000|100%|HS|  |TAMS 0x0000000780000000, 0x0000000780000000| Complete 
|   1|0x0000000780100000, 0x0000000780200000, 0x0000000780200000|100%| O|  |TAMS 0x0000000780100000, 0x0000000780100000| Untracked 
|   2|0x0000000780200000, 0x0000000780300000, 0x0000000780300000|100%| O|  |TAMS 0x0000000780200000, 0x0000000780200000| Untracked 
|   3|0x0000000780300000, 0x0000000780400000, 0x0000000780400000|100%| O|  |TAMS 0x0000000780300000, 0x0000000780300000| Untracked 
|   4|0x0000000780400000, 0x0000000780500000, 0x0000000780500000|100%| O|  |TAMS 0x0000000780400000, 0x0000000780400000| Untracked 
|   5|0x0000000780500000, 0x0000000780600000, 0x0000000780600000|100%| O|  |TAMS 0x0000000780500000, 0x0000000780500000| Untracked 
|   6|0x0000000780600000, 0x0000000780700000, 0x0000000780700000|100%| O|  |TAMS 0x0000000780600000, 0x0000000780600000| Untracked 
|   7|0x0000000780700000, 0x0000000780800000, 0x0000000780800000|100%| O|  |TAMS 0x0000000780700000, 0x0000000780700000| Untracked 
|   8|0x0000000780800000, 0x0000000780824e00, 0x0000000780900000| 14%| O|  |TAMS 0x0000000780800000, 0x0000000780800000| Untracked 
|   9|0x0000000780900000, 0x0000000780a00000, 0x0000000780a00000|100%|HS|  |TAMS 0x0000000780900000, 0x0000000780900000| Complete 
|  10|0x0000000780a00000, 0x0000000780b00000, 0x0000000780b00000|100%|HC|  |TAMS 0x0000000780a00000, 0x0000000780a00000| Complete 
|  11|0x0000000780b00000, 0x0000000780c00000, 0x0000000780c00000|100%|HC|  |TAMS 0x0000000780b00000, 0x0000000780b00000| Complete 
|  12|0x0000000780c00000, 0x0000000780d00000, 0x0000000780d00000|100%|HC|  |TAMS 0x0000000780c00000, 0x0000000780c00000| Complete 
|  13|0x0000000780d00000, 0x0000000780e00000, 0x0000000780e00000|100%|HC|  |TAMS 0x0000000780d00000, 0x0000000780d00000| Complete 
|  14|0x0000000780e00000, 0x0000000780f00000, 0x0000000780f00000|100%|HC|  |TAMS 0x0000000780e00000, 0x0000000780e00000| Complete 
|  15|0x0000000780f00000, 0x0000000781000000, 0x0000000781000000|100%|HS|  |TAMS 0x0000000780f00000, 0x0000000780f00000| Complete 
|  16|0x0000000781000000, 0x0000000781100000, 0x0000000781100000|100%|HC|  |TAMS 0x0000000781000000, 0x0000000781000000| Complete 
|  17|0x0000000781100000, 0x0000000781200000, 0x0000000781200000|100%|HC|  |TAMS 0x0000000781100000, 0x0000000781100000| Complete 
|  18|0x0000000781200000, 0x0000000781300000, 0x0000000781300000|100%|HC|  |TAMS 0x0000000781200000, 0x0000000781200000| Complete 
|  19|0x0000000781300000, 0x0000000781400000, 0x0000000781400000|100%|HC|  |TAMS 0x0000000781300000, 0x0000000781300000| Complete 
|  20|0x0000000781400000, 0x0000000781500000, 0x0000000781500000|100%|HC|  |TAMS 0x0000000781400000, 0x0000000781400000| Complete 
|  21|0x0000000781500000, 0x0000000781500000, 0x0000000781600000|  0%| F|  |TAMS 0x0000000781500000, 0x0000000781500000| Untracked 
|  22|0x0000000781600000, 0x0000000781600000, 0x0000000781700000|  0%| F|  |TAMS 0x0000000781600000, 0x0000000781600000| Untracked 
|  23|0x0000000781700000, 0x0000000781700000, 0x0000000781800000|  0%| F|  |TAMS 0x0000000781700000, 0x0000000781700000| Untracked 
|  24|0x0000000781800000, 0x0000000781800000, 0x0000000781900000|  0%| F|  |TAMS 0x0000000781800000, 0x0000000781800000| Untracked 
|  25|0x0000000781900000, 0x0000000781900000, 0x0000000781a00000|  0%| F|  |TAMS 0x0000000781900000, 0x0000000781900000| Untracked 
|  26|0x0000000781a00000, 0x0000000781a00000, 0x0000000781b00000|  0%| F|  |TAMS 0x0000000781a00000, 0x0000000781a00000| Untracked 
|  27|0x0000000781b00000, 0x0000000781b00000, 0x0000000781c00000|  0%| F|  |TAMS 0x0000000781b00000, 0x0000000781b00000| Untracked 
|  28|0x0000000781c00000, 0x0000000781c00000, 0x0000000781d00000|  0%| F|  |TAMS 0x0000000781c00000, 0x0000000781c00000| Untracked 
|  29|0x0000000781d00000, 0x0000000781d00000, 0x0000000781e00000|  0%| F|  |TAMS 0x0000000781d00000, 0x0000000781d00000| Untracked 
|  30|0x0000000781e00000, 0x0000000781e00000, 0x0000000781f00000|  0%| F|  |TAMS 0x0000000781e00000, 0x0000000781e00000| Untracked 
|  31|0x0000000781f00000, 0x0000000781f00000, 0x0000000782000000|  0%| F|  |TAMS 0x0000000781f00000, 0x0000000781f00000| Untracked 
|  32|0x0000000782000000, 0x0000000782000000, 0x0000000782100000|  0%| F|  |TAMS 0x0000000782000000, 0x0000000782000000| Untracked 
|  33|0x0000000782100000, 0x0000000782100000, 0x0000000782200000|  0%| F|  |TAMS 0x0000000782100000, 0x0000000782100000| Untracked 
|  34|0x0000000782200000, 0x0000000782200000, 0x0000000782300000|  0%| F|  |TAMS 0x0000000782200000, 0x0000000782200000| Untracked 
|  35|0x0000000782300000, 0x0000000782300000, 0x0000000782400000|  0%| F|  |TAMS 0x0000000782300000, 0x0000000782300000| Untracked 
|  36|0x0000000782400000, 0x0000000782400000, 0x0000000782500000|  0%| F|  |TAMS 0x0000000782400000, 0x0000000782400000| Untracked 
|  37|0x0000000782500000, 0x0000000782500000, 0x0000000782600000|  0%| F|  |TAMS 0x0000000782500000, 0x0000000782500000| Untracked 
|  38|0x0000000782600000, 0x0000000782600000, 0x0000000782700000|  0%| F|  |TAMS 0x0000000782600000, 0x0000000782600000| Untracked 
|  39|0x0000000782700000, 0x0000000782700000, 0x0000000782800000|  0%| F|  |TAMS 0x0000000782700000, 0x0000000782700000| Untracked 
|  40|0x0000000782800000, 0x0000000782800000, 0x0000000782900000|  0%| F|  |TAMS 0x0000000782800000, 0x0000000782800000| Untracked 
|  41|0x0000000782900000, 0x0000000782900000, 0x0000000782a00000|  0%| F|  |TAMS 0x0000000782900000, 0x0000000782900000| Untracked 
|  42|0x0000000782a00000, 0x0000000782a00000, 0x0000000782b00000|  0%| F|  |TAMS 0x0000000782a00000, 0x0000000782a00000| Untracked 
|  43|0x0000000782b00000, 0x0000000782b00000, 0x0000000782c00000|  0%| F|  |TAMS 0x0000000782b00000, 0x0000000782b00000| Untracked 
|  44|0x0000000782c00000, 0x0000000782c00000, 0x0000000782d00000|  0%| F|  |TAMS 0x0000000782c00000, 0x0000000782c00000| Untracked 
|  45|0x0000000782d00000, 0x0000000782d00000, 0x0000000782e00000|  0%| F|  |TAMS 0x0000000782d00000, 0x0000000782d00000| Untracked 
|  46|0x0000000782e00000, 0x0000000782e00000, 0x0000000782f00000|  0%| F|  |TAMS 0x0000000782e00000, 0x0000000782e00000| Untracked 
|  47|0x0000000782f00000, 0x0000000782f00000, 0x0000000783000000|  0%| F|  |TAMS 0x0000000782f00000, 0x0000000782f00000| Untracked 
|  48|0x0000000783000000, 0x0000000783000000, 0x0000000783100000|  0%| F|  |TAMS 0x0000000783000000, 0x0000000783000000| Untracked 
|  49|0x0000000783100000, 0x0000000783100000, 0x0000000783200000|  0%| F|  |TAMS 0x0000000783100000, 0x0000000783100000| Untracked 
|  50|0x0000000783200000, 0x0000000783279730, 0x0000000783300000| 47%| S|CS|TAMS 0x0000000783200000, 0x0000000783200000| Complete 
|  51|0x0000000783300000, 0x0000000783400000, 0x0000000783400000|100%| S|CS|TAMS 0x0000000783300000, 0x0000000783300000| Complete 
|  52|0x0000000783400000, 0x0000000783400000, 0x0000000783500000|  0%| F|  |TAMS 0x0000000783400000, 0x0000000783400000| Untracked 
|  53|0x0000000783500000, 0x0000000783500000, 0x0000000783600000|  0%| F|  |TAMS 0x0000000783500000, 0x0000000783500000| Untracked 
|  54|0x0000000783600000, 0x0000000783700000, 0x0000000783700000|100%| S|CS|TAMS 0x0000000783600000, 0x0000000783600000| Complete 
|  55|0x0000000783700000, 0x0000000783800000, 0x0000000783800000|100%| S|CS|TAMS 0x0000000783700000, 0x0000000783700000| Complete 
|  56|0x0000000783800000, 0x0000000783900000, 0x0000000783900000|100%| S|CS|TAMS 0x0000000783800000, 0x0000000783800000| Complete 
|  57|0x0000000783900000, 0x0000000783a00000, 0x0000000783a00000|100%| S|CS|TAMS 0x0000000783900000, 0x0000000783900000| Complete 
|  58|0x0000000783a00000, 0x0000000783a00000, 0x0000000783b00000|  0%| F|  |TAMS 0x0000000783a00000, 0x0000000783a00000| Untracked 
|  59|0x0000000783b00000, 0x0000000783b00000, 0x0000000783c00000|  0%| F|  |TAMS 0x0000000783b00000, 0x0000000783b00000| Untracked 
|  60|0x0000000783c00000, 0x0000000783c00000, 0x0000000783d00000|  0%| F|  |TAMS 0x0000000783c00000, 0x0000000783c00000| Untracked 
|  61|0x0000000783d00000, 0x0000000783d00000, 0x0000000783e00000|  0%| F|  |TAMS 0x0000000783d00000, 0x0000000783d00000| Untracked 
|  62|0x0000000783e00000, 0x0000000783e00000, 0x0000000783f00000|  0%| F|  |TAMS 0x0000000783e00000, 0x0000000783e00000| Untracked 
|  63|0x0000000783f00000, 0x0000000783f00000, 0x0000000784000000|  0%| F|  |TAMS 0x0000000783f00000, 0x0000000783f00000| Untracked 
|  64|0x0000000784000000, 0x0000000784000000, 0x0000000784100000|  0%| F|  |TAMS 0x0000000784000000, 0x0000000784000000| Untracked 
|  65|0x0000000784100000, 0x0000000784100000, 0x0000000784200000|  0%| F|  |TAMS 0x0000000784100000, 0x0000000784100000| Untracked 
|  66|0x0000000784200000, 0x0000000784200000, 0x0000000784300000|  0%| F|  |TAMS 0x0000000784200000, 0x0000000784200000| Untracked 
|  67|0x0000000784300000, 0x0000000784300000, 0x0000000784400000|  0%| F|  |TAMS 0x0000000784300000, 0x0000000784300000| Untracked 
|  68|0x0000000784400000, 0x0000000784400000, 0x0000000784500000|  0%| F|  |TAMS 0x0000000784400000, 0x0000000784400000| Untracked 
|  69|0x0000000784500000, 0x0000000784500000, 0x0000000784600000|  0%| F|  |TAMS 0x0000000784500000, 0x0000000784500000| Untracked 
|  70|0x0000000784600000, 0x0000000784600000, 0x0000000784700000|  0%| F|  |TAMS 0x0000000784600000, 0x0000000784600000| Untracked 
|  71|0x0000000784700000, 0x0000000784700000, 0x0000000784800000|  0%| F|  |TAMS 0x0000000784700000, 0x0000000784700000| Untracked 
|  72|0x0000000784800000, 0x0000000784800000, 0x0000000784900000|  0%| F|  |TAMS 0x0000000784800000, 0x0000000784800000| Untracked 
|  73|0x0000000784900000, 0x0000000784900000, 0x0000000784a00000|  0%| F|  |TAMS 0x0000000784900000, 0x0000000784900000| Untracked 
|  74|0x0000000784a00000, 0x0000000784a00000, 0x0000000784b00000|  0%| F|  |TAMS 0x0000000784a00000, 0x0000000784a00000| Untracked 
|  75|0x0000000784b00000, 0x0000000784b00000, 0x0000000784c00000|  0%| F|  |TAMS 0x0000000784b00000, 0x0000000784b00000| Untracked 
|  76|0x0000000784c00000, 0x0000000784c00000, 0x0000000784d00000|  0%| F|  |TAMS 0x0000000784c00000, 0x0000000784c00000| Untracked 
|  77|0x0000000784d00000, 0x0000000784d00000, 0x0000000784e00000|  0%| F|  |TAMS 0x0000000784d00000, 0x0000000784d00000| Untracked 
|  78|0x0000000784e00000, 0x0000000784e00000, 0x0000000784f00000|  0%| F|  |TAMS 0x0000000784e00000, 0x0000000784e00000| Untracked 
|  79|0x0000000784f00000, 0x0000000784f00000, 0x0000000785000000|  0%| F|  |TAMS 0x0000000784f00000, 0x0000000784f00000| Untracked 
|  80|0x0000000785000000, 0x0000000785000000, 0x0000000785100000|  0%| F|  |TAMS 0x0000000785000000, 0x0000000785000000| Untracked 
|  81|0x0000000785100000, 0x0000000785100000, 0x0000000785200000|  0%| F|  |TAMS 0x0000000785100000, 0x0000000785100000| Untracked 
|  82|0x0000000785200000, 0x0000000785200000, 0x0000000785300000|  0%| F|  |TAMS 0x0000000785200000, 0x0000000785200000| Untracked 
|  83|0x0000000785300000, 0x0000000785300000, 0x0000000785400000|  0%| F|  |TAMS 0x0000000785300000, 0x0000000785300000| Untracked 
|  84|0x0000000785400000, 0x0000000785400000, 0x0000000785500000|  0%| F|  |TAMS 0x0000000785400000, 0x0000000785400000| Untracked 
|  85|0x0000000785500000, 0x0000000785500000, 0x0000000785600000|  0%| F|  |TAMS 0x0000000785500000, 0x0000000785500000| Untracked 
|  86|0x0000000785600000, 0x0000000785600000, 0x0000000785700000|  0%| F|  |TAMS 0x0000000785600000, 0x0000000785600000| Untracked 
|  87|0x0000000785700000, 0x0000000785700000, 0x0000000785800000|  0%| F|  |TAMS 0x0000000785700000, 0x0000000785700000| Untracked 
|  88|0x0000000785800000, 0x0000000785800000, 0x0000000785900000|  0%| F|  |TAMS 0x0000000785800000, 0x0000000785800000| Untracked 
|  89|0x0000000785900000, 0x0000000785900000, 0x0000000785a00000|  0%| F|  |TAMS 0x0000000785900000, 0x0000000785900000| Untracked 
|  90|0x0000000785a00000, 0x0000000785a00000, 0x0000000785b00000|  0%| F|  |TAMS 0x0000000785a00000, 0x0000000785a00000| Untracked 
|  91|0x0000000785b00000, 0x0000000785b00000, 0x0000000785c00000|  0%| F|  |TAMS 0x0000000785b00000, 0x0000000785b00000| Untracked 
|  92|0x0000000785c00000, 0x0000000785c00000, 0x0000000785d00000|  0%| F|  |TAMS 0x0000000785c00000, 0x0000000785c00000| Untracked 
|  93|0x0000000785d00000, 0x0000000785d00000, 0x0000000785e00000|  0%| F|  |TAMS 0x0000000785d00000, 0x0000000785d00000| Untracked 
|  94|0x0000000785e00000, 0x0000000785e00000, 0x0000000785f00000|  0%| F|  |TAMS 0x0000000785e00000, 0x0000000785e00000| Untracked 
|  95|0x0000000785f00000, 0x0000000785f00000, 0x0000000786000000|  0%| F|  |TAMS 0x0000000785f00000, 0x0000000785f00000| Untracked 
|  96|0x0000000786000000, 0x0000000786000000, 0x0000000786100000|  0%| F|  |TAMS 0x0000000786000000, 0x0000000786000000| Untracked 
|  97|0x0000000786100000, 0x0000000786100000, 0x0000000786200000|  0%| F|  |TAMS 0x0000000786100000, 0x0000000786100000| Untracked 
|  98|0x0000000786200000, 0x0000000786200000, 0x0000000786300000|  0%| F|  |TAMS 0x0000000786200000, 0x0000000786200000| Untracked 
|  99|0x0000000786300000, 0x0000000786300000, 0x0000000786400000|  0%| F|  |TAMS 0x0000000786300000, 0x0000000786300000| Untracked 
| 100|0x0000000786400000, 0x0000000786400000, 0x0000000786500000|  0%| F|  |TAMS 0x0000000786400000, 0x0000000786400000| Untracked 
| 101|0x0000000786500000, 0x0000000786500000, 0x0000000786600000|  0%| F|  |TAMS 0x0000000786500000, 0x0000000786500000| Untracked 
| 102|0x0000000786600000, 0x0000000786600000, 0x0000000786700000|  0%| F|  |TAMS 0x0000000786600000, 0x0000000786600000| Untracked 
| 103|0x0000000786700000, 0x0000000786700000, 0x0000000786800000|  0%| F|  |TAMS 0x0000000786700000, 0x0000000786700000| Untracked 
| 104|0x0000000786800000, 0x0000000786800000, 0x0000000786900000|  0%| F|  |TAMS 0x0000000786800000, 0x0000000786800000| Untracked 
| 105|0x0000000786900000, 0x0000000786900000, 0x0000000786a00000|  0%| F|  |TAMS 0x0000000786900000, 0x0000000786900000| Untracked 
| 106|0x0000000786a00000, 0x0000000786a00000, 0x0000000786b00000|  0%| F|  |TAMS 0x0000000786a00000, 0x0000000786a00000| Untracked 
| 107|0x0000000786b00000, 0x0000000786b00000, 0x0000000786c00000|  0%| F|  |TAMS 0x0000000786b00000, 0x0000000786b00000| Untracked 
| 108|0x0000000786c00000, 0x0000000786c00000, 0x0000000786d00000|  0%| F|  |TAMS 0x0000000786c00000, 0x0000000786c00000| Untracked 
| 109|0x0000000786d00000, 0x0000000786e00000, 0x0000000786e00000|100%| E|  |TAMS 0x0000000786d00000, 0x0000000786d00000| Complete 
| 110|0x0000000786e00000, 0x0000000786f00000, 0x0000000786f00000|100%| E|CS|TAMS 0x0000000786e00000, 0x0000000786e00000| Complete 
| 111|0x0000000786f00000, 0x0000000787000000, 0x0000000787000000|100%| E|CS|TAMS 0x0000000786f00000, 0x0000000786f00000| Complete 
| 112|0x0000000787000000, 0x0000000787100000, 0x0000000787100000|100%| E|CS|TAMS 0x0000000787000000, 0x0000000787000000| Complete 
| 113|0x0000000787100000, 0x0000000787200000, 0x0000000787200000|100%| E|CS|TAMS 0x0000000787100000, 0x0000000787100000| Complete 
| 114|0x0000000787200000, 0x0000000787300000, 0x0000000787300000|100%| E|CS|TAMS 0x0000000787200000, 0x0000000787200000| Complete 
| 115|0x0000000787300000, 0x0000000787400000, 0x0000000787400000|100%| E|CS|TAMS 0x0000000787300000, 0x0000000787300000| Complete 
| 116|0x0000000787400000, 0x0000000787500000, 0x0000000787500000|100%| E|CS|TAMS 0x0000000787400000, 0x0000000787400000| Complete 
| 117|0x0000000787500000, 0x0000000787600000, 0x0000000787600000|100%| E|CS|TAMS 0x0000000787500000, 0x0000000787500000| Complete 
| 118|0x0000000787600000, 0x0000000787700000, 0x0000000787700000|100%| E|CS|TAMS 0x0000000787600000, 0x0000000787600000| Complete 
| 119|0x0000000787700000, 0x0000000787800000, 0x0000000787800000|100%| E|CS|TAMS 0x0000000787700000, 0x0000000787700000| Complete 
| 120|0x0000000787800000, 0x0000000787900000, 0x0000000787900000|100%| E|CS|TAMS 0x0000000787800000, 0x0000000787800000| Complete 
| 121|0x0000000787900000, 0x0000000787a00000, 0x0000000787a00000|100%| E|CS|TAMS 0x0000000787900000, 0x0000000787900000| Complete 
| 122|0x0000000787a00000, 0x0000000787b00000, 0x0000000787b00000|100%| E|CS|TAMS 0x0000000787a00000, 0x0000000787a00000| Complete 
| 123|0x0000000787b00000, 0x0000000787c00000, 0x0000000787c00000|100%| E|CS|TAMS 0x0000000787b00000, 0x0000000787b00000| Complete 
| 124|0x0000000787c00000, 0x0000000787d00000, 0x0000000787d00000|100%| E|CS|TAMS 0x0000000787c00000, 0x0000000787c00000| Complete 
| 125|0x0000000787d00000, 0x0000000787e00000, 0x0000000787e00000|100%| E|CS|TAMS 0x0000000787d00000, 0x0000000787d00000| Complete 
| 126|0x0000000787e00000, 0x0000000787f00000, 0x0000000787f00000|100%| E|CS|TAMS 0x0000000787e00000, 0x0000000787e00000| Complete 
| 127|0x0000000787f00000, 0x0000000788000000, 0x0000000788000000|100%| E|CS|TAMS 0x0000000787f00000, 0x0000000787f00000| Complete 
|1022|0x00000007bfe00000, 0x00000007bfe52000, 0x00000007bff00000| 32%|OA|  |TAMS 0x00000007bfe00000, 0x00000007bfe00000| Untracked 
|1023|0x00000007bff00000, 0x00000007bff7c000, 0x00000007c0000000| 48%|CA|  |TAMS 0x00000007bff00000, 0x00000007bff00000| Untracked 

Card table byte_map: [0x0000000106d27000,0x0000000107127000] _byte_map_base: 0x0000000103127000

Marking Bits (Prev, Next): (CMBitMap*) 0x00007fd4e780b018, (CMBitMap*) 0x00007fd4e780b058
 Prev Bits: [0x0000000107527000, 0x0000000109527000)
 Next Bits: [0x0000000109527000, 0x000000010b527000)

Polling page: 0x000000010500d000

Metaspace:

Usage:
  Non-class:     14.32 MB capacity,    14.13 MB ( 99%) used,   152.09 KB (  1%) free+waste,    39.56 KB ( <1%) overhead. 
      Class:      1.96 MB capacity,     1.79 MB ( 91%) used,   154.05 KB (  8%) free+waste,    21.94 KB (  1%) overhead. 
       Both:     16.28 MB capacity,    15.92 MB ( 98%) used,   306.14 KB (  2%) free+waste,    61.50 KB ( <1%) overhead. 

Virtual space:
  Non-class space:       16.00 MB reserved,      14.50 MB ( 91%) committed 
      Class space:        1.00 GB reserved,       2.00 MB ( <1%) committed 
             Both:        1.02 GB reserved,      16.50 MB (  2%) committed 

Chunk freelists:
   Non-Class:  115.00 KB
       Class:  1.00 KB
        Both:  116.00 KB

MaxMetaspaceSize: unlimited
CompressedClassSpaceSize: 1.00 GB

CodeHeap 'non-profiled nmethods': size=120032Kb used=3150Kb max_used=3177Kb free=116881Kb
 bounds [0x000000011d43b000, 0x000000011d75b000, 0x0000000124973000]
CodeHeap 'profiled nmethods': size=120028Kb used=7025Kb max_used=7700Kb free=113002Kb
 bounds [0x0000000115f04000, 0x0000000116694000, 0x000000011d43b000]
CodeHeap 'non-nmethods': size=5700Kb used=1385Kb max_used=1442Kb free=4314Kb
 bounds [0x0000000115973000, 0x0000000115be3000, 0x0000000115f04000]
 total_blobs=6829 nmethods=3683 adapters=611
 compilation: enabled
              stopped_count=0, restarted_count=0
 full_count=0

Compilation events (20 events):
Event: 26670.948 Thread 0x00007fd4e881c000 nmethod 4490 0x000000011d49ee10 code [0x000000011d49efa0, 0x000000011d49f070]
Event: 27076.993 Thread 0x00007fd4e80b1800 4491       4       sun.lwawt.macosx.NSEvent::nsToJavaEventType (186 bytes)
Event: 27076.995 Thread 0x00007fd4e80b1800 nmethod 4491 0x000000011d6e3310 code [0x000000011d6e34a0, 0x000000011d6e3598]
Event: 27077.000 Thread 0x00007fd4e881c000 4492       3       sun.lwawt.macosx.CPlatformView::deliverMouseEvent (101 bytes)
Event: 27077.005 Thread 0x00007fd4e881c000 nmethod 4492 0x00000001163b1d90 code [0x00000001163b1fa0, 0x00000001163b27c0]
Event: 27077.005 Thread 0x00007fd4e881c000 4493       3       sun.lwawt.macosx.CPlatformResponder::handleMouseEvent (138 bytes)
Event: 27077.006 Thread 0x00007fd4e881c000 nmethod 4493 0x00000001162c1d90 code [0x00000001162c1fc0, 0x00000001162c28e0]
Event: 27078.862 Thread 0x00007fd4e80b1800 4494       4       java.util.concurrent.ConcurrentHashMap::addCount (280 bytes)
Event: 27078.871 Thread 0x00007fd4e80b1800 nmethod 4494 0x000000011d6e2910 code [0x000000011d6e2b00, 0x000000011d6e2dc8]
Event: 27144.952 Thread 0x00007fd4e80b1800 4495       4       javax.swing.text.PlainView::lineToRect (95 bytes)
Event: 27144.962 Thread 0x00007fd4e80b1800 nmethod 4495 0x000000011d680b90 code [0x000000011d680d40, 0x000000011d680fe8]
Event: 27231.743 Thread 0x00007fd4e881c000 4496       1       javax.swing.JComponent::getToolTipLocation (2 bytes)
Event: 27231.744 Thread 0x00007fd4e881c000 nmethod 4496 0x000000011d680890 code [0x000000011d680a20, 0x000000011d680af0]
Event: 27249.070 Thread 0x00007fd4e80b1800 4498       4       javax.swing.plaf.basic.BasicTreeUI$Handler::propertyChange (538 bytes)
Event: 27249.100 Thread 0x00007fd4e80b1800 nmethod 4498 0x000000011d67e990 code [0x000000011d67eda0, 0x000000011d67fb48]
Event: 27250.653 Thread 0x00007fd4e881c000 4499       3       com.puppycrawl.tools.checkstyle.gui.ParseTreeTablePresentation::getChildAtDetailAst (75 bytes)
Event: 27250.655 Thread 0x00007fd4e881c000 nmethod 4499 0x00000001161f7d90 code [0x00000001161f7f80, 0x00000001161f8670]
Event: 67516.137 Thread 0x00007fd4e80b1800 4500       4       jdk.internal.misc.InnocuousThread::eraseThreadLocals (23 bytes)
Event: 67516.143 Thread 0x00007fd4e80b1800 nmethod 4500 0x000000011d67e690 code [0x000000011d67e800, 0x000000011d67e918]
Event: 92390.067 Thread 0x00007fd4e80b1800 4501       4       java.util.Arrays::binarySearch0 (95 bytes)

GC Heap History (16 events):
Event: 9.330 GC heap before
{Heap before GC invocations=0 (full 0):
 garbage-first heap   total 133120K, used 15160K [0x0000000780000000, 0x0000000800000000)
  region size 1024K, 13 young (13312K), 0 survivors (0K)
 Metaspace       used 12557K, capacity 12936K, committed 13056K, reserved 1060864K
  class space    used 1598K, capacity 1772K, committed 1792K, reserved 1048576K
}
Event: 9.340 GC heap after
{Heap after GC invocations=1 (full 0):
 garbage-first heap   total 133120K, used 6623K [0x0000000780000000, 0x0000000800000000)
  region size 1024K, 2 young (2048K), 2 survivors (2048K)
 Metaspace       used 12557K, capacity 12936K, committed 13056K, reserved 1060864K
  class space    used 1598K, capacity 1772K, committed 1792K, reserved 1048576K
}
Event: 39.881 GC heap before
{Heap before GC invocations=1 (full 0):
 garbage-first heap   total 133120K, used 18911K [0x0000000780000000, 0x0000000800000000)
  region size 1024K, 14 young (14336K), 2 survivors (2048K)
 Metaspace       used 14204K, capacity 14585K, committed 14720K, reserved 1062912K
  class space    used 1729K, capacity 1895K, committed 1920K, reserved 1048576K
}
Event: 39.890 GC heap after
{Heap after GC invocations=2 (full 0):
 garbage-first heap   total 133120K, used 8669K [0x0000000780000000, 0x0000000800000000)
  region size 1024K, 2 young (2048K), 2 survivors (2048K)
 Metaspace       used 14204K, capacity 14585K, committed 14720K, reserved 1062912K
  class space    used 1729K, capacity 1895K, committed 1920K, reserved 1048576K
}
Event: 361.194 GC heap before
{Heap before GC invocations=2 (full 0):
 garbage-first heap   total 133120K, used 27101K [0x0000000780000000, 0x0000000800000000)
  region size 1024K, 21 young (21504K), 2 survivors (2048K)
 Metaspace       used 15398K, capacity 15797K, committed 16128K, reserved 1062912K
  class space    used 1807K, capacity 1976K, committed 2048K, reserved 1048576K
}
Event: 361.201 GC heap after
{Heap after GC invocations=3 (full 0):
 garbage-first heap   total 133120K, used 9786K [0x0000000780000000, 0x0000000800000000)
  region size 1024K, 2 young (2048K), 2 survivors (2048K)
 Metaspace       used 15398K, capacity 15797K, committed 16128K, reserved 1062912K
  class space    used 1807K, capacity 1976K, committed 2048K, reserved 1048576K
}
Event: 7112.154 GC heap before
{Heap before GC invocations=3 (full 0):
 garbage-first heap   total 133120K, used 85562K [0x0000000780000000, 0x0000000800000000)
  region size 1024K, 76 young (77824K), 2 survivors (2048K)
 Metaspace       used 15696K, capacity 16121K, committed 16384K, reserved 1062912K
  class space    used 1816K, capacity 1977K, committed 2048K, reserved 1048576K
}
Event: 7112.188 GC heap after
{Heap after GC invocations=4 (full 0):
 garbage-first heap   total 133120K, used 12309K [0x0000000780000000, 0x0000000800000000)
  region size 1024K, 4 young (4096K), 4 survivors (4096K)
 Metaspace       used 15696K, capacity 16121K, committed 16384K, reserved 1062912K
  class space    used 1816K, capacity 1977K, committed 2048K, reserved 1048576K
}
Event: 9552.337 GC heap before
{Heap before GC invocations=4 (full 0):
 garbage-first heap   total 133120K, used 86037K [0x0000000780000000, 0x0000000800000000)
  region size 1024K, 76 young (77824K), 4 survivors (4096K)
 Metaspace       used 15926K, capacity 16345K, committed 16640K, reserved 1064960K
  class space    used 1826K, capacity 2009K, committed 2048K, reserved 1048576K
}
Event: 9552.358 GC heap after
{Heap after GC invocations=5 (full 0):
 garbage-first heap   total 133120K, used 14270K [0x0000000780000000, 0x0000000800000000)
  region size 1024K, 6 young (6144K), 6 survivors (6144K)
 Metaspace       used 15926K, capacity 16345K, committed 16640K, reserved 1064960K
  class space    used 1826K, capacity 2009K, committed 2048K, reserved 1048576K
}
Event: 13976.012 GC heap before
{Heap before GC invocations=5 (full 0):
 garbage-first heap   total 133120K, used 85950K [0x0000000780000000, 0x0000000800000000)
  region size 1024K, 76 young (77824K), 6 survivors (6144K)
 Metaspace       used 16001K, capacity 16410K, committed 16640K, reserved 1064960K
  class space    used 1826K, capacity 2009K, committed 2048K, reserved 1048576K
}
Event: 13976.044 GC heap after
{Heap after GC invocations=6 (full 0):
 garbage-first heap   total 133120K, used 13212K [0x0000000780000000, 0x0000000800000000)
  region size 1024K, 4 young (4096K), 4 survivors (4096K)
 Metaspace       used 16001K, capacity 16410K, committed 16640K, reserved 1064960K
  class space    used 1826K, capacity 2009K, committed 2048K, reserved 1048576K
}
Event: 17184.726 GC heap before
{Heap before GC invocations=6 (full 0):
 garbage-first heap   total 133120K, used 86940K [0x0000000780000000, 0x0000000800000000)
  region size 1024K, 76 young (77824K), 4 survivors (4096K)
 Metaspace       used 16094K, capacity 16538K, committed 16896K, reserved 1064960K
  class space    used 1826K, capacity 2009K, committed 2048K, reserved 1048576K
}
Event: 17184.758 GC heap after
{Heap after GC invocations=7 (full 0):
 garbage-first heap   total 133120K, used 14445K [0x0000000780000000, 0x0000000800000000)
  region size 1024K, 6 young (6144K), 6 survivors (6144K)
 Metaspace       used 16094K, capacity 16538K, committed 16896K, reserved 1064960K
  class space    used 1826K, capacity 2009K, committed 2048K, reserved 1048576K
}
Event: 26652.990 GC heap before
{Heap before GC invocations=7 (full 0):
 garbage-first heap   total 133120K, used 86125K [0x0000000780000000, 0x0000000800000000)
  region size 1024K, 76 young (77824K), 6 survivors (6144K)
 Metaspace       used 16294K, capacity 16672K, committed 16896K, reserved 1064960K
  class space    used 1833K, capacity 2011K, committed 2048K, reserved 1048576K
}
Event: 26653.058 GC heap after
{Heap after GC invocations=8 (full 0):
 garbage-first heap   total 133120K, used 14769K [0x0000000780000000, 0x0000000800000000)
  region size 1024K, 6 young (6144K), 6 survivors (6144K)
 Metaspace       used 16294K, capacity 16672K, committed 16896K, reserved 1064960K
  class space    used 1833K, capacity 2011K, committed 2048K, reserved 1048576K
}

Deoptimization events (20 events):
Event: 25643.499 Thread 0x00007fd4e7904800 Uncommon trap: trap_request=0xffffff45 fr.pc=0x000000011d6e3f9c relative=0x000000000000137c
Event: 25643.499 Thread 0x00007fd4e7904800 Uncommon trap: reason=unstable_if action=reinterpret pc=0x000000011d6e3f9c method=java.util.concurrent.ConcurrentHashMap.putVal(Ljava/lang/Object;Ljava/lang/Object;Z)Ljava/lang/Object; @ 148 c2
Event: 25643.499 Thread 0x00007fd4e7904800 DEOPT PACKING pc=0x000000011d6e3f9c sp=0x00007000102ce500
Event: 25643.499 Thread 0x00007fd4e7904800 DEOPT UNPACKING pc=0x00000001159bbe25 sp=0x00007000102ce4a0 mode 2
Event: 27075.481 Thread 0x00007fd4e8144000 Uncommon trap: trap_request=0xffffff45 fr.pc=0x000000011d5a2b34 relative=0x0000000000000a74
Event: 27075.482 Thread 0x00007fd4e8144000 Uncommon trap: reason=unstable_if action=reinterpret pc=0x000000011d5a2b34 method=sun.lwawt.macosx.NSEvent.isPopupTrigger(I)Z @ 5 c2
Event: 27075.482 Thread 0x00007fd4e8144000 DEOPT PACKING pc=0x000000011d5a2b34 sp=0x00007ffeeac20930
Event: 27075.482 Thread 0x00007fd4e8144000 DEOPT UNPACKING pc=0x00000001159bbe25 sp=0x00007ffeeac207f8 mode 2
Event: 27075.484 Thread 0x00007fd4e8144000 Uncommon trap: trap_request=0xffffff45 fr.pc=0x000000011d58c1e8 relative=0x0000000000000588
Event: 27075.484 Thread 0x00007fd4e8144000 Uncommon trap: reason=unstable_if action=reinterpret pc=0x000000011d58c1e8 method=sun.lwawt.macosx.NSEvent.isPopupTrigger(I)Z @ 5 c2
Event: 27075.484 Thread 0x00007fd4e8144000 DEOPT PACKING pc=0x000000011d58c1e8 sp=0x00007ffeeac208b0
Event: 27075.484 Thread 0x00007fd4e8144000 DEOPT UNPACKING pc=0x00000001159bbe25 sp=0x00007ffeeac20808 mode 2
Event: 92390.029 Thread 0x00007fd4e8016000 Uncommon trap: trap_request=0xffffffde fr.pc=0x000000011d6f4288 relative=0x0000000000000a08
Event: 92390.029 Thread 0x00007fd4e8016000 Uncommon trap: reason=class_check action=maybe_recompile pc=0x000000011d6f4288 method=sun.java2d.opengl.OGLRenderQueue$QueueFlusher.run()V @ 95 c2
Event: 92390.030 Thread 0x00007fd4e8016000 DEOPT PACKING pc=0x000000011d6f4288 sp=0x00007000103d2a90
Event: 92390.030 Thread 0x00007fd4e8016000 DEOPT UNPACKING pc=0x00000001159bbe25 sp=0x00007000103d2a48 mode 2
Event: 92390.040 Thread 0x00007fd4e7904800 Uncommon trap: trap_request=0xffffff45 fr.pc=0x000000011d643ad4 relative=0x0000000000000254
Event: 92390.040 Thread 0x00007fd4e7904800 Uncommon trap: reason=unstable_if action=reinterpret pc=0x000000011d643ad4 method=sun.java2d.SunGraphics2D.validatePipe()V @ 7 c2
Event: 92390.040 Thread 0x00007fd4e7904800 DEOPT PACKING pc=0x000000011d643ad4 sp=0x00007000102ce880
Event: 92390.040 Thread 0x00007fd4e7904800 DEOPT UNPACKING pc=0x00000001159bbe25 sp=0x00007000102ce6e0 mode 2

Classes unloaded (0 events):
No events

Classes redefined (0 events):
No events

Internal exceptions (20 events):
Event: 0.555 Thread 0x00007fd4e7904800 Exception <a 'java/lang/ClassNotFoundException'{0x0000000787c4df78}: com/sun/swing/internal/plaf/basic/resources/spi/basicProvider> (0x0000000787c4df78) 
thrown [./src/hotspot/share/classfile/systemDictionary.cpp, line 226]
Event: 1.393 Thread 0x00007fd4e7904800 Exception <a 'java/lang/NoSuchMethodError'{0x0000000787a147a8}: 'void java.lang.invoke.DirectMethodHandle$Holder.invokeSpecial(java.lang.Object, java.lang.Object, java.lang.Object, java.lang.Object)'> (0x0000000787a147a8) 
thrown [./src/hotspot/share/interpreter/linkResolver.cpp, line 766]
Event: 1.404 Thread 0x00007fd4e7904800 Exception <a 'java/lang/NoSuchMethodError'{0x0000000787a30640}: 'java.lang.Object java.lang.invoke.Invokers$Holder.linkToTargetMethod(java.lang.Object, java.lang.Object, int, java.lang.Object, java.lang.Object)'> (0x0000000787a30640) 
thrown [./src/hotspot/share/interpreter/linkResolver.cpp, line 766]
Event: 1.427 Thread 0x00007fd4e7904800 Exception <a 'java/lang/NoSuchMethodError'{0x0000000787a33f00}: 'void java.lang.invoke.DirectMethodHandle$Holder.invokeStatic(java.lang.Object, int, long)'> (0x0000000787a33f00) 
thrown [./src/hotspot/share/interpreter/linkResolver.cpp, line 766]
Event: 1.429 Thread 0x00007fd4e7904800 Exception <a 'java/lang/NoSuchMethodError'{0x0000000787a3b4b0}: 'void java.lang.invoke.DirectMethodHandle$Holder.invokeSpecial(java.lang.Object, java.lang.Object)'> (0x0000000787a3b4b0) 
thrown [./src/hotspot/share/interpreter/linkResolver.cpp, line 766]
Event: 1.431 Thread 0x00007fd4e7904800 Exception <a 'java/lang/NoSuchMethodError'{0x0000000787a4bba0}: 'java.lang.Object java.lang.invoke.Invokers$Holder.linkToTargetMethod(int, int, int, int, java.lang.Object)'> (0x0000000787a4bba0) 
thrown [./src/hotspot/share/interpreter/linkResolver.cpp, line 766]
Event: 1.431 Thread 0x00007fd4e7904800 Exception <a 'java/lang/NoSuchMethodError'{0x0000000787a4ea58}: 'void java.lang.invoke.DirectMethodHandle$Holder.invokeStatic(java.lang.Object, java.lang.Object, long)'> (0x0000000787a4ea58) 
thrown [./src/hotspot/share/interpreter/linkResolver.cpp, line 766]
Event: 1.490 Thread 0x00007fd4e7904800 Exception <a 'java/lang/NoSuchMethodError'{0x0000000787a73e70}: 'void java.lang.invoke.DirectMethodHandle$Holder.invokeSpecial(java.lang.Object, java.lang.Object, long)'> (0x0000000787a73e70) 
thrown [./src/hotspot/share/interpreter/linkResolver.cpp, line 766]
Event: 1.491 Thread 0x00007fd4e7904800 Exception <a 'java/lang/NoSuchMethodError'{0x0000000787a79638}: 'void java.lang.invoke.DirectMethodHandle$Holder.invokeStatic(java.lang.Object, long, long)'> (0x0000000787a79638) 
thrown [./src/hotspot/share/interpreter/linkResolver.cpp, line 766]
Event: 1.493 Thread 0x00007fd4e7904800 Exception <a 'java/lang/NoSuchMethodError'{0x0000000787a84b50}: 'java.lang.Object java.lang.invoke.Invokers$Holder.linkToTargetMethod(java.lang.Object, int, java.lang.Object)'> (0x0000000787a84b50) 
thrown [./src/hotspot/share/interpreter/linkResolver.cpp, line 766]
Event: 1.506 Thread 0x00007fd4e7904800 Exception <a 'java/lang/NoSuchMethodError'{0x0000000787acaa70}: 'void java.lang.invoke.DirectMethodHandle$Holder.invokeStatic(java.lang.Object, long)'> (0x0000000787acaa70) 
thrown [./src/hotspot/share/interpreter/linkResolver.cpp, line 766]
Event: 1.600 Thread 0x00007fd4e7904800 Exception <a 'java/lang/NoSuchMethodError'{0x0000000787938a90}: 'java.lang.Object java.lang.invoke.DirectMethodHandle$Holder.invokeStatic(java.lang.Object, java.lang.Object, int, int)'> (0x0000000787938a90) 
thrown [./src/hotspot/share/interpreter/linkResolver.cpp, line 766]
Event: 1.600 Thread 0x00007fd4e7904800 Exception <a 'java/lang/NoSuchMethodError'{0x000000078793ed30}: 'java.lang.Object java.lang.invoke.Invokers$Holder.linkToTargetMethod(java.lang.Object, int, int, java.lang.Object)'> (0x000000078793ed30) 
thrown [./src/hotspot/share/interpreter/linkResolver.cpp, line 766]
Event: 1.601 Thread 0x00007fd4e7904800 Exception <a 'java/lang/NoSuchMethodError'{0x0000000787947a90}: 'java.lang.Object java.lang.invoke.DirectMethodHandle$Holder.invokeStatic(java.lang.Object, java.lang.Object, int, int, int, int)'> (0x0000000787947a90) 
thrown [./src/hotspot/share/interpreter/linkResolver.cpp, line 766]
Event: 1.622 Thread 0x00007fd4e7904800 Exception <a 'java/lang/NoSuchMethodError'{0x00000007879e3828}: 'java.lang.Object java.lang.invoke.DirectMethodHandle$Holder.invokeInterface(java.lang.Object, java.lang.Object, int)'> (0x00000007879e3828) 
thrown [./src/hotspot/share/interpreter/linkResolver.cpp, line 766]
Event: 9.202 Thread 0x00007fd4e7904800 Exception <a 'java/lang/NullPointerException'{0x0000000787405890}> (0x0000000787405890) 
thrown [./src/hotspot/share/prims/jni.cpp, line 620]
Event: 66.677 Thread 0x00007fd4e7904800 Implicit null exception at 0x000000011d542618 to 0x000000011d543c90
Event: 66.759 Thread 0x00007fd4e7904800 Exception <a 'java/lang/NoSuchMethodError'{0x000000078752c6b8}: 'void java.lang.invoke.DirectMethodHandle$Holder.invokeVirtual(java.lang.Object, java.lang.Object)'> (0x000000078752c6b8) 
thrown [./src/hotspot/share/interpreter/linkResolver.cpp, line 766]
Event: 66.766 Thread 0x00007fd4e7904800 Implicit null exception at 0x000000011d53b8e0 to 0x000000011d53ec00
Event: 66.776 Thread 0x00007fd4e7904800 Implicit null exception at 0x000000011d549374 to 0x000000011d54cff0

Events (20 events):
Event: 26653.065 Executing VM operation: HandshakeOneThread done
Event: 26653.065 Executing VM operation: HandshakeOneThread
Event: 26653.065 Executing VM operation: HandshakeOneThread done
Event: 26653.065 Executing VM operation: HandshakeOneThread
Event: 26653.065 Executing VM operation: HandshakeOneThread done
Event: 26653.065 Executing VM operation: HandshakeOneThread
Event: 26653.065 Executing VM operation: HandshakeOneThread done
Event: 26653.065 Executing VM operation: HandshakeOneThread
Event: 26653.066 Executing VM operation: HandshakeOneThread done
Event: 26653.066 Executing VM operation: BulkRevokeBias
Event: 26653.066 Executing VM operation: BulkRevokeBias done
Event: 27076.995 Executing VM operation: HandshakeAllThreads
Event: 27076.995 Executing VM operation: HandshakeAllThreads done
Event: 27077.021 Thread 0x00007fd4e880f000 flushing nmethod 0x0000000116440f10
Event: 92390.033 Executing VM operation: HandshakeOneThread
Event: 92390.036 Executing VM operation: HandshakeOneThread done
Event: 92390.044 loading class java/awt/image/BufferedImage$1
Event: 92390.055 loading class java/awt/image/BufferedImage$1 done
Event: 92390.056 loading class sun/lwawt/LWWindowPeer$1
Event: 92390.059 loading class sun/lwawt/LWWindowPeer$1 done


Dynamic libraries:
0x00007fff700e1000 	/usr/lib/libz.1.dylib
0x0000000104fe8000 	/usr/local/Cellar/openjdk/14.0.1/libexec/openjdk.jdk/Contents/Home/lib/libjli.dylib
0x00007fff35c77000 	/System/Library/Frameworks/Cocoa.framework/Versions/A/Cocoa
0x00007fff4345f000 	/System/Library/Frameworks/Security.framework/Versions/A/Security
0x00007fff34bde000 	/System/Library/Frameworks/ApplicationServices.framework/Versions/A/ApplicationServices
0x00007fff6dba5000 	/usr/lib/libSystem.B.dylib
0x00007fff709a1000 	/usr/lib/system/libcache.dylib
0x00007fff709a7000 	/usr/lib/system/libcommonCrypto.dylib
0x00007fff709b3000 	/usr/lib/system/libcompiler_rt.dylib
0x00007fff709bb000 	/usr/lib/system/libcopyfile.dylib
0x00007fff709c5000 	/usr/lib/system/libcorecrypto.dylib
0x00007fff70b64000 	/usr/lib/system/libdispatch.dylib
0x00007fff70ba5000 	/usr/lib/system/libdyld.dylib
0x00007fff70bdc000 	/usr/lib/system/libkeymgr.dylib
0x00007fff70bea000 	/usr/lib/system/liblaunch.dylib
0x00007fff70beb000 	/usr/lib/system/libmacho.dylib
0x00007fff70bf1000 	/usr/lib/system/libquarantine.dylib
0x00007fff70bf4000 	/usr/lib/system/libremovefile.dylib
0x00007fff70bf6000 	/usr/lib/system/libsystem_asl.dylib
0x00007fff70c0e000 	/usr/lib/system/libsystem_blocks.dylib
0x00007fff70c0f000 	/usr/lib/system/libsystem_c.dylib
0x00007fff70c97000 	/usr/lib/system/libsystem_configuration.dylib
0x00007fff70c9b000 	/usr/lib/system/libsystem_coreservices.dylib
0x00007fff70c9f000 	/usr/lib/system/libsystem_darwin.dylib
0x00007fff70ca8000 	/usr/lib/system/libsystem_dnssd.dylib
0x00007fff70cb0000 	/usr/lib/system/libsystem_featureflags.dylib
0x00007fff70cb2000 	/usr/lib/system/libsystem_info.dylib
0x00007fff70d2d000 	/usr/lib/system/libsystem_m.dylib
0x00007fff70d75000 	/usr/lib/system/libsystem_malloc.dylib
0x00007fff70d9d000 	/usr/lib/system/libsystem_networkextension.dylib
0x00007fff70dab000 	/usr/lib/system/libsystem_notify.dylib
0x00007fff70dc9000 	/usr/lib/system/libsystem_sandbox.dylib
0x00007fff70dce000 	/usr/lib/system/libsystem_secinit.dylib
0x00007fff70d00000 	/usr/lib/system/libsystem_kernel.dylib
0x00007fff70db5000 	/usr/lib/system/libsystem_platform.dylib
0x00007fff70dbe000 	/usr/lib/system/libsystem_pthread.dylib
0x00007fff70dd1000 	/usr/lib/system/libsystem_symptoms.dylib
0x00007fff70dd9000 	/usr/lib/system/libsystem_trace.dylib
0x00007fff70df1000 	/usr/lib/system/libunwind.dylib
0x00007fff70df7000 	/usr/lib/system/libxpc.dylib
0x00007fff6fa05000 	/usr/lib/libobjc.A.dylib
0x00007fff6dede000 	/usr/lib/libc++abi.dylib
0x00007fff6de8b000 	/usr/lib/libc++.1.dylib
0x00007fff36b17000 	/System/Library/Frameworks/CoreFoundation.framework/Versions/A/CoreFoundation
0x00007fff391d1000 	/System/Library/Frameworks/Foundation.framework/Versions/C/Foundation
0x00007fff33dce000 	/System/Library/Frameworks/AppKit.framework/Versions/C/AppKit
0x00007fff365fb000 	/System/Library/Frameworks/CoreData.framework/Versions/A/CoreData
0x00007fff67bc0000 	/System/Library/PrivateFrameworks/UIFoundation.framework/Versions/A/UIFoundation
0x00007fff62c64000 	/System/Library/PrivateFrameworks/RemoteViewServices.framework/Versions/A/RemoteViewServices
0x00007fff6a715000 	/System/Library/PrivateFrameworks/XCTTargetBootstrap.framework/Versions/A/XCTTargetBootstrap
0x00007fff369e6000 	/System/Library/Frameworks/CoreDisplay.framework/Versions/A/CoreDisplay
0x00007fff3c08c000 	/System/Library/Frameworks/Metal.framework/Versions/A/Metal
0x00007fff50c48000 	/System/Library/PrivateFrameworks/DesktopServicesPriv.framework/Versions/A/DesktopServicesPriv
0x00007fff6ece0000 	/usr/lib/liblangid.dylib
0x00007fff4fee0000 	/System/Library/PrivateFrameworks/CoreSVG.framework/Versions/A/CoreSVG
0x00007fff65dbd000 	/System/Library/PrivateFrameworks/SkyLight.framework/Versions/A/SkyLight
0x00007fff36f98000 	/System/Library/Frameworks/CoreGraphics.framework/Versions/A/CoreGraphics
0x00007fff327a2000 	/System/Library/Frameworks/Accelerate.framework/Versions/A/Accelerate
0x00007fff6ffd2000 	/usr/lib/libxml2.2.dylib
0x00007fff5bbd5000 	/System/Library/PrivateFrameworks/IconServices.framework/Versions/A/IconServices
0x00007fff399b0000 	/System/Library/Frameworks/IOSurface.framework/Versions/A/IOSurface
0x00007fff6d6cf000 	/usr/lib/libDiagnosticMessagesClient.dylib
0x00007fff50aa2000 	/System/Library/PrivateFrameworks/DFRFoundation.framework/Versions/A/DFRFoundation
0x00007fff6ea6f000 	/usr/lib/libicucore.A.dylib
0x00007fff34f10000 	/System/Library/Frameworks/AudioToolbox.framework/Versions/A/AudioToolbox
0x00007fff34ff3000 	/System/Library/Frameworks/AudioUnit.framework/Versions/A/AudioUnit
0x00007fff6dda7000 	/usr/lib/libauto.dylib
0x00007fff50b44000 	/System/Library/PrivateFrameworks/DataDetectorsCore.framework/Versions/A/DataDetectorsCore
0x00007fff35798000 	/System/Library/Frameworks/Carbon.framework/Versions/A/Frameworks/HIToolbox.framework/Versions/A/HIToolbox
0x00007fff4265c000 	/System/Library/Frameworks/QuartzCore.framework/Versions/A/QuartzCore
0x00007fff35ad7000 	/System/Library/Frameworks/Carbon.framework/Versions/A/Frameworks/SpeechRecognition.framework/Versions/A/SpeechRecognition
0x00007fff505b9000 	/System/Library/PrivateFrameworks/CoreUI.framework/Versions/A/CoreUI
0x00007fff36066000 	/System/Library/Frameworks/CoreAudio.framework/Versions/A/CoreAudio
0x00007fff38e92000 	/System/Library/Frameworks/DiskArbitration.framework/Versions/A/DiskArbitration
0x00007fff5dc4b000 	/System/Library/PrivateFrameworks/MultitouchSupport.framework/Versions/A/MultitouchSupport
0x00007fff6e936000 	/usr/lib/libenergytrace.dylib
0x00007fff3990a000 	/System/Library/Frameworks/IOKit.framework/Versions/A/IOKit
0x00007fff37efe000 	/System/Library/Frameworks/CoreServices.framework/Versions/A/CoreServices
0x00007fff5fdfa000 	/System/Library/PrivateFrameworks/PerformanceAnalysis.framework/Versions/A/PerformanceAnalysis
0x00007fff4168f000 	/System/Library/Frameworks/OpenGL.framework/Versions/A/OpenGL
0x00007fff35c85000 	/System/Library/Frameworks/ColorSync.framework/Versions/A/ColorSync
0x00007fff3761a000 	/System/Library/Frameworks/CoreImage.framework/Versions/A/CoreImage
0x00007fff38971000 	/System/Library/Frameworks/CoreText.framework/Versions/A/CoreText
0x00007fff39a40000 	/System/Library/Frameworks/ImageIO.framework/Versions/A/ImageIO
0x00007fff6df07000 	/usr/lib/libcompression.dylib
0x00007fff6da13000 	/usr/lib/libMobileGestalt.dylib
0x00007fff67935000 	/System/Library/PrivateFrameworks/TextureIO.framework/Versions/A/TextureIO
0x00007fff6dd0a000 	/usr/lib/libate.dylib
0x00007fff5bdde000 	/System/Library/PrivateFrameworks/InternationalSupport.framework/Versions/A/InternationalSupport
0x00007fff6ece2000 	/usr/lib/liblzma.5.dylib
0x00007fff6e95d000 	/usr/lib/libfakelink.dylib
0x00007fff6dc97000 	/usr/lib/libarchive.2.dylib
0x00007fff44510000 	/System/Library/Frameworks/SystemConfiguration.framework/Versions/A/SystemConfiguration
0x00007fff6d602000 	/usr/lib/libCRFSuite.dylib
0x00007fff35389000 	/System/Library/Frameworks/CFNetwork.framework/Versions/A/CFNetwork
0x00007fff6de6d000 	/usr/lib/libbsm.0.dylib
0x00007fff70bdd000 	/usr/lib/system/libkxld.dylib
0x00007fff4a42e000 	/System/Library/PrivateFrameworks/AppleFSCompression.framework/Versions/A/AppleFSCompression
0x00007fff6e1f8000 	/usr/lib/libcoretls.dylib
0x00007fff6e20f000 	/usr/lib/libcoretls_cfhelpers.dylib
0x00007fff6fa4b000 	/usr/lib/libpam.2.dylib
0x00007fff6fb80000 	/usr/lib/libsqlite3.dylib
0x00007fff6ffbf000 	/usr/lib/libxar.1.dylib
0x00007fff6de7e000 	/usr/lib/libbz2.1.0.dylib
0x00007fff6e97e000 	/usr/lib/libiconv.2.dylib
0x00007fff6def4000 	/usr/lib/libcharset.1.dylib
0x00007fff6f4e8000 	/usr/lib/libnetwork.dylib
0x00007fff6fa52000 	/usr/lib/libpcap.A.dylib
0x00007fff6dc4c000 	/usr/lib/libapple_nghttp2.dylib
0x00007fff382b5000 	/System/Library/Frameworks/CoreServices.framework/Versions/A/Frameworks/FSEvents.framework/Versions/A/FSEvents
0x00007fff37f85000 	/System/Library/Frameworks/CoreServices.framework/Versions/A/Frameworks/CarbonCore.framework/Versions/A/CarbonCore
0x00007fff384f9000 	/System/Library/Frameworks/CoreServices.framework/Versions/A/Frameworks/Metadata.framework/Versions/A/Metadata
0x00007fff38592000 	/System/Library/Frameworks/CoreServices.framework/Versions/A/Frameworks/OSServices.framework/Versions/A/OSServices
0x00007fff385c0000 	/System/Library/Frameworks/CoreServices.framework/Versions/A/Frameworks/SearchKit.framework/Versions/A/SearchKit
0x00007fff37eff000 	/System/Library/Frameworks/CoreServices.framework/Versions/A/Frameworks/AE.framework/Versions/A/AE
0x00007fff382be000 	/System/Library/Frameworks/CoreServices.framework/Versions/A/Frameworks/LaunchServices.framework/Versions/A/LaunchServices
0x00007fff38267000 	/System/Library/Frameworks/CoreServices.framework/Versions/A/Frameworks/DictionaryServices.framework/Versions/A/DictionaryServices
0x00007fff38628000 	/System/Library/Frameworks/CoreServices.framework/Versions/A/Frameworks/SharedFileList.framework/Versions/A/SharedFileList
0x00007fff3d4af000 	/System/Library/Frameworks/NetFS.framework/Versions/A/NetFS
0x00007fff5e17b000 	/System/Library/PrivateFrameworks/NetAuth.framework/Versions/A/NetAuth
0x00007fff6aae2000 	/System/Library/PrivateFrameworks/login.framework/Versions/A/Frameworks/loginsupport.framework/Versions/A/loginsupport
0x00007fff67400000 	/System/Library/PrivateFrameworks/TCC.framework/Versions/A/TCC
0x00007fff4f053000 	/System/Library/PrivateFrameworks/CoreNLP.framework/Versions/A/CoreNLP
0x00007fff5d650000 	/System/Library/PrivateFrameworks/MetadataUtilities.framework/Versions/A/MetadataUtilities
0x00007fff6edba000 	/usr/lib/libmecabra.dylib
0x00007fff6ed12000 	/usr/lib/libmecab.dylib
0x00007fff6e96e000 	/usr/lib/libgermantok.dylib
0x00007fff6dc33000 	/usr/lib/libThaiTokenizer.dylib
0x00007fff6d639000 	/usr/lib/libChineseTokenizer.dylib
0x00007fff327ba000 	/System/Library/Frameworks/Accelerate.framework/Versions/A/Frameworks/vImage.framework/Versions/A/vImage
0x00007fff33c24000 	/System/Library/Frameworks/Accelerate.framework/Versions/A/Frameworks/vecLib.framework/Versions/A/vecLib
0x00007fff33b61000 	/System/Library/Frameworks/Accelerate.framework/Versions/A/Frameworks/vecLib.framework/Versions/A/libvMisc.dylib
0x00007fff33989000 	/System/Library/Frameworks/Accelerate.framework/Versions/A/Frameworks/vecLib.framework/Versions/A/libvDSP.dylib
0x00007fff32e11000 	/System/Library/Frameworks/Accelerate.framework/Versions/A/Frameworks/vecLib.framework/Versions/A/libBLAS.dylib
0x00007fff3354d000 	/System/Library/Frameworks/Accelerate.framework/Versions/A/Frameworks/vecLib.framework/Versions/A/libLAPACK.dylib
0x00007fff338e9000 	/System/Library/Frameworks/Accelerate.framework/Versions/A/Frameworks/vecLib.framework/Versions/A/libLinearAlgebra.dylib
0x00007fff33976000 	/System/Library/Frameworks/Accelerate.framework/Versions/A/Frameworks/vecLib.framework/Versions/A/libSparseBLAS.dylib
0x00007fff338ff000 	/System/Library/Frameworks/Accelerate.framework/Versions/A/Frameworks/vecLib.framework/Versions/A/libQuadrature.dylib
0x00007fff33079000 	/System/Library/Frameworks/Accelerate.framework/Versions/A/Frameworks/vecLib.framework/Versions/A/libBNNS.dylib
0x00007fff33905000 	/System/Library/Frameworks/Accelerate.framework/Versions/A/Frameworks/vecLib.framework/Versions/A/libSparse.dylib
0x00007fff5c1c6000 	/System/Library/PrivateFrameworks/LanguageModeling.framework/Versions/A/LanguageModeling
0x00007fff4ea03000 	/System/Library/PrivateFrameworks/CoreEmoji.framework/Versions/A/CoreEmoji
0x00007fff5c2e4000 	/System/Library/PrivateFrameworks/LinguisticData.framework/Versions/A/LinguisticData
0x00007fff5c295000 	/System/Library/PrivateFrameworks/Lexicon.framework/Versions/A/Lexicon
0x00007fff6def5000 	/usr/lib/libcmph.dylib
0x00007fff4009d000 	/System/Library/Frameworks/OpenDirectory.framework/Versions/A/Frameworks/CFOpenDirectory.framework/Versions/A/CFOpenDirectory
0x00007fff400ba000 	/System/Library/Frameworks/OpenDirectory.framework/Versions/A/OpenDirectory
0x00007fff484df000 	/System/Library/PrivateFrameworks/APFS.framework/Versions/A/APFS
0x00007fff437a9000 	/System/Library/Frameworks/SecurityFoundation.framework/Versions/A/SecurityFoundation
0x00007fff6ffbb000 	/usr/lib/libutil.dylib
0x00007fff4ff38000 	/System/Library/PrivateFrameworks/CoreServicesStore.framework/Versions/A/CoreServicesStore
0x00007fff43860000 	/System/Library/Frameworks/ServiceManagement.framework/Versions/A/ServiceManagement
0x00007fff4bbfd000 	/System/Library/PrivateFrameworks/BackgroundTaskManagement.framework/Versions/A/BackgroundTaskManagement
0x00007fff700b8000 	/usr/lib/libxslt.1.dylib
0x00007fff4aaa1000 	/System/Library/PrivateFrameworks/AppleSystemInfo.framework/Versions/A/AppleSystemInfo
0x00007fff39c5b000 	/System/Library/Frameworks/ImageIO.framework/Versions/A/Resources/libJPEG.dylib
0x00007fff39f17000 	/System/Library/Frameworks/ImageIO.framework/Versions/A/Resources/libTIFF.dylib
0x00007fff39efa000 	/System/Library/Frameworks/ImageIO.framework/Versions/A/Resources/libPng.dylib
0x00007fff39b9d000 	/System/Library/Frameworks/ImageIO.framework/Versions/A/Resources/libGIF.dylib
0x00007fff39ba1000 	/System/Library/Frameworks/ImageIO.framework/Versions/A/Resources/libJP2.dylib
0x00007fff39f15000 	/System/Library/Frameworks/ImageIO.framework/Versions/A/Resources/libRadiance.dylib
0x00007fff6e937000 	/usr/lib/libexpat.1.dylib
0x00007fff4a589000 	/System/Library/PrivateFrameworks/AppleJPEG.framework/Versions/A/AppleJPEG
0x00007fff53237000 	/System/Library/PrivateFrameworks/FontServices.framework/libFontParser.dylib
0x00007fff69ae7000 	/System/Library/PrivateFrameworks/WatchdogClient.framework/Versions/A/WatchdogClient
0x00007fff5b821000 	/System/Library/PrivateFrameworks/IOAccelerator.framework/Versions/A/IOAccelerator
0x00007fff3c427000 	/System/Library/Frameworks/MetalPerformanceShaders.framework/Versions/A/MetalPerformanceShaders
0x00007fff57fb8000 	/System/Library/PrivateFrameworks/GPUWrangler.framework/Versions/A/GPUWrangler
0x00007fff5b836000 	/System/Library/PrivateFrameworks/IOPresentment.framework/Versions/A/IOPresentment
0x00007fff50ab5000 	/System/Library/PrivateFrameworks/DSExternalDisplay.framework/Versions/A/DSExternalDisplay
0x00007fff40a2e000 	/System/Library/Frameworks/OpenGL.framework/Versions/A/Libraries/libCoreFSCache.dylib
0x00007fff3c173000 	/System/Library/Frameworks/MetalPerformanceShaders.framework/Frameworks/MPSCore.framework/Versions/A/MPSCore
0x00007fff3c1b1000 	/System/Library/Frameworks/MetalPerformanceShaders.framework/Frameworks/MPSImage.framework/Versions/A/MPSImage
0x00007fff3c278000 	/System/Library/Frameworks/MetalPerformanceShaders.framework/Frameworks/MPSNeuralNetwork.framework/Versions/A/MPSNeuralNetwork
0x00007fff3c23c000 	/System/Library/Frameworks/MetalPerformanceShaders.framework/Frameworks/MPSMatrix.framework/Versions/A/MPSMatrix
0x00007fff3c3d7000 	/System/Library/Frameworks/MetalPerformanceShaders.framework/Frameworks/MPSRayIntersector.framework/Versions/A/MPSRayIntersector
0x00007fff3c262000 	/System/Library/Frameworks/MetalPerformanceShaders.framework/Frameworks/MPSNDArray.framework/Versions/A/MPSNDArray
0x00007fff5d69d000 	/System/Library/PrivateFrameworks/MetalTools.framework/Versions/A/MetalTools
0x00007fff496b4000 	/System/Library/PrivateFrameworks/AggregateDictionary.framework/Versions/A/AggregateDictionary
0x00007fff4e44d000 	/System/Library/PrivateFrameworks/CoreAnalytics.framework/Versions/A/CoreAnalytics
0x00007fff4a9c0000 	/System/Library/PrivateFrameworks/AppleSauce.framework/Versions/A/AppleSauce
0x00007fff6d8f5000 	/usr/lib/libIOReport.dylib
0x00007fff38b29000 	/System/Library/Frameworks/CoreVideo.framework/Versions/A/CoreVideo
0x00007fff59432000 	/System/Library/PrivateFrameworks/GraphVisualizer.framework/Versions/A/GraphVisualizer
0x00007fff5277e000 	/System/Library/PrivateFrameworks/FaceCore.framework/Versions/A/FaceCore
0x00007fff40044000 	/System/Library/Frameworks/OpenCL.framework/Versions/A/OpenCL
0x00007fff6d717000 	/usr/lib/libFosl_dynamic.dylib
0x00007fff5eb9b000 	/System/Library/PrivateFrameworks/OTSVG.framework/Versions/A/OTSVG
0x00007fff34ce3000 	/System/Library/Frameworks/ApplicationServices.framework/Versions/A/Frameworks/ATS.framework/Versions/A/Resources/libFontRegistry.dylib
0x00007fff53409000 	/System/Library/PrivateFrameworks/FontServices.framework/libhvf.dylib
0x00007fff40a39000 	/System/Library/Frameworks/OpenGL.framework/Versions/A/Libraries/libGFXShared.dylib
0x00007fff40c17000 	/System/Library/Frameworks/OpenGL.framework/Versions/A/Libraries/libGLU.dylib
0x00007fff40a42000 	/System/Library/Frameworks/OpenGL.framework/Versions/A/Libraries/libGL.dylib
0x00007fff40a4d000 	/System/Library/Frameworks/OpenGL.framework/Versions/A/Libraries/libGLImage.dylib
0x00007fff40a2b000 	/System/Library/Frameworks/OpenGL.framework/Versions/A/Libraries/libCVMSPluginSupport.dylib
0x00007fff40a34000 	/System/Library/Frameworks/OpenGL.framework/Versions/A/Libraries/libCoreVMClient.dylib
0x00007fff6f389000 	/usr/lib/libncurses.5.4.dylib
0x00007fff34bdf000 	/System/Library/Frameworks/ApplicationServices.framework/Versions/A/Frameworks/ATS.framework/Versions/A/ATS
0x00007fff34dac000 	/System/Library/Frameworks/ApplicationServices.framework/Versions/A/Frameworks/ColorSyncLegacy.framework/Versions/A/ColorSyncLegacy
0x00007fff34e4a000 	/System/Library/Frameworks/ApplicationServices.framework/Versions/A/Frameworks/HIServices.framework/Versions/A/HIServices
0x00007fff34ea2000 	/System/Library/Frameworks/ApplicationServices.framework/Versions/A/Frameworks/LangAnalysis.framework/Versions/A/LangAnalysis
0x00007fff34eb1000 	/System/Library/Frameworks/ApplicationServices.framework/Versions/A/Frameworks/PrintCore.framework/Versions/A/PrintCore
0x00007fff34ef7000 	/System/Library/Frameworks/ApplicationServices.framework/Versions/A/Frameworks/QD.framework/Versions/A/QD
0x00007fff34f02000 	/System/Library/Frameworks/ApplicationServices.framework/Versions/A/Frameworks/SpeechSynthesis.framework/Versions/A/SpeechSynthesis
0x00007fff34d7c000 	/System/Library/Frameworks/ApplicationServices.framework/Versions/A/Frameworks/ATSUI.framework/Versions/A/ATSUI
0x00007fff6e7cd000 	/usr/lib/libcups.2.dylib
0x00007fff3b4c2000 	/System/Library/Frameworks/Kerberos.framework/Versions/A/Kerberos
0x00007fff39603000 	/System/Library/Frameworks/GSS.framework/Versions/A/GSS
0x00007fff6fb0c000 	/usr/lib/libresolv.9.dylib
0x00007fff595df000 	/System/Library/PrivateFrameworks/Heimdal.framework/Versions/A/Heimdal
0x00007fff3b4d5000 	/System/Library/Frameworks/Kerberos.framework/Versions/A/Libraries/libHeimdalProxy.dylib
0x00007fff6e974000 	/usr/lib/libheimdal-asn1.dylib
0x00007fff4d8e8000 	/System/Library/PrivateFrameworks/CommonAuth.framework/Versions/A/CommonAuth
0x00007fff4ab3e000 	/System/Library/PrivateFrameworks/AssertionServices.framework/Versions/A/AssertionServices
0x00007fff4b6e0000 	/System/Library/PrivateFrameworks/AudioToolboxCore.framework/Versions/A/AudioToolboxCore
0x00007fff6a792000 	/System/Library/PrivateFrameworks/caulk.framework/Versions/A/caulk
0x00007fff4bca9000 	/System/Library/PrivateFrameworks/BaseBoard.framework/Versions/A/BaseBoard
0x00007fff62df2000 	/System/Library/PrivateFrameworks/RunningBoardServices.framework/Versions/A/RunningBoardServices
0x00007fff5fe06000 	/System/Library/PrivateFrameworks/PersistentConnection.framework/Versions/A/PersistentConnection
0x00007fff627ec000 	/System/Library/PrivateFrameworks/ProtocolBuffer.framework/Versions/A/ProtocolBuffer
0x00007fff4d90c000 	/System/Library/PrivateFrameworks/CommonUtilities.framework/Versions/A/CommonUtilities
0x00007fff4be37000 	/System/Library/PrivateFrameworks/Bom.framework/Versions/A/Bom
0x00007fff6d5c8000 	/usr/lib/libAudioToolboxUtility.dylib
0x00007fff4bc07000 	/System/Library/PrivateFrameworks/Backup.framework/Versions/A/Backup
0x00007fff509d6000 	/System/Library/PrivateFrameworks/CrashReporterSupport.framework/Versions/A/CrashReporterSupport
0x00007fff64883000 	/System/Library/PrivateFrameworks/Sharing.framework/Versions/A/Sharing
0x00007fff4a14c000 	/System/Library/PrivateFrameworks/Apple80211.framework/Versions/A/Apple80211
0x00007fff4b924000 	/System/Library/PrivateFrameworks/AuthKit.framework/Versions/A/AuthKit
0x00007fff506e6000 	/System/Library/PrivateFrameworks/CoreUtils.framework/Versions/A/CoreUtils
0x00007fff38b6e000 	/System/Library/Frameworks/CoreWLAN.framework/Versions/A/CoreWLAN
0x00007fff39790000 	/System/Library/Frameworks/IOBluetooth.framework/Versions/A/IOBluetooth
0x00007fff5d9ca000 	/System/Library/PrivateFrameworks/MobileKeyBag.framework/Versions/A/MobileKeyBag
0x00007fff4f4eb000 	/System/Library/PrivateFrameworks/CorePhoneNumbers.framework/Versions/A/CorePhoneNumbers
0x00007fff4a53c000 	/System/Library/PrivateFrameworks/AppleIDAuthSupport.framework/Versions/A/AppleIDAuthSupport
0x00007fff3d4bc000 	/System/Library/Frameworks/Network.framework/Versions/A/Network
0x00007fff5c072000 	/System/Library/PrivateFrameworks/KeychainCircle.framework/Versions/A/KeychainCircle
0x00007fff365c2000 	/System/Library/Frameworks/CoreBluetooth.framework/Versions/A/CoreBluetooth
0x00007fff66900000 	/System/Library/PrivateFrameworks/SpeechRecognitionCore.framework/Versions/A/SpeechRecognitionCore
0x0000000105a00000 	/usr/local/Cellar/openjdk/14.0.1/libexec/openjdk.jdk/Contents/Home/lib/server/libjvm.dylib
0x0000000105005000 	/usr/local/Cellar/openjdk/14.0.1/libexec/openjdk.jdk/Contents/Home/lib/libjimage.dylib
0x0000000105057000 	/usr/local/Cellar/openjdk/14.0.1/libexec/openjdk.jdk/Contents/Home/lib/libjava.dylib
0x000000010507c000 	/usr/local/Cellar/openjdk/14.0.1/libexec/openjdk.jdk/Contents/Home/lib/libzip.dylib
0x00000001051d0000 	/usr/local/Cellar/openjdk/14.0.1/libexec/openjdk.jdk/Contents/Home/lib/libnio.dylib
0x00000001051e0000 	/usr/local/Cellar/openjdk/14.0.1/libexec/openjdk.jdk/Contents/Home/lib/libnet.dylib
0x000000010bd27000 	/usr/local/Cellar/openjdk/14.0.1/libexec/openjdk.jdk/Contents/Home/lib/libawt.dylib
0x000000010bdbe000 	/usr/local/Cellar/openjdk/14.0.1/libexec/openjdk.jdk/Contents/Home/lib/libmlib_image.dylib
0x00007fff3b4ac000 	/System/Library/Frameworks/JavaVM.framework/Versions/A/Frameworks/JavaNativeFoundation.framework/Versions/A/JavaNativeFoundation
0x00007fff3b4b5000 	/System/Library/Frameworks/JavaVM.framework/Versions/A/Frameworks/JavaRuntimeSupport.framework/Versions/A/JavaRuntimeSupport
0x00007fff3b4bd000 	/System/Library/Frameworks/JavaVM.framework/Versions/A/JavaVM
0x00007fff5be89000 	/System/Library/PrivateFrameworks/JavaLaunching.framework/Versions/A/JavaLaunching
0x00007fff35793000 	/System/Library/Frameworks/Carbon.framework/Versions/A/Carbon
0x00007fff5048b000 	/System/Library/PrivateFrameworks/CoreSymbolication.framework/Versions/A/CoreSymbolication
0x00007fff35794000 	/System/Library/Frameworks/Carbon.framework/Versions/A/Frameworks/CommonPanels.framework/Versions/A/CommonPanels
0x00007fff35a8d000 	/System/Library/Frameworks/Carbon.framework/Versions/A/Frameworks/Help.framework/Versions/A/Help
0x00007fff35a91000 	/System/Library/Frameworks/Carbon.framework/Versions/A/Frameworks/ImageCapture.framework/Versions/A/ImageCapture
0x00007fff35a98000 	/System/Library/Frameworks/Carbon.framework/Versions/A/Frameworks/OpenScripting.framework/Versions/A/OpenScripting
0x00007fff35a97000 	/System/Library/Frameworks/Carbon.framework/Versions/A/Frameworks/Ink.framework/Versions/A/Ink
0x00007fff35ad3000 	/System/Library/Frameworks/Carbon.framework/Versions/A/Frameworks/Print.framework/Versions/A/Print
0x00007fff35ad4000 	/System/Library/Frameworks/Carbon.framework/Versions/A/Frameworks/SecurityHI.framework/Versions/A/SecurityHI
0x00007fff50c0a000 	/System/Library/PrivateFrameworks/DebugSymbols.framework/Versions/A/DebugSymbols
0x000000010be21000 	/usr/local/Cellar/openjdk/14.0.1/libexec/openjdk.jdk/Contents/Home/lib/libawt_lwawt.dylib
0x000000010beca000 	/usr/local/Cellar/openjdk/14.0.1/libexec/openjdk.jdk/Contents/Home/lib/libosxapp.dylib
0x00007fff3906c000 	/System/Library/Frameworks/ExceptionHandling.framework/Versions/A/ExceptionHandling
0x000000010bef1000 	/usr/local/Cellar/openjdk/14.0.1/libexec/openjdk.jdk/Contents/Home/lib/libfontmanager.dylib
0x000000010bfef000 	/usr/local/Cellar/openjdk/14.0.1/libexec/openjdk.jdk/Contents/Home/lib/libfreetype.dylib
0x00007fff4ff04000 	/System/Library/PrivateFrameworks/CoreServicesInternal.framework/Versions/A/CoreServicesInternal
0x00007fff3908b000 	/System/Library/Frameworks/FileProvider.framework/Versions/A/FileProvider
0x00007fff33c25000 	/System/Library/Frameworks/Accounts.framework/Versions/A/Accounts
0x00007fff582dd000 	/System/Library/PrivateFrameworks/GenerationalStorage.framework/Versions/A/GenerationalStorage
0x00007fff67140000 	/System/Library/PrivateFrameworks/SymptomDiagnosticReporter.framework/Versions/A/SymptomDiagnosticReporter
0x00007fff49c51000 	/System/Library/PrivateFrameworks/AppContainer.framework/Versions/A/AppContainer
0x00007fff6fb26000 	/usr/lib/libsandbox.1.dylib
0x00007fff68a8b000 	/System/Library/PrivateFrameworks/UserManagement.framework/Versions/A/UserManagement
0x00007fff4c9f2000 	/System/Library/PrivateFrameworks/ChunkingLibrary.framework/Versions/A/ChunkingLibrary
0x00007fff49cc3000 	/System/Library/PrivateFrameworks/AppSandbox.framework/Versions/A/AppSandbox
0x00007fff6470d000 	/System/Library/PrivateFrameworks/SecCodeWrapper.framework/Versions/A/SecCodeWrapper
0x00007fff6d9dd000 	/usr/lib/libMatch.1.dylib
0x00007fff29c09000 	/System/Library/CoreServices/RawCamera.bundle/Contents/MacOS/RawCamera
0x00007fff5d7cc000 	/System/Library/PrivateFrameworks/MobileAsset.framework/Versions/A/MobileAsset
0x00007fff66fe8000 	/System/Library/PrivateFrameworks/StreamingZip.framework/Versions/A/StreamingZip
0x00007fff3b93d000 	/System/Library/Frameworks/MediaToolbox.framework/Versions/A/MediaToolbox
0x00007fff4e3fd000 	/System/Library/PrivateFrameworks/CoreAVCHD.framework/Versions/A/CoreAVCHD
0x00007fff3b867000 	/System/Library/Frameworks/MediaAccessibility.framework/Versions/A/MediaAccessibility
0x00007fff5cb81000 	/System/Library/PrivateFrameworks/Mangrove.framework/Versions/A/Mangrove
0x00007fff37d36000 	/System/Library/Frameworks/CoreMedia.framework/Versions/A/CoreMedia
0x00007fff5cded000 	/System/Library/PrivateFrameworks/MediaExperience.framework/Versions/A/MediaExperience
0x00007fff447fd000 	/System/Library/Frameworks/VideoToolbox.framework/Versions/A/VideoToolbox
0x00007fff4e027000 	/System/Library/PrivateFrameworks/CoreAUC.framework/Versions/A/CoreAUC
0x00007fff6fb7e000 	/usr/lib/libspindump.dylib
0x00007fff4b08f000 	/System/Library/PrivateFrameworks/AudioResourceArbitration.framework/Versions/A/AudioResourceArbitration
0x00007fff4aaa5000 	/System/Library/PrivateFrameworks/AppleVA.framework/Versions/A/AppleVA
0x00007fff327a3000 	/System/Library/Frameworks/Accelerate.framework/Versions/A/Frameworks/vImage.framework/Versions/A/Libraries/libCGInterfaces.dylib
0x0000000128d4f000 	/usr/lib/libobjc-trampolines.dylib
0x00007fff53370000 	/System/Library/PrivateFrameworks/FontServices.framework/libTrueTypeScaler.dylib
0x00007fff30924000 	/System/Library/Extensions/AppleIntelSKLGraphicsMTLDriver.bundle/Contents/MacOS/AppleIntelSKLGraphicsMTLDriver
0x00007fff568fa000 	/System/Library/PrivateFrameworks/GPUCompiler.framework/Versions/3902/Libraries/libmetal_timestamp.dylib
0x00007fff69857000 	/System/Library/PrivateFrameworks/ViewBridge.framework/Versions/A/ViewBridge
0x00007fff4169f000 	/System/Library/Frameworks/OpenGL.framework/Versions/A/Resources/GLEngine.bundle/GLEngine
0x00007fff40a82000 	/System/Library/Frameworks/OpenGL.framework/Versions/A/Libraries/libGLProgrammability.dylib
0x00007fff2f91b000 	/System/Library/Extensions/AppleIntelSKLGraphicsGLDriver.bundle/Contents/MacOS/AppleIntelSKLGraphicsGLDriver
0x00007fff57fac000 	/System/Library/PrivateFrameworks/GPUSupport.framework/Versions/A/Libraries/libGPUSupportMercury.dylib
0x00007fff41819000 	/System/Library/Frameworks/OpenGL.framework/Versions/A/Resources/GLRendererFloat.bundle/GLRendererFloat
0x00007fff4003b000 	/System/Library/Frameworks/OpenCL.framework/Versions/A/Libraries/libcldcpuengine.dylib
0x00007fff6aae5000 	/System/Library/PrivateFrameworks/login.framework/Versions/A/login
0x000000012a58a000 	/usr/local/Cellar/openjdk/14.0.1/libexec/openjdk.jdk/Contents/Home/lib/libosxui.dylib
0x000000012a598000 	/usr/local/Cellar/openjdk/14.0.1/libexec/openjdk.jdk/Contents/Home/lib/libverify.dylib
0x00007fff4cb9b000 	/System/Library/PrivateFrameworks/CloudDocs.framework/Versions/A/CloudDocs
0x00007fff669d0000 	/System/Library/PrivateFrameworks/SpotlightIndex.framework/Versions/A/SpotlightIndex
0x00007fff61902000 	/System/Library/PrivateFrameworks/PowerLog.framework/Versions/A/PowerLog
0x00007fff671ba000 	/System/Library/PrivateFrameworks/SystemAdministration.framework/Versions/A/SystemAdministration
0x00007fff51136000 	/System/Library/PrivateFrameworks/DiskManagement.framework/Versions/A/DiskManagement
0x00007fff38db7000 	/System/Library/Frameworks/DirectoryService.framework/Versions/A/DirectoryService
0x00007fff5106d000 	/System/Library/PrivateFrameworks/DiskImages.framework/Versions/A/DiskImages
0x00007fff5c38d000 	/System/Library/PrivateFrameworks/LoginUIKit.framework/Versions/A/Frameworks/LoginUICore.framework/Versions/A/LoginUICore
0x00007fff6d644000 	/usr/lib/libCoreStorage.dylib
0x00007fff6e7ba000 	/usr/lib/libcsfde.dylib
0x00007fff6fa39000 	/usr/lib/libodfde.dylib
0x00007fff5ce78000 	/System/Library/PrivateFrameworks/MediaKit.framework/Versions/A/MediaKit
0x00007fff38dc3000 	/System/Library/Frameworks/DiscRecording.framework/Versions/A/DiscRecording
0x00007fff512ec000 	/System/Library/PrivateFrameworks/EFILogin.framework/Versions/A/EFILogin
0x00007fff62791000 	/System/Library/PrivateFrameworks/ProtectedCloudStorage.framework/Versions/A/ProtectedCloudStorage
0x00007fff6e82e000 	/usr/lib/libcurl.4.dylib
0x00007fff6e6b3000 	/usr/lib/libcrypto.44.dylib
0x00007fff6fe5e000 	/usr/lib/libssl.46.dylib
0x00007fff3b4d6000 	/System/Library/Frameworks/LDAP.framework/Versions/A/LDAP
0x00007fff67b87000 	/System/Library/PrivateFrameworks/TrustEvaluationAgent.framework/Versions/A/TrustEvaluationAgent
0x00007fff6fb6b000 	/usr/lib/libsasl2.2.dylib
0x00007fff4e777000 	/System/Library/PrivateFrameworks/CoreDaemon.framework/Versions/B/CoreDaemon
0x00007fff4a9bb000 	/System/Library/PrivateFrameworks/AppleSRP.framework/Versions/A/AppleSRP


VM Arguments:
java_command: com.puppycrawl.tools.checkstyle.gui.Main
java_class_path (initial): ./checkstyle-8.5-all.jar
Launcher Type: SUN_STANDARD

[Global flags]
     intx CICompilerCount                          = 3                                         {product} {ergonomic}
     uint ConcGCThreads                            = 1                                         {product} {ergonomic}
     uint G1ConcRefinementThreads                  = 4                                         {product} {ergonomic}
   size_t G1HeapRegionSize                         = 1048576                                   {product} {ergonomic}
    uintx GCDrainStackTargetSize                   = 64                                        {product} {ergonomic}
   size_t InitialHeapSize                          = 134217728                                 {product} {ergonomic}
   size_t MarkStackSize                            = 4194304                                   {product} {ergonomic}
   size_t MaxHeapSize                              = 2147483648                                {product} {ergonomic}
   size_t MaxNewSize                               = 1287651328                                {product} {ergonomic}
   size_t MinHeapDeltaBytes                        = 1048576                                   {product} {ergonomic}
   size_t MinHeapSize                              = 8388608                                   {product} {ergonomic}
    uintx NonNMethodCodeHeapSize                   = 5832780                                {pd product} {ergonomic}
    uintx NonProfiledCodeHeapSize                  = 122912730                              {pd product} {ergonomic}
    uintx ProfiledCodeHeapSize                     = 122912730                              {pd product} {ergonomic}
    uintx ReservedCodeCacheSize                    = 251658240                              {pd product} {ergonomic}
     bool SegmentedCodeCache                       = true                                      {product} {ergonomic}
   size_t SoftMaxHeapSize                          = 2147483648                             {manageable} {ergonomic}
     bool UseCompressedClassPointers               = true                                 {lp64_product} {ergonomic}
     bool UseCompressedOops                        = true                                 {lp64_product} {ergonomic}
     bool UseG1GC                                  = true                                      {product} {ergonomic}

Logging:
Log output configuration:
 #0: stdout all=warning uptime,level,tags
 #1: stderr all=off uptime,level,tags

Environment Variables:
CLASSPATH=:/Users/byrdsmyth/java/junit-X.Y.jar:/Users/byrdsmyth/java/hamcrest-core-XX.YY.jar
PATH=/usr/local/opt/openjdk/bin:/usr/local/anaconda3/bin:/usr/local/bin:/usr/bin:/bin:/usr/sbin:/sbin:/Library/TeX/texbin:/usr/local/share/dotnet:/opt/X11/bin:/Library/Apple/usr/bin:/Library/Frameworks/Mono.framework/Versions/Current/Commands:/Applications/Wireshark.app/Contents/MacOS:/Users/byrdsmyth/java
SHELL=/bin/zsh
DISPLAY=/private/tmp/com.apple.launchd.O6pRtOP2Qq/org.macosforge.xquartz:0

Signal Handlers:
SIGSEGV: [libjvm.dylib+0x7c63a6], sa_mask[0]=11111111011111110111111111111111, sa_flags=SA_ONSTACK|SA_RESTART|SA_SIGINFO
SIGBUS: [libjvm.dylib+0x7c63a6], sa_mask[0]=11111111011111110111111111111111, sa_flags=SA_RESTART|SA_SIGINFO
SIGFPE: [libjvm.dylib+0x7c63a6], sa_mask[0]=11111111011111110111111111111111, sa_flags=SA_RESTART|SA_SIGINFO
SIGPIPE: [libjvm.dylib+0x6078f5], sa_mask[0]=11111111011111110111111111111111, sa_flags=SA_RESTART|SA_SIGINFO
SIGXFSZ: [libjvm.dylib+0x6078f5], sa_mask[0]=11111111011111110111111111111111, sa_flags=SA_RESTART|SA_SIGINFO
SIGILL: [libjvm.dylib+0x7c63a6], sa_mask[0]=11111111011111110111111111111111, sa_flags=SA_RESTART|SA_SIGINFO
SIGUSR2: [libjvm.dylib+0x607eb4], sa_mask[0]=00000000000000000000000000000000, sa_flags=SA_RESTART|SA_SIGINFO
SIGHUP: [libjvm.dylib+0x606f23], sa_mask[0]=11111111011111110111111111111111, sa_flags=SA_RESTART|SA_SIGINFO
SIGINT: [libjvm.dylib+0x606f23], sa_mask[0]=11111111011111110111111111111111, sa_flags=SA_RESTART|SA_SIGINFO
SIGTERM: [libjvm.dylib+0x606f23], sa_mask[0]=11111111011111110111111111111111, sa_flags=SA_RESTART|SA_SIGINFO
SIGQUIT: [libjvm.dylib+0x606f23], sa_mask[0]=11111111011111110111111111111111, sa_flags=SA_RESTART|SA_SIGINFO


---------------  S Y S T E M  ---------------

OS:uname:Darwin 19.5.0 Darwin Kernel Version 19.5.0: Tue May 26 20:41:44 PDT 2020; root:xnu-6153.121.2~2/RELEASE_X86_64 x86_64
OS uptime: 2 days 3:59 hours
rlimit: STACK 8192k, CORE 0k, NPROC 1392, NOFILE 10240, AS infinity, DATA infinity, FSIZE infinity
load average:19.19 6.33 4.10

CPU:total 4 (initial active 4) (2 cores per cpu, 2 threads per core) family 6 model 78 stepping 3, cmov, cx8, fxsr, mmx, sse, sse2, sse3, ssse3, sse4.1, sse4.2, popcnt, avx, avx2, aes, clmul, erms, 3dnowpref, lzcnt, ht, tsc, tscinvbit, bmi1, bmi2, adx, fma

Memory: 4k page, physical 8388608k(57200k free), swap 2097152k(976896k free)

vm_info: OpenJDK 64-Bit Server VM (14.0.1+14) for bsd-amd64 JRE (14.0.1+14), built on Jun 30 2020 17:14:54 by "brew" with clang 4.2.1 Compatible Apple LLVM 11.0.3 (clang-1103.0.32.62)

END.
