#
# A fatal error has been detected by the Java Runtime Environment:
#
#  SIGILL (0x4) at pc=0x00007fff3189cabc, pid=26688, tid=80431
#
# JRE version: OpenJDK Runtime Environment (14.0.1+14) (build 14.0.1+14)
# Java VM: OpenJDK 64-Bit Server VM (14.0.1+14, mixed mode, sharing, tiered, compressed oops, g1 gc, bsd-amd64)
# Problematic frame:
# C  [AppKit+0x3e5abc]  -[NSOpenGLContext setView:]+0xe5
#
# No core dump will be written. Core dumps have been disabled. To enable core dumping, try "ulimit -c unlimited" before starting Java again
#
# If you would like to submit a bug report, please visit:
#   https://bugreport.java.com/bugreport/crash.jsp
# The crash happened outside the Java Virtual Machine in native code.
# See problematic frame for where to report the bug.
#

---------------  S U M M A R Y ------------

Command Line: com.puppycrawl.tools.checkstyle.gui.Main

Host: MacBookPro13,2 x86_64 2900 MHz, 4 cores, 8G, Darwin 19.6.0
Time: Thu Nov  5 21:38:23 2020 PST elapsed time: 96833 seconds (1d 2h 53m 53s)

---------------  T H R E A D  ---------------

Current thread (0x00007ff49b8da800):  JavaThread "Java2D Queue Flusher" daemon [_thread_in_native, id=80431, stack(0x00007000107dc000,0x00007000108dc000)]

Stack: [0x00007000107dc000,0x00007000108dc000],  sp=0x00007000108db860,  free space=1022k
Native frames: (J=compiled Java code, A=aot compiled Java code, j=interpreted, Vv=VM code, C=native code)
C  [AppKit+0x3e5abc]  -[NSOpenGLContext setView:]+0xe5
C  [libawt_lwawt.dylib+0x2120f]  CGLSD_MakeCurrentToScratch+0x45
C  [libawt_lwawt.dylib+0x21318]  OGLSD_MakeOGLContextCurrent+0x58
C  [libawt_lwawt.dylib+0x40481]  OGLContext_SetSurfaces+0x85
C  [libawt_lwawt.dylib+0x43f1d]  Java_sun_java2d_opengl_OGLRenderQueue_flushBuffer+0x62d
J 2294  sun.java2d.opengl.OGLRenderQueue.flushBuffer(JI)V java.desktop@14.0.1 (0 bytes) @ 0x00000001166b3a5d [0x00000001166b39a0+0x00000000000000bd]
J 4730 c2 sun.java2d.opengl.OGLRenderQueue.flushBuffer()V java.desktop@14.0.1 (41 bytes) @ 0x00000001167b82dc [0x00000001167b8280+0x000000000000005c]
j  sun.java2d.opengl.OGLRenderQueue$QueueFlusher.run()V+81 java.desktop@14.0.1
j  java.lang.Thread.run()V+11 java.base@14.0.1
v  ~StubRoutines::call_stub
V  [libjvm.dylib+0x35a5e7]  _ZN9JavaCalls11call_helperEP9JavaValueRK12methodHandleP17JavaCallArgumentsP6Thread+0x255
V  [libjvm.dylib+0x3599f0]  _ZN9JavaCalls12call_virtualEP9JavaValueP5KlassP6SymbolS5_P17JavaCallArgumentsP6Thread+0xfe
V  [libjvm.dylib+0x359aaa]  _ZN9JavaCalls12call_virtualEP9JavaValue6HandleP5KlassP6SymbolS6_P6Thread+0x62
V  [libjvm.dylib+0x3e9f23]  _ZL12thread_entryP10JavaThreadP6Thread+0x78
V  [libjvm.dylib+0x770436]  _ZN10JavaThread17thread_main_innerEv+0x86
V  [libjvm.dylib+0x77027a]  _ZN10JavaThread3runEv+0x11c
V  [libjvm.dylib+0x76e0d7]  _ZN6Thread8call_runEv+0x71
V  [libjvm.dylib+0x605d1d]  _ZL19thread_native_entryP6Thread+0x126
C  [libsystem_pthread.dylib+0x6109]  _pthread_start+0x94
C  [libsystem_pthread.dylib+0x1b8b]  thread_start+0xf

Java frames: (J=compiled Java code, j=interpreted, Vv=VM code)
J 2294  sun.java2d.opengl.OGLRenderQueue.flushBuffer(JI)V java.desktop@14.0.1 (0 bytes) @ 0x00000001166b39e8 [0x00000001166b39a0+0x0000000000000048]
J 4730 c2 sun.java2d.opengl.OGLRenderQueue.flushBuffer()V java.desktop@14.0.1 (41 bytes) @ 0x00000001167b82dc [0x00000001167b8280+0x000000000000005c]
j  sun.java2d.opengl.OGLRenderQueue$QueueFlusher.run()V+81 java.desktop@14.0.1
j  java.lang.Thread.run()V+11 java.base@14.0.1
v  ~StubRoutines::call_stub

siginfo: si_signo: 4 (SIGILL), si_code: 1 (ILL_ILLOPC), si_addr: 0x00007fff3189cabc

Register to memory mapping:

RAX=0x0 is NULL
RBX=0x00007ff49a463d80 points into unknown readable memory: 00 2a 97 9f f4 7f 00 00
RCX=0x0 is NULL
RDX=0x0 is NULL
RSP=0x00007000108db860 is pointing into the stack for thread: 0x00007ff49b8da800
RBP=0x00007000108db8b0 is pointing into the stack for thread: 0x00007ff49b8da800
RSI=0x000000001f08000c is an unknown value
RDI=0x0 is NULL
R8 =0x0 is NULL
R9 =0x0 is NULL
R10=0x0 is NULL
R11=0x0 is NULL
R12=0x00007ff49b2e7038 points into unknown readable memory: 00 00 00 00 00 00 00 00
R13=0x00007ff49f8afbd0 points into unknown readable memory: e0 d5 89 0e 01 00 00 00
R14=0x00007ff49a5a90f0 points into unknown readable memory: 87 da 5a 8b ff ff 3d 00
R15=0x00007ff49f972a00 points into unknown readable memory: 85 a8 5a 8b ff ff 3d 01


Registers:
RAX=0x0000000000000000, RBX=0x00007ff49a463d80, RCX=0x0000000000000000, RDX=0x0000000000000000
RSP=0x00007000108db860, RBP=0x00007000108db8b0, RSI=0x000000001f08000c, RDI=0x0000000000000000
R8 =0x0000000000000000, R9 =0x0000000000000000, R10=0x0000000000000000, R11=0x0000000000000000
R12=0x00007ff49b2e7038, R13=0x00007ff49f8afbd0, R14=0x00007ff49a5a90f0, R15=0x00007ff49f972a00
RIP=0x00007fff3189cabc, EFLAGS=0x0000000000010206, ERR=0x0000000000000000
  TRAPNO=0x0000000000000006

Top of Stack: (sp=0x00007000108db860)
0x00007000108db860:   00007000108db870 00007fff6d17566a
0x00007000108db870:   00007000108db8b0 00007fff3189c2ac
0x00007000108db880:   0000000000000000 0000000000000000
0x00007000108db890:   00007000108db8b0 00007ff49a463d80
0x00007000108db8a0:   00007ff49b8dab10 00007ff49b8dab10
0x00007000108db8b0:   00007000108db8e0 000000010e87820f
0x00007000108db8c0:   00007ff49a4f4ca0 00007ff49a5a6620
0x00007000108db8d0:   00007ff49a463d80 00007ff49b8dab10
0x00007000108db8e0:   00007000108db920 000000010e878318
0x00007000108db8f0:   0000000000000005 00007ff49b8dab10
0x00007000108db900:   00007ff49f8afbd0 00007000108dba58
0x00007000108db910:   00007ff49a954c18 00007ff49f8afbd0
0x00007000108db920:   00007000108db960 000000010e897481
0x00007000108db930:   000000010e89aeee 00007ff49a954c08
0x00007000108db940:   00007ff49f8afbd0 00007000108dba58
0x00007000108db950:   00007ff49a954c18 00007ff49f8afbd0
0x00007000108db960:   00007000108db9c0 000000010e89af1d
0x00007000108db970:   00000007802c6f18 0000000000000064
0x00007000108db980:   00000000108db9e0 00007ff49a954c88
0x00007000108db990:   00007ff49b8dab10 0000000121d2fd10
0x00007000108db9a0:   0000000000000000 00007000108dba58
0x00007000108db9b0:   00007000108dbae0 00007ff49b8da800
0x00007000108db9c0:   00007000108dba10 00000001166b3a5d
0x00007000108db9d0:   00000007803274d0 00007ff49b8da800
0x00007000108db9e0:   00007000108dba30 00000001166496db
0x00007000108db9f0:   00000007802c6f18 000000011665a259
0x00007000108dba00:   00000007802c6f18 000000010f74c144
0x00007000108dba10:   00000007803274d0 00000001167b82dc
0x00007000108dba20:   0000000000000010 000000078030fb90
0x00007000108dba30:   00007000108dbab8 000000010eb38ef3
0x00007000108dba40:   00007000108dbab8 000000010eb38ef3
0x00007000108dba50:   000000010eb38ef3 00000007803274d0 

Instructions: (pc=0x00007fff3189cabc)
0x00007fff3189c9bc:   c3 90 90 90 90 90 90 90 90 55 48 89 e5 48 8b 35
0x00007fff3189c9cc:   f0 01 cd 59 5d ff 25 71 bf 9b 59 55 48 89 e5 41
0x00007fff3189c9dc:   57 41 56 53 48 83 ec 38 49 89 d6 49 89 ff 8a 05
0x00007fff3189c9ec:   a8 1b d4 59 84 c0 0f 84 90 00 00 00 04 fe 84 c0
0x00007fff3189c9fc:   75 0d e8 59 03 78 00 85 c0 0f 84 a5 00 00 00 48
0x00007fff3189ca0c:   8b 35 6e f0 cb 59 4c 89 ff ff 15 2d bf 9b 59 49
0x00007fff3189ca1c:   8d 7f 08 e8 7c 01 78 00 4c 39 f0 74 3e 48 8b 0d
0x00007fff3189ca2c:   08 a6 9b 59 48 8d 7d b0 48 89 0f b9 00 00 00 c2
0x00007fff3189ca3c:   48 89 4f 08 48 8d 0d 63 31 32 00 48 89 4f 10 48
0x00007fff3189ca4c:   8d 0d 4e 40 9c 59 48 89 4f 18 48 89 47 20 4c 89
0x00007fff3189ca5c:   7f 28 4c 89 77 30 e8 83 38 cb ff 31 db 48 8b 35
0x00007fff3189ca6c:   18 f0 cb 59 4c 89 ff ff 15 cf be 9b 59 84 db 75
0x00007fff3189ca7c:   2c 48 83 c4 38 5b 41 5e 41 5f 5d c3 48 8d 3d f9
0x00007fff3189ca8c:   ac a1 59 48 8d 15 02 1b d4 59 48 8d 0d d8 39 32
0x00007fff3189ca9c:   00 31 f6 e8 80 e9 c1 ff e9 51 ff ff ff e8 c2 00
0x00007fff3189caac:   78 00 0f 0b 48 8d 3d 13 70 7f 00 e8 14 fb 77 00
0x00007fff3189cabc:   0f 0b 49 89 c6 eb 13 48 89 c7 e8 75 00 78 00 b3
0x00007fff3189cacc:   01 eb 9a 49 89 c6 84 db 74 05 e8 89 00 78 00 4c
0x00007fff3189cadc:   89 f7 e8 0f fa 77 00 0f 0b e8 58 01 78 00 55 48
0x00007fff3189caec:   89 e5 41 57 41 56 41 54 53 41 89 f6 48 89 fb 48
0x00007fff3189cafc:   83 c7 08 e8 9c 00 78 00 49 89 c7 48 89 df e8 45
0x00007fff3189cb0c:   00 00 00 49 89 c4 4c 89 ff 31 f6 e8 88 00 00 00
0x00007fff3189cb1c:   49 89 c7 45 0f be f6 4d 85 e4 74 0b 48 89 df 44
0x00007fff3189cb2c:   89 f6 e8 42 97 04 00 4d 85 ff 74 13 48 89 df 44
0x00007fff3189cb3c:   89 f6 5b 41 5c 41 5e 41 5f 5d e9 e5 48 04 00 5b
0x00007fff3189cb4c:   41 5c 41 5e 41 5f 5d c3 55 48 89 e5 41 56 53 48
0x00007fff3189cb5c:   89 fb 4c 8d 35 93 67 d3 59 4c 89 f7 e8 01 02 78
0x00007fff3189cb6c:   00 48 8b 3d 1c 1a d4 59 48 8b 35 8d c8 cb 59 48
0x00007fff3189cb7c:   89 da ff 15 c4 bd 9b 59 48 89 c7 ff 15 cb bd 9b
0x00007fff3189cb8c:   59 48 89 c3 4c 89 f7 e8 dc 01 78 00 48 89 df 5b
0x00007fff3189cb9c:   41 5e 5d e9 84 ff 77 00 55 48 89 e5 41 57 41 56
0x00007fff3189cbac:   53 50 41 89 f7 49 89 fe 48 8d 3d fd 66 d3 59 e8 


Stack slot to memory mapping:
stack at sp + 0 slots: 0x00007000108db870 is pointing into the stack for thread: 0x00007ff49b8da800
stack at sp + 1 slots: 0x00007fff6d17566a: class_respondsToSelector_inst+0x1a in /usr/lib/libobjc.A.dylib at 0x00007fff6d16a000
stack at sp + 2 slots: 0x00007000108db8b0 is pointing into the stack for thread: 0x00007ff49b8da800
stack at sp + 3 slots: 0x00007fff3189c2ac: -[NSOpenGLContext makeCurrentContext]+0x125 in /System/Library/Frameworks/AppKit.framework/Versions/C/AppKit at 0x00007fff314b7000
stack at sp + 4 slots: 0x0 is NULL
stack at sp + 5 slots: 0x0 is NULL
stack at sp + 6 slots: 0x00007000108db8b0 is pointing into the stack for thread: 0x00007ff49b8da800
stack at sp + 7 slots: 0x00007ff49a463d80 points into unknown readable memory: 00 2a 97 9f f4 7f 00 00


---------------  P R O C E S S  ---------------

Threads class SMR info:
_java_thread_list=0x00007ff49fc81f20, length=16, elements={
0x00007ff49a827800, 0x00007ff49a82a800, 0x00007ff49a836800, 0x00007ff49a839800,
0x00007ff49a83a800, 0x00007ff49a83b800, 0x00007ff49a83c000, 0x00007ff49b05f000,
0x00007ff49a81e000, 0x00007ff49b1ca800, 0x00007ff49b892800, 0x00007ff49d098800,
0x00007ff49a954000, 0x00007ff49b8da800, 0x00007ff49d14b800, 0x00007ff49b2d0800
}

Java Threads: ( => current thread )
  0x00007ff49a827800 JavaThread "Reference Handler" daemon [_thread_blocked, id=18435, stack(0x000070000f8a6000,0x000070000f9a6000)]
  0x00007ff49a82a800 JavaThread "Finalizer" daemon [_thread_blocked, id=17923, stack(0x000070000f9a9000,0x000070000faa9000)]
  0x00007ff49a836800 JavaThread "Signal Dispatcher" daemon [_thread_blocked, id=22019, stack(0x000070000fbb2000,0x000070000fcb2000)]
  0x00007ff49a839800 JavaThread "Service Thread" daemon [_thread_blocked, id=43011, stack(0x000070000fcb5000,0x000070000fdb5000)]
  0x00007ff49a83a800 JavaThread "C2 CompilerThread0" daemon [_thread_blocked, id=42755, stack(0x000070000fdb8000,0x000070000feb8000)]
  0x00007ff49a83b800 JavaThread "C1 CompilerThread0" daemon [_thread_blocked, id=42243, stack(0x000070000febb000,0x000070000ffbb000)]
  0x00007ff49a83c000 JavaThread "Sweeper thread" daemon [_thread_blocked, id=41987, stack(0x000070000ffbe000,0x00007000100be000)]
  0x00007ff49b05f000 JavaThread "Notification Thread" daemon [_thread_blocked, id=41219, stack(0x00007000100c1000,0x00007000101c1000)]
  0x00007ff49a81e000 JavaThread "Common-Cleaner" daemon [_thread_blocked, id=40195, stack(0x00007000102c7000,0x00007000103c7000)]
  0x00007ff49b1ca800 JavaThread "AppKit Thread" daemon [_thread_in_native, id=775, stack(0x00007ffeedc54000,0x00007ffeee454000)]
  0x00007ff49b892800 JavaThread "AWT-Shutdown" [_thread_blocked, id=34571, stack(0x000070001044d000,0x000070001054d000)]
  0x00007ff49d098800 JavaThread "AWT-EventQueue-0" [_thread_blocked, id=52739, stack(0x00007000106d9000,0x00007000107d9000)]
  0x00007ff49a954000 JavaThread "DestroyJavaVM" [_thread_blocked, id=6659, stack(0x000070000f191000,0x000070000f291000)]
=>0x00007ff49b8da800 JavaThread "Java2D Queue Flusher" daemon [_thread_in_native, id=80431, stack(0x00007000107dc000,0x00007000108dc000)]
  0x00007ff49d14b800 JavaThread "Java2D Disposer" daemon [_thread_blocked, id=71947, stack(0x00007000108df000,0x00007000109df000)]
  0x00007ff49b2d0800 JavaThread "TimerQueue" daemon [_thread_blocked, id=85827, stack(0x0000700010550000,0x0000700010650000)]

Other Threads:
  0x00007ff49a826800 VMThread "VM Thread" [stack: 0x000070000f7a3000,0x000070000f8a3000] [id=18691]
  0x00007ff49b0d1800 WatcherThread [stack: 0x00007000101c4000,0x00007000102c4000] [id=40707]
  0x00007ff49b03c000 GCTaskThread "GC Thread#0" [stack: 0x000070000f294000,0x000070000f394000] [id=12803]
  0x00007ff49b70e000 GCTaskThread "GC Thread#1" [stack: 0x000070000faac000,0x000070000fbac000] [id=16523]
  0x00007ff49d238800 GCTaskThread "GC Thread#2" [stack: 0x00007000109e2000,0x0000700010ae2000] [id=62551]
  0x00007ff49b6e4800 GCTaskThread "GC Thread#3" [stack: 0x0000700010ae5000,0x0000700010be5000] [id=62723]
  0x00007ff49a808800 ConcurrentGCThread "G1 Main Marker" [stack: 0x000070000f397000,0x000070000f497000] [id=13315]
  0x00007ff49a81d800 ConcurrentGCThread "G1 Conc#0" [stack: 0x000070000f49a000,0x000070000f59a000] [id=19715]
  0x00007ff49d01c000 ConcurrentGCThread "G1 Refine#0" [stack: 0x000070000f59d000,0x000070000f69d000] [id=19459]
  0x00007ff49d1a0800 ConcurrentGCThread "G1 Refine#1" [stack: 0x0000700010be8000,0x0000700010ce8000] [id=66051]
  0x00007ff49d23d800 ConcurrentGCThread "G1 Refine#2" [stack: 0x0000700010ceb000,0x0000700010deb000] [id=63491]
  0x00007ff49d23e000 ConcurrentGCThread "G1 Refine#3" [stack: 0x0000700010dee000,0x0000700010eee000] [id=65799]
  0x00007ff49b03c800 ConcurrentGCThread "G1 Young RemSet Sampling" [stack: 0x000070000f6a0000,0x000070000f7a0000] [id=18947]

Threads with active compile tasks:

VM state:not at safepoint (normal execution)

VM Mutex/Monitor currently owned by a thread: None

Heap address: 0x0000000780000000, size: 2048 MB, Compressed Oops mode: Zero based, Oop shift amount: 3
Narrow klass base: 0x0000000800000000, Narrow klass shift: 3
Compressed class space size: 1073741824 Address: 0x0000000800b19000

Heap:
 garbage-first heap   total 133120K, used 61407K [0x0000000780000000, 0x0000000800000000)
  region size 1024K, 50 young (51200K), 6 survivors (6144K)
 Metaspace       used 16610K, capacity 17013K, committed 17152K, reserved 1064960K
  class space    used 1831K, capacity 2018K, committed 2048K, reserved 1048576K
Heap Regions: E=young(eden), S=young(survivor), O=old, HS=humongous(starts), HC=humongous(continues), CS=collection set, F=free, OA=open archive, CA=closed archive, TAMS=top-at-mark-start (previous, next)
|   0|0x0000000780000000, 0x0000000780100000, 0x0000000780100000|100%|HS|  |TAMS 0x0000000780000000, 0x0000000780000000| Complete 
|   1|0x0000000780100000, 0x0000000780200000, 0x0000000780200000|100%| O|  |TAMS 0x0000000780100000, 0x0000000780100000| Untracked 
|   2|0x0000000780200000, 0x0000000780300000, 0x0000000780300000|100%| O|  |TAMS 0x0000000780200000, 0x0000000780200000| Untracked 
|   3|0x0000000780300000, 0x0000000780400000, 0x0000000780400000|100%| O|  |TAMS 0x0000000780300000, 0x0000000780300000| Untracked 
|   4|0x0000000780400000, 0x0000000780500000, 0x0000000780500000|100%| O|  |TAMS 0x0000000780400000, 0x0000000780400000| Untracked 
|   5|0x0000000780500000, 0x0000000780600000, 0x0000000780600000|100%| O|  |TAMS 0x0000000780500000, 0x0000000780500000| Untracked 
|   6|0x0000000780600000, 0x0000000780700000, 0x0000000780700000|100%| O|  |TAMS 0x0000000780600000, 0x0000000780600000| Untracked 
|   7|0x0000000780700000, 0x00000007807a0400, 0x0000000780800000| 62%| O|  |TAMS 0x0000000780700000, 0x0000000780700000| Untracked 
|   8|0x0000000780800000, 0x0000000780900000, 0x0000000780900000|100%|HS|  |TAMS 0x0000000780800000, 0x0000000780800000| Complete 
|   9|0x0000000780900000, 0x0000000780a00000, 0x0000000780a00000|100%|HC|  |TAMS 0x0000000780900000, 0x0000000780900000| Complete 
|  10|0x0000000780a00000, 0x0000000780b00000, 0x0000000780b00000|100%|HC|  |TAMS 0x0000000780a00000, 0x0000000780a00000| Complete 
|  11|0x0000000780b00000, 0x0000000780b00000, 0x0000000780c00000|  0%| F|  |TAMS 0x0000000780b00000, 0x0000000780b00000| Untracked 
|  12|0x0000000780c00000, 0x0000000780c00000, 0x0000000780d00000|  0%| F|  |TAMS 0x0000000780c00000, 0x0000000780c00000| Untracked 
|  13|0x0000000780d00000, 0x0000000780d00000, 0x0000000780e00000|  0%| F|  |TAMS 0x0000000780d00000, 0x0000000780d00000| Untracked 
|  14|0x0000000780e00000, 0x0000000780e00000, 0x0000000780f00000|  0%| F|  |TAMS 0x0000000780e00000, 0x0000000780e00000| Untracked 
|  15|0x0000000780f00000, 0x0000000780f00000, 0x0000000781000000|  0%| F|  |TAMS 0x0000000780f00000, 0x0000000780f00000| Untracked 
|  16|0x0000000781000000, 0x0000000781000000, 0x0000000781100000|  0%| F|  |TAMS 0x0000000781000000, 0x0000000781000000| Untracked 
|  17|0x0000000781100000, 0x0000000781100000, 0x0000000781200000|  0%| F|  |TAMS 0x0000000781100000, 0x0000000781100000| Untracked 
|  18|0x0000000781200000, 0x0000000781200000, 0x0000000781300000|  0%| F|  |TAMS 0x0000000781200000, 0x0000000781200000| Untracked 
|  19|0x0000000781300000, 0x0000000781300000, 0x0000000781400000|  0%| F|  |TAMS 0x0000000781300000, 0x0000000781300000| Untracked 
|  20|0x0000000781400000, 0x0000000781400000, 0x0000000781500000|  0%| F|  |TAMS 0x0000000781400000, 0x0000000781400000| Untracked 
|  21|0x0000000781500000, 0x0000000781500000, 0x0000000781600000|  0%| F|  |TAMS 0x0000000781500000, 0x0000000781500000| Untracked 
|  22|0x0000000781600000, 0x0000000781600000, 0x0000000781700000|  0%| F|  |TAMS 0x0000000781600000, 0x0000000781600000| Untracked 
|  23|0x0000000781700000, 0x0000000781700000, 0x0000000781800000|  0%| F|  |TAMS 0x0000000781700000, 0x0000000781700000| Untracked 
|  24|0x0000000781800000, 0x0000000781800000, 0x0000000781900000|  0%| F|  |TAMS 0x0000000781800000, 0x0000000781800000| Untracked 
|  25|0x0000000781900000, 0x0000000781900000, 0x0000000781a00000|  0%| F|  |TAMS 0x0000000781900000, 0x0000000781900000| Untracked 
|  26|0x0000000781a00000, 0x0000000781a00000, 0x0000000781b00000|  0%| F|  |TAMS 0x0000000781a00000, 0x0000000781a00000| Untracked 
|  27|0x0000000781b00000, 0x0000000781b00000, 0x0000000781c00000|  0%| F|  |TAMS 0x0000000781b00000, 0x0000000781b00000| Untracked 
|  28|0x0000000781c00000, 0x0000000781c00000, 0x0000000781d00000|  0%| F|  |TAMS 0x0000000781c00000, 0x0000000781c00000| Untracked 
|  29|0x0000000781d00000, 0x0000000781d00000, 0x0000000781e00000|  0%| F|  |TAMS 0x0000000781d00000, 0x0000000781d00000| Untracked 
|  30|0x0000000781e00000, 0x0000000781e00000, 0x0000000781f00000|  0%| F|  |TAMS 0x0000000781e00000, 0x0000000781e00000| Untracked 
|  31|0x0000000781f00000, 0x0000000781f00000, 0x0000000782000000|  0%| F|  |TAMS 0x0000000781f00000, 0x0000000781f00000| Untracked 
|  32|0x0000000782000000, 0x0000000782000000, 0x0000000782100000|  0%| F|  |TAMS 0x0000000782000000, 0x0000000782000000| Untracked 
|  33|0x0000000782100000, 0x0000000782100000, 0x0000000782200000|  0%| F|  |TAMS 0x0000000782100000, 0x0000000782100000| Untracked 
|  34|0x0000000782200000, 0x0000000782200000, 0x0000000782300000|  0%| F|  |TAMS 0x0000000782200000, 0x0000000782200000| Untracked 
|  35|0x0000000782300000, 0x0000000782300000, 0x0000000782400000|  0%| F|  |TAMS 0x0000000782300000, 0x0000000782300000| Untracked 
|  36|0x0000000782400000, 0x0000000782400000, 0x0000000782500000|  0%| F|  |TAMS 0x0000000782400000, 0x0000000782400000| Untracked 
|  37|0x0000000782500000, 0x0000000782500000, 0x0000000782600000|  0%| F|  |TAMS 0x0000000782500000, 0x0000000782500000| Untracked 
|  38|0x0000000782600000, 0x0000000782600000, 0x0000000782700000|  0%| F|  |TAMS 0x0000000782600000, 0x0000000782600000| Untracked 
|  39|0x0000000782700000, 0x0000000782700000, 0x0000000782800000|  0%| F|  |TAMS 0x0000000782700000, 0x0000000782700000| Untracked 
|  40|0x0000000782800000, 0x0000000782800000, 0x0000000782900000|  0%| F|  |TAMS 0x0000000782800000, 0x0000000782800000| Untracked 
|  41|0x0000000782900000, 0x0000000782900000, 0x0000000782a00000|  0%| F|  |TAMS 0x0000000782900000, 0x0000000782900000| Untracked 
|  42|0x0000000782a00000, 0x0000000782a00000, 0x0000000782b00000|  0%| F|  |TAMS 0x0000000782a00000, 0x0000000782a00000| Untracked 
|  43|0x0000000782b00000, 0x0000000782b00000, 0x0000000782c00000|  0%| F|  |TAMS 0x0000000782b00000, 0x0000000782b00000| Untracked 
|  44|0x0000000782c00000, 0x0000000782c00000, 0x0000000782d00000|  0%| F|  |TAMS 0x0000000782c00000, 0x0000000782c00000| Untracked 
|  45|0x0000000782d00000, 0x0000000782d00000, 0x0000000782e00000|  0%| F|  |TAMS 0x0000000782d00000, 0x0000000782d00000| Untracked 
|  46|0x0000000782e00000, 0x0000000782e00000, 0x0000000782f00000|  0%| F|  |TAMS 0x0000000782e00000, 0x0000000782e00000| Untracked 
|  47|0x0000000782f00000, 0x0000000782f00000, 0x0000000783000000|  0%| F|  |TAMS 0x0000000782f00000, 0x0000000782f00000| Untracked 
|  48|0x0000000783000000, 0x0000000783000000, 0x0000000783100000|  0%| F|  |TAMS 0x0000000783000000, 0x0000000783000000| Untracked 
|  49|0x0000000783100000, 0x00000007831899d0, 0x0000000783200000| 53%| S|CS|TAMS 0x0000000783100000, 0x0000000783100000| Complete 
|  50|0x0000000783200000, 0x0000000783300000, 0x0000000783300000|100%| S|CS|TAMS 0x0000000783200000, 0x0000000783200000| Complete 
|  51|0x0000000783300000, 0x0000000783400000, 0x0000000783400000|100%| S|CS|TAMS 0x0000000783300000, 0x0000000783300000| Complete 
|  52|0x0000000783400000, 0x0000000783400000, 0x0000000783500000|  0%| F|  |TAMS 0x0000000783400000, 0x0000000783400000| Untracked 
|  53|0x0000000783500000, 0x0000000783500000, 0x0000000783600000|  0%| F|  |TAMS 0x0000000783500000, 0x0000000783500000| Untracked 
|  54|0x0000000783600000, 0x0000000783600000, 0x0000000783700000|  0%| F|  |TAMS 0x0000000783600000, 0x0000000783600000| Untracked 
|  55|0x0000000783700000, 0x0000000783800000, 0x0000000783800000|100%| S|CS|TAMS 0x0000000783700000, 0x0000000783700000| Complete 
|  56|0x0000000783800000, 0x0000000783900000, 0x0000000783900000|100%| S|CS|TAMS 0x0000000783800000, 0x0000000783800000| Complete 
|  57|0x0000000783900000, 0x0000000783a00000, 0x0000000783a00000|100%| S|CS|TAMS 0x0000000783900000, 0x0000000783900000| Complete 
|  58|0x0000000783a00000, 0x0000000783a00000, 0x0000000783b00000|  0%| F|  |TAMS 0x0000000783a00000, 0x0000000783a00000| Untracked 
|  59|0x0000000783b00000, 0x0000000783b00000, 0x0000000783c00000|  0%| F|  |TAMS 0x0000000783b00000, 0x0000000783b00000| Untracked 
|  60|0x0000000783c00000, 0x0000000783c00000, 0x0000000783d00000|  0%| F|  |TAMS 0x0000000783c00000, 0x0000000783c00000| Untracked 
|  61|0x0000000783d00000, 0x0000000783d00000, 0x0000000783e00000|  0%| F|  |TAMS 0x0000000783d00000, 0x0000000783d00000| Untracked 
|  62|0x0000000783e00000, 0x0000000783e00000, 0x0000000783f00000|  0%| F|  |TAMS 0x0000000783e00000, 0x0000000783e00000| Untracked 
|  63|0x0000000783f00000, 0x0000000783f00000, 0x0000000784000000|  0%| F|  |TAMS 0x0000000783f00000, 0x0000000783f00000| Untracked 
|  64|0x0000000784000000, 0x0000000784000000, 0x0000000784100000|  0%| F|  |TAMS 0x0000000784000000, 0x0000000784000000| Untracked 
|  65|0x0000000784100000, 0x0000000784100000, 0x0000000784200000|  0%| F|  |TAMS 0x0000000784100000, 0x0000000784100000| Untracked 
|  66|0x0000000784200000, 0x0000000784200000, 0x0000000784300000|  0%| F|  |TAMS 0x0000000784200000, 0x0000000784200000| Untracked 
|  67|0x0000000784300000, 0x0000000784300000, 0x0000000784400000|  0%| F|  |TAMS 0x0000000784300000, 0x0000000784300000| Untracked 
|  68|0x0000000784400000, 0x0000000784400000, 0x0000000784500000|  0%| F|  |TAMS 0x0000000784400000, 0x0000000784400000| Untracked 
|  69|0x0000000784500000, 0x0000000784500000, 0x0000000784600000|  0%| F|  |TAMS 0x0000000784500000, 0x0000000784500000| Untracked 
|  70|0x0000000784600000, 0x0000000784600000, 0x0000000784700000|  0%| F|  |TAMS 0x0000000784600000, 0x0000000784600000| Untracked 
|  71|0x0000000784700000, 0x0000000784700000, 0x0000000784800000|  0%| F|  |TAMS 0x0000000784700000, 0x0000000784700000| Untracked 
|  72|0x0000000784800000, 0x0000000784800000, 0x0000000784900000|  0%| F|  |TAMS 0x0000000784800000, 0x0000000784800000| Untracked 
|  73|0x0000000784900000, 0x0000000784900000, 0x0000000784a00000|  0%| F|  |TAMS 0x0000000784900000, 0x0000000784900000| Untracked 
|  74|0x0000000784a00000, 0x0000000784a00000, 0x0000000784b00000|  0%| F|  |TAMS 0x0000000784a00000, 0x0000000784a00000| Untracked 
|  75|0x0000000784b00000, 0x0000000784b00000, 0x0000000784c00000|  0%| F|  |TAMS 0x0000000784b00000, 0x0000000784b00000| Untracked 
|  76|0x0000000784c00000, 0x0000000784c00000, 0x0000000784d00000|  0%| F|  |TAMS 0x0000000784c00000, 0x0000000784c00000| Untracked 
|  77|0x0000000784d00000, 0x0000000784d00000, 0x0000000784e00000|  0%| F|  |TAMS 0x0000000784d00000, 0x0000000784d00000| Untracked 
|  78|0x0000000784e00000, 0x0000000784e00000, 0x0000000784f00000|  0%| F|  |TAMS 0x0000000784e00000, 0x0000000784e00000| Untracked 
|  79|0x0000000784f00000, 0x0000000784f00000, 0x0000000785000000|  0%| F|  |TAMS 0x0000000784f00000, 0x0000000784f00000| Untracked 
|  80|0x0000000785000000, 0x0000000785000000, 0x0000000785100000|  0%| F|  |TAMS 0x0000000785000000, 0x0000000785000000| Untracked 
|  81|0x0000000785100000, 0x0000000785100000, 0x0000000785200000|  0%| F|  |TAMS 0x0000000785100000, 0x0000000785100000| Untracked 
|  82|0x0000000785200000, 0x0000000785200000, 0x0000000785300000|  0%| F|  |TAMS 0x0000000785200000, 0x0000000785200000| Untracked 
|  83|0x0000000785300000, 0x0000000785300000, 0x0000000785400000|  0%| F|  |TAMS 0x0000000785300000, 0x0000000785300000| Untracked 
|  84|0x0000000785400000, 0x00000007854f5288, 0x0000000785500000| 95%| E|  |TAMS 0x0000000785400000, 0x0000000785400000| Complete 
|  85|0x0000000785500000, 0x0000000785600000, 0x0000000785600000|100%| E|CS|TAMS 0x0000000785500000, 0x0000000785500000| Complete 
|  86|0x0000000785600000, 0x0000000785700000, 0x0000000785700000|100%| E|CS|TAMS 0x0000000785600000, 0x0000000785600000| Complete 
|  87|0x0000000785700000, 0x0000000785800000, 0x0000000785800000|100%| E|CS|TAMS 0x0000000785700000, 0x0000000785700000| Complete 
|  88|0x0000000785800000, 0x0000000785900000, 0x0000000785900000|100%| E|CS|TAMS 0x0000000785800000, 0x0000000785800000| Complete 
|  89|0x0000000785900000, 0x0000000785a00000, 0x0000000785a00000|100%| E|CS|TAMS 0x0000000785900000, 0x0000000785900000| Complete 
|  90|0x0000000785a00000, 0x0000000785b00000, 0x0000000785b00000|100%| E|CS|TAMS 0x0000000785a00000, 0x0000000785a00000| Complete 
|  91|0x0000000785b00000, 0x0000000785c00000, 0x0000000785c00000|100%| E|CS|TAMS 0x0000000785b00000, 0x0000000785b00000| Complete 
|  92|0x0000000785c00000, 0x0000000785d00000, 0x0000000785d00000|100%| E|CS|TAMS 0x0000000785c00000, 0x0000000785c00000| Complete 
|  93|0x0000000785d00000, 0x0000000785e00000, 0x0000000785e00000|100%| E|CS|TAMS 0x0000000785d00000, 0x0000000785d00000| Complete 
|  94|0x0000000785e00000, 0x0000000785f00000, 0x0000000785f00000|100%| E|CS|TAMS 0x0000000785e00000, 0x0000000785e00000| Complete 
|  95|0x0000000785f00000, 0x0000000786000000, 0x0000000786000000|100%| E|CS|TAMS 0x0000000785f00000, 0x0000000785f00000| Complete 
|  96|0x0000000786000000, 0x0000000786100000, 0x0000000786100000|100%| E|CS|TAMS 0x0000000786000000, 0x0000000786000000| Complete 
|  97|0x0000000786100000, 0x0000000786200000, 0x0000000786200000|100%| E|CS|TAMS 0x0000000786100000, 0x0000000786100000| Complete 
|  98|0x0000000786200000, 0x0000000786300000, 0x0000000786300000|100%| E|CS|TAMS 0x0000000786200000, 0x0000000786200000| Complete 
|  99|0x0000000786300000, 0x0000000786400000, 0x0000000786400000|100%| E|CS|TAMS 0x0000000786300000, 0x0000000786300000| Complete 
| 100|0x0000000786400000, 0x0000000786500000, 0x0000000786500000|100%| E|CS|TAMS 0x0000000786400000, 0x0000000786400000| Complete 
| 101|0x0000000786500000, 0x0000000786600000, 0x0000000786600000|100%| E|CS|TAMS 0x0000000786500000, 0x0000000786500000| Complete 
| 102|0x0000000786600000, 0x0000000786700000, 0x0000000786700000|100%| E|CS|TAMS 0x0000000786600000, 0x0000000786600000| Complete 
| 103|0x0000000786700000, 0x0000000786800000, 0x0000000786800000|100%| E|CS|TAMS 0x0000000786700000, 0x0000000786700000| Complete 
| 104|0x0000000786800000, 0x0000000786900000, 0x0000000786900000|100%| E|CS|TAMS 0x0000000786800000, 0x0000000786800000| Complete 
| 105|0x0000000786900000, 0x0000000786a00000, 0x0000000786a00000|100%| E|CS|TAMS 0x0000000786900000, 0x0000000786900000| Complete 
| 106|0x0000000786a00000, 0x0000000786b00000, 0x0000000786b00000|100%| E|CS|TAMS 0x0000000786a00000, 0x0000000786a00000| Complete 
| 107|0x0000000786b00000, 0x0000000786c00000, 0x0000000786c00000|100%| E|CS|TAMS 0x0000000786b00000, 0x0000000786b00000| Complete 
| 108|0x0000000786c00000, 0x0000000786d00000, 0x0000000786d00000|100%| E|CS|TAMS 0x0000000786c00000, 0x0000000786c00000| Complete 
| 109|0x0000000786d00000, 0x0000000786e00000, 0x0000000786e00000|100%| E|CS|TAMS 0x0000000786d00000, 0x0000000786d00000| Complete 
| 110|0x0000000786e00000, 0x0000000786f00000, 0x0000000786f00000|100%| E|CS|TAMS 0x0000000786e00000, 0x0000000786e00000| Complete 
| 111|0x0000000786f00000, 0x0000000787000000, 0x0000000787000000|100%| E|CS|TAMS 0x0000000786f00000, 0x0000000786f00000| Complete 
| 112|0x0000000787000000, 0x0000000787100000, 0x0000000787100000|100%| E|CS|TAMS 0x0000000787000000, 0x0000000787000000| Complete 
| 113|0x0000000787100000, 0x0000000787200000, 0x0000000787200000|100%| E|CS|TAMS 0x0000000787100000, 0x0000000787100000| Complete 
| 114|0x0000000787200000, 0x0000000787300000, 0x0000000787300000|100%| E|CS|TAMS 0x0000000787200000, 0x0000000787200000| Complete 
| 115|0x0000000787300000, 0x0000000787400000, 0x0000000787400000|100%| E|CS|TAMS 0x0000000787300000, 0x0000000787300000| Complete 
| 116|0x0000000787400000, 0x0000000787500000, 0x0000000787500000|100%| E|CS|TAMS 0x0000000787400000, 0x0000000787400000| Complete 
| 117|0x0000000787500000, 0x0000000787600000, 0x0000000787600000|100%| E|CS|TAMS 0x0000000787500000, 0x0000000787500000| Complete 
| 118|0x0000000787600000, 0x0000000787700000, 0x0000000787700000|100%| E|CS|TAMS 0x0000000787600000, 0x0000000787600000| Complete 
| 119|0x0000000787700000, 0x0000000787800000, 0x0000000787800000|100%| E|CS|TAMS 0x0000000787700000, 0x0000000787700000| Complete 
| 120|0x0000000787800000, 0x0000000787900000, 0x0000000787900000|100%| E|CS|TAMS 0x0000000787800000, 0x0000000787800000| Complete 
| 121|0x0000000787900000, 0x0000000787a00000, 0x0000000787a00000|100%| E|CS|TAMS 0x0000000787900000, 0x0000000787900000| Complete 
| 122|0x0000000787a00000, 0x0000000787b00000, 0x0000000787b00000|100%| E|CS|TAMS 0x0000000787a00000, 0x0000000787a00000| Complete 
| 123|0x0000000787b00000, 0x0000000787c00000, 0x0000000787c00000|100%| E|CS|TAMS 0x0000000787b00000, 0x0000000787b00000| Complete 
| 124|0x0000000787c00000, 0x0000000787d00000, 0x0000000787d00000|100%| E|CS|TAMS 0x0000000787c00000, 0x0000000787c00000| Complete 
| 125|0x0000000787d00000, 0x0000000787e00000, 0x0000000787e00000|100%| E|CS|TAMS 0x0000000787d00000, 0x0000000787d00000| Complete 
| 126|0x0000000787e00000, 0x0000000787f00000, 0x0000000787f00000|100%| E|CS|TAMS 0x0000000787e00000, 0x0000000787e00000| Complete 
| 127|0x0000000787f00000, 0x0000000788000000, 0x0000000788000000|100%| E|CS|TAMS 0x0000000787f00000, 0x0000000787f00000| Complete 
|1022|0x00000007bfe00000, 0x00000007bfe52000, 0x00000007bff00000| 32%|OA|  |TAMS 0x00000007bfe00000, 0x00000007bfe00000| Untracked 
|1023|0x00000007bff00000, 0x00000007bff7c000, 0x00000007c0000000| 48%|CA|  |TAMS 0x00000007bff00000, 0x00000007bff00000| Untracked 

Card table byte_map: [0x000000010bee8000,0x000000010c2e8000] _byte_map_base: 0x00000001082e8000

Marking Bits (Prev, Next): (CMBitMap*) 0x00007ff49a80aa18, (CMBitMap*) 0x00007ff49a80aa58
 Prev Bits: [0x000000010c6e8000, 0x000000010e6e8000)
 Next Bits: [0x000000011db2f000, 0x000000011fb2f000)

Polling page: 0x00000001017dc000

Metaspace:

Usage:
  Non-class:     14.64 MB capacity,    14.43 MB ( 99%) used,   175.27 KB (  1%) free+waste,    40.75 KB ( <1%) overhead. 
      Class:      1.97 MB capacity,     1.79 MB ( 91%) used,   164.29 KB (  8%) free+waste,    22.38 KB (  1%) overhead. 
       Both:     16.61 MB capacity,    16.22 MB ( 98%) used,   339.55 KB (  2%) free+waste,    63.12 KB ( <1%) overhead. 

Virtual space:
  Non-class space:       16.00 MB reserved,      14.75 MB ( 92%) committed 
      Class space:        1.00 GB reserved,       2.00 MB ( <1%) committed 
             Both:        1.02 GB reserved,      16.75 MB (  2%) committed 

Chunk freelists:
   Non-Class:  89.00 KB
       Class:  26.00 KB
        Both:  115.00 KB

MaxMetaspaceSize: unlimited
CompressedClassSpaceSize: 1.00 GB

CodeHeap 'non-profiled nmethods': size=120032Kb used=3346Kb max_used=3443Kb free=116685Kb
 bounds [0x00000001165f7000, 0x0000000116977000, 0x000000011db2f000]
CodeHeap 'profiled nmethods': size=120028Kb used=8153Kb max_used=8912Kb free=111874Kb
 bounds [0x000000010f0c0000, 0x000000010f9c0000, 0x00000001165f7000]
CodeHeap 'non-nmethods': size=5700Kb used=1383Kb max_used=1443Kb free=4317Kb
 bounds [0x000000010eb2f000, 0x000000010ed9f000, 0x000000010f0c0000]
 total_blobs=7386 nmethods=3870 adapters=611
 compilation: enabled
              stopped_count=0, restarted_count=0
 full_count=0

Compilation events (20 events):
Event: 88574.452 Thread 0x00007ff49a83b800 4852       1       javax.swing.JComponent::getToolTipLocation (2 bytes)
Event: 88574.452 Thread 0x00007ff49a83b800 nmethod 4852 0x0000000116928310 code [0x00000001169284a0, 0x0000000116928570]
Event: 88714.115 Thread 0x00007ff49a83a800 4853       4       java.awt.Component::inside (30 bytes)
Event: 88714.116 Thread 0x00007ff49a83a800 nmethod 4853 0x0000000116927f90 code [0x0000000116928100, 0x0000000116928198]
Event: 88848.549 Thread 0x00007ff49a83a800 4854 %s!   4       sun.java2d.opengl.OGLRenderQueue$QueueFlusher::run @ 2 (234 bytes)
Event: 88848.600 Thread 0x00007ff49a83a800 nmethod 4854% 0x00000001168b1790 code [0x00000001168b1b80, 0x00000001168b2e88]
Event: 96828.715 Thread 0x00007ff49a83b800 4855       3       java.awt.Component::updateGraphicsData (34 bytes)
Event: 96828.834 Thread 0x00007ff49a83b800 nmethod 4855 0x000000010f2d1990 code [0x000000010f2d1b40, 0x000000010f2d1ea0]
Event: 96832.901 Thread 0x00007ff49a83a800 4856       4       java.util.IdentityHashMap$IdentityHashMapIterator::hasNext (50 bytes)
Event: 96833.052 Thread 0x00007ff49a83a800 nmethod 4856 0x000000011675b590 code [0x000000011675b720, 0x000000011675b938]
Event: 96833.410 Thread 0x00007ff49a83b800 4857  s    3       sun.font.CCharToGlyphMapper::charToGlyph (63 bytes)
Event: 96833.411 Thread 0x00007ff49a83b800 nmethod 4857 0x000000010f54eb90 code [0x000000010f54ed60, 0x000000010f54f510]
Event: 96833.411 Thread 0x00007ff49a83b800 4858  s    3       sun.font.CCharToGlyphMapper::charToGlyph (59 bytes)
Event: 96833.411 Thread 0x00007ff49a83a800 4860       4       sun.font.GlyphList::getInstance (23 bytes)
Event: 96833.412 Thread 0x00007ff49a83b800 nmethod 4858 0x000000010f639110 code [0x000000010f639300, 0x000000010f639bb0]
Event: 96833.412 Thread 0x00007ff49a83b800 4859       3       sun.font.CStrike::getGlyphAdvance (6 bytes)
Event: 96833.413 Thread 0x00007ff49a83b800 nmethod 4859 0x000000010f244610 code [0x000000010f2447a0, 0x000000010f2448e0]
Event: 96833.415 Thread 0x00007ff49a83a800 nmethod 4860 0x000000011675b290 code [0x000000011675b420, 0x000000011675b4b8]
Event: 96833.424 Thread 0x00007ff49a83b800 4861       3       sun.java2d.pipe.GlyphListPipe::drawString (202 bytes)
Event: 96833.430 Thread 0x00007ff49a83b800 nmethod 4861 0x000000010f373010 code [0x000000010f373320, 0x000000010f374450]

GC Heap History (16 events):
Event: 17.307 GC heap before
{Heap before GC invocations=0 (full 0):
 garbage-first heap   total 133120K, used 15160K [0x0000000780000000, 0x0000000800000000)
  region size 1024K, 13 young (13312K), 0 survivors (0K)
 Metaspace       used 12807K, capacity 13215K, committed 13440K, reserved 1060864K
  class space    used 1643K, capacity 1823K, committed 1920K, reserved 1048576K
}
Event: 17.313 GC heap after
{Heap after GC invocations=1 (full 0):
 garbage-first heap   total 133120K, used 5711K [0x0000000780000000, 0x0000000800000000)
  region size 1024K, 2 young (2048K), 2 survivors (2048K)
 Metaspace       used 12807K, capacity 13215K, committed 13440K, reserved 1060864K
  class space    used 1643K, capacity 1823K, committed 1920K, reserved 1048576K
}
Event: 43.946 GC heap before
{Heap before GC invocations=1 (full 0):
 garbage-first heap   total 133120K, used 19023K [0x0000000780000000, 0x0000000800000000)
  region size 1024K, 15 young (15360K), 2 survivors (2048K)
 Metaspace       used 14437K, capacity 14869K, committed 14976K, reserved 1062912K
  class space    used 1731K, capacity 1905K, committed 1920K, reserved 1048576K
}
Event: 43.952 GC heap after
{Heap after GC invocations=2 (full 0):
 garbage-first heap   total 133120K, used 7291K [0x0000000780000000, 0x0000000800000000)
  region size 1024K, 2 young (2048K), 2 survivors (2048K)
 Metaspace       used 14437K, capacity 14869K, committed 14976K, reserved 1062912K
  class space    used 1731K, capacity 1905K, committed 1920K, reserved 1048576K
}
Event: 186.993 GC heap before
{Heap before GC invocations=2 (full 0):
 garbage-first heap   total 133120K, used 34939K [0x0000000780000000, 0x0000000800000000)
  region size 1024K, 29 young (29696K), 2 survivors (2048K)
 Metaspace       used 14841K, capacity 15266K, committed 15488K, reserved 1062912K
  class space    used 1740K, capacity 1906K, committed 1920K, reserved 1048576K
}
Event: 186.997 GC heap after
{Heap after GC invocations=3 (full 0):
 garbage-first heap   total 133120K, used 9983K [0x0000000780000000, 0x0000000800000000)
  region size 1024K, 4 young (4096K), 4 survivors (4096K)
 Metaspace       used 14841K, capacity 15266K, committed 15488K, reserved 1062912K
  class space    used 1740K, capacity 1906K, committed 1920K, reserved 1048576K
}
Event: 1577.652 GC heap before
{Heap before GC invocations=3 (full 0):
 garbage-first heap   total 133120K, used 83711K [0x0000000780000000, 0x0000000800000000)
  region size 1024K, 76 young (77824K), 4 survivors (4096K)
 Metaspace       used 15438K, capacity 15792K, committed 16000K, reserved 1062912K
  class space    used 1744K, capacity 1910K, committed 1920K, reserved 1048576K
}
Event: 1577.665 GC heap after
{Heap after GC invocations=4 (full 0):
 garbage-first heap   total 133120K, used 12324K [0x0000000780000000, 0x0000000800000000)
  region size 1024K, 7 young (7168K), 7 survivors (7168K)
 Metaspace       used 15438K, capacity 15792K, committed 16000K, reserved 1062912K
  class space    used 1744K, capacity 1910K, committed 1920K, reserved 1048576K
}
Event: 85548.533 GC heap before
{Heap before GC invocations=4 (full 0):
 garbage-first heap   total 133120K, used 82980K [0x0000000780000000, 0x0000000800000000)
  region size 1024K, 76 young (77824K), 7 survivors (7168K)
 Metaspace       used 16338K, capacity 16753K, committed 16896K, reserved 1064960K
  class space    used 1829K, capacity 2017K, committed 2048K, reserved 1048576K
}
Event: 85548.600 GC heap after
{Heap after GC invocations=5 (full 0):
 garbage-first heap   total 133120K, used 13038K [0x0000000780000000, 0x0000000800000000)
  region size 1024K, 6 young (6144K), 6 survivors (6144K)
 Metaspace       used 16338K, capacity 16753K, committed 16896K, reserved 1064960K
  class space    used 1829K, capacity 2017K, committed 2048K, reserved 1048576K
}
Event: 86721.355 GC heap before
{Heap before GC invocations=5 (full 0):
 garbage-first heap   total 133120K, used 84718K [0x0000000780000000, 0x0000000800000000)
  region size 1024K, 76 young (77824K), 6 survivors (6144K)
 Metaspace       used 16461K, capacity 16882K, committed 17152K, reserved 1064960K
  class space    used 1829K, capacity 2017K, committed 2048K, reserved 1048576K
}
Event: 86721.407 GC heap after
{Heap after GC invocations=6 (full 0):
 garbage-first heap   total 133120K, used 11080K [0x0000000780000000, 0x0000000800000000)
  region size 1024K, 3 young (3072K), 3 survivors (3072K)
 Metaspace       used 16461K, capacity 16882K, committed 17152K, reserved 1064960K
  class space    used 1829K, capacity 2017K, committed 2048K, reserved 1048576K
}
Event: 87104.277 GC heap before
{Heap before GC invocations=6 (full 0):
 garbage-first heap   total 133120K, used 85832K [0x0000000780000000, 0x0000000800000000)
  region size 1024K, 76 young (77824K), 3 survivors (3072K)
 Metaspace       used 16545K, capacity 16946K, committed 17152K, reserved 1064960K
  class space    used 1829K, capacity 2017K, committed 2048K, reserved 1048576K
}
Event: 87104.290 GC heap after
{Heap after GC invocations=7 (full 0):
 garbage-first heap   total 133120K, used 13944K [0x0000000780000000, 0x0000000800000000)
  region size 1024K, 6 young (6144K), 6 survivors (6144K)
 Metaspace       used 16545K, capacity 16946K, committed 17152K, reserved 1064960K
  class space    used 1829K, capacity 2017K, committed 2048K, reserved 1048576K
}
Event: 87439.158 GC heap before
{Heap before GC invocations=7 (full 0):
 garbage-first heap   total 133120K, used 85624K [0x0000000780000000, 0x0000000800000000)
  region size 1024K, 76 young (77824K), 6 survivors (6144K)
 Metaspace       used 16570K, capacity 16946K, committed 17152K, reserved 1064960K
  class space    used 1829K, capacity 2017K, committed 2048K, reserved 1048576K
}
Event: 87439.163 GC heap after
{Heap after GC invocations=8 (full 0):
 garbage-first heap   total 133120K, used 14303K [0x0000000780000000, 0x0000000800000000)
  region size 1024K, 6 young (6144K), 6 survivors (6144K)
 Metaspace       used 16570K, capacity 16946K, committed 17152K, reserved 1064960K
  class space    used 1829K, capacity 2017K, committed 2048K, reserved 1048576K
}

Deoptimization events (20 events):
Event: 96833.401 Thread 0x00007ff49d098800 Uncommon trap: trap_request=0xffffff45 fr.pc=0x00000001167640bc relative=0x00000000000005dc
Event: 96833.401 Thread 0x00007ff49d098800 Uncommon trap: reason=unstable_if action=reinterpret pc=0x00000001167640bc method=java.awt.geom.AffineTransform.setToScale(DD)V @ 33 c2
Event: 96833.401 Thread 0x00007ff49d098800 DEOPT PACKING pc=0x00000001167640bc sp=0x00007000107d6b10
Event: 96833.401 Thread 0x00007ff49d098800 DEOPT UNPACKING pc=0x000000010eb77e25 sp=0x00007000107d6970 mode 2
Event: 96833.402 Thread 0x00007ff49d098800 Uncommon trap: trap_request=0xffffff45 fr.pc=0x000000011674e5e0 relative=0x0000000000000c20
Event: 96833.402 Thread 0x00007ff49d098800 Uncommon trap: reason=unstable_if action=reinterpret pc=0x000000011674e5e0 method=java.awt.font.FontRenderContext.hashCode()I @ 4 c2
Event: 96833.402 Thread 0x00007ff49d098800 DEOPT PACKING pc=0x000000011674e5e0 sp=0x00007000107d6b20
Event: 96833.402 Thread 0x00007ff49d098800 DEOPT UNPACKING pc=0x000000010eb77e25 sp=0x00007000107d69c0 mode 2
Event: 96833.410 Thread 0x00007ff49d098800 Uncommon trap: trap_request=0xffffff45 fr.pc=0x00000001167ca4a8 relative=0x0000000000000e68
Event: 96833.410 Thread 0x00007ff49d098800 Uncommon trap: reason=unstable_if action=reinterpret pc=0x00000001167ca4a8 method=sun.font.FontDesignMetrics.getHeight()I @ 4 c2
Event: 96833.410 Thread 0x00007ff49d098800 DEOPT PACKING pc=0x00000001167ca4a8 sp=0x00007000107d6af0
Event: 96833.410 Thread 0x00007ff49d098800 DEOPT UNPACKING pc=0x000000010eb77e25 sp=0x00007000107d69e0 mode 2
Event: 96833.410 Thread 0x00007ff49d098800 Uncommon trap: trap_request=0xffffff45 fr.pc=0x0000000116900960 relative=0x0000000000001e00
Event: 96833.410 Thread 0x00007ff49d098800 Uncommon trap: reason=unstable_if action=reinterpret pc=0x0000000116900960 method=sun.java2d.SunGraphics2D.checkFontInfo(Lsun/java2d/loops/FontInfo;Ljava/awt/Font;Ljava/awt/font/FontRenderContext;)Lsun/java2d/loops/FontInfo; @ 232 c2
Event: 96833.410 Thread 0x00007ff49d098800 DEOPT PACKING pc=0x0000000116900960 sp=0x00007000107d6930
Event: 96833.410 Thread 0x00007ff49d098800 DEOPT UNPACKING pc=0x000000010eb77e25 sp=0x00007000107d68c8 mode 2
Event: 96833.410 Thread 0x00007ff49d098800 Uncommon trap: trap_request=0xffffff45 fr.pc=0x000000011691cb98 relative=0x0000000000001038
Event: 96833.411 Thread 0x00007ff49d098800 Uncommon trap: reason=unstable_if action=reinterpret pc=0x000000011691cb98 method=sun.java2d.pipe.GlyphListPipe.drawString(Lsun/java2d/SunGraphics2D;Ljava/lang/String;DD)V @ 35 c2
Event: 96833.411 Thread 0x00007ff49d098800 DEOPT PACKING pc=0x000000011691cb98 sp=0x00007000107d69a0
Event: 96833.411 Thread 0x00007ff49d098800 DEOPT UNPACKING pc=0x000000010eb77e25 sp=0x00007000107d6958 mode 2

Classes unloaded (0 events):
No events

Classes redefined (0 events):
No events

Internal exceptions (20 events):
Event: 3.323 Thread 0x00007ff49d098800 Exception <a 'java/lang/NoSuchMethodError'{0x000000078793eb78}: 'java.lang.Object java.lang.invoke.Invokers$Holder.linkToTargetMethod(java.lang.Object, int, int, java.lang.Object)'> (0x000000078793eb78) 
thrown [./src/hotspot/share/interpreter/linkResolver.cpp, line 766]
Event: 3.324 Thread 0x00007ff49d098800 Exception <a 'java/lang/NoSuchMethodError'{0x00000007879477d0}: 'java.lang.Object java.lang.invoke.DirectMethodHandle$Holder.invokeStatic(java.lang.Object, java.lang.Object, int, int, int, int)'> (0x00000007879477d0) 
thrown [./src/hotspot/share/interpreter/linkResolver.cpp, line 766]
Event: 3.358 Thread 0x00007ff49d098800 Exception <a 'java/lang/NoSuchMethodError'{0x00000007879e3470}: 'java.lang.Object java.lang.invoke.DirectMethodHandle$Holder.invokeInterface(java.lang.Object, java.lang.Object, int)'> (0x00000007879e3470) 
thrown [./src/hotspot/share/interpreter/linkResolver.cpp, line 766]
Event: 11.328 Thread 0x00007ff49d098800 Exception <a 'java/lang/NullPointerException'{0x000000078789cbe0}> (0x000000078789cbe0) 
thrown [./src/hotspot/share/prims/jni.cpp, line 620]
Event: 28.457 Thread 0x00007ff49d098800 Exception <a 'java/lang/NoSuchMethodError'{0x000000078772a698}: 'void java.lang.invoke.DirectMethodHandle$Holder.invokeVirtual(java.lang.Object, java.lang.Object)'> (0x000000078772a698) 
thrown [./src/hotspot/share/interpreter/linkResolver.cpp, line 766]
Event: 87.073 Thread 0x00007ff49b1ca800 Implicit null exception at 0x000000011671cae0 to 0x000000011671ef6c
Event: 196.629 Thread 0x00007ff49d098800 Implicit null exception at 0x000000011670aed6 to 0x000000011670b35c
Event: 196.630 Thread 0x00007ff49d098800 Implicit null exception at 0x00000001167b7d2d to 0x00000001167b8284
Event: 196.630 Thread 0x00007ff49d098800 Implicit null exception at 0x0000000116794ff5 to 0x0000000116795270
Event: 196.652 Thread 0x00007ff49d098800 Implicit null exception at 0x0000000116735ebd to 0x0000000116736122
Event: 196.747 Thread 0x00007ff49d098800 Implicit null exception at 0x00000001167965ee to 0x0000000116796a60
Event: 220.713 Thread 0x00007ff49d098800 Implicit null exception at 0x000000011678ea34 to 0x000000011678eae6
Event: 481.284 Thread 0x00007ff49d098800 Implicit null exception at 0x0000000116843fe1 to 0x00000001168441f9
Event: 481.284 Thread 0x00007ff49d098800 Implicit null exception at 0x0000000116843fe1 to 0x00000001168441f9
Event: 481.284 Thread 0x00007ff49d098800 Implicit null exception at 0x0000000116843fe1 to 0x00000001168441f9
Event: 481.284 Thread 0x00007ff49d098800 Implicit null exception at 0x0000000116843fe1 to 0x00000001168441f9
Event: 2765.037 Thread 0x00007ff49b1ca800 Implicit null exception at 0x000000011679e648 to 0x00000001167a1430
Event: 85073.762 Thread 0x00007ff49d098800 Implicit null exception at 0x0000000116821c2f to 0x0000000116821ffc
Event: 85075.536 Thread 0x00007ff49d098800 Implicit null exception at 0x000000011677d2cb to 0x000000011677dd28
Event: 96828.863 Thread 0x00007ff49b1ca800 Implicit null exception at 0x00000001167aed28 to 0x00000001167b10b8

Events (20 events):
Event: 96828.476 Executing VM operation: HandshakeOneThread
Event: 96828.538 Executing VM operation: HandshakeOneThread done
Event: 96828.553 loading class java/awt/image/BufferedImage$1
Event: 96828.561 loading class java/awt/image/BufferedImage$1 done
Event: 96828.570 loading class sun/lwawt/LWWindowPeer$1
Event: 96828.575 loading class sun/lwawt/LWWindowPeer$1 done
Event: 96828.768 Executing VM operation: HandshakeOneThread
Event: 96828.770 Executing VM operation: HandshakeOneThread done
Event: 96828.772 Executing VM operation: BulkRevokeBias
Event: 96828.842 Executing VM operation: BulkRevokeBias done
Event: 96832.854 Executing VM operation: HandshakeOneThread
Event: 96832.854 Executing VM operation: HandshakeOneThread done
Event: 96832.857 loading class java/util/IdentityHashMap$ValueIterator
Event: 96832.861 loading class java/util/IdentityHashMap$ValueIterator done
Event: 96832.900 Executing VM operation: HandshakeAllThreads
Event: 96832.900 Executing VM operation: HandshakeAllThreads done
Event: 96832.901 Executing VM operation: HandshakeOneThread
Event: 96832.901 Executing VM operation: HandshakeOneThread done
Event: 96832.903 loading class javax/swing/RepaintManager$DisplayChangedRunnable
Event: 96832.908 loading class javax/swing/RepaintManager$DisplayChangedRunnable done


Dynamic libraries:
0x00007fff6d846000 	/usr/lib/libz.1.dylib
0x00000001017b6000 	/usr/local/Cellar/openjdk/14.0.1/libexec/openjdk.jdk/Contents/Home/lib/libjli.dylib
0x00007fff33362000 	/System/Library/Frameworks/Cocoa.framework/Versions/A/Cocoa
0x00007fff40b5b000 	/System/Library/Frameworks/Security.framework/Versions/A/Security
0x00007fff322c7000 	/System/Library/Frameworks/ApplicationServices.framework/Versions/A/ApplicationServices
0x00007fff6b30a000 	/usr/lib/libSystem.B.dylib
0x00007fff6e107000 	/usr/lib/system/libcache.dylib
0x00007fff6e10d000 	/usr/lib/system/libcommonCrypto.dylib
0x00007fff6e119000 	/usr/lib/system/libcompiler_rt.dylib
0x00007fff6e121000 	/usr/lib/system/libcopyfile.dylib
0x00007fff6e12b000 	/usr/lib/system/libcorecrypto.dylib
0x00007fff6e2ca000 	/usr/lib/system/libdispatch.dylib
0x00007fff6e30b000 	/usr/lib/system/libdyld.dylib
0x00007fff6e342000 	/usr/lib/system/libkeymgr.dylib
0x00007fff6e350000 	/usr/lib/system/liblaunch.dylib
0x00007fff6e351000 	/usr/lib/system/libmacho.dylib
0x00007fff6e357000 	/usr/lib/system/libquarantine.dylib
0x00007fff6e35a000 	/usr/lib/system/libremovefile.dylib
0x00007fff6e35c000 	/usr/lib/system/libsystem_asl.dylib
0x00007fff6e374000 	/usr/lib/system/libsystem_blocks.dylib
0x00007fff6e375000 	/usr/lib/system/libsystem_c.dylib
0x00007fff6e3fd000 	/usr/lib/system/libsystem_configuration.dylib
0x00007fff6e401000 	/usr/lib/system/libsystem_coreservices.dylib
0x00007fff6e405000 	/usr/lib/system/libsystem_darwin.dylib
0x00007fff6e40e000 	/usr/lib/system/libsystem_dnssd.dylib
0x00007fff6e416000 	/usr/lib/system/libsystem_featureflags.dylib
0x00007fff6e418000 	/usr/lib/system/libsystem_info.dylib
0x00007fff6e493000 	/usr/lib/system/libsystem_m.dylib
0x00007fff6e4db000 	/usr/lib/system/libsystem_malloc.dylib
0x00007fff6e503000 	/usr/lib/system/libsystem_networkextension.dylib
0x00007fff6e511000 	/usr/lib/system/libsystem_notify.dylib
0x00007fff6e52f000 	/usr/lib/system/libsystem_sandbox.dylib
0x00007fff6e534000 	/usr/lib/system/libsystem_secinit.dylib
0x00007fff6e466000 	/usr/lib/system/libsystem_kernel.dylib
0x00007fff6e51b000 	/usr/lib/system/libsystem_platform.dylib
0x00007fff6e524000 	/usr/lib/system/libsystem_pthread.dylib
0x00007fff6e537000 	/usr/lib/system/libsystem_symptoms.dylib
0x00007fff6e53f000 	/usr/lib/system/libsystem_trace.dylib
0x00007fff6e557000 	/usr/lib/system/libunwind.dylib
0x00007fff6e55d000 	/usr/lib/system/libxpc.dylib
0x00007fff6d16a000 	/usr/lib/libobjc.A.dylib
0x00007fff6b643000 	/usr/lib/libc++abi.dylib
0x00007fff6b5f0000 	/usr/lib/libc++.1.dylib
0x00007fff34204000 	/System/Library/Frameworks/CoreFoundation.framework/Versions/A/CoreFoundation
0x00007fff368c1000 	/System/Library/Frameworks/Foundation.framework/Versions/C/Foundation
0x00007fff314b7000 	/System/Library/Frameworks/AppKit.framework/Versions/C/AppKit
0x00007fff33ce6000 	/System/Library/Frameworks/CoreData.framework/Versions/A/CoreData
0x00007fff6531f000 	/System/Library/PrivateFrameworks/UIFoundation.framework/Versions/A/UIFoundation
0x00007fff603b3000 	/System/Library/PrivateFrameworks/RemoteViewServices.framework/Versions/A/RemoteViewServices
0x00007fff67e7a000 	/System/Library/PrivateFrameworks/XCTTargetBootstrap.framework/Versions/A/XCTTargetBootstrap
0x00007fff340d1000 	/System/Library/Frameworks/CoreDisplay.framework/Versions/A/CoreDisplay
0x00007fff3977c000 	/System/Library/Frameworks/Metal.framework/Versions/A/Metal
0x00007fff4e374000 	/System/Library/PrivateFrameworks/DesktopServicesPriv.framework/Versions/A/DesktopServicesPriv
0x00007fff6c445000 	/usr/lib/liblangid.dylib
0x00007fff4d609000 	/System/Library/PrivateFrameworks/CoreSVG.framework/Versions/A/CoreSVG
0x00007fff6350f000 	/System/Library/PrivateFrameworks/SkyLight.framework/Versions/A/SkyLight
0x00007fff34685000 	/System/Library/Frameworks/CoreGraphics.framework/Versions/A/CoreGraphics
0x00007fff2fe8b000 	/System/Library/Frameworks/Accelerate.framework/Versions/A/Accelerate
0x00007fff6d737000 	/usr/lib/libxml2.2.dylib
0x00007fff59312000 	/System/Library/PrivateFrameworks/IconServices.framework/Versions/A/IconServices
0x00007fff370a0000 	/System/Library/Frameworks/IOSurface.framework/Versions/A/IOSurface
0x00007fff6ae34000 	/usr/lib/libDiagnosticMessagesClient.dylib
0x00007fff4e1ce000 	/System/Library/PrivateFrameworks/DFRFoundation.framework/Versions/A/DFRFoundation
0x00007fff6c1d4000 	/usr/lib/libicucore.A.dylib
0x00007fff325f9000 	/System/Library/Frameworks/AudioToolbox.framework/Versions/A/AudioToolbox
0x00007fff326dc000 	/System/Library/Frameworks/AudioUnit.framework/Versions/A/AudioUnit
0x00007fff6b50c000 	/usr/lib/libauto.dylib
0x00007fff4e270000 	/System/Library/PrivateFrameworks/DataDetectorsCore.framework/Versions/A/DataDetectorsCore
0x00007fff32e83000 	/System/Library/Frameworks/Carbon.framework/Versions/A/Frameworks/HIToolbox.framework/Versions/A/HIToolbox
0x00007fff3fd55000 	/System/Library/Frameworks/QuartzCore.framework/Versions/A/QuartzCore
0x00007fff331c2000 	/System/Library/Frameworks/Carbon.framework/Versions/A/Frameworks/SpeechRecognition.framework/Versions/A/SpeechRecognition
0x00007fff4dce2000 	/System/Library/PrivateFrameworks/CoreUI.framework/Versions/A/CoreUI
0x00007fff33751000 	/System/Library/Frameworks/CoreAudio.framework/Versions/A/CoreAudio
0x00007fff36580000 	/System/Library/Frameworks/DiskArbitration.framework/Versions/A/DiskArbitration
0x00007fff5b38e000 	/System/Library/PrivateFrameworks/MultitouchSupport.framework/Versions/A/MultitouchSupport
0x00007fff6c09b000 	/usr/lib/libenergytrace.dylib
0x00007fff36ffa000 	/System/Library/Frameworks/IOKit.framework/Versions/A/IOKit
0x00007fff355ec000 	/System/Library/Frameworks/CoreServices.framework/Versions/A/CoreServices
0x00007fff5d546000 	/System/Library/PrivateFrameworks/PerformanceAnalysis.framework/Versions/A/PerformanceAnalysis
0x00007fff3ed88000 	/System/Library/Frameworks/OpenGL.framework/Versions/A/OpenGL
0x00007fff33370000 	/System/Library/Frameworks/ColorSync.framework/Versions/A/ColorSync
0x00007fff34d08000 	/System/Library/Frameworks/CoreImage.framework/Versions/A/CoreImage
0x00007fff3605f000 	/System/Library/Frameworks/CoreText.framework/Versions/A/CoreText
0x00007fff37130000 	/System/Library/Frameworks/ImageIO.framework/Versions/A/ImageIO
0x00007fff6b66c000 	/usr/lib/libcompression.dylib
0x00007fff6b178000 	/usr/lib/libMobileGestalt.dylib
0x00007fff65089000 	/System/Library/PrivateFrameworks/TextureIO.framework/Versions/A/TextureIO
0x00007fff6b46f000 	/usr/lib/libate.dylib
0x00007fff5951b000 	/System/Library/PrivateFrameworks/InternationalSupport.framework/Versions/A/InternationalSupport
0x00007fff6c447000 	/usr/lib/liblzma.5.dylib
0x00007fff6c0c2000 	/usr/lib/libfakelink.dylib
0x00007fff6b3fc000 	/usr/lib/libarchive.2.dylib
0x00007fff41c0c000 	/System/Library/Frameworks/SystemConfiguration.framework/Versions/A/SystemConfiguration
0x00007fff6ad67000 	/usr/lib/libCRFSuite.dylib
0x00007fff32a73000 	/System/Library/Frameworks/CFNetwork.framework/Versions/A/CFNetwork
0x00007fff6b5d2000 	/usr/lib/libbsm.0.dylib
0x00007fff6e343000 	/usr/lib/system/libkxld.dylib
0x00007fff47b4b000 	/System/Library/PrivateFrameworks/AppleFSCompression.framework/Versions/A/AppleFSCompression
0x00007fff6b95d000 	/usr/lib/libcoretls.dylib
0x00007fff6b974000 	/usr/lib/libcoretls_cfhelpers.dylib
0x00007fff6d1b0000 	/usr/lib/libpam.2.dylib
0x00007fff6d2e5000 	/usr/lib/libsqlite3.dylib
0x00007fff6d724000 	/usr/lib/libxar.1.dylib
0x00007fff6b5e3000 	/usr/lib/libbz2.1.0.dylib
0x00007fff6c0e3000 	/usr/lib/libiconv.2.dylib
0x00007fff6b659000 	/usr/lib/libcharset.1.dylib
0x00007fff6cc4d000 	/usr/lib/libnetwork.dylib
0x00007fff6d1b7000 	/usr/lib/libpcap.A.dylib
0x00007fff6b3b1000 	/usr/lib/libapple_nghttp2.dylib
0x00007fff359a3000 	/System/Library/Frameworks/CoreServices.framework/Versions/A/Frameworks/FSEvents.framework/Versions/A/FSEvents
0x00007fff35673000 	/System/Library/Frameworks/CoreServices.framework/Versions/A/Frameworks/CarbonCore.framework/Versions/A/CarbonCore
0x00007fff35be7000 	/System/Library/Frameworks/CoreServices.framework/Versions/A/Frameworks/Metadata.framework/Versions/A/Metadata
0x00007fff35c80000 	/System/Library/Frameworks/CoreServices.framework/Versions/A/Frameworks/OSServices.framework/Versions/A/OSServices
0x00007fff35cae000 	/System/Library/Frameworks/CoreServices.framework/Versions/A/Frameworks/SearchKit.framework/Versions/A/SearchKit
0x00007fff355ed000 	/System/Library/Frameworks/CoreServices.framework/Versions/A/Frameworks/AE.framework/Versions/A/AE
0x00007fff359ac000 	/System/Library/Frameworks/CoreServices.framework/Versions/A/Frameworks/LaunchServices.framework/Versions/A/LaunchServices
0x00007fff35955000 	/System/Library/Frameworks/CoreServices.framework/Versions/A/Frameworks/DictionaryServices.framework/Versions/A/DictionaryServices
0x00007fff35d16000 	/System/Library/Frameworks/CoreServices.framework/Versions/A/Frameworks/SharedFileList.framework/Versions/A/SharedFileList
0x00007fff3aba7000 	/System/Library/Frameworks/NetFS.framework/Versions/A/NetFS
0x00007fff5b8be000 	/System/Library/PrivateFrameworks/NetAuth.framework/Versions/A/NetAuth
0x00007fff68247000 	/System/Library/PrivateFrameworks/login.framework/Versions/A/Frameworks/loginsupport.framework/Versions/A/loginsupport
0x00007fff64b54000 	/System/Library/PrivateFrameworks/TCC.framework/Versions/A/TCC
0x00007fff4c77c000 	/System/Library/PrivateFrameworks/CoreNLP.framework/Versions/A/CoreNLP
0x00007fff5ad8f000 	/System/Library/PrivateFrameworks/MetadataUtilities.framework/Versions/A/MetadataUtilities
0x00007fff6c51f000 	/usr/lib/libmecabra.dylib
0x00007fff6c477000 	/usr/lib/libmecab.dylib
0x00007fff6c0d3000 	/usr/lib/libgermantok.dylib
0x00007fff6b398000 	/usr/lib/libThaiTokenizer.dylib
0x00007fff6ad9e000 	/usr/lib/libChineseTokenizer.dylib
0x00007fff2fea3000 	/System/Library/Frameworks/Accelerate.framework/Versions/A/Frameworks/vImage.framework/Versions/A/vImage
0x00007fff3130d000 	/System/Library/Frameworks/Accelerate.framework/Versions/A/Frameworks/vecLib.framework/Versions/A/vecLib
0x00007fff3124a000 	/System/Library/Frameworks/Accelerate.framework/Versions/A/Frameworks/vecLib.framework/Versions/A/libvMisc.dylib
0x00007fff31072000 	/System/Library/Frameworks/Accelerate.framework/Versions/A/Frameworks/vecLib.framework/Versions/A/libvDSP.dylib
0x00007fff304fa000 	/System/Library/Frameworks/Accelerate.framework/Versions/A/Frameworks/vecLib.framework/Versions/A/libBLAS.dylib
0x00007fff30c36000 	/System/Library/Frameworks/Accelerate.framework/Versions/A/Frameworks/vecLib.framework/Versions/A/libLAPACK.dylib
0x00007fff30fd2000 	/System/Library/Frameworks/Accelerate.framework/Versions/A/Frameworks/vecLib.framework/Versions/A/libLinearAlgebra.dylib
0x00007fff3105f000 	/System/Library/Frameworks/Accelerate.framework/Versions/A/Frameworks/vecLib.framework/Versions/A/libSparseBLAS.dylib
0x00007fff30fe8000 	/System/Library/Frameworks/Accelerate.framework/Versions/A/Frameworks/vecLib.framework/Versions/A/libQuadrature.dylib
0x00007fff30762000 	/System/Library/Frameworks/Accelerate.framework/Versions/A/Frameworks/vecLib.framework/Versions/A/libBNNS.dylib
0x00007fff30fee000 	/System/Library/Frameworks/Accelerate.framework/Versions/A/Frameworks/vecLib.framework/Versions/A/libSparse.dylib
0x00007fff59903000 	/System/Library/PrivateFrameworks/LanguageModeling.framework/Versions/A/LanguageModeling
0x00007fff4c12c000 	/System/Library/PrivateFrameworks/CoreEmoji.framework/Versions/A/CoreEmoji
0x00007fff59a21000 	/System/Library/PrivateFrameworks/LinguisticData.framework/Versions/A/LinguisticData
0x00007fff599d2000 	/System/Library/PrivateFrameworks/Lexicon.framework/Versions/A/Lexicon
0x00007fff6b65a000 	/usr/lib/libcmph.dylib
0x00007fff3d796000 	/System/Library/Frameworks/OpenDirectory.framework/Versions/A/Frameworks/CFOpenDirectory.framework/Versions/A/CFOpenDirectory
0x00007fff3d7b3000 	/System/Library/Frameworks/OpenDirectory.framework/Versions/A/OpenDirectory
0x00007fff45bf6000 	/System/Library/PrivateFrameworks/APFS.framework/Versions/A/APFS
0x00007fff40ea5000 	/System/Library/Frameworks/SecurityFoundation.framework/Versions/A/SecurityFoundation
0x00007fff6d720000 	/usr/lib/libutil.dylib
0x00007fff4d661000 	/System/Library/PrivateFrameworks/CoreServicesStore.framework/Versions/A/CoreServicesStore
0x00007fff40f5c000 	/System/Library/Frameworks/ServiceManagement.framework/Versions/A/ServiceManagement
0x00007fff4931b000 	/System/Library/PrivateFrameworks/BackgroundTaskManagement.framework/Versions/A/BackgroundTaskManagement
0x00007fff6d81d000 	/usr/lib/libxslt.1.dylib
0x00007fff481be000 	/System/Library/PrivateFrameworks/AppleSystemInfo.framework/Versions/A/AppleSystemInfo
0x00007fff3734b000 	/System/Library/Frameworks/ImageIO.framework/Versions/A/Resources/libJPEG.dylib
0x00007fff3760a000 	/System/Library/Frameworks/ImageIO.framework/Versions/A/Resources/libTIFF.dylib
0x00007fff375ed000 	/System/Library/Frameworks/ImageIO.framework/Versions/A/Resources/libPng.dylib
0x00007fff3728d000 	/System/Library/Frameworks/ImageIO.framework/Versions/A/Resources/libGIF.dylib
0x00007fff37291000 	/System/Library/Frameworks/ImageIO.framework/Versions/A/Resources/libJP2.dylib
0x00007fff37608000 	/System/Library/Frameworks/ImageIO.framework/Versions/A/Resources/libRadiance.dylib
0x00007fff6c09c000 	/usr/lib/libexpat.1.dylib
0x00007fff47ca6000 	/System/Library/PrivateFrameworks/AppleJPEG.framework/Versions/A/AppleJPEG
0x00007fff50977000 	/System/Library/PrivateFrameworks/FontServices.framework/libFontParser.dylib
0x00007fff67249000 	/System/Library/PrivateFrameworks/WatchdogClient.framework/Versions/A/WatchdogClient
0x00007fff58f5e000 	/System/Library/PrivateFrameworks/IOAccelerator.framework/Versions/A/IOAccelerator
0x00007fff39b17000 	/System/Library/Frameworks/MetalPerformanceShaders.framework/Versions/A/MetalPerformanceShaders
0x00007fff556f4000 	/System/Library/PrivateFrameworks/GPUWrangler.framework/Versions/A/GPUWrangler
0x00007fff58f73000 	/System/Library/PrivateFrameworks/IOPresentment.framework/Versions/A/IOPresentment
0x00007fff4e1e1000 	/System/Library/PrivateFrameworks/DSExternalDisplay.framework/Versions/A/DSExternalDisplay
0x00007fff3e127000 	/System/Library/Frameworks/OpenGL.framework/Versions/A/Libraries/libCoreFSCache.dylib
0x00007fff39863000 	/System/Library/Frameworks/MetalPerformanceShaders.framework/Frameworks/MPSCore.framework/Versions/A/MPSCore
0x00007fff398a1000 	/System/Library/Frameworks/MetalPerformanceShaders.framework/Frameworks/MPSImage.framework/Versions/A/MPSImage
0x00007fff39968000 	/System/Library/Frameworks/MetalPerformanceShaders.framework/Frameworks/MPSNeuralNetwork.framework/Versions/A/MPSNeuralNetwork
0x00007fff3992c000 	/System/Library/Frameworks/MetalPerformanceShaders.framework/Frameworks/MPSMatrix.framework/Versions/A/MPSMatrix
0x00007fff39ac7000 	/System/Library/Frameworks/MetalPerformanceShaders.framework/Frameworks/MPSRayIntersector.framework/Versions/A/MPSRayIntersector
0x00007fff39952000 	/System/Library/Frameworks/MetalPerformanceShaders.framework/Frameworks/MPSNDArray.framework/Versions/A/MPSNDArray
0x00007fff5addc000 	/System/Library/PrivateFrameworks/MetalTools.framework/Versions/A/MetalTools
0x00007fff46dd0000 	/System/Library/PrivateFrameworks/AggregateDictionary.framework/Versions/A/AggregateDictionary
0x00007fff4bb74000 	/System/Library/PrivateFrameworks/CoreAnalytics.framework/Versions/A/CoreAnalytics
0x00007fff480dd000 	/System/Library/PrivateFrameworks/AppleSauce.framework/Versions/A/AppleSauce
0x00007fff6b05a000 	/usr/lib/libIOReport.dylib
0x00007fff36217000 	/System/Library/Frameworks/CoreVideo.framework/Versions/A/CoreVideo
0x00007fff56b6d000 	/System/Library/PrivateFrameworks/GraphVisualizer.framework/Versions/A/GraphVisualizer
0x00007fff4febd000 	/System/Library/PrivateFrameworks/FaceCore.framework/Versions/A/FaceCore
0x00007fff3d73d000 	/System/Library/Frameworks/OpenCL.framework/Versions/A/OpenCL
0x00007fff6ae7c000 	/usr/lib/libFosl_dynamic.dylib
0x00007fff5c2de000 	/System/Library/PrivateFrameworks/OTSVG.framework/Versions/A/OTSVG
0x00007fff323cc000 	/System/Library/Frameworks/ApplicationServices.framework/Versions/A/Frameworks/ATS.framework/Versions/A/Resources/libFontRegistry.dylib
0x00007fff50b48000 	/System/Library/PrivateFrameworks/FontServices.framework/libhvf.dylib
0x00007fff3e132000 	/System/Library/Frameworks/OpenGL.framework/Versions/A/Libraries/libGFXShared.dylib
0x00007fff3e310000 	/System/Library/Frameworks/OpenGL.framework/Versions/A/Libraries/libGLU.dylib
0x00007fff3e13b000 	/System/Library/Frameworks/OpenGL.framework/Versions/A/Libraries/libGL.dylib
0x00007fff3e146000 	/System/Library/Frameworks/OpenGL.framework/Versions/A/Libraries/libGLImage.dylib
0x00007fff3e124000 	/System/Library/Frameworks/OpenGL.framework/Versions/A/Libraries/libCVMSPluginSupport.dylib
0x00007fff3e12d000 	/System/Library/Frameworks/OpenGL.framework/Versions/A/Libraries/libCoreVMClient.dylib
0x00007fff6caee000 	/usr/lib/libncurses.5.4.dylib
0x00007fff322c8000 	/System/Library/Frameworks/ApplicationServices.framework/Versions/A/Frameworks/ATS.framework/Versions/A/ATS
0x00007fff32495000 	/System/Library/Frameworks/ApplicationServices.framework/Versions/A/Frameworks/ColorSyncLegacy.framework/Versions/A/ColorSyncLegacy
0x00007fff32533000 	/System/Library/Frameworks/ApplicationServices.framework/Versions/A/Frameworks/HIServices.framework/Versions/A/HIServices
0x00007fff3258b000 	/System/Library/Frameworks/ApplicationServices.framework/Versions/A/Frameworks/LangAnalysis.framework/Versions/A/LangAnalysis
0x00007fff3259a000 	/System/Library/Frameworks/ApplicationServices.framework/Versions/A/Frameworks/PrintCore.framework/Versions/A/PrintCore
0x00007fff325e0000 	/System/Library/Frameworks/ApplicationServices.framework/Versions/A/Frameworks/QD.framework/Versions/A/QD
0x00007fff325eb000 	/System/Library/Frameworks/ApplicationServices.framework/Versions/A/Frameworks/SpeechSynthesis.framework/Versions/A/SpeechSynthesis
0x00007fff32465000 	/System/Library/Frameworks/ApplicationServices.framework/Versions/A/Frameworks/ATSUI.framework/Versions/A/ATSUI
0x00007fff6bf32000 	/usr/lib/libcups.2.dylib
0x00007fff38bb2000 	/System/Library/Frameworks/Kerberos.framework/Versions/A/Kerberos
0x00007fff36cf3000 	/System/Library/Frameworks/GSS.framework/Versions/A/GSS
0x00007fff6d271000 	/usr/lib/libresolv.9.dylib
0x00007fff56d1a000 	/System/Library/PrivateFrameworks/Heimdal.framework/Versions/A/Heimdal
0x00007fff38bc5000 	/System/Library/Frameworks/Kerberos.framework/Versions/A/Libraries/libHeimdalProxy.dylib
0x00007fff6c0d9000 	/usr/lib/libheimdal-asn1.dylib
0x00007fff4b00c000 	/System/Library/PrivateFrameworks/CommonAuth.framework/Versions/A/CommonAuth
0x00007fff4825b000 	/System/Library/PrivateFrameworks/AssertionServices.framework/Versions/A/AssertionServices
0x00007fff48dfe000 	/System/Library/PrivateFrameworks/AudioToolboxCore.framework/Versions/A/AudioToolboxCore
0x00007fff67ef7000 	/System/Library/PrivateFrameworks/caulk.framework/Versions/A/caulk
0x00007fff493c7000 	/System/Library/PrivateFrameworks/BaseBoard.framework/Versions/A/BaseBoard
0x00007fff60541000 	/System/Library/PrivateFrameworks/RunningBoardServices.framework/Versions/A/RunningBoardServices
0x00007fff5d552000 	/System/Library/PrivateFrameworks/PersistentConnection.framework/Versions/A/PersistentConnection
0x00007fff5ff3a000 	/System/Library/PrivateFrameworks/ProtocolBuffer.framework/Versions/A/ProtocolBuffer
0x00007fff4b030000 	/System/Library/PrivateFrameworks/CommonUtilities.framework/Versions/A/CommonUtilities
0x00007fff49555000 	/System/Library/PrivateFrameworks/Bom.framework/Versions/A/Bom
0x00007fff6ad2d000 	/usr/lib/libAudioToolboxUtility.dylib
0x00007fff49325000 	/System/Library/PrivateFrameworks/Backup.framework/Versions/A/Backup
0x00007fff4e102000 	/System/Library/PrivateFrameworks/CrashReporterSupport.framework/Versions/A/CrashReporterSupport
0x00007fff61fd3000 	/System/Library/PrivateFrameworks/Sharing.framework/Versions/A/Sharing
0x00007fff47869000 	/System/Library/PrivateFrameworks/Apple80211.framework/Versions/A/Apple80211
0x00007fff49042000 	/System/Library/PrivateFrameworks/AuthKit.framework/Versions/A/AuthKit
0x00007fff4de0f000 	/System/Library/PrivateFrameworks/CoreUtils.framework/Versions/A/CoreUtils
0x00007fff3625c000 	/System/Library/Frameworks/CoreWLAN.framework/Versions/A/CoreWLAN
0x00007fff36e80000 	/System/Library/Frameworks/IOBluetooth.framework/Versions/A/IOBluetooth
0x00007fff5b10d000 	/System/Library/PrivateFrameworks/MobileKeyBag.framework/Versions/A/MobileKeyBag
0x00007fff4cc14000 	/System/Library/PrivateFrameworks/CorePhoneNumbers.framework/Versions/A/CorePhoneNumbers
0x00007fff47c59000 	/System/Library/PrivateFrameworks/AppleIDAuthSupport.framework/Versions/A/AppleIDAuthSupport
0x00007fff3abb4000 	/System/Library/Frameworks/Network.framework/Versions/A/Network
0x00007fff597af000 	/System/Library/PrivateFrameworks/KeychainCircle.framework/Versions/A/KeychainCircle
0x00007fff33cad000 	/System/Library/Frameworks/CoreBluetooth.framework/Versions/A/CoreBluetooth
0x00007fff64052000 	/System/Library/PrivateFrameworks/SpeechRecognitionCore.framework/Versions/A/SpeechRecognitionCore
0x0000000102000000 	/usr/local/Cellar/openjdk/14.0.1/libexec/openjdk.jdk/Contents/Home/lib/server/libjvm.dylib
0x00000001017d4000 	/usr/local/Cellar/openjdk/14.0.1/libexec/openjdk.jdk/Contents/Home/lib/libjimage.dylib
0x0000000102e7c000 	/usr/local/Cellar/openjdk/14.0.1/libexec/openjdk.jdk/Contents/Home/lib/libjava.dylib
0x00000001017e6000 	/usr/local/Cellar/openjdk/14.0.1/libexec/openjdk.jdk/Contents/Home/lib/libzip.dylib
0x000000010e738000 	/usr/local/Cellar/openjdk/14.0.1/libexec/openjdk.jdk/Contents/Home/lib/libnio.dylib
0x000000010e748000 	/usr/local/Cellar/openjdk/14.0.1/libexec/openjdk.jdk/Contents/Home/lib/libnet.dylib
0x000000010e75d000 	/usr/local/Cellar/openjdk/14.0.1/libexec/openjdk.jdk/Contents/Home/lib/libawt.dylib
0x000000010e7f4000 	/usr/local/Cellar/openjdk/14.0.1/libexec/openjdk.jdk/Contents/Home/lib/libmlib_image.dylib
0x00007fff38b9c000 	/System/Library/Frameworks/JavaVM.framework/Versions/A/Frameworks/JavaNativeFoundation.framework/Versions/A/JavaNativeFoundation
0x00007fff38ba5000 	/System/Library/Frameworks/JavaVM.framework/Versions/A/Frameworks/JavaRuntimeSupport.framework/Versions/A/JavaRuntimeSupport
0x00007fff38bad000 	/System/Library/Frameworks/JavaVM.framework/Versions/A/JavaVM
0x00007fff595c6000 	/System/Library/PrivateFrameworks/JavaLaunching.framework/Versions/A/JavaLaunching
0x00007fff32e7e000 	/System/Library/Frameworks/Carbon.framework/Versions/A/Carbon
0x00007fff4dbb4000 	/System/Library/PrivateFrameworks/CoreSymbolication.framework/Versions/A/CoreSymbolication
0x00007fff32e7f000 	/System/Library/Frameworks/Carbon.framework/Versions/A/Frameworks/CommonPanels.framework/Versions/A/CommonPanels
0x00007fff33178000 	/System/Library/Frameworks/Carbon.framework/Versions/A/Frameworks/Help.framework/Versions/A/Help
0x00007fff3317c000 	/System/Library/Frameworks/Carbon.framework/Versions/A/Frameworks/ImageCapture.framework/Versions/A/ImageCapture
0x00007fff33183000 	/System/Library/Frameworks/Carbon.framework/Versions/A/Frameworks/OpenScripting.framework/Versions/A/OpenScripting
0x00007fff33182000 	/System/Library/Frameworks/Carbon.framework/Versions/A/Frameworks/Ink.framework/Versions/A/Ink
0x00007fff331be000 	/System/Library/Frameworks/Carbon.framework/Versions/A/Frameworks/Print.framework/Versions/A/Print
0x00007fff331bf000 	/System/Library/Frameworks/Carbon.framework/Versions/A/Frameworks/SecurityHI.framework/Versions/A/SecurityHI
0x00007fff4e336000 	/System/Library/PrivateFrameworks/DebugSymbols.framework/Versions/A/DebugSymbols
0x000000010e857000 	/usr/local/Cellar/openjdk/14.0.1/libexec/openjdk.jdk/Contents/Home/lib/libawt_lwawt.dylib
0x000000010e900000 	/usr/local/Cellar/openjdk/14.0.1/libexec/openjdk.jdk/Contents/Home/lib/libosxapp.dylib
0x00007fff3675c000 	/System/Library/Frameworks/ExceptionHandling.framework/Versions/A/ExceptionHandling
0x000000010e927000 	/usr/local/Cellar/openjdk/14.0.1/libexec/openjdk.jdk/Contents/Home/lib/libfontmanager.dylib
0x0000000123e7b000 	/usr/local/Cellar/openjdk/14.0.1/libexec/openjdk.jdk/Contents/Home/lib/libfreetype.dylib
0x00007fff4d62d000 	/System/Library/PrivateFrameworks/CoreServicesInternal.framework/Versions/A/CoreServicesInternal
0x00007fff3677b000 	/System/Library/Frameworks/FileProvider.framework/Versions/A/FileProvider
0x00007fff3130e000 	/System/Library/Frameworks/Accounts.framework/Versions/A/Accounts
0x00007fff55a19000 	/System/Library/PrivateFrameworks/GenerationalStorage.framework/Versions/A/GenerationalStorage
0x00007fff64894000 	/System/Library/PrivateFrameworks/SymptomDiagnosticReporter.framework/Versions/A/SymptomDiagnosticReporter
0x00007fff4736d000 	/System/Library/PrivateFrameworks/AppContainer.framework/Versions/A/AppContainer
0x00007fff6d28b000 	/usr/lib/libsandbox.1.dylib
0x00007fff661ed000 	/System/Library/PrivateFrameworks/UserManagement.framework/Versions/A/UserManagement
0x00007fff4a111000 	/System/Library/PrivateFrameworks/ChunkingLibrary.framework/Versions/A/ChunkingLibrary
0x00007fff473df000 	/System/Library/PrivateFrameworks/AppSandbox.framework/Versions/A/AppSandbox
0x00007fff61e5d000 	/System/Library/PrivateFrameworks/SecCodeWrapper.framework/Versions/A/SecCodeWrapper
0x00007fff6b142000 	/usr/lib/libMatch.1.dylib
0x00007fff272f6000 	/System/Library/CoreServices/RawCamera.bundle/Contents/MacOS/RawCamera
0x00007fff5af0b000 	/System/Library/PrivateFrameworks/MobileAsset.framework/Versions/A/MobileAsset
0x00007fff6473c000 	/System/Library/PrivateFrameworks/StreamingZip.framework/Versions/A/StreamingZip
0x00007fff3902d000 	/System/Library/Frameworks/MediaToolbox.framework/Versions/A/MediaToolbox
0x00007fff4bb24000 	/System/Library/PrivateFrameworks/CoreAVCHD.framework/Versions/A/CoreAVCHD
0x00007fff38f57000 	/System/Library/Frameworks/MediaAccessibility.framework/Versions/A/MediaAccessibility
0x00007fff5a2bf000 	/System/Library/PrivateFrameworks/Mangrove.framework/Versions/A/Mangrove
0x00007fff35424000 	/System/Library/Frameworks/CoreMedia.framework/Versions/A/CoreMedia
0x00007fff5a52b000 	/System/Library/PrivateFrameworks/MediaExperience.framework/Versions/A/MediaExperience
0x00007fff41f06000 	/System/Library/Frameworks/VideoToolbox.framework/Versions/A/VideoToolbox
0x00007fff4b74e000 	/System/Library/PrivateFrameworks/CoreAUC.framework/Versions/A/CoreAUC
0x00007fff6d2e3000 	/usr/lib/libspindump.dylib
0x00007fff487ad000 	/System/Library/PrivateFrameworks/AudioResourceArbitration.framework/Versions/A/AudioResourceArbitration
0x00007fff481c2000 	/System/Library/PrivateFrameworks/AppleVA.framework/Versions/A/AppleVA
0x00007fff2fe8c000 	/System/Library/Frameworks/Accelerate.framework/Versions/A/Frameworks/vImage.framework/Versions/A/Libraries/libCGInterfaces.dylib
0x0000000125580000 	/usr/lib/libobjc-trampolines.dylib
0x00007fff50aaf000 	/System/Library/PrivateFrameworks/FontServices.framework/libTrueTypeScaler.dylib
0x00007fff2e00d000 	/System/Library/Extensions/AppleIntelSKLGraphicsMTLDriver.bundle/Contents/MacOS/AppleIntelSKLGraphicsMTLDriver
0x00007fff54039000 	/System/Library/PrivateFrameworks/GPUCompiler.framework/Versions/3902/Libraries/libmetal_timestamp.dylib
0x00007fff66fb9000 	/System/Library/PrivateFrameworks/ViewBridge.framework/Versions/A/ViewBridge
0x00007fff3ed98000 	/System/Library/Frameworks/OpenGL.framework/Versions/A/Resources/GLEngine.bundle/GLEngine
0x00007fff3e17b000 	/System/Library/Frameworks/OpenGL.framework/Versions/A/Libraries/libGLProgrammability.dylib
0x00007fff2d004000 	/System/Library/Extensions/AppleIntelSKLGraphicsGLDriver.bundle/Contents/MacOS/AppleIntelSKLGraphicsGLDriver
0x00007fff556e8000 	/System/Library/PrivateFrameworks/GPUSupport.framework/Versions/A/Libraries/libGPUSupportMercury.dylib
0x00007fff3ef12000 	/System/Library/Frameworks/OpenGL.framework/Versions/A/Resources/GLRendererFloat.bundle/GLRendererFloat
0x00007fff3d734000 	/System/Library/Frameworks/OpenCL.framework/Versions/A/Libraries/libcldcpuengine.dylib
0x00007fff6824a000 	/System/Library/PrivateFrameworks/login.framework/Versions/A/login
0x0000000126dc1000 	/usr/local/Cellar/openjdk/14.0.1/libexec/openjdk.jdk/Contents/Home/lib/libosxui.dylib
0x0000000126dcf000 	/usr/local/Cellar/openjdk/14.0.1/libexec/openjdk.jdk/Contents/Home/lib/libverify.dylib
0x00007fff4a2bb000 	/System/Library/PrivateFrameworks/CloudDocs.framework/Versions/A/CloudDocs
0x00007fff64122000 	/System/Library/PrivateFrameworks/SpotlightIndex.framework/Versions/A/SpotlightIndex
0x00007fff5f050000 	/System/Library/PrivateFrameworks/PowerLog.framework/Versions/A/PowerLog


VM Arguments:
java_command: com.puppycrawl.tools.checkstyle.gui.Main
java_class_path (initial): ./checkstyle-8.5-all.jar
Launcher Type: SUN_STANDARD

[Global flags]
     intx CICompilerCount                          = 3                                         {product} {ergonomic}
     uint ConcGCThreads                            = 1                                         {product} {ergonomic}
     uint G1ConcRefinementThreads                  = 4                                         {product} {ergonomic}
   size_t G1HeapRegionSize                         = 1048576                                   {product} {ergonomic}
    uintx GCDrainStackTargetSize                   = 64                                        {product} {ergonomic}
   size_t InitialHeapSize                          = 134217728                                 {product} {ergonomic}
   size_t MarkStackSize                            = 4194304                                   {product} {ergonomic}
   size_t MaxHeapSize                              = 2147483648                                {product} {ergonomic}
   size_t MaxNewSize                               = 1287651328                                {product} {ergonomic}
   size_t MinHeapDeltaBytes                        = 1048576                                   {product} {ergonomic}
   size_t MinHeapSize                              = 8388608                                   {product} {ergonomic}
    uintx NonNMethodCodeHeapSize                   = 5832780                                {pd product} {ergonomic}
    uintx NonProfiledCodeHeapSize                  = 122912730                              {pd product} {ergonomic}
    uintx ProfiledCodeHeapSize                     = 122912730                              {pd product} {ergonomic}
    uintx ReservedCodeCacheSize                    = 251658240                              {pd product} {ergonomic}
     bool SegmentedCodeCache                       = true                                      {product} {ergonomic}
   size_t SoftMaxHeapSize                          = 2147483648                             {manageable} {ergonomic}
     bool UseCompressedClassPointers               = true                                 {lp64_product} {ergonomic}
     bool UseCompressedOops                        = true                                 {lp64_product} {ergonomic}
     bool UseG1GC                                  = true                                      {product} {ergonomic}

Logging:
Log output configuration:
 #0: stdout all=warning uptime,level,tags
 #1: stderr all=off uptime,level,tags

Environment Variables:
CLASSPATH=:/Users/byrdsmyth/java/junit-X.Y.jar:/Users/byrdsmyth/java/hamcrest-core-XX.YY.jar
PATH=/Users/byrdsmyth/google-cloud-sdk/bin:/usr/local/opt/openjdk/bin:/usr/local/anaconda3/bin:/usr/local/bin:/usr/bin:/bin:/usr/sbin:/sbin:/Library/TeX/texbin:/usr/local/share/dotnet:/opt/X11/bin:/Library/Apple/usr/bin:/Library/Frameworks/Mono.framework/Versions/Current/Commands:/Applications/Wireshark.app/Contents/MacOS:/Users/byrdsmyth/java
SHELL=/bin/zsh
DISPLAY=/private/tmp/com.apple.launchd.RYLhbILbbH/org.macosforge.xquartz:0

Signal Handlers:
SIGSEGV: [libjvm.dylib+0x7c63a6], sa_mask[0]=11111111011111110111111111111111, sa_flags=SA_ONSTACK|SA_RESTART|SA_SIGINFO
SIGBUS: [libjvm.dylib+0x7c63a6], sa_mask[0]=11111111011111110111111111111111, sa_flags=SA_RESTART|SA_SIGINFO
SIGFPE: [libjvm.dylib+0x7c63a6], sa_mask[0]=11111111011111110111111111111111, sa_flags=SA_RESTART|SA_SIGINFO
SIGPIPE: [libjvm.dylib+0x6078f5], sa_mask[0]=11111111011111110111111111111111, sa_flags=SA_RESTART|SA_SIGINFO
SIGXFSZ: [libjvm.dylib+0x6078f5], sa_mask[0]=11111111011111110111111111111111, sa_flags=SA_RESTART|SA_SIGINFO
SIGILL: [libjvm.dylib+0x7c63a6], sa_mask[0]=11111111011111110111111111111111, sa_flags=SA_RESTART|SA_SIGINFO
SIGUSR2: [libjvm.dylib+0x607eb4], sa_mask[0]=00000000000000000000000000000000, sa_flags=SA_RESTART|SA_SIGINFO
SIGHUP: [libjvm.dylib+0x606f23], sa_mask[0]=11111111011111110111111111111111, sa_flags=SA_RESTART|SA_SIGINFO
SIGINT: [libjvm.dylib+0x606f23], sa_mask[0]=11111111011111110111111111111111, sa_flags=SA_RESTART|SA_SIGINFO
SIGTERM: [libjvm.dylib+0x606f23], sa_mask[0]=11111111011111110111111111111111, sa_flags=SA_RESTART|SA_SIGINFO
SIGQUIT: [libjvm.dylib+0x606f23], sa_mask[0]=11111111011111110111111111111111, sa_flags=SA_RESTART|SA_SIGINFO


---------------  S Y S T E M  ---------------

OS:uname:Darwin 19.6.0 Darwin Kernel Version 19.6.0: Mon Aug 31 22:12:52 PDT 2020; root:xnu-6153.141.2~1/RELEASE_X86_64 x86_64
OS uptime: 4 days 10:06 hours
rlimit: STACK 8192k, CORE 0k, NPROC 1392, NOFILE 10240, AS infinity, DATA infinity, FSIZE infinity
load average:44.54 11.94 5.54

CPU:total 4 (initial active 4) (2 cores per cpu, 2 threads per core) family 6 model 78 stepping 3, cmov, cx8, fxsr, mmx, sse, sse2, sse3, ssse3, sse4.1, sse4.2, popcnt, avx, avx2, aes, clmul, erms, 3dnowpref, lzcnt, ht, tsc, tscinvbit, bmi1, bmi2, adx, fma

Memory: 4k page, physical 8388608k(132884k free), swap 4194304k(999168k free)

vm_info: OpenJDK 64-Bit Server VM (14.0.1+14) for bsd-amd64 JRE (14.0.1+14), built on Jun 30 2020 17:14:54 by "brew" with clang 4.2.1 Compatible Apple LLVM 11.0.3 (clang-1103.0.32.62)

END.
